Case #1: 1 1
Case #2: IMPOSSIBLE
Case #3: 1 1 1
Case #4: 2 1 1 1
Case #5: -1 1 1
Case #6: 1 1 1 1 1 1
Case #7: -1 -1 1
Case #8: 1 -1 1 1 1
Case #9: 2 -1 1 1
Case #10: 1 1
Case #11: IMPOSSIBLE
Case #12: 1 1 1
Case #13: 1 1 1
Case #14: -2 -2 1 1 1
Case #15: -1 -1 1
Case #16: IMPOSSIBLE
Case #17: IMPOSSIBLE
Case #18: -2 1 1 1 1
Case #19: IMPOSSIBLE
Case #20: -1 1 1
Case #21: 2 1 1 1
Case #22: IMPOSSIBLE
Case #23: IMPOSSIBLE
Case #24: 1 1 1 1 1 1
Case #25: 1 1 1 1
Case #26: IMPOSSIBLE
Case #27: IMPOSSIBLE
Case #28: IMPOSSIBLE
Case #29: IMPOSSIBLE
Case #30: IMPOSSIBLE
Case #31: 1 1
Case #32: 1 1 1 1 1
Case #33: 1 1
Case #34: 1 -1 1
Case #35: IMPOSSIBLE
Case #36: 1 1 1
Case #37: 1 2 1 -1 1
Case #38: IMPOSSIBLE
Case #39: 1 1
Case #40: IMPOSSIBLE
Case #41: IMPOSSIBLE
Case #42: IMPOSSIBLE
Case #43: IMPOSSIBLE
Case #44: IMPOSSIBLE
Case #45: IMPOSSIBLE
Case #46: 1 1
Case #47: -1 2 1 1
Case #48: 1 1 -1 1 1 1
Case #49: IMPOSSIBLE
Case #50: 1 1
Case #51: 1 -1 1
Case #52: 1 1 1 1
Case #53: 2 2 1 1 1 1
Case #54: 2 1 1 1 1 1
Case #55: 1 1 3 1 1 1
Case #56: IMPOSSIBLE
Case #57: IMPOSSIBLE
Case #58: 1 1 1 1 1
Case #59: IMPOSSIBLE
Case #60: 1 -1 1 1 1 1
Case #61: IMPOSSIBLE
Case #62: IMPOSSIBLE
Case #63: 1 2 -1 1 1 1
Case #64: 1 1 1 1
Case #65: IMPOSSIBLE
Case #66: IMPOSSIBLE
Case #67: IMPOSSIBLE
Case #68: IMPOSSIBLE
Case #69: 1 1 1
Case #70: IMPOSSIBLE
Case #71: 1 1 1 1 1 1 1 1 1 1 1 1
Case #72: IMPOSSIBLE
Case #73: 1 -1 1 -1 1 1
Case #74: IMPOSSIBLE
Case #75: -1 1 1 1 1
Case #76: 1 -1 -1 1 1
Case #77: IMPOSSIBLE
Case #78: 1 -1 1 1 1 1
Case #79: 2 -2 1 1 1
Case #80: IMPOSSIBLE
Case #81: 1 1 1 1 1 1
Case #82: IMPOSSIBLE
Case #83: 1 1
Case #84: IMPOSSIBLE
Case #85: -1 1 -1 1
Case #86: 2 1 -1 1 1
Case #87: 1 -1 1
Case #88: 2 1 -1 1 1 1
Case #89: 1 -1 1
Case #90: IMPOSSIBLE
Case #91: IMPOSSIBLE
Case #92: 3 2 1 1 1 1
Case #93: -1 1 -1 1
Case #94: -1 -1 1
Case #95: IMPOSSIBLE
Case #96: 3 -2 1 1 -1 1
Case #97: -2 -1 2 1 1
Case #98: -1 2 1 1 1 1
Case #99: IMPOSSIBLE
Case #100: -1 -1 1 1
