Case #1: IMPOSSIBLE
Case #2: POSSIBLE
#.##
#||#
####
Case #3: POSSIBLE
|.
#|
Case #4: IMPOSSIBLE
Case #5: POSSIBLE
##.|#.|#..|##|.###|.#|.#.|#.|#####|.#...|##.|##
#........|.#..|##..|#.|........##..|#|....#|...
..|#.|#.|.#|...#|.#.|#..|#.|#.|#|.#.|#.|#|..#.|
.|#|.#|.#...|###.|.#...|#.|#.|.#..|#..|#|..#.|.
|.#.|#.|##|.####..|#.|###|.#|..#.|.#.|##..|#|..
Case #6: POSSIBLE
##|.#|.#.|#.|###|.#...|#.|#|.#######|.#|.##|.##
...|#.|#|.#|..##...|...#|.#.|.##|.#|.....#|...#
.|.#|.#|.#|.#|.#.|.#|.#|.#|.#.|#.|..#|.#|..#|..
|..........#|..###.|#|.....#.|.#....|#.|#..|#.|
###|.#|.#|.#..|###|.##|.#|.#|..###|..#|.#|..#|.
Case #7: POSSIBLE
##..|#|.#|.#####.|.#..|##|.#.|####|.##.|#.|#|.#
##|..#.|#.|#.|##..|#.|.#|..#|..###.|#|..#|.#.|.
...|#|.#|.#.|..#|.#.|.#...|.#.|#|..#..|#|.#|...
.|#........|...#..|.#.|...#.|..#...|........#.|
|.##|.#|.#|.#.|###.|##.|###|.###.|#.|##|.#|.###
Case #8: POSSIBLE
##.|#|.#|.#.|####.|#|.#|.#.|#|.###|.#|.#.|#.|##
#.|.#.|#..|....#.|.#.|#...|....##..|#..|.......
|.#.|#.|#..|#.|#...|#.|#.|.#..|#.|#.|#..|#.|#|.
.|.#.....|.#|..#|.#.....|.#|.###..|#..|.#.|#..|
..|#.|#.|###.|.####.|#.|###.|###|..#.|###|.#|..
Case #9: IMPOSSIBLE
Case #10: IMPOSSIBLE
Case #11: POSSIBLE
.|#|.#|.###|.#####|.#.|#|.#|.###|.#...|#|.#.|##
........|#|...##...|...#.|#.|.##...|...#.|#|..#
|..#|.#|...#|..#.|#.|.#|.#|.#|.#.|.#|.#|.#|.#|.
##.|#.|#.|..#|.#|..#.|.....#|..###.|#|.....#..|
##|.#|.##..|#.|#..|###|.#|.#..|###|.##|.#|.#|..
Case #12: POSSIBLE
##|.#.|#|.#.|##
...|#|.#.|#|...
.|#.|#.|#.|#..|
|..#.........|.
#.|#.|#.|#.|###
Case #13: POSSIBLE
#.|#|.#.|##|.####.|#.|#|.#.|#####.|#|.#.|#.|###
.|.#.|#..|#.|###|..#....|#...|.#.|.#.|#|.#...|.
|.#|.#.|#.|#.|.#.|#.|#|.#.|#..|#|.#|.#|.#.|#..|
.....|.#|......#...|#....|#.|..#.........|#|...
##|.#.|#...|#.|###|.#|.#|.#|.#####|.#|.#|.#.|##
Case #14: POSSIBLE
###|.#|.#|.#.|####..|##|.##.|###|..#..|####.|##
##|........#|..###.|.#..|.#|...#..|#|..#|.#|..#
.|.#|.#|.#|.#.|#..|.#.|.#|..#.|#.|#..|#|....#.|
|...#.|#.|#|...#|.#..|.#..|#|..#...|#.....|#.|.
...|#|.#|.#.|###.|##|.##|..#.|####|.##|.#|.#|..
Case #15: POSSIBLE
###|.#.|#.|#..|##.|#.|##|..#.|.##.|#.|##|.#.|##
|.#.|#|.#|.#|..#|..#..|#.|.#|..#|..#..|#.|.....
..|#.|#.|#.|#|.#.|#.|#.|#.|.#.|#.|#|.#.|.#.|#|.
.|.............#...|#|....#.|..#....|...#|.#|..
#..|#.|#.|#.|#####|.#...|##|.#####|.#|..#.|#..|
Case #16: POSSIBLE
##|.#.|##.|#|..####|.##.|#.|#.|###|.##|.##.|###
...|#|..#|.#..|#|.#.|#.|.......#...|#..|#.|..##
|.#.|#..|#.|#|.#..|#..|.#.|#.|.#|.#..|#..|#...|
..|#...|.......#.|.....#.|#.|###..|#..|#|..#|..
#|.#.|##.|#.|####..|#|.#|.#|.####|.#|..#..|##|.
Case #17: POSSIBLE
..|..
.|...
....|
|....
...|.
Case #18: POSSIBLE
..|..
....|
.|...
|....
...|.
Case #19: POSSIBLE
|-.
Case #20: POSSIBLE
||
#.
Case #21: IMPOSSIBLE
Case #22: POSSIBLE
|..#|..#|.##.|.#.|#|.#...|#.|#####.|##|.#.|#.|#
..|#.....|.#|..#......|...#|..####|.#|..#|.#|..
...|#.|.#..|#.|#|..#|.#|.#|.#.|#|..#|.#|.#.|#.|
.|#..|#|.#|...####.|#.|#|..#|..#......|#.|.....
###.|##.|##.|#####|.#|.##|.#.|.#.|#|...#|.#.|##
Case #23: POSSIBLE
..|#.|##|.#.|###.|#.|#.|#|...###|.#.|#.|#..|#|.
.|.#..|#.|#|...#|.#|.#|.#...|..#.|#|........#.|
|.#.|#....|#.|.#..|#.|#.|#.|#|.#..|#..|#.|.#|..
#..|#..|#.....|##.........|#|..##....|#.|#|..##
##|.#|..##.|######.|#.|#.|##..|###.|###|.##|.##
Case #24: IMPOSSIBLE
Case #25: POSSIBLE
##.|##.|#.|#..|#.|#|.#.|#..|######|.#.|#|.##|..
#...|#.......|.#|.#.|#|.#|...####..|#|.#..|#..|
..|#..|#.|#.|###..|#.|#.|#..|..#.|#.|#.|#|..#|.
|.#|..#|.#.|#.|##.........|#..|#..|#........|..
.|#..|#.|#|.#|.###.|#.|#.|###|.#|..#.|#.|##|.##
Case #26: IMPOSSIBLE
Case #27: POSSIBLE
|.####.|##
.|#|.#|..#
#.|....#|.
....|.#..|
|.##.|#|..
Case #28: IMPOSSIBLE
Case #29: POSSIBLE
##.|#.|#.|#|...###|.#.|#|...#.|###|.#|.##|.#.|.
#.|.#|.#|.#...|##..|#|.#...|...##..|#..|#.|#|..
|.#.|#.|#.|#.|.#|.#.|#.|#.|#.|.#|.#.|#..|#.|#.|
.|.#........|###.|.#.....|#|.###..|#..|........
..|#.|#.|#.|####..|#.|#.|##.|###.|.#.|##.|#.|##
Case #30: IMPOSSIBLE
Case #31: POSSIBLE
##|.#.|#.|#.|######|.#|.#|.#.|.###|.#.|#.|#|.##
....|..#|.#|..##..|........#|..#.....|.#|.#.|.#
.|#|..#|.#|.#.|#|..#|.#|.#|.#.|#.|#|..#|.#|.#.|
|..#.|.....#|..#.|..#|.#|.#|..##|..#|......#.|.
..|###|.#|.#.|.###.|#.|#.|#.|###..|###|.#|.#|..
Case #32: POSSIBLE
#.|#.|#.|#|.#.|###|.#.|#..|#|..##.|#|.##|.#|.##
.|.#|.#|.#.|#|.##..|#|.#|..#..|#.|.#.|#|..#.|##
...|#.|#.|#.|###.|#.|#.|#|..#|.#|.#|.#...|.#..|
|.#..........|.#|.........#|...#......|.#..|...
###.|#.|#.|#..|#..|#.|#.|##.|#####|.#|.###|.#|.
Case #33: POSSIBLE
##|.#|..#...|###|.#.|#|...#.|#####.|##.|##.|###
...|#..|#|.....#.|#|.#...|.....##...|#..|#..|##
|.#.|#..|#.|#.|#..|#.|#.|#.|#|.#..|#..|#..|#.|.
.|.#..|#..|#|..##......|#.|#..|#.|#..|#|..#|...
#.|#.|##.|##.|.###.|#.|##|.#|..#|.#|..#..|#...|
Case #34: IMPOSSIBLE
Case #35: POSSIBLE
#.|##|..##
.|..#.|.##
|.#|..#|..
....|..#|.
#.|##.|#.|
Case #36: IMPOSSIBLE
Case #37: POSSIBLE
##|.##|.#.|#|..#..|#.|##.|##|..#####.|#|.##|.##
....|#.|#|.#..|#|..#..|....#..|##|.#|.#.|#|..##
|.#|..#.|#.|#|.#.|#.|#..|#|....#...|#.|#.|.#|..
..|#.|.........##..|#..|#..|#|.#..|.........#|.
#|.##.|#.|#.|#####|.#|.##|..####|.#.|#.|#..|#.|
Case #38: IMPOSSIBLE
Case #39: IMPOSSIBLE
Case #40: POSSIBLE
#.|#.|#.|###.|.##|.#.|###|.#|..####.|#.|###|.##
.|.#......|#|..#..|#..|#|..#.|.#.|#......|#.|##
|.#.|#.|#|..#.|#|.#.|#....|.#.|#...|#.|#..|#.|.
...|#.|#...|...#...|#|....#|...#|..#.|#.|......
##|.#|.#|.#.|#####|.#..|###.|####.|#|.#|.#.|#.|
Case #41: POSSIBLE
.|.#|.##|.#|.###.|.##.|##..|#|.###|.#|.#.|##|.#
.....|........##..|#|...#|..#.|#......|#|..#..|
..|.#.|.#|.#|..#|.#..|#|...#|..#|.#|.#.|#..|#|.
|.#.|#..|#.|#|.#..|..#..|#|...##..|#|.#...|....
###|.##|.#|.#.|###.|##|..##|.###.|.#.|#.|##.|##
Case #42: IMPOSSIBLE
Case #43: IMPOSSIBLE
Case #44: IMPOSSIBLE
Case #45: POSSIBLE
##|.###|.##|.#####|.##|...#|.#####|.#|.#|.##..|
##.|#|....#.|..#...|#....|#.|.##.........|.#|..
|..#|..#|...#.|#.|#.|.#|.#|.#.|#|.#|.#|.#..|#|.
......|.#|.#|..#..|#..|#|..#.|.#..|#.|#|.#|...#
.|#|.#.|#.|#.|##|..#.|.##|.#|..#.|.#|.#.|##.|##
Case #46: POSSIBLE
|...#.|#|.#|.##
...|#|.#.|#.|.#
.|.#|.#|.#|.#.|
##|........#|..
###|.#|.#|.#.|.
Case #47: POSSIBLE
##|.#...|#.|#|.
#..|#|.........
.|#.|#.|#.|#..|
|..#..|#.|#|.##
..|#.|##|.#.|##
Case #48: POSSIBLE
##.|##|.##.|#.|
..|.#..|#.|.#|.
|.#.|.#.|.#.|##
..|#..|#.|.#.|.
#|.#.|.#..|#..|
Case #49: POSSIBLE
|.#|.##|.#|.#.|
.|#.|#.....|#|.
..|#..|#|..#|..
##...|..#|....#
##.|#..|###|.##
Case #50: POSSIBLE
..|##|.#|.#.|##
.|.#..|#.|#|...
|.#|..#|.#|.#.|
....|......#.|.
##|.##|.#|.#|.#
Case #51: POSSIBLE
.|.#.|##|.##..|
..|#|.#..|.#|..
|.#....|#..|#|.
#..|.#|..#|....
##|.##..|##.|##
Case #52: POSSIBLE
##|.###|.#|.######|.##|.#|.#|.##.|#|.###.|#|.##
...|.#|.....#.|#....|......#..|#.....|#|..#.|.#
|.#.|..#|.#|...#.|#|..#|.#|.#|.#|..#|....#|.#|.
.|.#...|#.|#.|.#|..#..|#.|#|...###.|#...|..#|..
..|##|..#|.#|.##..|##|.#|.#.|#####|.#.|##|.#..|
Case #53: POSSIBLE
##.|##|.#|.#.|##..|###|.#|.#|..#..|##|.##.|#.|#
##|.#|.....#|..#.|.#.|.....#..|#.|.#..|.#|.#|..
|..#|.#|.#|.#.|#|.#|..#|.#|.#|.#|.#.|.#|..#|...
......|#|.#|...#....|..#|.#.|.##..|..#|.....#.|
.|#|...#.|#.|#####|.#.|#.|#|.#####.|##..|#|.###
Case #54: IMPOSSIBLE
Case #55: POSSIBLE
..|#.|#.|#|.#|.###|.#|.#|.#|.###.|#.|#.|#..|#|.
.|.#..........|##..|#.|#.|#..|.#|...........#.|
|.#.|#.|#..|...#.|#.|#.|#.|#..|#...|#.|#.|.#|..
#..|#|.#|.#.|###..|#........|..##.|#.|#.|#|..##
##|.#.|#.|######|..#.|#.|#.|########|.#|.##|.##
Case #56: POSSIBLE
##|.#.|#|.#|.#####.|#.|###.|######.|#|.##|.#|..
#..|#|.#....|..##.......|#|.#.|#..|.#..|#.|#..|
|.#.|#.|#|..#.|#..|#.|#..|#.|..#.|#.|#|..#.|#|.
..|#......|#|..#|.#|.#|........#|..#....|......
.|.#.|#.|###.|.#.|#.|#.|#.|#.|.##.|#.|##.|#.|##
Case #57: POSSIBLE
#|.#|.##.|
#.|#.|#|..
|.##..|..#
...|.....#
#.|..##.|#
Case #58: POSSIBLE
##|.#|.#|..#|..#.|.##.|#|.#.|#####|.##|.#|.#..|
..........|#..|#..|#.|.#.|#|..##...|.......#|..
.|#|.#|.#|..#|.#|.#.|.#|.#|.#|.#|.#.|.#|.#|.#|.
..|#.|#|.#..|.##..|........#|..#.|.#.|.#|.#|..#
|..#|.#.|##|.#####.|##|.#|.#..|#..|##.|#.|#.|##
Case #59: POSSIBLE
..|.
.|..
|...
...|
####
Case #60: POSSIBLE
|.#.|#|.####..|#|.#|.#|...#.|####.|#.|#|.#|.#|.
.|#|.#.|#.|#|..#.|#.|#...|.....#.|.#|.#.|#.|#.|
..|#.|#....|#|.#..|#.|#.|#.|#.|#...|#.|#.|#.|##
#........|.....##......|#.|#|..#|.#..........|.
##.|#.|#|.#.|#####.|#.|##|.#.|.####.|#.|#.|#..|
Case #61: POSSIBLE
#.|###.|.#
......|...
|.#|..##|.
.|.#|.#..|
#.|#.|#|.#
Case #62: POSSIBLE
.|#|.#|.#|..#|.#..|#.|##.|#|.###|..#.|##.|#.|##
|.#....|#..|#.|#.|.#..|#|.#.|###..|#....|......
..|#|..#|..#|..#|.#.|#.|#.|#.|.#.|#.|#.|.#.|#.|
#....|...#|..####.|.#...|......##..|#.|.#.|#.|.
##.|###|.##|.#####.|#|...#.|#.|###|.#|.##|.#|..
Case #63: POSSIBLE
#.|#####.|
...|.#.|..
|.#...|..#
..|#.|#..|
#|.#|.##|.
Case #64: IMPOSSIBLE
Case #65: IMPOSSIBLE
Case #66: IMPOSSIBLE
Case #67: POSSIBLE
|..##..|#|.#.|#####|.#|.#|.#.|####|.##|.#.|#|.#
..|#.|..#.|#|..#..|........#|..#...|#....|.....
.|#|...#|.#|...#|..#|.#|.#|.#.|#.|#.|.#|.#.|#|.
....|#|.....#.|#.|..#.|#|.#.|..#..|#.|.#|.#...|
##|.###|.#|.######.|#|.#.|#|.###|..#..|#.|#.|##
Case #68: POSSIBLE
|..#.|##.|#.|####|.#.|#.|#.|#####.|#.|###|.#.|.
..|#...|.......#..|#........|###.|.#...|#.|#|..
.|#.|#..|#.|#.|#|.#.|#.|#.|#..|#|.#.|#..|#.|#.|
#.|.#|..#|.#.|.#...|#|.#|.#..|.#...|#.|........
##.|#.|##.|#|..###|.#.|#.|#|...###|.#|.#.|#.|##
Case #69: POSSIBLE
###|..##|.#|.##
.|#.|.#|......#
..|#.|..#|.#|..
|....#..|#|.#.|
##.|##|..#.|#|.
Case #70: POSSIBLE
##|.#|.#|.#|.######.|#.|###|.###|.##.|##|.#.|##
...|#.|#....|..#.|#.....|#..|..#.|#.|..#.|#|.##
.|#.|#.|#.|.#.|#...|#.|#.|..#.|#..|.#..|#.|#.|.
|..#.....|.#|..#|..#.|#...|#.|.##..|.#|........
#.|#.|#.|###.|.##.|#|.#|..##|..###..|##.|#.|#.|
Case #71: POSSIBLE
|-
.-
Case #72: POSSIBLE
|.#..|#.|#.|#.|###.|#|.#|.##.|.###.|#...|#.|#.|
.|#|..#|.#|.#|.#..|.#.|#..|#|..##.|.#|.........
..|#..|#.|#.|###|.#.|#.|#..|#.|#|.#.|#.|#.|#.|.
#...|#.......|.#..|#.....|.....#..|#..|#.|#|.##
##.|##.|#.|#..|##|.#.|#.|##.|###.|.#.|##|.#.|##
Case #73: POSSIBLE
##|.##|.#|.#|..
.....|.....#.|.
.|#|..#|.#|.#.|
..|#|..#|.#.|.#
|..##.|#.|#|.##
Case #74: IMPOSSIBLE
Case #75: POSSIBLE
##.|##.|#|.####
#.|.#.|.#.|.#.|
|.#.|.#.|#.|...
..|#..|#....|..
.|.#.|.#.|##.|.
Case #76: IMPOSSIBLE
Case #77: POSSIBLE
#|.#.|#|.#
#.|#|.#.|.
|.#...|#.|
...|......
##|..##|.#
Case #78: IMPOSSIBLE
Case #79: POSSIBLE
|..##|.#|..#.|.##.|#.|#.|#.|####.|#|.#...|#.|##
..|#|..#.|.#|..#|..#........|###|.#.|#|........
.|#|.#|.#.|.#.|#.|#.|#.|#.|#..|#..|#.|#.|#.|#|.
#.|...#|..#|...#..|.#.|#|.#..|.##......|#|.#..|
##...|#.|##.|#####.|#|.#.|#|...###.|#.|##.|#|..
Case #80: POSSIBLE
|.##|...##
..|#...|.#
#..|#.|#|.
.|#..|#..|
|.#.|##|.#
Case #81: POSSIBLE
.|.#|.##.|#.|###|.##|.#|.#|.######|..#|.###|.##
|......#|.#|...#.|#.........|.####..|#.|#|....#
##|.#|...#|.#|.#...|#|.#|.#|...#...|#|.#|..#|..
|.#|.#|....#..|###|..#|.#.|#.|.#.|#........|#|.
.|#.|#.|#|.#|.####..|#.|#|.##.|#|.##|.#|.#|.#.|
Case #82: IMPOSSIBLE
Case #83: POSSIBLE
.|#.|##|.#
|.#..|#.|.
#..|#.|#.|
..|#...|.#
|.##|...##
Case #84: IMPOSSIBLE
Case #85: POSSIBLE
###|.##.|##|.######.|#.|###|.###.|#...|#.|#.|##
##..|.#|..#.|..#|.#|.#..|#..|..#...|...#|.#|...
..|.#.|.#.|.#.|#..|.#.|#..|.#|.#|..#|.#|.#|.#.|
|..#|..#|..#.|.#.....|#..|.#..|###|.#|.....#.|.
.|.#.|.#.|.#|.##.|.#|.#|..##|.####.|##|.#|.#|.#
Case #86: POSSIBLE
..|#|.##|.#|.#####.|##|.#|.#|..####|.##.|#|.#.|
.|.#.|#|......####|.#|.....#.|.#.|#.|#|..#.|#|.
|.#|.#|.#|.#|..#|..#|.#|.#|.#.|#|...#..|#|.#|..
........|#|.#|.#......|#|.#|..##....|.........#
##|.#|...#.|#.|#.|#|...#.|#.|###..|#.|##|.#|.##
Case #87: IMPOSSIBLE
Case #88: POSSIBLE
##.|###|.#..|###..|#.|###|.#.|.##|.##.|###|..##
#....|#.|#|..###.|.#...|#.|#|..#..|#....|#..|##
..|#|..#.|#|...#|.#.|#|..#.|#.|#.....|#..|#|...
|.#....|....#|.##.|.#...|......#|.#|.#|.....#|.
.|#|.#|.#.|##.|###.|#|.#.|#.|######.|#.|#.|##.|
Case #89: POSSIBLE
#.|#.|#.|#.|#####.|#.|#.|#..|#####|.#.|#.|#.|##
|..#.........|.#|..#......|..####..|#|.........
.|#.|#.|#.|#..|#.|#.|#.|#..|#|.#.|#.|#..|#.|#|.
...|#|.#|.#|...#...|#|.#.|#...|#..|#...|#|.#|..
##|.#.|#.|#.|#####|.#.|#|.##|..#|..#.|###.|#..|
Case #90: POSSIBLE
.|..#|.#|.#.|###|...#|.#.|#.|###..|#.|##.|#|.##
...|#.|#.|#|...#...|#.|#|.#|...#.|.#|.#.|.#.|.#
|..#|.#|.#|.#.|#.|.#|.#|.#|.#|.#|.#|.#.|.#|.#|.
##|........#.|.###|........#..|#......|....#..|
###|.#|.#|.#|.#####|.#|.#|.#|.####|.#|.##|.#|..
Case #91: POSSIBLE
.|...
..|..
...|.
|....
....|
Case #92: POSSIBLE
|###
.|#|
Case #93: POSSIBLE
.|.#.|#|.##.|#####|...#|..#.|#######|.##.|#|.##
..|#|.#.|#.|..##.....|#..|#|..####|....#|.#.|.#
|.#|.#|.#.|.#.|#|.#|.#|..#|.#|.#.|..#|...#|.#.|
........|..#|..#.|.#|..#|..#|..#...|.#|....#.|.
##|.#|.#.|##.|.#..|##|.##|.#..|#|.#.|#.|#|.#|..
Case #94: POSSIBLE
#|.##|.#.|#.|###.|.#..|#.|##|..##.|#.|##.|#|.##
..|#..|........#..|#|..#..|#.|.#|..#..|......##
|.#.|.#.|#.|#.|#|.#..|#.|#.|#.|#.|#.|#..|#...|.
...|.#|.#.|#.|.##.|.#..|#...|..#..|.#..|#|.#|..
##|.##.|#|.#|..###.|##|.#|...#####.|#|.##.|##.|
Case #95: IMPOSSIBLE
Case #96: POSSIBLE
|.#...|#.|
.|#|...#|.
#.|#|.#|.#
#.....|...
#..|#|.#.|
Case #97: POSSIBLE
###|.#|.#|.#..|#.|###|.##|.#|..#|.###|.##|.#.|#
##|........#|..#|..#|..#|..#..|#.|.#|..#|..#|..
|..#|.#|.#|.#|.#..|..#|..#|.#|.#..|..#|..#|.#.|
.|..#|.#.|#|..####...|#|..#|..####.|..#|..#.|..
...|#.|#|.#.|######|..#..|#.|######..|#..|#|.##
Case #98: POSSIBLE
..|..
...|.
....|
.|...
|....
Case #99: POSSIBLE
.|.##|.#.|
|..#|..#|.
##|.......
|....#|...
.|#|.##|.#
