Case #1:
GGG
CCC
JJJ
Case #2:
CODE
CODE
JJAM
Case #3:
CA
KE
Case #4:
EEEEEEEEEEEEEEEEEEEEEEEEE
EEEEEEEEEEEEEEEEEEEEEEEEE
CCCCCCCCCCCCCCCCCCCCCCCCC
XXXXXXXXXXXXXXXXXXXXXXXXX
IIIIIIIIIIIIIIIIIIIIIIIII
QQQQQWWWWWWWWWWWWWWWUUUUU
LLLLLLLLNNNNNNNNNNNNNNNNN
LLLLLLLLNNNNNNNNNNNNNNNNN
LLLLLLLLNNNNNNNNNNNNNNNNN
OOOOOOOOOOOOOOOOOOOOOFFFF
RRRRRRRRRRRRAAAAAAAAAAAAB
YYYYYYYYYYYYYYYYYYYYYYYYY
GGGGGGGGGGGGGGGGGGGGGGGGG
SSSSSSSSSSSSSSSSSSSSSSSSS
DDDDDDDDDDDDDDDDDDDDDDDDP
DDDDDDDDDDDDDDDDDDDDDDDDP
TTTTTTTTTTTTTTTTTTTTTTTTT
TTTTTTTTTTTTTTTTTTTTTTTTT
KKKKKKKKKKKKKKKKKKKKKKKKK
KKKKKKKKKKKKKKKKKKKKKKKKK
KKKKKKKKKKKKKKKKKKKKKKKKK
HHHHHHHHHHHHHHJJJJJJJJJJJ
VVVVVVVVVVVVVVVVVVVVVVVVV
MMMMMMMMMMMMMMMMMMMMMMMMM
Case #5:
DDD
BCA
BCA
BCA
Case #6:
IIIIIIFFOOOYYYYYYYYYYYYYY
WWWWWWWWWWWWWWWWWWWWWWWWW
SSSSSSSSSSSSSSSSSSSSSSSSS
ZZZZZZZMMMMMMMMMEEEEEEEEE
AAAAJJJJJJCCTTTTTTTTTTTTT
VVVVVVVXXXKKKKKRRRRRRRRRR
PPPPPPPPPPPPQQQQQQQQQQQQQ
NNNNNUUULLHHHHHHHHHHHHHHH
NNNNNUUULLHHHHHHHHHHHHHHH
GGGGGGGGGGGGGGGGGGGGGGGGG
DDDDDDDDDDDDDDDDDDDDDDDDD
BBBBBBBBBBBBBBBBBBBBBBBBB
BBBBBBBBBBBBBBBBBBBBBBBBB
BBBBBBBBBBBBBBBBBBBBBBBBB
BBBBBBBBBBBBBBBBBBBBBBBBB
BBBBBBBBBBBBBBBBBBBBBBBBB
BBBBBBBBBBBBBBBBBBBBBBBBB
BBBBBBBBBBBBBBBBBBBBBBBBB
BBBBBBBBBBBBBBBBBBBBBBBBB
BBBBBBBBBBBBBBBBBBBBBBBBB
BBBBBBBBBBBBBBBBBBBBBBBBB
BBBBBBBBBBBBBBBBBBBBBBBBB
BBBBBBBBBBBBBBBBBBBBBBBBB
BBBBBBBBBBBBBBBBBBBBBBBBB
BBBBBBBBBBBBBBBBBBBBBBBBB
Case #7:
FFFFMMKKLUUECXXWYSSSSIIAA
ZTTGOBHDDRQQQPJVVVVVVVVVN
Case #8:
UUUUUUUUUUUUUUUUGGGGGGGMM
NNNNNNNNNNNNNNNNNNNNNNNNN
NNNNNNNNNNNNNNNNNNNNNNNNN
NNNNNNNNNNNNNNNNNNNNNNNNN
EEEEEEEEEEEEEEEEEEEEEEEEE
EEEEEEEEEEEEEEEEEEEEEEEEE
EEEEEEEEEEEEEEEEEEEEEEEEE
CCCCCCCCCCCCCCCCCCCCCCCCC
LLLLLLLLLLLHHHHHHHHHHHHHH
VVVVVVVVVVVVVVVVVVVVVVVVV
KKKKKKKKKTTTTTTTTTTTTTTTT
KKKKKKKKKTTTTTTTTTTTTTTTT
DDDDDDDDDDDXXXXXXXXPPPPPP
YYYYYYYYYYYYYYYYYYYYYYYYY
ZZZZZZZZZZRRRRRRRRRRRRRRR
AAAAAAAAAAAAAAAAAAAAAAAAA
AAAAAAAAAAAAAAAAAAAAAAAAA
FFFFFFFFFFFFFFFFFFFFFFFFF
BBBBBBBBBBBBBBBBBBBBBBBQQ
IIIIIIIIIIIIIIIIIIIIIIIWW
OOOOOOOOOOOOOOOOOOOOOOOOO
OOOOOOOOOOOOOOOOOOOOOOOOO
SSSSSSSSSSSSSSSSSSSSSSSSS
JJJJJJJJJJJJJJJJJJJJJJJJJ
JJJJJJJJJJJJJJJJJJJJJJJJJ
Case #9:
A
Case #10:
ABCDEFGHIJKLMNOPQRSTUVWXY
ABCDEFGHIJKLMNOPQRSTUVWXY
ABCDEFGHIJKLMNOPQRSTUVWXY
ABCDEFGHIJKLMNOPQRSTUVWXY
ABCDEFGHIJKLMNOPQRSTUVWXY
ABCDEFGHIJKLMNOPQRSTUVWXY
ABCDEFGHIJKLMNOPQRSTUVWXY
ABCDEFGHIJKLMNOPQRSTUVWXY
ABCDEFGHIJKLMNOPQRSTUVWXY
ABCDEFGHIJKLMNOPQRSTUVWXY
ABCDEFGHIJKLMNOPQRSTUVWXY
ABCDEFGHIJKLMNOPQRSTUVWXY
ABCDEFGHIJKLMNOPQRSTUVWXY
ABCDEFGHIJKLMNOPQRSTUVWXY
ABCDEFGHIJKLMNOPQRSTUVWXY
ABCDEFGHIJKLMNOPQRSTUVWXY
ABCDEFGHIJKLMNOPQRSTUVWXY
ABCDEFGHIJKLMNOPQRSTUVWXY
ABCDEFGHIJKLMNOPQRSTUVWXY
ABCDEFGHIJKLMNOPQRSTUVWXY
ABCDEFGHIJKLMNOPQRSTUVWXY
ABCDEFGHIJKLMNOPQRSTUVWXY
ABCDEFGHIJKLMNOPQRSTUVWXY
ABCDEFGHIJKLMNOPQRSTUVWXY
ABCDEFGHIJKLMNOPQRSTUVWXY
Case #11:
AAAAAAHLLLLLLLLLLLLLLLLLL
AAAAAAHLLLLLLLLLLLLLLLLLL
JJJJJJJJJJJJJJJJJJJJJJJJJ
JJJJJJJJJJJJJJJJJJJJJJJJJ
NNNNNNNNNNNCCCCCCCCCCCCCC
NNNNNNNNNNNCCCCCCCCCCCCCC
GGGGGGGGGGGGGGGGGGGGGGGGG
XXXXXXXXXXXXXXXXXXXXXXXXX
EEEEEEEEEMMMMMMMMMMMMMMMM
IIIIIIIWWWWWWWWWWWWWWWWWW
UUUUUUUUUUUUUUUUUUUUUUUUU
KKKKKKKKKKKKKKKKKKKKKKKKK
FFFFFFFFFFFFFFFFFFFFFFFFF
TTTTTTTTTTTTTTTTTTTTTTTTT
TTTTTTTTTTTTTTTTTTTTTTTTT
TTTTTTTTTTTTTTTTTTTTTTTTT
QQQQQQQQQQQQQQQQQQQQQQQQQ
YYYYYYYYYYYBBBBBBBBBBBBBB
RRRRRRRRRRRRRRDDDDDDDDDDD
VVVVVVVVVVVVVVVVVVVVVVOOO
ZZZZZZZZZZZZZZZZZZZZZZZZZ
SSSSSSSSSSSSSSSSSSSSSSSSS
SSSSSSSSSSSSSSSSSSSSSSSSS
SSSSSSSSSSSSSSSSSSSSSSSSS
PPPPPPPPPPPPPPPPPPPPPPPPP
Case #12:
OOOOOOOOOOOOOOOOOOOOOOOOO
PPPPPPPPPPPPPPPPPPWWWDDDD
XXXXXXXXXXXXXXXXXXXXXXXXX
XXXXXXXXXXXXXXXXXXXXXXXXX
XXXXXXXXXXXXXXXXXXXXXXXXX
CCCCCCCCCCCCCCCCCCCCCCFFF
CCCCCCCCCCCCCCCCCCCCCCFFF
CCCCCCCCCCCCCCCCCCCCCCFFF
NNNNNNNNNNNNNNNNNNNNNNNNN
NNNNNNNNNNNNNNNNNNNNNNNNN
NNNNNNNNNNNNNNNNNNNNNNNNN
YYYYYYYYKKKKKKKKKKKKKKKKK
VVVVVVVVVVVVVVVVVVVVVVVVV
SSSSSSSSSSSSSSSSSSSSSSAJJ
BBBBBBBBBBBBBBBBBBBBQQQQQ
HHHHHHHHHHHHHHHHHHHHHHHHH
LLLLLLLZUUUUUUURRRRRRRRRR
LLLLLLLZUUUUUUURRRRRRRRRR
EEEEEEEEEEEEEEEEEEEEEEEEE
EEEEEEEEEEEEEEEEEEEEEEEEE
GGGGGGGGGGGGGGGGGGGGGGMMM
GGGGGGGGGGGGGGGGGGGGGGMMM
GGGGGGGGGGGGGGGGGGGGGGMMM
TTTTTTTTTTTTTTTTTTTTTTTTT
IIIIIIIIIIIIIIIIIIIIIIIII
Case #13:
AAAAAAAAAAAAAAAAAAAAAAAAA
BBBBBBBBBBBBBBBBBBBBBBBBB
CCCCCCCCCCCCCCCCCCCCCCCCC
DDDDDDDDDDDDDDDDDDDDDDDDD
EEEEEEEEEEEEEEEEEEEEEEEEE
FFFFFFFFFFFFFFFFFFFFFFFFF
GGGGGGGGGGGGGGGGGGGGGGGGG
HHHHHHHHHHHHHHHHHHHHHHHHH
IIIIIIIIIIIIIIIIIIIIIIIII
JJJJJJJJJJJJJJJJJJJJJJJJJ
KKKKKKKKKKKKKKKKKKKKKKKKK
LLLLLLLLLLLLLLLLLLLLLLLLL
MMMMMMMMMMMMMMMMMMMMMMMMM
NNNNNNNNNNNNNNNNNNNNNNNNN
OOOOOOOOOOOOOOOOOOOOOOOOO
PPPPPPPPPPPPPPPPPPPPPPPPP
QQQQQQQQQQQQQQQQQQQQQQQQQ
RRRRRRRRRRRRRRRRRRRRRRRRR
SSSSSSSSSSSSSSSSSSSSSSSSS
TTTTTTTTTTTTTTTTTTTTTTTTT
UUUUUUUUUUUUUUUUUUUUUUUUU
VVVVVVVVVVVVVVVVVVVVVVVVV
WWWWWWWWWWWWWWWWWWWWWWWWW
XXXXXXXXXXXXXXXXXXXXXXXXX
YYYYYYYYYYYYYYYYYYYYYYYYY
Case #14:
AAACC
BBBBB
BBBBB
Case #15:
QQQQQQQQQQQQQQQQQQQQQQQQQ
QQQQQQQQQQQQQQQQQQQQQQQQQ
RRRRRRRRRRRRRRRRRRRRRRRRR
LLLLLLLLLLLLLLLLLLLLLLLLL
LLLLLLLLLLLLLLLLLLLLLLLLL
LLLLLLLLLLLLLLLLLLLLLLLLL
CCCCCCCCCCCCCCCCCCCCCCCCC
SSSSSSSSZZZNNNNNNMMMMMMMM
SSSSSSSSZZZNNNNNNMMMMMMMM
WWWWWWWWWWWWWDDXXXXXXXXXX
BBBBKKKKKKKKKKKUUUUUUUUUU
EEEEEEEEAVVVVVVVVVVVVVVVV
JJJJJJJJJJJJJJJHHHHHHHHHH
TTTTTTTTTTTTTPPPPPPPPPPPP
GGGGGGGGGGGGGGGGGGGGGGGGG
IIIIIIIIIIIIIIIIIIIIIIIII
IIIIIIIIIIIIIIIIIIIIIIIII
OOOOOOOOOOOOOOOOYYYYYYYYY
OOOOOOOOOOOOOOOOYYYYYYYYY
OOOOOOOOOOOOOOOOYYYYYYYYY
OOOOOOOOOOOOOOOOYYYYYYYYY
FFFFFFFFFFFFFFFFFFFFFFFFF
FFFFFFFFFFFFFFFFFFFFFFFFF
FFFFFFFFFFFFFFFFFFFFFFFFF
FFFFFFFFFFFFFFFFFFFFFFFFF
Case #16:
A
A
Case #17:
ACCCCCCCCCCCCCCCCCCCCCCCC
ACCCCCCCCCCCCCCCCCCCCCCCC
ACCCCCCCCCCCCCCCCCCCCCCCC
ACCCCCCCCCCCCCCCCCCCCCCCC
ACCCCCCCCCCCCCCCCCCCCCCCC
ACCCCCCCCCCCCCCCCCCCCCCCC
EEEEEEEEEEEEEEEEEEEEEEEEE
EEEEEEEEEEEEEEEEEEEEEEEEE
EEEEEEEEEEEEEEEEEEEEEEEEE
EEEEEEEEEEEEEEEEEEEEEEEEE
BBDDDDDDDDDDDDDDDDDDDDDDD
BBDDDDDDDDDDDDDDDDDDDDDDD
BBDDDDDDDDDDDDDDDDDDDDDDD
BBDDDDDDDDDDDDDDDDDDDDDDD
BBDDDDDDDDDDDDDDDDDDDDDDD
BBDDDDDDDDDDDDDDDDDDDDDDD
BBDDDDDDDDDDDDDDDDDDDDDDD
BBDDDDDDDDDDDDDDDDDDDDDDD
FFFFFFFFFFFFFFFFFFFFFFGGG
HHHHHHHHHHHHHHHHHHHHHHHHH
IIIIIIIIIIIIIIIIIIIIIIIII
JJJJJJJJJJJJJJJJJJJJJJJJJ
JJJJJJJJJJJJJJJJJJJJJJJJJ
JJJJJJJJJJJJJJJJJJJJJJJJJ
JJJJJJJJJJJJJJJJJJJJJJJJJ
Case #18:
AAAAAABBBBBBBBBBBBBBBBBBB
AAAAAABBBBBBBBBBBBBBBBBBB
AAAAAABBBBBBBBBBBBBBBBBBB
AAAAAABBBBBBBBBBBBBBBBBBB
AAAAAABBBBBBBBBBBBBBBBBBB
AAAAAABBBBBBBBBBBBBBBBBBB
AAAAAABBBBBBBBBBBBBBBBBBB
AAAAAABBBBBBBBBBBBBBBBBBB
CCCCCCCCCCCCCCCCCCCCCCCCC
DDDDDDDDDDDDDDDDDDDDDDDDD
EEEEEEEEEEEEEEEEEEEEEEEEE
EEEEEEEEEEEEEEEEEEEEEEEEE
FFFFFFFFFFFFFFFFHHHHHHHHH
JJJJJJJJJJJJJJJJJJJJJJJJJ
JJJJJJJJJJJJJJJJJJJJJJJJJ
JJJJJJJJJJJJJJJJJJJJJJJJJ
JJJJJJJJJJJJJJJJJJJJJJJJJ
GGGGGGGGGGGGGGGGGIIIIIIII
GGGGGGGGGGGGGGGGGIIIIIIII
GGGGGGGGGGGGGGGGGIIIIIIII
GGGGGGGGGGGGGGGGGIIIIIIII
GGGGGGGGGGGGGGGGGIIIIIIII
GGGGGGGGGGGGGGGGGIIIIIIII
GGGGGGGGGGGGGGGGGIIIIIIII
GGGGGGGGGGGGGGGGGIIIIIIII
Case #19:
AAAAAAABBBBBBBBBBBBBBBBBB
AAAAAAABBBBBBBBBBBBBBBBBB
AAAAAAABBBBBBBBBBBBBBBBBB
CCCCCCCCCCCCCCCCCCCCCCCCC
DDDDDDDDDDDDDDDDDDDDDDDDD
EEEEEEEEEEEEEEEEEEEEEEEEE
EEEEEEEEEEEEEEEEEEEEEEEEE
EEEEEEEEEEEEEEEEEEEEEEEEE
EEEEEEEEEEEEEEEEEEEEEEEEE
EEEEEEEEEEEEEEEEEEEEEEEEE
EEEEEEEEEEEEEEEEEEEEEEEEE
EEEEEEEEEEEEEEEEEEEEEEEEE
EEEEEEEEEEEEEEEEEEEEEEEEE
EEEEEEEEEEEEEEEEEEEEEEEEE
FFFFFFFFFFFFFFFFFFFFFFHHH
JJJJJJJJJJJJJJJJJJJJJJJJJ
JJJJJJJJJJJJJJJJJJJJJJJJJ
JJJJJJJJJJJJJJJJJJJJJJJJJ
JJJJJJJJJJJJJJJJJJJJJJJJJ
GGGGGGGGGGGGGGGGGGGGGGGII
GGGGGGGGGGGGGGGGGGGGGGGII
GGGGGGGGGGGGGGGGGGGGGGGII
GGGGGGGGGGGGGGGGGGGGGGGII
GGGGGGGGGGGGGGGGGGGGGGGII
GGGGGGGGGGGGGGGGGGGGGGGII
Case #20:
NNNNNNNNNNNNNNNNNNNNNNNNN
NNNNNNNNNNNNNNNNNNNNNNNNN
NNNNNNNNNNNNNNNNNNNNNNNNN
NNNNNNNNNNNNNNNNNNNNNNNNN
XXXXXXXXXXXXXXXJJJJJJJJJJ
XXXXXXXXXXXXXXXJJJJJJJJJJ
XXXXXXXXXXXXXXXJJJJJJJJJJ
YYYYYYOOOOOOOZLLLFFFFFFFA
YYYYYYOOOOOOOZLLLFFFFFFFA
WWWWWWWWWWWWWWWWWWWWWWWWW
BBBBBBBBBBBBBBTTTTTTVVVVV
IIIIIIIIIIIIIIIIIIIIIGGGG
CCCCCCCCCCCCMMMMMMMMMMMMM
UUUUUUUUUUUUUUUUUUUUUUUUU
UUUUUUUUUUUUUUUUUUUUUUUUU
PPPPPPPPPPPPPPPPPSSSSSSSS
PPPPPPPPPPPPPPPPPSSSSSSSS
RRRRRRRRRRRRRRRRRRRRRRRRR
RRRRRRRRRRRRRRRRRRRRRRRRR
RRRRRRRRRRRRRRRRRRRRRRRRR
HHHHHHHHHHEEEEEEEEEEEEEEE
QQQQQQQQQQQQQQQQDDDDDDDDD
QQQQQQQQQQQQQQQQDDDDDDDDD
QQQQQQQQQQQQQQQQDDDDDDDDD
KKKKKKKKKKKKKKKKKKKKKKKKK
Case #21:
AAAAAAAAAAAAAAAAAAAAAAAAA
AAAAAAAAAAAAAAAAAAAAAAAAA
ZZZZZZZZZZZZZZZZZZZZZZZZZ
BBBBBBBBBBBBBBBBBBBBBBBBB
HHHHHHHHHHHHHHHHHHHHHHHHH
HHHHHHHHHHHHHHHHHHHHHHHHH
DDPPPPPPPPJJJJJJJNVVVVVVV
WWWWWWWWWWWWWWWWWWWWWWWWW
WWWWWWWWWWWWWWWWWWWWWWWWW
WWWWWWWWWWWWWWWWWWWWWWWWW
WWWWWWWWWWWWWWWWWWWWWWWWW
WWWWWWWWWWWWWWWWWWWWWWWWW
RRRRRRRRRIIIIIIIIIIIIIIII
TTTTTTTTTTTTTTTTTTTTTTTTU
TTTTTTTTTTTTTTTTTTTTTTTTU
TTTTTTTTTTTTTTTTTTTTTTTTU
LLLLLLLLLLLLLLLLLLLLLLLLL
QQQQQQQQQQQQQQQQQQQQQQQQQ
KKKKKKKKKKKKKKMMMMMMMMMMM
EEEEEOOOOOOOOOOOOOOOOOOOO
CCCCCCCCCCCCCCCCSSSSSSSSS
GGGGGGGGGGGGGGGGYYYYYYYYY
XXXXXXXXXXXXXXXXXXXXXXXXX
FFFFFFFFFFFFFFFFFFFFFFFFF
FFFFFFFFFFFFFFFFFFFFFFFFF
Case #22:
AAAAAAAAAABBBBBBBBBBBBBBB
AAAAAAAAAABBBBBBBBBBBBBBB
AAAAAAAAAABBBBBBBBBBBBBBB
AAAAAAAAAABBBBBBBBBBBBBBB
AAAAAAAAAABBBBBBBBBBBBBBB
AAAAAAAAAABBBBBBBBBBBBBBB
AAAAAAAAAABBBBBBBBBBBBBBB
CCCCCCCCCCCCCCCCCCCCCCCCC
DDDDDDDDDDDDDDDDDDDDDDDDD
EEEEEEEEEEEEEEEEEEEEEEEEE
EEEEEEEEEEEEEEEEEEEEEEEEE
EEEEEEEEEEEEEEEEEEEEEEEEE
EEEEEEEEEEEEEEEEEEEEEEEEE
EEEEEEEEEEEEEEEEEEEEEEEEE
EEEEEEEEEEEEEEEEEEEEEEEEE
FFFFFFFFFFFFFFFFFHHHHHHHH
JJJJJJJJJJJJJJJJJJJJJJJJJ
JJJJJJJJJJJJJJJJJJJJJJJJJ
JJJJJJJJJJJJJJJJJJJJJJJJJ
JJJJJJJJJJJJJJJJJJJJJJJJJ
GGGGGGGGGGGGGGGGGGIIIIIII
GGGGGGGGGGGGGGGGGGIIIIIII
GGGGGGGGGGGGGGGGGGIIIIIII
GGGGGGGGGGGGGGGGGGIIIIIII
GGGGGGGGGGGGGGGGGGIIIIIII
Case #23:
AAAAACCCCCCCCCCCCCCCCCCCC
AAAAACCCCCCCCCCCCCCCCCCCC
AAAAACCCCCCCCCCCCCCCCCCCC
AAAAACCCCCCCCCCCCCCCCCCCC
AAAAACCCCCCCCCCCCCCCCCCCC
EEEEEEEEEEEEEEEEEEEEEEEEE
EEEEEEEEEEEEEEEEEEEEEEEEE
EEEEEEEEEEEEEEEEEEEEEEEEE
EEEEEEEEEEEEEEEEEEEEEEEEE
BBBBBBDDDDDDDDDDDDDDDDDDD
BBBBBBDDDDDDDDDDDDDDDDDDD
BBBBBBDDDDDDDDDDDDDDDDDDD
BBBBBBDDDDDDDDDDDDDDDDDDD
BBBBBBDDDDDDDDDDDDDDDDDDD
BBBBBBDDDDDDDDDDDDDDDDDDD
BBBBBBDDDDDDDDDDDDDDDDDDD
BBBBBBDDDDDDDDDDDDDDDDDDD
BBBBBBDDDDDDDDDDDDDDDDDDD
FFFFFFFFFFFFFFFFFFFFFFFGG
HHHHHHHHHHHHHHHHHHHHHHHHH
IIIIIIIIIIIIIIIIIIIIIIIII
JJJJJJJJJJJJJJJJJJJJJJJJJ
JJJJJJJJJJJJJJJJJJJJJJJJJ
JJJJJJJJJJJJJJJJJJJJJJJJJ
JJJJJJJJJJJJJJJJJJJJJJJJJ
Case #24:
ZZZZCCCCCCCCCCCCCCCCCCCCC
RRRRRRRRRRRRRRRRRRRRRRRRR
QQQQQQQQQQQQQQQQQQQQQQQQQ
NNNNNNNNNNNNNNNNNNNNNNNNN
SSSSSSSSSSSSSSSSSTTTTTTTT
SSSSSSSSSSSSSSSSSTTTTTTTT
DDDDDDDDDDDDDDDDDDDDDDDDD
UUUUUUUUUUUUUUUUUUUUUUOOO
UUUUUUUUUUUUUUUUUUUUUUOOO
UUUUUUUUUUUUUUUUUUUUUUOOO
JJJJJJJJJJJJJJJJJJJLLLLLL
YYYYYYYYYYYYYYYYYYYYYYYYY
YYYYYYYYYYYYYYYYYYYYYYYYY
YYYYYYYYYYYYYYYYYYYYYYYYY
FFFFFFFFFFFFFFFFFFFFFFFFF
FFFFFFFFFFFFFFFFFFFFFFFFF
AAAAAAAAAAAAAAAAAAAAAAAAA
KKKKKKKKKKKKKKKKKKKKKKKKK
KKKKKKKKKKKKKKKKKKKKKKKKK
XXXXXXXXXXXXEEEEEEEEMMMMM
HHHHHHHHHHHHHHHHHBBBBBBBB
WWWWWWWWWWWWWWWWWWWWWWWWW
PPPPPPPPPPVVVVVVVVVVVVVVV
PPPPPPPPPPVVVVVVVVVVVVVVV
GGGGGGGGGGGGGGGGGGGGGGGGI
Case #25:
AAAA
AAAA
AAAA
AAAA
AAAA
BBDC
Case #26:
JJJJJJJJJJJJJJJJJJJJJJJJJ
JJJJJJJJJJJJJJJJJJJJJJJJJ
JJJJJJJJJJJJJJJJJJJJJJJJJ
JJJJJJJJJJJJJJJJJJJJJJJJJ
JJJJJJJJJJJJJJJJJJJJJJJJJ
JJJJJJJJJJJJJJJJJJJJJJJJJ
AAAAAAAAAAAAAAAAAAAAAAAEE
DDDDDDDDDDDDDDDDDDDDDDDDD
LLLLLLLLLLLLLLLLLLLLLLLLL
UUUWWMMMMMMMMMMMMQQQQQQQQ
UUUWWMMMMMMMMMMMMQQQQQQQQ
BBBBBBBBBBBBBBBBBBBBBBBBB
BBBBBBBBBBBBBBBBBBBBBBBBB
FFFFFFFFFFFFFFFFFFFFHHHZZ
OOOOOOOOOOOOOOOOOOOOOOOOO
XXXXXXXXXXXXXXXXXXGGGGGGG
RRRRRRRRRRRRRRRRRRRRRRRRR
NNNNNNNNNNNNNNNNNNNNNNNNN
IIIIIIIIIIIIIIIIIIIIIIIII
PPPPPPPPPPPPPPPPPPPPPPPPP
PPPPPPPPPPPPPPPPPPPPPPPPP
CCCCCCCCCCCCCCCCCCCCCCCCC
YYYYYYYYYYYYYYYYYYYYYYYYY
SSSSSSSSSSSSSSSSSKKKKKKKK
TTTTTTTTTTTTTTTTTTTTVVVVV
Case #27:
AAA
AAA
BBB
Case #28:
VVVVVVVVVQQOOOOUUUUUUUUUU
YYYYYYYYYYYBBSSWWWWWWWWWW
ZZZZZZZZPPPPPPPPPPPPPPPPP
DDDDDDDDDHHHHHHHHHHTTTTTT
IIIIIIIIIAAAKKKFLLLLLLLLL
CCCCCCCCCCCCJJJJJJJJJJJJJ
MMMMMMMMMMMMMMMEERRRRRRRR
XXXXXXXXXXNNNNGGGGGGGGGGG
XXXXXXXXXXNNNNGGGGGGGGGGG
XXXXXXXXXXNNNNGGGGGGGGGGG
XXXXXXXXXXNNNNGGGGGGGGGGG
XXXXXXXXXXNNNNGGGGGGGGGGG
XXXXXXXXXXNNNNGGGGGGGGGGG
XXXXXXXXXXNNNNGGGGGGGGGGG
XXXXXXXXXXNNNNGGGGGGGGGGG
XXXXXXXXXXNNNNGGGGGGGGGGG
XXXXXXXXXXNNNNGGGGGGGGGGG
XXXXXXXXXXNNNNGGGGGGGGGGG
XXXXXXXXXXNNNNGGGGGGGGGGG
XXXXXXXXXXNNNNGGGGGGGGGGG
XXXXXXXXXXNNNNGGGGGGGGGGG
XXXXXXXXXXNNNNGGGGGGGGGGG
XXXXXXXXXXNNNNGGGGGGGGGGG
XXXXXXXXXXNNNNGGGGGGGGGGG
XXXXXXXXXXNNNNGGGGGGGGGGG
Case #29:
AAAAAAAAAAAAAACCCCCCCCCCC
AAAAAAAAAAAAAACCCCCCCCCCC
AAAAAAAAAAAAAACCCCCCCCCCC
AAAAAAAAAAAAAACCCCCCCCCCC
AAAAAAAAAAAAAACCCCCCCCCCC
AAAAAAAAAAAAAACCCCCCCCCCC
AAAAAAAAAAAAAACCCCCCCCCCC
AAAAAAAAAAAAAACCCCCCCCCCC
AAAAAAAAAAAAAACCCCCCCCCCC
AAAAAAAAAAAAAACCCCCCCCCCC
EEEEEEEEEEEEEEEEEEEEEEEEE
EEEEEEEEEEEEEEEEEEEEEEEEE
EEEEEEEEEEEEEEEEEEEEEEEEE
EEEEEEEEEEEEEEEEEEEEEEEEE
BBBBBBBBBBBBBBBDDDDDDDDDD
BBBBBBBBBBBBBBBDDDDDDDDDD
BBBBBBBBBBBBBBBDDDDDDDDDD
BBBBBBBBBBBBBBBDDDDDDDDDD
BBBBBBBBBBBBBBBDDDDDDDDDD
BBBBBBBBBBBBBBBDDDDDDDDDD
BBBBBBBBBBBBBBBDDDDDDDDDD
BBBBBBBBBBBBBBBDDDDDDDDDD
BBBBBBBBBBBBBBBDDDDDDDDDD
BBBBBBBBBBBBBBBDDDDDDDDDD
BBBBBBBBBBBBBBBDDDDDDDDDD
Case #30:
AAAAAAAAAAAAAAABBBBBBBBBB
AAAAAAAAAAAAAAABBBBBBBBBB
AAAAAAAAAAAAAAABBBBBBBBBB
AAAAAAAAAAAAAAABBBBBBBBBB
AAAAAAAAAAAAAAABBBBBBBBBB
AAAAAAAAAAAAAAABBBBBBBBBB
AAAAAAAAAAAAAAABBBBBBBBBB
CCCCCCCCCCCCCCCCCCCCCCCCC
DDDDDDDDDDDDDDDDDDDDDDDDD
EEEEEEEEEEEEEEEEEEEEEEEEE
EEEEEEEEEEEEEEEEEEEEEEEEE
EEEEEEEEEEEEEEEEEEEEEEEEE
EEEEEEEEEEEEEEEEEEEEEEEEE
EEEEEEEEEEEEEEEEEEEEEEEEE
EEEEEEEEEEEEEEEEEEEEEEEEE
EEEEEEEEEEEEEEEEEEEEEEEEE
EEEEEEEEEEEEEEEEEEEEEEEEE
EEEEEEEEEEEEEEEEEEEEEEEEE
EEEEEEEEEEEEEEEEEEEEEEEEE
EEEEEEEEEEEEEEEEEEEEEEEEE
EEEEEEEEEEEEEEEEEEEEEEEEE
EEEEEEEEEEEEEEEEEEEEEEEEE
EEEEEEEEEEEEEEEEEEEEEEEEE
EEEEEEEEEEEEEEEEEEEEEEEEE
EEEEEEEEEEEEEEEEEEEEEEEEE
Case #31:
AA
BC
Case #32:
AA
AA
Case #33:
AB
Case #34:
AAAAAA
AAAAAA
AAAAAA
AAAAAA
AAAAAA
AAAAAA
Case #35:
BC
DA
Case #36:
FFFFF
EEECC
DDDDD
AAAAG
BBBBB
Case #37:
B
A
Case #38:
ABCDEFGHIJKLMNOPQRSTUVWXY
ABCDEFGHIJKLMNOPQRSTUVWXY
ABCDEFGHIJKLMNOPQRSTUVWXY
ABCDEFGHIJKLMNOPQRSTUVWXY
ABCDEFGHIJKLMNOPQRSTUVWXY
ABCDEFGHIJKLMNOPQRSTUVWXY
ABCDEFGHIJKLMNOPQRSTUVWXY
ABCDEFGHIJKLMNOPQRSTUVWXY
ABCDEFGHIJKLMNOPQRSTUVWXY
ABCDEFGHIJKLMNOPQRSTUVWXY
ABCDEFGHIJKLMNOPQRSTUVWXY
ABCDEFGHIJKLMNOPQRSTUVWXY
ABCDEFGHIJKLMNOPQRSTUVWXY
ABCDEFGHIJKLMNOPQRSTUVWXY
ABCDEFGHIJKLMNOPQRSTUVWXY
ABCDEFGHIJKLMNOPQRSTUVWXY
ABCDEFGHIJKLMNOPQRSTUVWXY
ABCDEFGHIJKLMNOPQRSTUVWXY
ABCDEFGHIJKLMNOPQRSTUVWXY
ABCDEFGHIJKLMNOPQRSTUVWXY
ABCDEFGHIJKLMNOPQRSTUVWXY
ABCDEFGHIJKLMNOPQRSTUVWXY
ABCDEFGHIJKLMNOPQRSTUVWXY
ABCDEFGHIJKLMNOPQRSTUVWXY
ABCDEFGHIJKLMNOPQRSTUVWXY
Case #39:
AACCCCCCCCCCCCCCCCCCCCCCC
AACCCCCCCCCCCCCCCCCCCCCCC
AACCCCCCCCCCCCCCCCCCCCCCC
AACCCCCCCCCCCCCCCCCCCCCCC
AACCCCCCCCCCCCCCCCCCCCCCC
AACCCCCCCCCCCCCCCCCCCCCCC
AACCCCCCCCCCCCCCCCCCCCCCC
AACCCCCCCCCCCCCCCCCCCCCCC
EEEEEEEEEEEEEEEEEEEEEEEEE
EEEEEEEEEEEEEEEEEEEEEEEEE
EEEEEEEEEEEEEEEEEEEEEEEEE
EEEEEEEEEEEEEEEEEEEEEEEEE
BBBDDDDDDDDDDDDDDDDDDDDDD
BBBDDDDDDDDDDDDDDDDDDDDDD
BBBDDDDDDDDDDDDDDDDDDDDDD
BBBDDDDDDDDDDDDDDDDDDDDDD
BBBDDDDDDDDDDDDDDDDDDDDDD
BBBDDDDDDDDDDDDDDDDDDDDDD
BBBDDDDDDDDDDDDDDDDDDDDDD
BBBDDDDDDDDDDDDDDDDDDDDDD
BBBDDDDDDDDDDDDDDDDDDDDDD
BBBDDDDDDDDDDDDDDDDDDDDDD
BBBDDDDDDDDDDDDDDDDDDDDDD
BBBDDDDDDDDDDDDDDDDDDDDDD
BBBDDDDDDDDDDDDDDDDDDDDDD
Case #40:
ABCDEFGHIJKLMNOPQRSTUVWXY
ABCDEFGHIJKLMNOPQRSTUVWXY
ABCDEFGHIJKLMNOPQRSTUVWXY
ABCDEFGHIJKLMNOPQRSTUVWXY
ABCDEFGHIJKLMNOPQRSTUVWXY
ABCDEFGHIJKLMNOPQRSTUVWXY
ABCDEFGHIJKLMNOPQRSTUVWXY
ABCDEFGHIJKLMNOPQRSTUVWXY
ABCDEFGHIJKLMNOPQRSTUVWXY
ABCDEFGHIJKLMNOPQRSTUVWXY
ABCDEFGHIJKLMNOPQRSTUVWXY
ABCDEFGHIJKLMNOPQRSTUVWXY
ABCDEFGHIJKLMNOPQRSTUVWXY
ABCDEFGHIJKLMNOPQRSTUVWXY
ABCDEFGHIJKLMNOPQRSTUVWXY
ABCDEFGHIJKLMNOPQRSTUVWXY
ABCDEFGHIJKLMNOPQRSTUVWXY
ABCDEFGHIJKLMNOPQRSTUVWXY
ABCDEFGHIJKLMNOPQRSTUVWXY
ABCDEFGHIJKLMNOPQRSTUVWXY
ABCDEFGHIJKLMNOPQRSTUVWXY
ABCDEFGHIJKLMNOPQRSTUVWXY
ABCDEFGHIJKLMNOPQRSTUVWXY
ABCDEFGHIJKLMNOPQRSTUVWXY
ABCDEFGHIJKLMNOPQRSTUVWXY
Case #41:
KKKKKKKKKKKKKKKKKKKKKKKKK
KKKKKKKKKKKKKKKKKKKKKKKKK
KKKKKKKKKKKKKKKKKKKKKKKKK
PPPPPPPPPPPPPPPPPPWWWWWWW
YYYYYYYYYYYYYYYYYYYYYYYYY
ZZZZZZZZZZZZZZZZZZZZZZZZZ
QQQQQQQQQQQQQQQQQQQQQQQQQ
HHHHHHHHHHHHHHHHHHHHHHHHH
HHHHHHHHHHHHHHHHHHHHHHHHH
IIIIIIIIIIIIIIIIIIIIGGGGG
IIIIIIIIIIIIIIIIIIIIGGGGG
IIIIIIIIIIIIIIIIIIIIGGGGG
IIIIIIIIIIIIIIIIIIIIGGGGG
EEEEEEEEEEEEEEEERRRNNNNNN
EEEEEEEEEEEEEEEERRRNNNNNN
AAAAAAAAAAAAAAAAASSSSSSSS
CCCCCCCCCCCCCCCCCCCCCCCCC
UUUUUUUUUUUUUUUUUUUUUUUUU
VVVVVVVVVVVVVVVVVVVVVVVVV
OOOOOOOOOOOOOOOOOOOOMMMMM
LLLLLLLLLLLLLLLLLLLLLLLLL
LLLLLLLLLLLLLLLLLLLLLLLLL
BBBBBBBBBBBBBBBBBBBBBBBBB
DDDDDDXXXXXXXXXXXJJJJJJJJ
TTTTTTTTTTTTTTTTTTFFFFFFF
Case #42:
AAAAABBBBBBBBBBBBBBBBBBBB
AAAAABBBBBBBBBBBBBBBBBBBB
AAAAABBBBBBBBBBBBBBBBBBBB
AAAAABBBBBBBBBBBBBBBBBBBB
AAAAABBBBBBBBBBBBBBBBBBBB
AAAAABBBBBBBBBBBBBBBBBBBB
AAAAABBBBBBBBBBBBBBBBBBBB
CCCCCCCCCCCCCCCCCCCCCCCCC
DDDDDDDDDDDDDDDDDDDDDDDDD
EEEEEEEEEEEEEEEEEEEEEEEEE
EEEEEEEEEEEEEEEEEEEEEEEEE
EEEEEEEEEEEEEEEEEEEEEEEEE
EEEEEEEEEEEEEEEEEEEEEEEEE
FFFFFFFFFFFFFFFFFFFHHHHHH
JJJJJJJJJJJJJJJJJJJJJJJJJ
JJJJJJJJJJJJJJJJJJJJJJJJJ
JJJJJJJJJJJJJJJJJJJJJJJJJ
JJJJJJJJJJJJJJJJJJJJJJJJJ
GGGGGGGGGGGGGGGGGGGGIIIII
GGGGGGGGGGGGGGGGGGGGIIIII
GGGGGGGGGGGGGGGGGGGGIIIII
GGGGGGGGGGGGGGGGGGGGIIIII
GGGGGGGGGGGGGGGGGGGGIIIII
GGGGGGGGGGGGGGGGGGGGIIIII
GGGGGGGGGGGGGGGGGGGGIIIII
Case #43:
BB
AA
Case #44:
AAAAAAAAAAAAAAAAAAAAAAAAA
BBBBBBBBBBBBBBBBBBBBBBBBB
CCCCCCCCCCCCCCCCCCCCCCCCC
DDDDDDDDDDDDDDDDDDDDDDDDD
EEEEEEEEEEEEEEEEEEEEEEEEE
FFFFFFFFFFFFFFFFFFFFFFFFF
GGGGGGGGGGGGGGGGGGGGGGGGG
HHHHHHHHHHHHHHHHHHHHHHHHH
IIIIIIIIIIIIIIIIIIIIIIIII
JJJJJJJJJJJJJJJJJJJJJJJJJ
KKKKKKKKKKKKKKKKKKKKKKKKK
LLLLLLLLLLLLLLLLLLLLLLLLL
MMMMMMMMMMMMMMMMMMMMMMMMM
NNNNNNNNNNNNNNNNNNNNNNNNN
OOOOOOOOOOOOOOOOOOOOOOOOO
PPPPPPPPPPPPPPPPPPPPPPPPP
QQQQQQQQQQQQQQQQQQQQQQQQQ
RRRRRRRRRRRRRRRRRRRRRRRRR
SSSSSSSSSSSSSSSSSSSSSSSSS
TTTTTTTTTTTTTTTTTTTTTTTTT
UUUUUUUUUUUUUUUUUUUUUUUUU
VVVVVVVVVVVVVVVVVVVVVVVVV
WWWWWWWWWWWWWWWWWWWWWWWWW
XXXXXXXXXXXXXXXXXXXXXXXXX
YYYYYYYYYYYYYYYYYYYYYYYYY
Case #45:
ABCDEFGHIJKLMNOPQRSTUVWXY
ABCDEFGHIJKLMNOPQRSTUVWXY
ABCDEFGHIJKLMNOPQRSTUVWXY
ABCDEFGHIJKLMNOPQRSTUVWXY
ABCDEFGHIJKLMNOPQRSTUVWXY
ABCDEFGHIJKLMNOPQRSTUVWXY
ABCDEFGHIJKLMNOPQRSTUVWXY
ABCDEFGHIJKLMNOPQRSTUVWXY
ABCDEFGHIJKLMNOPQRSTUVWXY
ABCDEFGHIJKLMNOPQRSTUVWXY
ABCDEFGHIJKLMNOPQRSTUVWXY
ABCDEFGHIJKLMNOPQRSTUVWXY
ABCDEFGHIJKLMNOPQRSTUVWXY
ABCDEFGHIJKLMNOPQRSTUVWXY
ABCDEFGHIJKLMNOPQRSTUVWXY
ABCDEFGHIJKLMNOPQRSTUVWXY
ABCDEFGHIJKLMNOPQRSTUVWXY
ABCDEFGHIJKLMNOPQRSTUVWXY
ABCDEFGHIJKLMNOPQRSTUVWXY
ABCDEFGHIJKLMNOPQRSTUVWXY
ABCDEFGHIJKLMNOPQRSTUVWXY
ABCDEFGHIJKLMNOPQRSTUVWXY
ABCDEFGHIJKLMNOPQRSTUVWXY
ABCDEFGHIJKLMNOPQRSTUVWXY
ABCDEFGHIJKLMNOPQRSTUVWXY
Case #46:
CCCCCCCCCCCCCCCCCCCCCCCCC
CCCCCCCCCCCCCCCCCCCCCCCCC
CCCCCCCCCCCCCCCCCCCCCCCCC
CCCCCCCCCCCCCCCCCCCCCCCCC
CCCCCCCCCCCCCCCCCCCCCCCCC
TTTTTTTTTTTTTTTTTTTTTTTTT
NNNNNNNNNNNNNNNNNNNNNNNNN
HHHHHHHHIIZZZZZZZZZZZZZZZ
AAAAAAAAAAAAAAAAAMMMMMMMM
XXXXXXXXXXXXXXXXXXXXXXXXX
JJJJJJJJJJJJJJJJJJJJJJJJJ
FFFFFFFFFFFFFFFFFFFEEEEEE
KKKKKKKKKKKKKKKKKKKKKKKKK
KKKKKKKKKKKKKKKKKKKKKKKKK
WWWWWWWWWWWQQQQQQQQQQQQQQ
PPPPPPPPPPPPPPPPPPPPPPPPP
PPPPPPPPPPPPPPPPPPPPPPPPP
GGGGGGGGGBBBBBBBBBBBBBBBB
OOOOOOOOOOOOOOOOOOYYYYYYY
OOOOOOOOOOOOOOOOOOYYYYYYY
VVVVVVVVVVVVVVVVVVVVVVVVV
UUUUUUUUUUUUUUUUUUUUUUUUU
LLLLLLLLLLLLLLLLLLLLLLLLL
DDDDDDDDDDRRRRRRRRRRRRRRR
SSSSSSSSSSSSSSSSSSSSSSSSS
Case #47:
AAAAAAAAAAAAAAAAAAAAAAAAA
AAAAAAAAAAAAAAAAAAAAAAAAA
AAAAAAAAAAAAAAAAAAAAAAAAA
AAAAAAAAAAAAAAAAAAAAAAAAA
AAAAAAAAAAAAAAAAAAAAAAAAA
AAAAAAAAAAAAAAAAAAAAAAAAA
AAAAAAAAAAAAAAAAAAAAAAAAA
KKKKKKKKKKKKKKKKKKKKKKKKK
GGGGGGGGGGGGGGGGGGGGGGGGG
XXXXXXXXXXXXXXXXXXXXXXXXX
JJJJJJJJJJJJJJJJJJJJBBBBB
MMMMMMMMMMMMMMMMMMMTTTTTR
HHHHHHHHHHHHHHHHHHHHHUUUU
DDDDDDDDDDDDDDDDDSSSSSPPP
LLLLLLLLLLLLLLLLLLLLLLLLL
EEEEEEEEEEEEEEEEEOOOOOOOO
WWWWWWWWWWWWWWWWWWWWWWWYY
CCCCCCCCCCCCCCCCCCCCCCCFF
NNNNNNNNNNNNNNNNNNNVVVVVV
QQQQQQQQQQQQQQQQQQQQQZIII
QQQQQQQQQQQQQQQQQQQQQZIII
QQQQQQQQQQQQQQQQQQQQQZIII
QQQQQQQQQQQQQQQQQQQQQZIII
QQQQQQQQQQQQQQQQQQQQQZIII
QQQQQQQQQQQQQQQQQQQQQZIII
Case #48:
AAAAAAAAAAAAAAAAAAAAAAAAA
BBBBBBBBBBBBBBBBBBBBBBBBB
CCCCCCCCCCCCCCCCCCCCCCCCC
DDDDDDDDDDDDDDDDDDDDDDDDD
EEEEEEEEEEEEEEEEEEEEEEEEE
FFFFFFFFFFFFFFFFFFFFFFFFF
GGGGGGGGGGGGGGGGGGGGGGGGG
HHHHHHHHHHHHHHHHHHHHHHHHH
IIIIIIIIIIIIIIIIIIIIIIIII
JJJJJJJJJJJJJJJJJJJJJJJJJ
KKKKKKKKKKKKKKKKKKKKKKKKK
LLLLLLLLLLLLLLLLLLLLLLLLL
MMMMMMMMMMMMMMMMMMMMMMMMM
NNNNNNNNNNNNNNNNNNNNNNNNN
OOOOOOOOOOOOOOOOOOOOOOOOO
PPPPPPPPPPPPPPPPPPPPPPPPP
QQQQQQQQQQQQQQQQQQQQQQQQQ
RRRRRRRRRRRRRRRRRRRRRRRRR
SSSSSSSSSSSSSSSSSSSSSSSSS
TTTTTTTTTTTTTTTTTTTTTTTTT
UUUUUUUUUUUUUUUUUUUUUUUUU
VVVVVVVVVVVVVVVVVVVVVVVVV
WWWWWWWWWWWWWWWWWWWWWWWWW
XXXXXXXXXXXXXXXXXXXXXXXXX
YYYYYYYYYYYYYYYYYYYYYYYYY
Case #49:
AAAAAAAAAAAAAAAAAAAAAABBB
AAAAAAAAAAAAAAAAAAAAAABBB
AAAAAAAAAAAAAAAAAAAAAABBB
AAAAAAAAAAAAAAAAAAAAAABBB
AAAAAAAAAAAAAAAAAAAAAABBB
AAAAAAAAAAAAAAAAAAAAAABBB
AAAAAAAAAAAAAAAAAAAAAABBB
AAAAAAAAAAAAAAAAAAAAAABBB
AAAAAAAAAAAAAAAAAAAAAABBB
AAAAAAAAAAAAAAAAAAAAAABBB
AAAAAAAAAAAAAAAAAAAAAABBB
CCCCCCCCCCCCCCCCCCCCCCCCC
DDDDDDDDDDDDDDDDDDDDDDDDD
EEEEEEEEEEEEEEEEEEEEEEEEE
EEEEEEEEEEEEEEEEEEEEEEEEE
EEEEEEEEEEEEEEEEEEEEEEEEE
EEEEEEEEEEEEEEEEEEEEEEEEE
EEEEEEEEEEEEEEEEEEEEEEEEE
EEEEEEEEEEEEEEEEEEEEEEEEE
EEEEEEEEEEEEEEEEEEEEEEEEE
EEEEEEEEEEEEEEEEEEEEEEEEE
EEEEEEEEEEEEEEEEEEEEEEEEE
EEEEEEEEEEEEEEEEEEEEEEEEE
EEEEEEEEEEEEEEEEEEEEEEEEE
EEEEEEEEEEEEEEEEEEEEEEEEE
Case #50:
ACBDD
EFFFF
GGGGG
GGGGG
GGGGG
GGGGG
GGGGG
Case #51:
AAAAAAAAAAAAAAAAAAAAAAAAA
BBBBBBBBBBBBBBBBBBBBBBBBB
CCCCCCCCCCCCCCCCCCCCCCCCC
DDDDDDDDDDDDDDDDDDDDDDDDD
EEEEEEEEEEEEEEEEEEEEEEEEE
FFFFFFFFFFFFFFFFFFFFFFFFF
GGGGGGGGGGGGGGGGGGGGGGGGG
HHHHHHHHHHHHHHHHHHHHHHHHH
IIIIIIIIIIIIIIIIIIIIIIIII
JJJJJJJJJJJJJJJJJJJJJJJJJ
KKKKKKKKKKKKKKKKKKKKKKKKK
LLLLLLLLLLLLLLLLLLLLLLLLL
MMMMMMMMMMMMMMMMMMMMMMMMM
NNNNNNNNNNNNNNNNNNNNNNNNN
OOOOOOOOOOOOOOOOOOOOOOOOO
PPPPPPPPPPPPPPPPPPPPPPPPP
QQQQQQQQQQQQQQQQQQQQQQQQQ
RRRRRRRRRRRRRRRRRRRRRRRRR
SSSSSSSSSSSSSSSSSSSSSSSSS
TTTTTTTTTTTTTTTTTTTTTTTTT
UUUUUUUUUUUUUUUUUUUUUUUUU
VVVVVVVVVVVVVVVVVVVVVVVVV
WWWWWWWWWWWWWWWWWWWWWWWWW
XXXXXXXXXXXXXXXXXXXXXXXXX
YYYYYYYYYYYYYYYYYYYYYYYYY
Case #52:
QQQQQQQQQQQQQQQQQQSSSFFFF
QQQQQQQQQQQQQQQQQQSSSFFFF
QQQQQQQQQQQQQQQQQQSSSFFFF
QQQQQQQQQQQQQQQQQQSSSFFFF
QQQQQQQQQQQQQQQQQQSSSFFFF
QQQQQQQQQQQQQQQQQQSSSFFFF
QQQQQQQQQQQQQQQQQQSSSFFFF
HHHHHHHHHHHHHHHHHHHHHHHHH
GGGGGGGGGGGGGGGGGGGGGGGGG
CCCCCCCCCCCCCCCCCZZZZZUUU
OOOOOOOOOOOOOOIIIRRRRRRRY
NNNNNNNNNNNNNNWWWWWWWDDDB
KKKKKKKKKKKKKKKKAVVVJJJJP
LLLLLLLLLLLLLLLLLLLLLLLLL
EEEEEEEEEEEEEEEEEEEEEXXXX
TTTTTTTTTTTTTTTTTTTTTMMMM
TTTTTTTTTTTTTTTTTTTTTMMMM
TTTTTTTTTTTTTTTTTTTTTMMMM
TTTTTTTTTTTTTTTTTTTTTMMMM
TTTTTTTTTTTTTTTTTTTTTMMMM
TTTTTTTTTTTTTTTTTTTTTMMMM
TTTTTTTTTTTTTTTTTTTTTMMMM
TTTTTTTTTTTTTTTTTTTTTMMMM
TTTTTTTTTTTTTTTTTTTTTMMMM
TTTTTTTTTTTTTTTTTTTTTMMMM
Case #53:
EEEEEEEEEEEEEEEEEEEEEEEE
EEEEEEEEEEEEEEEEEEEEEEEE
EEEEEEEEEEEEEEEEEEEEEEEE
UUUUUUUUUUUUUUUUUUUUUUUU
UUUUUUUUUUUUUUUUUUUUUUUU
NNNNNNNNNNNNNNNNNNNHHHHH
MMMMMMMMMMMMMMMMMMMMMMMM
BBBBBBBBBBBBBBBBBBBBBBBB
FFFFFFFFFFFFFFFFFFFFFFFF
FFFFFFFFFFFFFFFFFFFFFFFF
TTTTTTTTTTTTCCCCCCCCCCCC
OOOOOOOOOOOOOOOOOOOOOOOO
AAAAAAAAAAAAAAAAAAAAAAAA
DDDDDDDDDDDDDDDDDDDDDDDD
GGGGGGGGGGGGGGGGGGGGGGGG
RRRRRRRRRRRRRRRRRRRRRXXX
WWWWWWWWWWWWWWWYYYYYYYYY
JJJJJJJJJJJJJJJSSSSSSSSS
KKKKKKKKKKKKKKKKKKKKKKKK
KKKKKKKKKKKKKKKKKKKKKKKK
QQQQQQQQQQQQQQQQQQQQQQQQ
LLLLLLLLLLLLLLLLLLLLLLLL
LLLLLLLLLLLLLLLLLLLLLLLL
VVVVVVVVVVVVVVVVVVVVVVVV
PPPPPPPPPPPPPPPPPIIIIIII
Case #54:
FF
NN
RR
DD
VH
XX
UU
UU
PP
II
II
MM
MM
MM
JZ
AA
BB
LL
OK
WG
YT
SS
EE
EE
CQ
Case #55:
ACCCCCCCCCCCCCCCCCCCCCCCC
ACCCCCCCCCCCCCCCCCCCCCCCC
ACCCCCCCCCCCCCCCCCCCCCCCC
ACCCCCCCCCCCCCCCCCCCCCCCC
ACCCCCCCCCCCCCCCCCCCCCCCC
ACCCCCCCCCCCCCCCCCCCCCCCC
ACCCCCCCCCCCCCCCCCCCCCCCC
ACCCCCCCCCCCCCCCCCCCCCCCC
ACCCCCCCCCCCCCCCCCCCCCCCC
ACCCCCCCCCCCCCCCCCCCCCCCC
ACCCCCCCCCCCCCCCCCCCCCCCC
ACCCCCCCCCCCCCCCCCCCCCCCC
ACCCCCCCCCCCCCCCCCCCCCCCC
ACCCCCCCCCCCCCCCCCCCCCCCC
ACCCCCCCCCCCCCCCCCCCCCCCC
EEEEEEEEEEEEEEEEEEEEEEEEE
EEEEEEEEEEEEEEEEEEEEEEEEE
EEEEEEEEEEEEEEEEEEEEEEEEE
EEEEEEEEEEEEEEEEEEEEEEEEE
BBDDDDDDDDDDDDDDDDDDDDDDD
BBDDDDDDDDDDDDDDDDDDDDDDD
BBDDDDDDDDDDDDDDDDDDDDDDD
BBDDDDDDDDDDDDDDDDDDDDDDD
BBDDDDDDDDDDDDDDDDDDDDDDD
BBDDDDDDDDDDDDDDDDDDDDDDD
Case #56:
BCA
DEE
DEE
DEE
DEE
Case #57:
KEDD
CFFF
BAGH
JJJI
Case #58:
ABCDEFGHIJKLMNOPQRSTUVWXY
ABCDEFGHIJKLMNOPQRSTUVWXY
ABCDEFGHIJKLMNOPQRSTUVWXY
ABCDEFGHIJKLMNOPQRSTUVWXY
ABCDEFGHIJKLMNOPQRSTUVWXY
ABCDEFGHIJKLMNOPQRSTUVWXY
ABCDEFGHIJKLMNOPQRSTUVWXY
ABCDEFGHIJKLMNOPQRSTUVWXY
ABCDEFGHIJKLMNOPQRSTUVWXY
ABCDEFGHIJKLMNOPQRSTUVWXY
ABCDEFGHIJKLMNOPQRSTUVWXY
ABCDEFGHIJKLMNOPQRSTUVWXY
ABCDEFGHIJKLMNOPQRSTUVWXY
ABCDEFGHIJKLMNOPQRSTUVWXY
ABCDEFGHIJKLMNOPQRSTUVWXY
ABCDEFGHIJKLMNOPQRSTUVWXY
ABCDEFGHIJKLMNOPQRSTUVWXY
ABCDEFGHIJKLMNOPQRSTUVWXY
ABCDEFGHIJKLMNOPQRSTUVWXY
ABCDEFGHIJKLMNOPQRSTUVWXY
ABCDEFGHIJKLMNOPQRSTUVWXY
ABCDEFGHIJKLMNOPQRSTUVWXY
ABCDEFGHIJKLMNOPQRSTUVWXY
ABCDEFGHIJKLMNOPQRSTUVWXY
ABCDEFGHIJKLMNOPQRSTUVWXY
Case #59:
AACCCCCCCCCCCCCCCCCCCCCCC
AACCCCCCCCCCCCCCCCCCCCCCC
AACCCCCCCCCCCCCCCCCCCCCCC
AACCCCCCCCCCCCCCCCCCCCCCC
AACCCCCCCCCCCCCCCCCCCCCCC
AACCCCCCCCCCCCCCCCCCCCCCC
AACCCCCCCCCCCCCCCCCCCCCCC
AACCCCCCCCCCCCCCCCCCCCCCC
AACCCCCCCCCCCCCCCCCCCCCCC
AACCCCCCCCCCCCCCCCCCCCCCC
AACCCCCCCCCCCCCCCCCCCCCCC
AACCCCCCCCCCCCCCCCCCCCCCC
AACCCCCCCCCCCCCCCCCCCCCCC
AACCCCCCCCCCCCCCCCCCCCCCC
EEEEEEEEEEEEEEEEEEEEEEEEE
EEEEEEEEEEEEEEEEEEEEEEEEE
EEEEEEEEEEEEEEEEEEEEEEEEE
EEEEEEEEEEEEEEEEEEEEEEEEE
BBBDDDDDDDDDDDDDDDDDDDDDD
BBBDDDDDDDDDDDDDDDDDDDDDD
BBBDDDDDDDDDDDDDDDDDDDDDD
BBBDDDDDDDDDDDDDDDDDDDDDD
BBBDDDDDDDDDDDDDDDDDDDDDD
BBBDDDDDDDDDDDDDDDDDDDDDD
BBBDDDDDDDDDDDDDDDDDDDDDD
Case #60:
AAAA
AAAA
AAAA
Case #61:
TTTTTTTTTTTTTTTTTTTTTTTTT
TTTTTTTTTTTTTTTTTTTTTTTTT
TTTTTTTTTTTTTTTTTTTTTTTTT
LLLLLLLLLLLLLLLXXXXXXXXXX
LLLLLLLLLLLLLLLXXXXXXXXXX
PPPPPPPPPPPPPPPPPPPPPPKKK
QQQQQQQQQQQQQQQQQQQQQQQQQ
RRRRRRRREEEEEEEEEEEEEEEEE
RRRRRRRREEEEEEEEEEEEEEEEE
JJJJJJJJJJJJJJJJJJJOOOOOW
IIIIIIIIIIIIIINNNNNNSSSSS
IIIIIIIIIIIIIINNNNNNSSSSS
MMMMMMMMMMMMMMMMMMMMMMMMM
FFFFFFFFFFFGGGGGGGGVVVVVV
FFFFFFFFFFFGGGGGGGGVVVVVV
ZZZZZZZZZZZZZZZZZZZZZZZZZ
ZZZZZZZZZZZZZZZZZZZZZZZZZ
ZZZZZZZZZZZZZZZZZZZZZZZZZ
CCCCBBBBBBBBBBBBBBBBBBBBB
YYYYYYYYYYYYYYYYYYYYYYYYY
YYYYYYYYYYYYYYYYYYYYYYYYY
UUUUUUUUUUUUUUUUUUUUUUUUA
HHHHHHHHHHHHHHHHDDDDDDDDD
HHHHHHHHHHHHHHHHDDDDDDDDD
HHHHHHHHHHHHHHHHDDDDDDDDD
Case #62:
VVVRRNNNNNNNNNNNNNNNNNNNN
AWWWJDDDDDDDDDDDDDDDDDDDD
XZZZZZZEEEEEEEEEEEEEEEEEE
KKBBPLLSSSSSSSSSSSSSSSSSS
YGGGMMMMMMMMMMMMMMMMMMMMM
HHIUUUUUUUUUUUUUUUUUUUUUU
QQTTTTTTTTTTTTTTTTTTTTTTT
OOOFFFFFFFFFFFFFFFFFFFFFF
CCCCCCCCCCCCCCCCCCCCCCCCC
CCCCCCCCCCCCCCCCCCCCCCCCC
CCCCCCCCCCCCCCCCCCCCCCCCC
CCCCCCCCCCCCCCCCCCCCCCCCC
CCCCCCCCCCCCCCCCCCCCCCCCC
CCCCCCCCCCCCCCCCCCCCCCCCC
CCCCCCCCCCCCCCCCCCCCCCCCC
CCCCCCCCCCCCCCCCCCCCCCCCC
CCCCCCCCCCCCCCCCCCCCCCCCC
CCCCCCCCCCCCCCCCCCCCCCCCC
CCCCCCCCCCCCCCCCCCCCCCCCC
CCCCCCCCCCCCCCCCCCCCCCCCC
CCCCCCCCCCCCCCCCCCCCCCCCC
CCCCCCCCCCCCCCCCCCCCCCCCC
CCCCCCCCCCCCCCCCCCCCCCCCC
CCCCCCCCCCCCCCCCCCCCCCCCC
CCCCCCCCCCCCCCCCCCCCCCCCC
Case #63:
AAAAAAAAAAAAAAAAAAAAAAAAA
BBBBBBBBBBBBBBBBBBBBBBBBB
CCCCCCCCCCCCCCCCCCCCCCCCC
DDDDDDDDDDDDDDDDDDDDDDDDD
EEEEEEEEEEEEEEEEEEEEEEEEE
FFFFFFFFFFFFFFFFFFFFFFFFF
GGGGGGGGGGGGGGGGGGGGGGGGG
HHHHHHHHHHHHHHHHHHHHHHHHH
IIIIIIIIIIIIIIIIIIIIIIIII
JJJJJJJJJJJJJJJJJJJJJJJJJ
KKKKKKKKKKKKKKKKKKKKKKKKK
LLLLLLLLLLLLLLLLLLLLLLLLL
MMMMMMMMMMMMMMMMMMMMMMMMM
NNNNNNNNNNNNNNNNNNNNNNNNN
OOOOOOOOOOOOOOOOOOOOOOOOO
PPPPPPPPPPPPPPPPPPPPPPPPP
QQQQQQQQQQQQQQQQQQQQQQQQQ
RRRRRRRRRRRRRRRRRRRRRRRRR
SSSSSSSSSSSSSSSSSSSSSSSSS
TTTTTTTTTTTTTTTTTTTTTTTTT
UUUUUUUUUUUUUUUUUUUUUUUUU
VVVVVVVVVVVVVVVVVVVVVVVVV
WWWWWWWWWWWWWWWWWWWWWWWWW
XXXXXXXXXXXXXXXXXXXXXXXXX
YYYYYYYYYYYYYYYYYYYYYYYYY
Case #64:
ABCDEFGHIJKLMNOPQRSTUVWXY
ABCDEFGHIJKLMNOPQRSTUVWXY
ABCDEFGHIJKLMNOPQRSTUVWXY
ABCDEFGHIJKLMNOPQRSTUVWXY
ABCDEFGHIJKLMNOPQRSTUVWXY
ABCDEFGHIJKLMNOPQRSTUVWXY
ABCDEFGHIJKLMNOPQRSTUVWXY
ABCDEFGHIJKLMNOPQRSTUVWXY
ABCDEFGHIJKLMNOPQRSTUVWXY
ABCDEFGHIJKLMNOPQRSTUVWXY
ABCDEFGHIJKLMNOPQRSTUVWXY
ABCDEFGHIJKLMNOPQRSTUVWXY
ABCDEFGHIJKLMNOPQRSTUVWXY
ABCDEFGHIJKLMNOPQRSTUVWXY
ABCDEFGHIJKLMNOPQRSTUVWXY
ABCDEFGHIJKLMNOPQRSTUVWXY
ABCDEFGHIJKLMNOPQRSTUVWXY
ABCDEFGHIJKLMNOPQRSTUVWXY
ABCDEFGHIJKLMNOPQRSTUVWXY
ABCDEFGHIJKLMNOPQRSTUVWXY
ABCDEFGHIJKLMNOPQRSTUVWXY
ABCDEFGHIJKLMNOPQRSTUVWXY
ABCDEFGHIJKLMNOPQRSTUVWXY
ABCDEFGHIJKLMNOPQRSTUVWXY
ABCDEFGHIJKLMNOPQRSTUVWXY
Case #65:
WWWWWWWWWWWWWWWVXXXXXXXXX
RRRRRRRRRRRRRCCCCDLLLLLLL
TTTTTTTTTTTTTTZZZAAQQQQQQ
BBBBBBBBBBBBBBMMUSOFFFFFF
PPPPPPPPPPPPPPHNNNYYYYYYY
IIIIIIIIIIIIIIIIKKEEEEEEE
GGGGGGGGGGGGGGGGGJJJJJJJJ
GGGGGGGGGGGGGGGGGJJJJJJJJ
GGGGGGGGGGGGGGGGGJJJJJJJJ
GGGGGGGGGGGGGGGGGJJJJJJJJ
GGGGGGGGGGGGGGGGGJJJJJJJJ
GGGGGGGGGGGGGGGGGJJJJJJJJ
GGGGGGGGGGGGGGGGGJJJJJJJJ
GGGGGGGGGGGGGGGGGJJJJJJJJ
GGGGGGGGGGGGGGGGGJJJJJJJJ
GGGGGGGGGGGGGGGGGJJJJJJJJ
GGGGGGGGGGGGGGGGGJJJJJJJJ
GGGGGGGGGGGGGGGGGJJJJJJJJ
GGGGGGGGGGGGGGGGGJJJJJJJJ
GGGGGGGGGGGGGGGGGJJJJJJJJ
GGGGGGGGGGGGGGGGGJJJJJJJJ
GGGGGGGGGGGGGGGGGJJJJJJJJ
GGGGGGGGGGGGGGGGGJJJJJJJJ
GGGGGGGGGGGGGGGGGJJJJJJJJ
GGGGGGGGGGGGGGGGGJJJJJJJJ
Case #66:
WWWWWWWWWWWWWWWWWWWWWWWWW
WWWWWWWWWWWWWWWWWWWWWWWWW
WWWWWWWWWWWWWWWWWWWWWWWWW
WWWWWWWWWWWWWWWWWWWWWWWWW
WWWWWWWWWWWWWWWWWWWWWWWWW
WWWWWWWWWWWWWWWWWWWWWWWWW
WWWWWWWWWWWWWWWWWWWWWWWWW
WWWWWWWWWWWWWWWWWWWWWWWWW
WWWWWWWWWWWWWWWWWWWWWWWWW
WWWWWWWWWWWWWWWWWWWWWWWWW
WWWWWWWWWWWWWWWWWWWWWWWWW
WWWWWWWWWWWWWWWWWWWWWWWWW
WWWWWWWWWWWWWWWWWWWWWWWWW
WWWWWWWWWWWWWWWWWWWWWWWWW
WWWWWWWWWWWWWWWWWWWWWWWWW
WWWWWWWWWWWWWWWWWWWWWWWWW
WWWWWWWWWWWWWWWWWWWWWWWWW
WWWWWWWWWWWWWWWWWWWWWWWWW
ZZZZZZZZZZZZZZZZZZZZZZZZZ
RRRLLLLLLLLLLLLLLLLLLLLLL
DDDDNJJJJJJJJJJJJJJJJJJJJ
MMHHHAAKFFFFFFFFFFFFFFFFF
TTEEPIIOOOOOOOOOOOOOOOOOO
UUUQQSSVVVVVVVVVVVVVVVVVV
YXXGBBCCCCCCCCCCCCCCCCCCC
Case #67:
AAAAAAAAAAAAACCCCCCCCCCCC
AAAAAAAAAAAAACCCCCCCCCCCC
AAAAAAAAAAAAACCCCCCCCCCCC
AAAAAAAAAAAAACCCCCCCCCCCC
AAAAAAAAAAAAACCCCCCCCCCCC
AAAAAAAAAAAAACCCCCCCCCCCC
AAAAAAAAAAAAACCCCCCCCCCCC
AAAAAAAAAAAAACCCCCCCCCCCC
AAAAAAAAAAAAACCCCCCCCCCCC
AAAAAAAAAAAAACCCCCCCCCCCC
AAAAAAAAAAAAACCCCCCCCCCCC
AAAAAAAAAAAAACCCCCCCCCCCC
AAAAAAAAAAAAACCCCCCCCCCCC
AAAAAAAAAAAAACCCCCCCCCCCC
AAAAAAAAAAAAACCCCCCCCCCCC
AAAAAAAAAAAAACCCCCCCCCCCC
AAAAAAAAAAAAACCCCCCCCCCCC
AAAAAAAAAAAAACCCCCCCCCCCC
AAAAAAAAAAAAACCCCCCCCCCCC
EEEEEEEEEEEEEEEEEEEEEEEEE
EEEEEEEEEEEEEEEEEEEEEEEEE
EEEEEEEEEEEEEEEEEEEEEEEEE
EEEEEEEEEEEEEEEEEEEEEEEEE
BBBBBBBBBBBBBBDDDDDDDDDDD
BBBBBBBBBBBBBBDDDDDDDDDDD
Case #68:
NNNNNNNNNNNNNNNNNNNNNNNNN
NNNNNNNNNNNNNNNNNNNNNNNNN
NNNNNNNNNNNNNNNNNNNNNNNNN
NNNNNNNNNNNNNNNNNNNNNNNNN
NNNNNNNNNNNNNNNNNNNNNNNNN
NNNNNNNNNNNNNNNNNNNNNNNNN
NNNNNNNNNNNNNNNNNNNNNNNNN
NNNNNNNNNNNNNNNNNNNNNNNNN
NNNNNNNNNNNNNNNNNNNNNNNNN
NNNNNNNNNNNNNNNNNNNNNNNNN
NNNNNNNNNNNNNNNNNNNNNNNNN
NNNNNNNNNNNNNNNNNNNNNNNNN
RRRRRRRRRRRRRRRRRRRRRRPPP
IIIIIIIIIIIIIIIIIIIIIEEAA
CCCCCCCCCCCCCCCCCCCCCCCCC
GGGGGGGGGGGGGGGGGGGGGGGGV
KKKKKKKKKKKKKKKKKKKKKKKKK
MMMMMMMMMMMMMMMMMMMHHYYYY
TTTTTTTTTTTTTTTTTTTZZZZZX
DDDDDDDDDDDDDDDDDDDDDQQQQ
FFFFFFFFFFFFFFFFFFFFUUUUU
WWWWWWWWWWWWWWWWWWWWWOLLL
WWWWWWWWWWWWWWWWWWWWWOLLL
BBBBBBBBBBBBBBBBBBBBBBBBB
JJJJJJJJJJJJJJJJJJJJJJJSS
Case #69:
FFFFFFFFFFFFFFFFFFFFFFFFF
FFFFFFFFFFFFFFFFFFFFFFFFF
FFFFFFFFFFFFFFFFFFFFFFFFF
FFFFFFFFFFFFFFFFFFFFFFFFF
FFFFFFFFFFFFFFFFFFFFFFFFF
FFFFFFFFFFFFFFFFFFFFFFFFF
FFFFFFFFFFFFFFFFFFFFFFFFF
FFFFFFFFFFFFFFFFFFFFFFFFF
FFFFFFFFFFFFFFFFFFFFFFFFF
FFFFFFFFFFFFFFFFFFFFFFFFF
FFFFFFFFFFFFFFFFFFFFFFFFF
FFFFFFFFFFFFFFFFFFFFFFFFF
FFFFFFFFFFFFFFFFFFFFFFFFF
NNNNNNNNNNNNNNNNNNNNNNNNN
OOOOOOOOOOOOOOOOOOOOOOYPP
ZZZZZZZZZZZZZZZZZZZZRDDDD
KKKKKKKKKKKKKKKKKKKKKKKVV
MMMMMMMMMMMMMMMMMMMMMMLTT
AAAAAAAAAAAAAAAAAAAAAAIII
JJJJJJJJJJJJJJJJJJJJJJJEE
JJJJJJJJJJJJJJJJJJJJJJJEE
WWWWWWWWWWWWWWSSSSXXXXXXX
UUUUUUUUUUUUUUUUUUUUUUUUU
BBBBBBBBBBBBBBBBBBGGGHHHH
QQQQQQQQQQQQQQQQQQQQQQQCC
Case #70:
KKKKKKKKKKKKKKKKKKKKKKKKG
FFFFFFFFFFFFFFFFFFFFFFFFF
JJJJJJJJJJJJJJJJJJJJJJJJJ
PPPPPPPPPPPPPPPPPPPPPPPPP
UUUUUUUUUUUUUUUUUUUUUUUUU
DDDDDDDDDDDWWWWWWWWWWWWWW
XXXXXXXXXXXXXXXXXXXXXXXXX
ZZZZZZZZZZZZZZZAAAAAAAAAA
ZZZZZZZZZZZZZZZAAAAAAAAAA
ZZZZZZZZZZZZZZZAAAAAAAAAA
HHHHHHHHHHHHHHHHHHHHHHHHH
HHHHHHHHHHHHHHHHHHHHHHHHH
HHHHHHHHHHHHHHHHHHHHHHHHH
HHHHHHHHHHHHHHHHHHHHHHHHH
OOOOOOOOOOOOOOOOOOOOOOOOO
CCCCCCCCCCCCCCCCCCCCCIIII
CCCCCCCCCCCCCCCCCCCCCIIII
CCCCCCCCCCCCCCCCCCCCCIIII
BBBBBBBBBBBBBBBBBBBBBNNNN
BBBBBBBBBBBBBBBBBBBBBNNNN
QQQQQQQQQQQQQEEEEEEEEEEMM
RRRRRRRRRRRRRLLLLLLLLLLLL
SSSSSSSSSSSSSSSSSTTTTTVVV
SSSSSSSSSSSSSSSSSTTTTTVVV
YYYYYYYYYYYYYYYYYYYYYYYYY
Case #71:
YYYYYYYYYYYYYYYYYYYYYYYYY
YYYYYYYYYYYYYYYYYYYYYYYYY
YYYYYYYYYYYYYYYYYYYYYYYYY
RRRRRRRRRRRRRRRRRRRRRRRRR
CCCCCCCCCCCCCCCCCCCCCCCCC
CCCCCCCCCCCCCCCCCCCCCCCCC
VVVVVVVVVVVVVVVVVVVVVVVVV
NNNNNNNNNNNNNNNNNNNNNNNNN
NNNNNNNNNNNNNNNNNNNNNNNNN
IIIIIIIIIDDDDDDDWWWWWWWWW
IIIIIIIIIDDDDDDDWWWWWWWWW
XXXXXXXXXXXXXXXXXXXXXXXXX
EEEEEEEEEEEEEEEEEEEEEEEEE
BBBBBBBBBBBBBBBBBBBBBBBBB
MMMMMMMMMMMMMMMMMMMMMMZZZ
SSSSSSSSSSSSSSSSSSSSSSSSS
JJJJJJJJJJJJJJJJJJQUUUUUH
FFFFFFFFFFFFFFFFFFFFFFFAA
FFFFFFFFFFFFFFFFFFFFFFFAA
KKKKKKKKKKKKLLLLLPPPPPPPP
GGGGGGGGGGGGGGGGGGGGGGGGG
GGGGGGGGGGGGGGGGGGGGGGGGG
OOOOOOOOOOOOOOOOOOOOOOOOO
OOOOOOOOOOOOOOOOOOOOOOOOO
TTTTTTTTTTTTTTTTTTTTTTTTT
Case #72:
AA
Case #73:
TTTTTTTTTTTTTTTTTTTTTTTTT
TTTTTTTTTTTTTTTTTTTTTTTTT
TTTTTTTTTTTTTTTTTTTTTTTTT
WWWWWWWWWWWWWWWWWWWWWWWWW
XXXXXXXXXRRRRRRRRRRRRRRRR
FFFFFFFFFFCUUUUUUUUUUUUUU
QQQQQQBBBBHHHZZZZZZZZZZZZ
VVVVVVVVVVVVOLLLLLLLLLLLL
JJJJJJEESNNNNNNNNNNNNNNNN
GGGGGGGGIYAAAAAAAAAAAAAAA
PPPPPPPPPPMMMMMMMMMMMMMMM
DDDDDDDDDKKKKKKKKKKKKKKKK
DDDDDDDDDKKKKKKKKKKKKKKKK
DDDDDDDDDKKKKKKKKKKKKKKKK
DDDDDDDDDKKKKKKKKKKKKKKKK
DDDDDDDDDKKKKKKKKKKKKKKKK
DDDDDDDDDKKKKKKKKKKKKKKKK
DDDDDDDDDKKKKKKKKKKKKKKKK
DDDDDDDDDKKKKKKKKKKKKKKKK
DDDDDDDDDKKKKKKKKKKKKKKKK
DDDDDDDDDKKKKKKKKKKKKKKKK
DDDDDDDDDKKKKKKKKKKKKKKKK
DDDDDDDDDKKKKKKKKKKKKKKKK
DDDDDDDDDKKKKKKKKKKKKKKKK
DDDDDDDDDKKKKKKKKKKKKKKKK
Case #74:
CCCCCCCCCCCCCCCCCCCCCCCCC
CCCCCCCCCCCCCCCCCCCCCCCCC
CCCCCCCCCCCCCCCCCCCCCCCCC
CCCCCCCCCCCCCCCCCCCCCCCCC
CCCCCCCCCCCCCCCCCCCCCCCCC
CCCCCCCCCCCCCCCCCCCCCCCCC
CCCCCCCCCCCCCCCCCCCCCCCCC
CCCCCCCCCCCCCCCCCCCCCCCCC
CCCCCCCCCCCCCCCCCCCCCCCCC
CCCCCCCCCCCCCCCCCCCCCCCCC
JJJJJJJJJJJJJJJJJJJJJJJJJ
UUUUUUUUUQFYYYYYYYYYYYYYY
XXXXXXIIIIIIIIKKKKKKKKKKK
XXXXXXIIIIIIIIKKKKKKKKKKK
OOOOOOOOOOOOOLWWWWWWWWWWW
MMMMMPPPVVBBBBRRRRRRRRRRR
HHHHHHSSSSSSSTTTTTTTTTTTT
DDDDDDDDDGGNNNNNNNNNNNNNN
ZZZZZZZZZZZZZZZZZZZZZZZZZ
EEEEEEEEEEEEEEEEEEEEEEEEE
AAAAAAAAAAAAAAAAAAAAAAAAA
AAAAAAAAAAAAAAAAAAAAAAAAA
AAAAAAAAAAAAAAAAAAAAAAAAA
AAAAAAAAAAAAAAAAAAAAAAAAA
AAAAAAAAAAAAAAAAAAAAAAAAA
Case #75:
AAAAACCCCCCCCCCCCCCCCCCCC
AAAAACCCCCCCCCCCCCCCCCCCC
AAAAACCCCCCCCCCCCCCCCCCCC
AAAAACCCCCCCCCCCCCCCCCCCC
AAAAACCCCCCCCCCCCCCCCCCCC
AAAAACCCCCCCCCCCCCCCCCCCC
AAAAACCCCCCCCCCCCCCCCCCCC
EEEEEEEEEEEEEEEEEEEEEEEEE
EEEEEEEEEEEEEEEEEEEEEEEEE
EEEEEEEEEEEEEEEEEEEEEEEEE
EEEEEEEEEEEEEEEEEEEEEEEEE
BBBBBBDDDDDDDDDDDDDDDDDDD
BBBBBBDDDDDDDDDDDDDDDDDDD
BBBBBBDDDDDDDDDDDDDDDDDDD
BBBBBBDDDDDDDDDDDDDDDDDDD
BBBBBBDDDDDDDDDDDDDDDDDDD
BBBBBBDDDDDDDDDDDDDDDDDDD
BBBBBBDDDDDDDDDDDDDDDDDDD
BBBBBBDDDDDDDDDDDDDDDDDDD
BBBBBBDDDDDDDDDDDDDDDDDDD
BBBBBBDDDDDDDDDDDDDDDDDDD
FFFFFFFFFFFFFFFFFFFFFFGGG
HHHHHHHHHHHHHHHHHHHHHHHHH
IIIIIIIIIIIIIIIIIIIIIIIII
JJJJJJJJJJJJJJJJJJJJJJJJJ
Case #76:
AAAAAAAAAAAAAAAAAABBBBBBB
AAAAAAAAAAAAAAAAAABBBBBBB
AAAAAAAAAAAAAAAAAABBBBBBB
AAAAAAAAAAAAAAAAAABBBBBBB
AAAAAAAAAAAAAAAAAABBBBBBB
AAAAAAAAAAAAAAAAAABBBBBBB
AAAAAAAAAAAAAAAAAABBBBBBB
AAAAAAAAAAAAAAAAAABBBBBBB
AAAAAAAAAAAAAAAAAABBBBBBB
AAAAAAAAAAAAAAAAAABBBBBBB
AAAAAAAAAAAAAAAAAABBBBBBB
AAAAAAAAAAAAAAAAAABBBBBBB
AAAAAAAAAAAAAAAAAABBBBBBB
AAAAAAAAAAAAAAAAAABBBBBBB
AAAAAAAAAAAAAAAAAABBBBBBB
CCCCCCCCCCCCCCCCCCCCCCCCC
DDDDDDDDDDDDDDDDDDDDDDDDD
EEEEEEEEEEEEEEEEEEEEEEEEE
EEEEEEEEEEEEEEEEEEEEEEEEE
EEEEEEEEEEEEEEEEEEEEEEEEE
EEEEEEEEEEEEEEEEEEEEEEEEE
EEEEEEEEEEEEEEEEEEEEEEEEE
EEEEEEEEEEEEEEEEEEEEEEEEE
EEEEEEEEEEEEEEEEEEEEEEEEE
EEEEEEEEEEEEEEEEEEEEEEEEE
Case #77:
AAAAAAAAAABBBBBBBBBBBBBBB
AAAAAAAAAABBBBBBBBBBBBBBB
AAAAAAAAAABBBBBBBBBBBBBBB
AAAAAAAAAABBBBBBBBBBBBBBB
AAAAAAAAAABBBBBBBBBBBBBBB
CCCCCCCCCCCCCCCCCCCCCCCCC
DDDDDDDDDDDDDDDDDDDDDDDDD
EEEEEEEEEEEEEEEEEEEEEEEEE
EEEEEEEEEEEEEEEEEEEEEEEEE
EEEEEEEEEEEEEEEEEEEEEEEEE
EEEEEEEEEEEEEEEEEEEEEEEEE
EEEEEEEEEEEEEEEEEEEEEEEEE
EEEEEEEEEEEEEEEEEEEEEEEEE
EEEEEEEEEEEEEEEEEEEEEEEEE
EEEEEEEEEEEEEEEEEEEEEEEEE
EEEEEEEEEEEEEEEEEEEEEEEEE
EEEEEEEEEEEEEEEEEEEEEEEEE
EEEEEEEEEEEEEEEEEEEEEEEEE
FFFFFFFFFFFFFHHHHHHHHHHHH
JJJJJJJJJJJJJJJJJJJJJJJJJ
JJJJJJJJJJJJJJJJJJJJJJJJJ
JJJJJJJJJJJJJJJJJJJJJJJJJ
JJJJJJJJJJJJJJJJJJJJJJJJJ
GGGGGGGGGGGGGGIIIIIIIIIII
GGGGGGGGGGGGGGIIIIIIIIIII
Case #78:
OOOOOOOOOOOOOOOOOOONNNNNN
OOOOOOOOOOOOOOOOOOONNNNNN
OOOOOOOOOOOOOOOOOOONNNNNN
OOOOOOOOOOOOOOOOOOONNNNNN
OOOOOOOOOOOOOOOOOOONNNNNN
OOOOOOOOOOOOOOOOOOONNNNNN
OOOOOOOOOOOOOOOOOOONNNNNN
OOOOOOOOOOOOOOOOOOONNNNNN
OOOOOOOOOOOOOOOOOOONNNNNN
OOOOOOOOOOOOOOOOOOONNNNNN
OOOOOOOOOOOOOOOOOOONNNNNN
OOOOOOOOOOOOOOOOOOONNNNNN
OOOOOOOOOOOOOOOOOOONNNNNN
OOOOOOOOOOOOOOOOOOONNNNNN
OOOOOOOOOOOOOOOOOOONNNNNN
OOOOOOOOOOOOOOOOOOONNNNNN
AAAAAAAAAAAAAAAAAAGXXXXXX
KKKKKKKKKKKKKKKKKKPPDLLLL
KKKKKKKKKKKKKKKKKKPPDLLLL
JJJJJJJJJJJJJJJJYYYVVVVRR
CCCCCCCCCCCCCCCCWTTTBMUII
QQQQQQQQQQQQQQQQQQZZHEEEE
SSSSSSSSSSSSSSSSSSSSSSSSS
FFFFFFFFFFFFFFFFFFFFFFFFF
FFFFFFFFFFFFFFFFFFFFFFFFF
Case #79:
RRRRRRRRRRRRRRRRRRRRRRRRR
RRRRRRRRRRRRRRRRRRRRRRRRR
RRRRRRRRRRRRRRRRRRRRRRRRR
HHHHHHHHHHHHHHHHWWWWWWWWW
QQQQQQQQQQQQQQQQQXCCCCCCC
JJJJJJJJJJJJJNNNNNEUUUUUU
MMMMMMMMMMMKKKSSDTGGBBBBB
IIIIIIIIIIIIIIZYFFFFFFFFF
VVVVVVVVVVVVVVLPPPPPPPPPP
AAAAAAAAAAAAAAAAAAAAAAAAA
OOOOOOOOOOOOOOOOOOOOOOOOO
OOOOOOOOOOOOOOOOOOOOOOOOO
OOOOOOOOOOOOOOOOOOOOOOOOO
OOOOOOOOOOOOOOOOOOOOOOOOO
OOOOOOOOOOOOOOOOOOOOOOOOO
OOOOOOOOOOOOOOOOOOOOOOOOO
OOOOOOOOOOOOOOOOOOOOOOOOO
OOOOOOOOOOOOOOOOOOOOOOOOO
OOOOOOOOOOOOOOOOOOOOOOOOO
OOOOOOOOOOOOOOOOOOOOOOOOO
OOOOOOOOOOOOOOOOOOOOOOOOO
OOOOOOOOOOOOOOOOOOOOOOOOO
OOOOOOOOOOOOOOOOOOOOOOOOO
OOOOOOOOOOOOOOOOOOOOOOOOO
OOOOOOOOOOOOOOOOOOOOOOOOO
Case #80:
GGGGGGGGGGGGGGGGGGGGGGGGG
GGGGGGGGGGGGGGGGGGGGGGGGG
GGGGGGGGGGGGGGGGGGGGGGGGG
GGGGGGGGGGGGGGGGGGGGGGGGG
GGGGGGGGGGGGGGGGGGGGGGGGG
BBBBBBBBBBBBBBBBBBBBBBBBB
VVVVVVVDYYYYYYYYYYYYYYYYY
SSSSSXXXXKQQEEEEEEEEEEEEE
NNNNNCCCCUUUUUUUUUUUUUUUU
ZZZZZRRRRRRRRRRRRRRRRRRRR
WWWWWWWWWWWWHHHHHHHHHHHHH
FJJIIIIIIIIIIIIIIIIIIIIII
PPPAAAAATTTTTTTTTTTTTTTTT
MMMMMMMMMMMMMMMMMMMMMMMMM
LLLLLLLLLLLLLLLLLLLLLLLLL
OOOOOOOOOOOOOOOOOOOOOOOOO
OOOOOOOOOOOOOOOOOOOOOOOOO
OOOOOOOOOOOOOOOOOOOOOOOOO
OOOOOOOOOOOOOOOOOOOOOOOOO
OOOOOOOOOOOOOOOOOOOOOOOOO
OOOOOOOOOOOOOOOOOOOOOOOOO
OOOOOOOOOOOOOOOOOOOOOOOOO
OOOOOOOOOOOOOOOOOOOOOOOOO
OOOOOOOOOOOOOOOOOOOOOOOOO
OOOOOOOOOOOOOOOOOOOOOOOOO
Case #81:
TTTTTTTTTTTTTTTTTTTTTTTTT
TTTTTTTTTTTTTTTTTTTTTTTTT
TTTTTTTTTTTTTTTTTTTTTTTTT
BBBBBBBBBBBBBBBBBBBBBCCCC
BBBBBBBBBBBBBBBBBBBBBCCCC
JJJJJJJJJJJJJJJJJJJJRRRRR
NNNNNNNNNNNNNNNNNNPAAAWWL
IIIIIIIIIIIIIIIIIKKKZOOMF
VVVVVVVVVVVVVVVVVVUUUUGGG
SSSSSSSSSSSSSSSSSSSSSHHQQ
EEEEEEEEEEEEEEEEEEEEEEXXX
DDDDDDDDDDDDDDDDDDDDYYYYY
DDDDDDDDDDDDDDDDDDDDYYYYY
DDDDDDDDDDDDDDDDDDDDYYYYY
DDDDDDDDDDDDDDDDDDDDYYYYY
DDDDDDDDDDDDDDDDDDDDYYYYY
DDDDDDDDDDDDDDDDDDDDYYYYY
DDDDDDDDDDDDDDDDDDDDYYYYY
DDDDDDDDDDDDDDDDDDDDYYYYY
DDDDDDDDDDDDDDDDDDDDYYYYY
DDDDDDDDDDDDDDDDDDDDYYYYY
DDDDDDDDDDDDDDDDDDDDYYYYY
DDDDDDDDDDDDDDDDDDDDYYYYY
DDDDDDDDDDDDDDDDDDDDYYYYY
DDDDDDDDDDDDDDDDDDDDYYYYY
Case #82:
AAAAAABBBBBBBBBBBBBBBBBBB
AAAAAABBBBBBBBBBBBBBBBBBB
CCCCCCCCCCCCCCCCCCCCCCCCC
DDDDDDDDDDDDDDDDDDDDDDDDD
EEEEEEEEEEEEEEEEEEEEEEEEE
EEEEEEEEEEEEEEEEEEEEEEEEE
EEEEEEEEEEEEEEEEEEEEEEEEE
EEEEEEEEEEEEEEEEEEEEEEEEE
EEEEEEEEEEEEEEEEEEEEEEEEE
EEEEEEEEEEEEEEEEEEEEEEEEE
EEEEEEEEEEEEEEEEEEEEEEEEE
EEEEEEEEEEEEEEEEEEEEEEEEE
EEEEEEEEEEEEEEEEEEEEEEEEE
EEEEEEEEEEEEEEEEEEEEEEEEE
EEEEEEEEEEEEEEEEEEEEEEEEE
EEEEEEEEEEEEEEEEEEEEEEEEE
EEEEEEEEEEEEEEEEEEEEEEEEE
EEEEEEEEEEEEEEEEEEEEEEEEE
EEEEEEEEEEEEEEEEEEEEEEEEE
EEEEEEEEEEEEEEEEEEEEEEEEE
EEEEEEEEEEEEEEEEEEEEEEEEE
EEEEEEEEEEEEEEEEEEEEEEEEE
EEEEEEEEEEEEEEEEEEEEEEEEE
EEEEEEEEEEEEEEEEEEEEEEEEE
EEEEEEEEEEEEEEEEEEEEEEEEE
Case #83:
PPPPPPPPPPPPPPPPPPPPPPPPP
PPPPPPPPPPPPPPPPPPPPPPPPP
JJJJJJJJJJJJJJJJJJJJJJJJJ
CCCCCCCCCCCCHHHHLLLLLLLLL
WWWWWWWWWWWWWWWWWWWWWWWWW
WWWWWWWWWWWWWWWWWWWWWWWWW
WWWWWWWWWWWWWWWWWWWWWWWWW
VVVVVVVVVVEEEEEEEEEDDDDDA
RRRRRRRRRRRRRRRRRRRRRRRRR
RRRRRRRRRRRRRRRRRRRRRRRRR
YYYYYYYYYYYYYYYYYYYYYYYYY
YYYYYYYYYYYYYYYYYYYYYYYYY
YYYYYYYYYYYYYYYYYYYYYYYYY
MMMMMMMMMMMFFFFFFFFFFFFFF
MMMMMMMMMMMFFFFFFFFFFFFFF
SSSSSSSSSSSSSSSSSSSSSSSSS
ZZZZZZZZZZZZZZZZZZZZZZZZZ
UUUUUUUUUUUUUUUUUUUUUUUUU
BBBBBBBBBBBBBBBBBBBBBBBBB
TTTTTTTTTTTTTTTTTTTTTTTTT
OOOOOOIIINNNNNNNNNXXXXXXX
QQQQQQQQQQQQQQQQQQQQQQGGG
QQQQQQQQQQQQQQQQQQQQQQGGG
QQQQQQQQQQQQQQQQQQQQQQGGG
KKKKKKKKKKKKKKKKKKKKKKKKK
Case #84:
AAAAAAAAAAAAAAAAAAAAAAAAA
AAAAAAAAAAAAAAAAAAAAAAAAA
AAAAAAAAAAAAAAAAAAAAAAAAA
AAAAAAAAAAAAAAAAAAAAAAAAA
AAAAAAAAAAAAAAAAAAAAAAAAA
AAAAAAAAAAAAAAAAAAAAAAAAA
AAAAAAAAAAAAAAAAAAAAAAAAA
AAAAAAAAAAAAAAAAAAAAAAAAA
AAAAAAAAAAAAAAAAAAAAAAAAA
AAAAAAAAAAAAAAAAAAAAAAAAA
AAAAAAAAAAAAAAAAAAAAAAAAA
AAAAAAAAAAAAAAAAAAAAAAAAA
AAAAAAAAAAAAAAAAAAAAAAAAA
AAAAAAAAAAAAAAAAAAAAAAAAA
AAAAAAAAAAAAAAAAAAAAAAAAA
AAAAAAAAAAAAAAAAAAAAAAAAA
AAAAAAAAAAAAAAAAAAAAAAAAA
AAAAAAAAAAAAAAAAAAAAAAAAA
AAAAAAAAAAAAAAAAAAAAAAAAA
AAAAAAAAAAAAAAAAAAAAAAAAA
AAAAAAAAAAAAAAAAAAAAAAAAA
AAAAAAAAAAAAAAAAAAAAAAAAA
AAAAAAAAAAAAAAAAAAAAAAAAA
AAAAAAAAAAAAAAAAAAAAAAAAA
AAAAAAAAAAAAAAAAAAAAAAAAA
Case #85:
K
K
G
G
M
E
E
H
H
J
B
D
F
F
F
F
F
C
I
I
I
A
A
A
L
Case #86:
UUUUUUUUUUUUUUUUUUUUUUUUY
UUUUUUUUUUUUUUUUUUUUUUUUY
UUUUUUUUUUUUUUUUUUUUUUUUY
UUUUUUUUUUUUUUUUUUUUUUUUY
UUUUUUUUUUUUUUUUUUUUUUUUY
UUUUUUUUUUUUUUUUUUUUUUUUY
UUUUUUUUUUUUUUUUUUUUUUUUY
UUUUUUUUUUUUUUUUUUUUUUUUY
UUUUUUUUUUUUUUUUUUUUUUUUY
UUUUUUUUUUUUUUUUUUUUUUUUY
EEEEEEEEEEEEEEEEEEEEEKKKA
HHHHHHHHHHHHHHHHHHHHHNIII
DDDDDDDDDDDDDDDDDDTTMMVVC
FFFFFFFFFFFFFFFFFFFFXBOJJ
PPPPPPPPPPPPPPPPPPPPPPPPR
GGGGGGGGGGGGGGGGGGGGGZWLL
QQQQQQQQQQQQQQQQQQQQQQQQS
QQQQQQQQQQQQQQQQQQQQQQQQS
QQQQQQQQQQQQQQQQQQQQQQQQS
QQQQQQQQQQQQQQQQQQQQQQQQS
QQQQQQQQQQQQQQQQQQQQQQQQS
QQQQQQQQQQQQQQQQQQQQQQQQS
QQQQQQQQQQQQQQQQQQQQQQQQS
QQQQQQQQQQQQQQQQQQQQQQQQS
QQQQQQQQQQQQQQQQQQQQQQQQS
Case #87:
NNNNNNNNNNNNNNNNNNNNNNNNN
NNNNNNNNNNNNNNNNNNNNNNNNN
NNNNNNNNNNNNNNNNNNNNNNNNN
TTTTTTTTTTTTTTTTTTTTTTTTT
WWWWWWWWWWWWWWWWWWWWWWWWW
WWWWWWWWWWWWWWWWWWWWWWWWW
SSSSSSSSSSSSSSSSSSSSSSSSS
ZZZZZZZZZZZZZZZZZZZZZZZZZ
GGGGGGGGGKKKKKKKKKKKKKKKK
XXXXXXXXXXXXXXXXXXXXXXXXX
MMMMMMMMMMMMMMMMMMMMMMMMM
MMMMMMMMMMMMMMMMMMMMMMMMM
UUUUUUUUUUUUUUYYYYYYYYYYY
LLLLLLLLLLLLLLLLLLLLLLLJJ
LLLLLLLLLLLLLLLLLLLLLLLJJ
LLLLLLLLLLLLLLLLLLLLLLLJJ
AAAAAAAAAAAAAQQQQQQQQQQQQ
EEEEEEEEEEEEEEEEEEEFFFFFF
BBBBPPPPPPPPPPPPPPPPPPRRR
BBBBPPPPPPPPPPPPPPPPPPRRR
HHHHHHHHHHHHHHHHHHHHHHHHH
VVVVVVVVVVVVVVVVVVVVVOOOO
DDDDDDDDDDDDDDDDDDDDDDDDD
CCCCCCCCCCCCCCCCCCCCCCCCC
IIIIIIIIIIIIIIIIIIIIIIIII
Case #88:
AAAAAAAAAAAAAAAAAAAAAAAAA
BBBBBBBBBBBBBBBBBBBBBBBBB
CCCCCCCCCCCCCCCCCCCCCCCCC
DDDDDDDDDDDDDDDDDDDDDDDDD
EEEEEEEEEEEEEEEEEEEEEEEEE
FFFFFFFFFFFFFFFFFFFFFFFFF
GGGGGGGGGGGGGGGGGGGGGGGGG
HHHHHHHHHHHHHHHHHHHHHHHHH
IIIIIIIIIIIIIIIIIIIIIIIII
JJJJJJJJJJJJJJJJJJJJJJJJJ
KKKKKKKKKKKKKKKKKKKKKKKKK
LLLLLLLLLLLLLLLLLLLLLLLLL
MMMMMMMMMMMMMMMMMMMMMMMMM
NNNNNNNNNNNNNNNNNNNNNNNNN
OOOOOOOOOOOOOOOOOOOOOOOOO
PPPPPPPPPPPPPPPPPPPPPPPPP
QQQQQQQQQQQQQQQQQQQQQQQQQ
RRRRRRRRRRRRRRRRRRRRRRRRR
SSSSSSSSSSSSSSSSSSSSSSSSS
TTTTTTTTTTTTTTTTTTTTTTTTT
UUUUUUUUUUUUUUUUUUUUUUUUU
VVVVVVVVVVVVVVVVVVVVVVVVV
WWWWWWWWWWWWWWWWWWWWWWWWW
XXXXXXXXXXXXXXXXXXXXXXXXX
YYYYYYYYYYYYYYYYYYYYYYYYY
Case #89:
QQQQQQQQQQQQQQQQQQQQQQQQQ
QQQQQQQQQQQQQQQQQQQQQQQQQ
QQQQQQQQQQQQQQQQQQQQQQQQQ
QQQQQQQQQQQQQQQQQQQQQQQQQ
QQQQQQQQQQQQQQQQQQQQQQQQQ
QQQQQQQQQQQQQQQQQQQQQQQQQ
QQQQQQQQQQQQQQQQQQQQQQQQQ
QQQQQQQQQQQQQQQQQQQQQQQQQ
QQQQQQQQQQQQQQQQQQQQQQQQQ
QQQQQQQQQQQQQQQQQQQQQQQQQ
QQQQQQQQQQQQQQQQQQQQQQQQQ
QQQQQQQQQQQQQQQQQQQQQQQQQ
QQQQQQQQQQQQQQQQQQQQQQQQQ
QQQQQQQQQQQQQQQQQQQQQQQQQ
KKKKKKKKKKKKKKKKKKKKKKKKK
OOOOOOOCFEEEEEEEEEEEEEEEE
LLLLLLLLLLLLLLLLLLLLLLLLL
DDHUUYYYYYXXXXXXXXXXXXXXX
TTSSJVVVVVVVVVVVVVVVVVVVV
GGGGGGGGGGBBBBBBBBBBBBBBB
NNNNNNRRRRRRRRRRRRRRRRRRR
ZZZZZZZZZZZZZZZZZZZZZZZZZ
IIIIIIIIIIWMMMMMMMMMMMMMM
PPPPPPPPAAAAAAAAAAAAAAAAA
PPPPPPPPAAAAAAAAAAAAAAAAA
Case #90:
ABCDEFGHIJKLMNOPQRSTUVWXY
ABCDEFGHIJKLMNOPQRSTUVWXY
ABCDEFGHIJKLMNOPQRSTUVWXY
ABCDEFGHIJKLMNOPQRSTUVWXY
ABCDEFGHIJKLMNOPQRSTUVWXY
ABCDEFGHIJKLMNOPQRSTUVWXY
ABCDEFGHIJKLMNOPQRSTUVWXY
ABCDEFGHIJKLMNOPQRSTUVWXY
ABCDEFGHIJKLMNOPQRSTUVWXY
ABCDEFGHIJKLMNOPQRSTUVWXY
ABCDEFGHIJKLMNOPQRSTUVWXY
ABCDEFGHIJKLMNOPQRSTUVWXY
ABCDEFGHIJKLMNOPQRSTUVWXY
ABCDEFGHIJKLMNOPQRSTUVWXY
ABCDEFGHIJKLMNOPQRSTUVWXY
ABCDEFGHIJKLMNOPQRSTUVWXY
ABCDEFGHIJKLMNOPQRSTUVWXY
ABCDEFGHIJKLMNOPQRSTUVWXY
ABCDEFGHIJKLMNOPQRSTUVWXY
ABCDEFGHIJKLMNOPQRSTUVWXY
ABCDEFGHIJKLMNOPQRSTUVWXY
ABCDEFGHIJKLMNOPQRSTUVWXY
ABCDEFGHIJKLMNOPQRSTUVWXY
ABCDEFGHIJKLMNOPQRSTUVWXY
ABCDEFGHIJKLMNOPQRSTUVWXY
Case #91:
FFFFFFFFFFFFFFFZZQNNNPPPP
CCCCCCCCCCCCCCCCCCCCEEEEU
BBBBBBBBBBBBBBBBDTTOOOOOO
SSSSSSSSSSSSSSSSYYYYYYMMM
GGGGGGGGGGGGGGGGGGGGGGGGG
XXXXXXXXXXXXXXXXXXXXXXXWW
AAAAAAAAAAAAAAAAAAAAAAAAA
AAAAAAAAAAAAAAAAAAAAAAAAA
KKKKKKKKKKKKKKKKKKKKKKKKL
HHHHHHHHHHHHHHHHHHHHHHHHH
RRRRRRRRRRRRRRRRRRRRRRRII
VVVVVVVVVVVVVVVVVVVVVVVVV
JJJJJJJJJJJJJJJJJJJJJJJJJ
JJJJJJJJJJJJJJJJJJJJJJJJJ
JJJJJJJJJJJJJJJJJJJJJJJJJ
JJJJJJJJJJJJJJJJJJJJJJJJJ
JJJJJJJJJJJJJJJJJJJJJJJJJ
JJJJJJJJJJJJJJJJJJJJJJJJJ
JJJJJJJJJJJJJJJJJJJJJJJJJ
JJJJJJJJJJJJJJJJJJJJJJJJJ
JJJJJJJJJJJJJJJJJJJJJJJJJ
JJJJJJJJJJJJJJJJJJJJJJJJJ
JJJJJJJJJJJJJJJJJJJJJJJJJ
JJJJJJJJJJJJJJJJJJJJJJJJJ
JJJJJJJJJJJJJJJJJJJJJJJJJ
Case #92:
KKKKKKKKKKKKKKKKKKKKKKKKK
KKKKKKKKKKKKKKKKKKKKKKKKK
RRRRRRRRRRCCCCCCCCPPPPPPP
RRRRRRRRRRCCCCCCCCPPPPPPP
RRRRRRRRRRCCCCCCCCPPPPPPP
ZZZZZZZZZZZZZZZZZZZZZZZZZ
ZZZZZZZZZZZZZZZZZZZZZZZZZ
XXXXXXXXXXXXXXXXXXXXXXXXX
XXXXXXXXXXXXXXXXXXXXXXXXX
IIIIIIIIIIIIIIIIIIIIIIIII
MMMMMMMMMMMMMMMMMMMMMMMMM
BBBBBBBBBBBBBBBBBBBBJUUUU
BBBBBBBBBBBBBBBBBBBBJUUUU
SSSSAAAAAAAAAAAAAAAAAAAAA
OOOOOOOOOOOOOOOOOOOOOOOOO
TTTTTTTTTTTTTTTTTTEEEEEEE
GGGGGGGNNNNNNNNNNNNNNNNNN
GGGGGGGNNNNNNNNNNNNNNNNNN
HHHHHHHHHHHHHHHHHHHHHHHWW
QQQQQQQQQQQQQQQQLLLLLLLLL
DDDDDDDDDDDDDDDDDDDDDDDDD
DDDDDDDDDDDDDDDDDDDDDDDDD
DDDDDDDDDDDDDDDDDDDDDDDDD
YYYYYYYYYYYYYYYYYYYYYYVVV
FFFFFFFFFFFFFFFFFFFFFFFFF
Case #93:
IIIIIIIIIIIIIIIIIIIIIIIII
UUUUUUUUUUUUUUUUUUUUUUUUU
RRRRRRRRRRRRRRRRRRRRRRRRR
GGGGGGGGGGGGGGGGGGWWWWWWW
GGGGGGGGGGGGGGGGGGWWWWWWW
MMMMMMMMMMMMMMMMMMMMMMMMM
QQQQQQQQQQQQQQQQQQQQQQQQQ
FFFFFCCCCCCCCCCCCCCCCCCCC
EEEEEEEEEEEEEEEEEEEEEEXXX
TTTTTTTTTTTTTTTTTTTTTTTYY
DDDDDDDDDDDDDDDDDDDDDDSSS
DDDDDDDDDDDDDDDDDDDDDDSSS
DDDDDDDDDDDDDDDDDDDDDDSSS
VVVVVVVVVVVVVVVVKKKKKKKKK
OOOOOOOOOOOOOOOOOOOOOOOOO
OOOOOOOOOOOOOOOOOOOOOOOOO
JJJJJJJJJJJJJJJJJJJJJJJJJ
JJJJJJJJJJJJJJJJJJJJJJJJJ
NNNNNNNNNNNNNNNNNNNNNNNNN
HHHHHHHHLLLLLLLLLLLLLLLLL
BBBBBBBBBBBBBBBBBBBBBBBBB
BBBBBBBBBBBBBBBBBBBBBBBBB
PPPPPPPPPPPPPPPZZZZZZZZZZ
PPPPPPPPPPPPPPPZZZZZZZZZZ
AAAAAAAAAAAAAAAAAAAAAAAAA
Case #94:
GFFFFBBBBLIHHCCDDMMEEAAKJ
Case #95:
BBBBBBBBBBBBBBBBBBBWWWWWW
ZZZZZZZZZZZZZZZZZZZJJJJJJ
ZZZZZZZZZZZZZZZZZZZJJJJJJ
ZZZZZZZZZZZZZZZZZZZJJJJJJ
ZZZZZZZZZZZZZZZZZZZJJJJJJ
ZZZZZZZZZZZZZZZZZZZJJJJJJ
CCCCCCCCCCCCCCYYYYYYYYYYY
CCCCCCCCCCCCCCYYYYYYYYYYY
LLLLLLLLLLLLLLLLLLLLLLLLL
IIIIIIIIIIIIIIIIIIIIIIIII
DDDDDDDDDDDTTTTTTTRRRRRRR
DDDDDDDDDDDTTTTTTTRRRRRRR
AAAAAAAAAAAAAAAAAAAAAAAAA
KKKKKKKKKKKKKKKKKKKKKKKKK
VVVVVVVVVVVVVVVVVVVVVVVVV
VVVVVVVVVVVVVVVVVVVVVVVVV
MMMMMMMMMMMMMOOUPPPPPPPPP
SSSSSSSSSSSSSSSSSSSSSSSSS
SSSSSSSSSSSSSSSSSSSSSSSSS
SSSSSSSSSSSSSSSSSSSSSSSSS
NNNNNNNNEEQQQQFFFFFFFFFFF
GGGGGGGGGGGGGGGGGGGGGGGGG
HHHHHHHHHHHHHHHHHHHHHHHHH
XXXXXXXXXXXXXXXXXXXXXXXXX
XXXXXXXXXXXXXXXXXXXXXXXXX
Case #96:
AAAAAAAAAAAAAAAAAAAAAAAAA
BBBBBBBBBBBBBBBBBBBBBBBBB
CCCCCCCCCCCCCCCCCCCCCCCCC
DDDDDDDDDDDDDDDDDDDDDDDDD
EEEEEEEEEEEEEEEEEEEEEEEEE
FFFFFFFFFFFFFFFFFFFFFFFFF
GGGGGGGGGGGGGGGGGGGGGGGGG
HHHHHHHHHHHHHHHHHHHHHHHHH
IIIIIIIIIIIIIIIIIIIIIIIII
JJJJJJJJJJJJJJJJJJJJJJJJJ
KKKKKKKKKKKKKKKKKKKKKKKKK
LLLLLLLLLLLLLLLLLLLLLLLLL
MMMMMMMMMMMMMMMMMMMMMMMMM
NNNNNNNNNNNNNNNNNNNNNNNNN
OOOOOOOOOOOOOOOOOOOOOOOOO
PPPPPPPPPPPPPPPPPPPPPPPPP
QQQQQQQQQQQQQQQQQQQQQQQQQ
RRRRRRRRRRRRRRRRRRRRRRRRR
SSSSSSSSSSSSSSSSSSSSSSSSS
TTTTTTTTTTTTTTTTTTTTTTTTT
UUUUUUUUUUUUUUUUUUUUUUUUU
VVVVVVVVVVVVVVVVVVVVVVVVV
WWWWWWWWWWWWWWWWWWWWWWWWW
XXXXXXXXXXXXXXXXXXXXXXXXX
YYYYYYYYYYYYYYYYYYYYYYYYY
Case #97:
AABBCCDDEEFFGGHHIIJJKKLLM
NNNOOPPQQRRSSTTUUVVWWXXYY
ZZZZZZZZZZZZZZZZZZZZZZZZZ
ZZZZZZZZZZZZZZZZZZZZZZZZZ
ZZZZZZZZZZZZZZZZZZZZZZZZZ
ZZZZZZZZZZZZZZZZZZZZZZZZZ
ZZZZZZZZZZZZZZZZZZZZZZZZZ
ZZZZZZZZZZZZZZZZZZZZZZZZZ
ZZZZZZZZZZZZZZZZZZZZZZZZZ
ZZZZZZZZZZZZZZZZZZZZZZZZZ
ZZZZZZZZZZZZZZZZZZZZZZZZZ
ZZZZZZZZZZZZZZZZZZZZZZZZZ
ZZZZZZZZZZZZZZZZZZZZZZZZZ
ZZZZZZZZZZZZZZZZZZZZZZZZZ
ZZZZZZZZZZZZZZZZZZZZZZZZZ
ZZZZZZZZZZZZZZZZZZZZZZZZZ
ZZZZZZZZZZZZZZZZZZZZZZZZZ
ZZZZZZZZZZZZZZZZZZZZZZZZZ
ZZZZZZZZZZZZZZZZZZZZZZZZZ
ZZZZZZZZZZZZZZZZZZZZZZZZZ
ZZZZZZZZZZZZZZZZZZZZZZZZZ
ZZZZZZZZZZZZZZZZZZZZZZZZZ
ZZZZZZZZZZZZZZZZZZZZZZZZZ
ZZZZZZZZZZZZZZZZZZZZZZZZZ
ZZZZZZZZZZZZZZZZZZZZZZZZZ
Case #98:
AAACCCCCCCCCCCCCCCCCCCCCC
AAACCCCCCCCCCCCCCCCCCCCCC
AAACCCCCCCCCCCCCCCCCCCCCC
AAACCCCCCCCCCCCCCCCCCCCCC
AAACCCCCCCCCCCCCCCCCCCCCC
EEEEEEEEEEEEEEEEEEEEEEEEE
EEEEEEEEEEEEEEEEEEEEEEEEE
EEEEEEEEEEEEEEEEEEEEEEEEE
EEEEEEEEEEEEEEEEEEEEEEEEE
BBBBDDDDDDDDDDDDDDDDDDDDD
BBBBDDDDDDDDDDDDDDDDDDDDD
BBBBDDDDDDDDDDDDDDDDDDDDD
BBBBDDDDDDDDDDDDDDDDDDDDD
FFFFFFFFFFFFFFFFFFFFGGGGG
HHHHHHHHHHHHHHHHHHHHHHHHH
IIIIIIIIIIIIIIIIIIIIIIIII
JJJJJJJJJJJJJJJJJJJJJJJJJ
JJJJJJJJJJJJJJJJJJJJJJJJJ
JJJJJJJJJJJJJJJJJJJJJJJJJ
JJJJJJJJJJJJJJJJJJJJJJJJJ
JJJJJJJJJJJJJJJJJJJJJJJJJ
JJJJJJJJJJJJJJJJJJJJJJJJJ
JJJJJJJJJJJJJJJJJJJJJJJJJ
JJJJJJJJJJJJJJJJJJJJJJJJJ
JJJJJJJJJJJJJJJJJJJJJJJJJ
Case #99:
AAAAAAAAAAAAABBBBBBBBBBBB
AAAAAAAAAAAAABBBBBBBBBBBB
AAAAAAAAAAAAABBBBBBBBBBBB
AAAAAAAAAAAAABBBBBBBBBBBB
AAAAAAAAAAAAABBBBBBBBBBBB
AAAAAAAAAAAAABBBBBBBBBBBB
AAAAAAAAAAAAABBBBBBBBBBBB
AAAAAAAAAAAAABBBBBBBBBBBB
AAAAAAAAAAAAABBBBBBBBBBBB
AAAAAAAAAAAAABBBBBBBBBBBB
AAAAAAAAAAAAABBBBBBBBBBBB
AAAAAAAAAAAAABBBBBBBBBBBB
AAAAAAAAAAAAABBBBBBBBBBBB
AAAAAAAAAAAAABBBBBBBBBBBB
AAAAAAAAAAAAABBBBBBBBBBBB
AAAAAAAAAAAAABBBBBBBBBBBB
AAAAAAAAAAAAABBBBBBBBBBBB
AAAAAAAAAAAAABBBBBBBBBBBB
AAAAAAAAAAAAABBBBBBBBBBBB
CCCCCCCCCCCCCCCCCCCCCCCCC
DDDDDDDDDDDDDDDDDDDDDDDDD
EEEEEEEEEEEEEEEEEEEEEEEEE
EEEEEEEEEEEEEEEEEEEEEEEEE
EEEEEEEEEEEEEEEEEEEEEEEEE
EEEEEEEEEEEEEEEEEEEEEEEEE
Case #100:
AAAAAAAACCCCCCCCCCCCCCCCC
EEEEEEEEEEEEEEEEEEEEEEEEE
EEEEEEEEEEEEEEEEEEEEEEEEE
EEEEEEEEEEEEEEEEEEEEEEEEE
EEEEEEEEEEEEEEEEEEEEEEEEE
BBBBBBBBBDDDDDDDDDDDDDDDD
BBBBBBBBBDDDDDDDDDDDDDDDD
BBBBBBBBBDDDDDDDDDDDDDDDD
BBBBBBBBBDDDDDDDDDDDDDDDD
BBBBBBBBBDDDDDDDDDDDDDDDD
BBBBBBBBBDDDDDDDDDDDDDDDD
BBBBBBBBBDDDDDDDDDDDDDDDD
BBBBBBBBBDDDDDDDDDDDDDDDD
BBBBBBBBBDDDDDDDDDDDDDDDD
BBBBBBBBBDDDDDDDDDDDDDDDD
BBBBBBBBBDDDDDDDDDDDDDDDD
BBBBBBBBBDDDDDDDDDDDDDDDD
BBBBBBBBBDDDDDDDDDDDDDDDD
BBBBBBBBBDDDDDDDDDDDDDDDD
BBBBBBBBBDDDDDDDDDDDDDDDD
FFFFFFFFFFFFFFFFFFFFFGGGG
HHHHHHHHHHHHHHHHHHHHHHHHH
IIIIIIIIIIIIIIIIIIIIIIIII
JJJJJJJJJJJJJJJJJJJJJJJJJ
JJJJJJJJJJJJJJJJJJJJJJJJJ
