Case #1:
GGJ
CCJ
CCJ
Case #2:
CODE
JJAM
JJAM
Case #3:
CA
KE
Case #4:
CCE
BBB
FFF
ADD
Case #5:
A
B
B
C
C
D
D
E
E
F
F
F
Case #6:
FFF
ADE
CCE
BBB
Case #7:
EEE
CCB
AAD
FFF
Case #8:
ABB
CBB
DEE
FFF
Case #9:
IKHJ
EAGB
CCFD
Case #10:
AAC
DBB
Case #11:
FFF
AAE
IHD
CGB
Case #12:
KHJD
ICAF
BGEE
Case #13:
AAAE
BBBE
DDCE
Case #14:
AADE
BBBE
CCCE
Case #15:
A
Case #16:
EEDA
BBDA
CCCC
Case #17:
ABCD
ABCD
ABCD
Case #18:
BBE
DDE
DDA
FFC
Case #19:
AB
Case #20:
DFC
AAC
EEB
EEB
Case #21:
AEEE
DDCC
BBBB
Case #22:
FFDD
GADD
BCEE
Case #23:
ABBCCF
DDEEEF
Case #24:
EEEC
DDDA
BBBB
Case #25:
GEI
FBL
HJC
KDA
Case #26:
EECC
ADCC
BBBB
Case #27:
CIGB
DAFE
HJJJ
Case #28:
CCGD
AHIB
FFEE
Case #29:
BBA
Case #30:
FFF
FFF
BDC
EAC
Case #31:
CCJJ
CCJJ
CCJJ
Case #32:
GDKH
BCFJ
AAIE
Case #33:
ACE
BCE
DCE
DFF
Case #34:
CBEE
DDEE
AAEE
Case #35:
CEF
DEF
BBF
AAF
Case #36:
AA
EC
EC
DC
DC
BB
Case #37:
ACB
Case #38:
ABCD
ABCD
ABCD
Case #39:
BEF
GEF
CEF
ADF
Case #40:
EECD
BBBB
AAAA
Case #41:
GIE
CHE
FJE
BAD
Case #42:
CAA
DEB
Case #43:
BB
AA
Case #44:
BIFG
CJAK
DEHH
Case #45:
BBDG
HIFA
CCEE
Case #46:
CCEB
DDAB
DDAB
Case #47:
AAAA
BBBB
CCCC
Case #48:
EDD
FFC
ABB
ABB
Case #49:
FBD
ACD
EEE
EEE
Case #50:
ACK
JID
FHE
GBB
Case #51:
AB
CB
CD
ED
EF
EF
Case #52:
CAF
EEF
DBB
DBB
Case #53:
AD
BC
Case #54:
BBAA
EEDD
CCCC
Case #55:
AAA
BBB
Case #56:
AAA
CBB
Case #57:
BBEE
ACEE
DDDD
Case #58:
EEDD
CCDD
CCBA
Case #59:
AA
AA
BB
BB
Case #60:
DDA
CEF
BBB
BBB
Case #61:
FCA
EBD
Case #62:
DHF
AHF
EGF
BCF
Case #63:
CCCC
BBDE
AADE
Case #64:
AAA
Case #65:
DDEC
BBFA
GGGH
Case #66:
DDIG
ABHC
FFFE
Case #67:
BBB
GGH
EEF
ACD
Case #68:
IID
BHG
KEJ
AFC
Case #69:
ABB
CCE
DDE
FFF
Case #70:
AAA
AAA
Case #71:
CAF
HEB
GGD
GGD
Case #72:
AAAA
BBBB
CCCC
Case #73:
ABBD
CCCD
EFFF
Case #74:
EEE
BBB
AAD
CCC
Case #75:
FAA
CDB
EEB
EEB
Case #76:
AAAA
BBBB
CCCC
Case #77:
BADF
JGCE
KKHI
Case #78:
BDA
FFA
FFC
EEC
Case #79:
A
A
Case #80:
ABC
DDD
EEE
Case #81:
FCA
EBA
HGG
DDD
Case #82:
ADE
BBE
CCE
Case #83:
ABB
CCD
EED
EEF
Case #84:
BBEC
DAAA
DAAA
Case #85:
ABCD
ABCD
ABCD
Case #86:
CCF
DDB
EEB
AAB
Case #87:
AA
Case #88:
B
A
Case #89:
EEBD
CCBD
AABD
Case #90:
KAF
IEF
JDB
GHC
Case #91:
AACC
BBCC
BBCC
Case #92:
EEEC
BAAC
DDDC
Case #93:
ILDF
CGJK
BAEH
Case #94:
AB
CB
Case #95:
AAJ
HGJ
ECI
DFB
Case #96:
ACEE
BBEE
BBDF
Case #97:
AA
AA
Case #98:
ABBCCDDEEFFF
Case #99:
EDDB
ACCB
ACCB
Case #100:
BBBB
AAAA
