Case #1: 4 3
+ 1 1
o 1 2
x 2 1
Case #2: 2 0
Case #3: 6 2
x 1 3
o 2 2
Case #4: 200 105
+ 1 2
+ 1 4
+ 1 11
+ 1 15
+ 1 19
+ 1 21
+ 1 57
+ 1 64
+ 1 66
o 1 73
+ 1 74
+ 2 8
+ 2 11
+ 2 64
+ 2 66
+ 2 68
+ 3 1
+ 3 8
+ 4 57
+ 4 75
+ 5 1
x 5 72
+ 6 1
+ 6 58
x 6 71
+ 7 1
+ 7 24
+ 7 26
+ 7 53
+ 7 75
+ 8 1
x 10 70
+ 13 1
+ 13 74
x 14 69
+ 14 71
+ 14 74
+ 16 74
+ 16 75
x 18 68
x 19 67
+ 20 1
+ 20 5
x 20 65
+ 22 1
+ 23 73
+ 24 2
x 24 55
+ 24 68
+ 24 69
+ 24 73
x 25 54
x 26 53
+ 26 68
+ 26 69
+ 27 2
+ 27 75
x 28 52
+ 30 2
x 30 51
x 32 50
+ 33 1
+ 35 1
x 35 45
+ 36 10
x 36 44
+ 36 75
x 37 37
+ 37 75
x 38 35
+ 39 1
x 39 34
+ 40 4
x 40 33
+ 41 1
+ 41 2
+ 41 4
+ 41 73
x 42 32
x 43 31
x 45 30
+ 45 73
x 46 28
+ 47 1
x 47 22
+ 49 1
+ 49 70
+ 49 72
+ 49 75
x 50 19
+ 51 1
x 51 16
+ 51 75
x 52 13
+ 53 4
x 53 12
x 61 11
x 68 9
x 72 8
x 73 4
x 74 2
+ 74 39
+ 74 41
+ 75 23
+ 75 28
Case #5: 200 109
+ 1 2
+ 1 3
+ 1 21
+ 1 23
+ 1 53
+ 1 59
+ 1 60
+ 1 71
o 1 76
+ 2 7
+ 2 10
+ 2 12
+ 2 16
+ 2 17
+ 2 26
+ 2 66
+ 2 68
+ 3 56
x 3 73
+ 3 76
+ 4 1
+ 5 1
+ 6 1
x 6 72
+ 7 1
x 7 70
x 8 69
+ 9 1
+ 9 76
+ 10 54
+ 13 69
x 14 68
+ 14 74
+ 15 76
+ 16 1
x 16 67
+ 17 67
+ 18 72
+ 19 1
x 19 65
+ 19 74
+ 19 76
x 20 64
x 21 62
+ 22 1
+ 25 1
+ 25 67
+ 26 1
x 26 59
+ 26 74
+ 27 4
x 27 58
+ 27 76
+ 28 1
x 28 57
+ 29 1
x 29 56
+ 29 75
+ 29 76
+ 31 1
+ 32 1
x 32 55
x 33 53
+ 34 74
+ 35 1
x 35 52
+ 37 1
+ 37 5
x 37 51
x 38 50
+ 38 74
+ 38 76
x 39 49
+ 40 73
x 41 48
+ 42 1
x 42 40
+ 42 76
+ 43 1
x 43 37
+ 43 68
x 44 35
+ 44 71
+ 44 72
x 45 34
x 46 32
+ 47 3
x 47 31
+ 47 76
x 50 30
+ 50 76
+ 51 1
x 51 28
x 52 26
x 54 24
x 57 23
x 58 21
x 59 19
x 60 15
x 64 13
x 66 10
x 68 9
x 70 6
x 71 5
x 72 3
+ 73 34
x 75 2
+ 75 21
x 76 1
Case #6: 264 148
+ 1 1
+ 1 4
+ 1 5
+ 1 11
+ 1 57
+ 1 96
+ 2 7
+ 2 11
+ 2 88
+ 2 91
+ 2 92
+ 2 93
+ 2 94
+ 3 16
x 3 96
+ 4 87
+ 4 88
+ 4 98
+ 5 98
+ 6 1
x 6 95
x 8 94
+ 9 1
+ 10 1
+ 10 31
+ 10 74
+ 10 79
x 10 92
+ 10 98
+ 11 28
+ 13 1
+ 13 94
+ 13 98
+ 14 1
+ 14 96
x 15 91
+ 16 1
x 16 89
+ 17 1
+ 17 3
+ 18 96
+ 19 31
+ 19 96
+ 20 1
x 20 88
+ 20 96
+ 21 1
x 21 86
+ 22 1
x 22 85
+ 23 1
x 23 84
x 24 83
+ 24 97
+ 24 98
+ 25 95
+ 27 1
+ 28 1
x 28 78
+ 29 1
x 29 76
+ 29 95
+ 29 97
+ 30 5
+ 30 7
+ 30 97
+ 31 2
+ 32 91
+ 33 1
+ 33 3
x 36 73
+ 36 98
+ 37 1
+ 38 93
+ 38 95
+ 38 98
+ 39 1
x 39 70
+ 40 98
+ 41 1
x 41 69
+ 42 1
x 43 68
+ 44 1
x 44 67
+ 46 1
+ 46 2
x 47 61
+ 48 91
+ 48 93
+ 48 97
x 49 59
x 50 58
+ 51 1
x 51 56
+ 51 95
+ 51 97
+ 52 1
x 54 51
+ 55 1
x 55 49
+ 56 1
x 56 46
+ 57 98
x 58 42
+ 59 1
x 60 41
+ 60 98
+ 61 96
x 62 40
+ 63 1
x 63 39
x 64 38
+ 64 80
+ 64 98
+ 66 86
+ 67 3
+ 67 94
+ 67 96
+ 68 7
+ 68 9
+ 68 11
x 68 36
x 69 33
+ 69 91
+ 69 95
+ 69 97
x 70 29
x 71 28
x 74 26
x 76 23
x 77 22
x 78 21
x 79 20
x 82 19
x 84 16
x 87 14
x 88 13
x 89 11
x 90 9
x 92 7
x 93 6
x 94 4
+ 94 41
x 95 3
x 97 2
+ 97 45
+ 98 32
Case #7: 127 0
Case #8: 250 134
+ 1 1
+ 1 6
+ 1 10
+ 1 16
+ 1 23
+ 1 24
+ 1 25
+ 1 56
+ 1 64
+ 1 65
+ 1 66
+ 1 68
+ 1 69
+ 1 74
+ 1 76
+ 1 88
+ 1 90
+ 1 91
o 1 93
+ 2 13
+ 2 20
+ 2 71
x 2 89
+ 3 1
+ 3 73
x 3 87
+ 3 94
+ 4 6
+ 4 14
+ 4 35
+ 4 39
+ 4 80
x 4 86
+ 5 1
+ 5 9
+ 5 11
+ 5 32
+ 5 77
+ 5 91
x 6 85
+ 6 94
+ 7 1
+ 8 1
+ 8 60
x 8 84
+ 10 36
+ 10 94
+ 11 1
+ 12 1
x 12 81
+ 12 93
x 13 79
x 14 77
+ 14 94
+ 15 92
+ 15 94
x 16 75
+ 16 90
+ 16 94
x 17 72
+ 19 1
+ 19 2
x 19 71
x 21 70
x 22 69
x 23 68
+ 23 94
x 24 64
+ 24 90
+ 27 1
+ 27 89
+ 28 1
+ 28 3
+ 29 1
x 29 63
x 30 62
x 31 56
x 32 55
+ 33 94
+ 34 1
+ 35 94
+ 37 1
x 37 52
+ 37 91
+ 37 94
+ 38 6
x 38 50
+ 38 94
+ 39 1
+ 40 1
x 40 49
x 43 48
x 44 47
+ 44 92
+ 44 94
x 46 46
+ 47 1
+ 47 2
x 47 45
+ 47 92
x 48 42
+ 48 94
+ 49 1
x 49 41
x 50 39
+ 51 94
+ 53 1
x 55 35
+ 55 94
+ 57 1
x 57 34
+ 57 94
x 58 33
+ 58 92
+ 58 94
+ 59 87
x 64 31
x 65 29
x 66 27
x 71 25
x 72 20
x 73 15
x 74 13
x 76 12
x 77 11
x 79 10
x 87 9
x 88 7
x 91 6
x 92 3
+ 92 34
+ 92 41
+ 93 50
x 94 2
Case #9: 298 292
+ 1 1
x 1 99
+ 1 100
+ 2 1
x 2 98
+ 2 100
+ 3 1
x 3 97
+ 3 100
+ 4 1
x 4 96
+ 4 100
+ 5 1
x 5 95
+ 5 100
+ 6 1
x 6 94
+ 6 100
+ 7 1
x 7 93
+ 7 100
+ 8 1
x 8 92
+ 8 100
+ 9 1
x 9 91
+ 9 100
+ 10 1
x 10 90
+ 10 100
+ 11 1
x 11 88
+ 11 100
+ 12 1
x 12 87
+ 12 100
+ 13 1
x 13 86
+ 13 100
+ 14 1
x 14 85
+ 14 100
+ 15 1
x 15 84
+ 15 100
+ 16 1
x 16 83
+ 16 100
+ 17 1
x 17 82
+ 17 100
+ 18 1
x 18 81
+ 18 100
+ 19 1
x 19 80
+ 19 100
+ 20 1
x 20 79
+ 20 100
+ 21 1
x 21 78
+ 21 100
+ 22 1
x 22 77
+ 22 100
+ 23 1
x 23 76
+ 23 100
+ 24 1
x 24 74
+ 24 100
+ 25 1
x 25 72
+ 25 100
+ 26 1
x 26 71
+ 26 100
+ 27 1
x 27 70
+ 27 100
+ 28 1
x 28 69
+ 28 100
+ 29 1
o 29 100
+ 30 1
x 30 68
+ 30 100
+ 31 1
x 31 67
+ 31 100
+ 32 1
x 32 66
+ 32 100
+ 33 1
x 33 65
+ 33 100
+ 34 1
x 34 64
+ 34 100
+ 35 1
x 35 63
+ 35 100
+ 36 1
x 36 62
+ 36 100
+ 37 1
x 37 61
+ 37 100
+ 38 1
x 38 60
+ 38 100
+ 39 1
x 39 59
+ 39 100
+ 40 1
x 40 58
+ 40 100
+ 41 1
x 41 57
+ 41 100
+ 42 1
x 42 56
+ 42 100
+ 43 1
x 43 55
+ 43 100
+ 44 1
x 44 54
+ 44 100
+ 45 1
x 45 53
+ 45 100
+ 46 1
x 46 52
+ 46 100
+ 47 1
x 47 51
+ 47 100
+ 48 1
x 48 50
+ 48 100
+ 49 1
x 49 49
+ 49 100
+ 50 1
x 50 48
+ 50 100
+ 51 1
x 51 47
+ 51 100
+ 52 1
x 52 46
+ 52 100
+ 53 1
x 53 45
+ 53 100
+ 54 1
x 54 44
+ 54 100
+ 55 1
x 55 43
+ 55 100
+ 56 1
+ 56 100
+ 57 1
x 57 42
+ 57 100
+ 58 1
x 58 41
+ 58 100
+ 59 1
x 59 40
+ 59 100
+ 60 1
x 60 39
+ 60 100
+ 61 1
x 61 38
+ 61 100
+ 62 1
x 62 37
+ 62 100
+ 63 1
x 63 36
+ 63 100
+ 64 1
x 64 35
+ 64 100
+ 65 1
x 65 34
+ 65 100
+ 66 1
x 66 33
+ 66 100
+ 67 1
x 67 32
+ 67 100
+ 68 1
x 68 31
+ 68 100
+ 69 1
x 69 30
+ 69 100
+ 70 1
x 70 29
+ 70 100
+ 71 1
x 71 28
+ 71 100
+ 72 1
x 72 27
+ 72 100
+ 73 1
x 73 26
+ 73 100
+ 74 1
+ 74 100
+ 75 1
x 75 24
+ 75 100
+ 76 1
+ 76 100
+ 77 1
x 77 23
+ 77 100
+ 78 1
x 78 22
+ 78 100
+ 79 1
x 79 21
+ 79 100
+ 80 1
x 80 20
+ 80 100
+ 81 1
+ 81 100
+ 82 1
x 82 19
+ 82 100
+ 83 1
x 83 18
+ 83 100
+ 84 1
x 84 17
+ 84 100
+ 85 1
x 85 16
+ 85 100
+ 86 1
x 86 15
+ 86 100
+ 87 1
x 87 14
+ 87 100
+ 88 1
x 88 13
+ 88 100
+ 89 1
x 89 12
+ 89 100
+ 90 1
x 90 11
+ 90 100
+ 91 1
x 91 10
+ 91 100
+ 92 1
x 92 9
+ 92 100
+ 93 1
x 93 7
+ 93 100
+ 94 1
x 94 6
+ 94 100
+ 95 1
+ 95 100
+ 96 1
x 96 5
+ 96 100
+ 97 1
x 97 4
+ 97 100
+ 98 1
x 98 3
+ 98 100
+ 99 1
x 99 2
+ 99 100
x 100 1
Case #10: 298 297
+ 1 1
o 1 100
+ 2 1
x 2 99
+ 2 100
+ 3 1
x 3 98
+ 3 100
+ 4 1
x 4 97
+ 4 100
+ 5 1
x 5 96
+ 5 100
+ 6 1
x 6 95
+ 6 100
+ 7 1
x 7 94
+ 7 100
+ 8 1
x 8 93
+ 8 100
+ 9 1
x 9 92
+ 9 100
+ 10 1
x 10 91
+ 10 100
+ 11 1
x 11 90
+ 11 100
+ 12 1
x 12 89
+ 12 100
+ 13 1
x 13 88
+ 13 100
+ 14 1
x 14 87
+ 14 100
+ 15 1
x 15 86
+ 15 100
+ 16 1
x 16 85
+ 16 100
+ 17 1
x 17 84
+ 17 100
+ 18 1
x 18 83
+ 18 100
+ 19 1
x 19 82
+ 19 100
+ 20 1
x 20 81
+ 20 100
+ 21 1
x 21 80
+ 21 100
+ 22 1
x 22 79
+ 22 100
+ 23 1
x 23 78
+ 23 100
+ 24 1
x 24 77
+ 24 100
+ 25 1
x 25 76
+ 25 100
+ 26 1
x 26 75
+ 26 100
+ 27 1
x 27 74
+ 27 100
+ 28 1
x 28 73
+ 28 100
+ 29 1
x 29 72
+ 29 100
+ 30 1
x 30 71
+ 30 100
+ 31 1
x 31 70
+ 31 100
+ 32 1
x 32 69
+ 32 100
+ 33 1
x 33 68
+ 33 100
+ 34 1
x 34 67
+ 34 100
+ 35 1
x 35 66
+ 35 100
+ 36 1
x 36 65
+ 36 100
+ 37 1
x 37 64
+ 37 100
+ 38 1
x 38 63
+ 38 100
+ 39 1
x 39 62
+ 39 100
+ 40 1
x 40 61
+ 40 100
+ 41 1
x 41 60
+ 41 100
+ 42 1
x 42 59
+ 42 100
+ 43 1
x 43 58
+ 43 100
+ 44 1
x 44 57
+ 44 100
+ 45 1
x 45 56
+ 45 100
+ 46 1
x 46 55
+ 46 100
+ 47 1
x 47 54
+ 47 100
+ 48 1
x 48 53
+ 48 100
+ 49 1
x 49 52
+ 49 100
+ 50 1
x 50 51
+ 50 100
+ 51 1
x 51 50
+ 51 100
+ 52 1
x 52 49
+ 52 100
+ 53 1
x 53 48
+ 53 100
+ 54 1
x 54 47
+ 54 100
+ 55 1
x 55 46
+ 55 100
+ 56 1
x 56 45
+ 56 100
+ 57 1
x 57 44
+ 57 100
+ 58 1
x 58 43
+ 58 100
+ 59 1
x 59 42
+ 59 100
+ 60 1
x 60 41
+ 60 100
+ 61 1
x 61 40
+ 61 100
+ 62 1
x 62 39
+ 62 100
+ 63 1
x 63 38
+ 63 100
+ 64 1
x 64 37
+ 64 100
+ 65 1
x 65 36
+ 65 100
+ 66 1
x 66 35
+ 66 100
+ 67 1
x 67 34
+ 67 100
+ 68 1
x 68 33
+ 68 100
+ 69 1
x 69 32
+ 69 100
+ 70 1
x 70 31
+ 70 100
+ 71 1
x 71 30
+ 71 100
+ 72 1
x 72 29
+ 72 100
+ 73 1
x 73 28
+ 73 100
+ 74 1
x 74 27
+ 74 100
+ 75 1
x 75 26
+ 75 100
+ 76 1
x 76 25
+ 76 100
+ 77 1
x 77 24
+ 77 100
+ 78 1
x 78 23
+ 78 100
+ 79 1
x 79 22
+ 79 100
+ 80 1
x 80 21
+ 80 100
+ 81 1
x 81 20
+ 81 100
+ 82 1
x 82 19
+ 82 100
+ 83 1
x 83 18
+ 83 100
+ 84 1
x 84 17
+ 84 100
+ 85 1
x 85 16
+ 85 100
+ 86 1
x 86 15
+ 86 100
+ 87 1
x 87 14
+ 87 100
+ 88 1
x 88 13
+ 88 100
+ 89 1
x 89 12
+ 89 100
+ 90 1
x 90 11
+ 90 100
+ 91 1
x 91 10
+ 91 100
+ 92 1
x 92 9
+ 92 100
+ 93 1
x 93 8
+ 93 100
+ 94 1
x 94 7
+ 94 100
+ 95 1
x 95 6
+ 95 100
+ 96 1
x 96 5
+ 96 100
+ 97 1
x 97 4
+ 97 100
+ 98 1
x 98 3
+ 98 100
+ 99 1
x 99 2
+ 99 100
x 100 1
Case #11: 248 138
+ 1 3
+ 1 19
+ 1 73
+ 1 74
+ 1 89
o 1 91
+ 1 94
+ 2 1
+ 2 3
+ 2 5
+ 2 10
+ 2 16
+ 2 60
+ 2 65
+ 2 70
+ 2 77
+ 2 79
+ 2 81
+ 2 84
x 3 89
+ 4 9
+ 4 54
x 4 86
+ 5 1
+ 5 59
+ 5 64
x 5 85
+ 5 94
x 6 84
+ 9 1
+ 9 2
+ 9 39
x 9 83
+ 9 94
+ 10 19
x 10 82
+ 10 94
+ 11 22
x 12 80
+ 13 1
+ 13 26
+ 13 94
+ 14 1
x 14 78
+ 14 92
+ 14 94
+ 15 1
+ 15 36
x 15 76
+ 16 1
x 17 75
+ 18 1
+ 20 1
x 20 74
+ 20 94
x 21 72
+ 21 88
+ 22 1
+ 23 92
+ 23 94
x 24 71
+ 24 94
+ 25 1
x 26 68
x 28 66
+ 28 92
+ 28 94
+ 29 1
x 29 63
+ 30 1
+ 30 91
+ 31 1
x 31 62
+ 32 6
+ 32 10
+ 33 13
x 33 61
+ 33 93
+ 34 1
x 34 60
+ 34 91
+ 35 1
x 35 59
+ 36 1
x 36 55
+ 36 87
+ 37 93
+ 38 93
x 39 54
+ 40 1
x 40 53
+ 41 94
+ 42 1
+ 42 94
+ 44 1
+ 46 1
x 46 50
+ 48 1
x 49 48
x 50 45
+ 51 92
+ 51 94
+ 52 1
+ 53 1
x 53 43
x 54 42
+ 54 86
+ 54 88
+ 54 92
+ 55 92
+ 55 94
+ 56 1
x 56 39
x 58 37
+ 58 81
+ 59 92
+ 60 1
+ 62 93
+ 63 2
x 63 36
+ 63 90
x 64 34
x 65 29
+ 65 94
x 67 27
x 71 24
x 74 23
x 75 21
x 80 20
x 82 19
x 84 17
x 86 8
x 87 7
x 88 5
x 89 2
+ 90 37
+ 91 41
x 94 1
Case #12: 124 61
+ 1 1
+ 1 40
+ 1 42
+ 1 46
+ 1 48
+ 2 1
+ 2 32
+ 3 1
+ 3 5
+ 3 7
+ 3 8
+ 4 1
+ 4 5
o 4 48
+ 5 1
+ 6 1
x 6 44
x 8 42
x 9 40
+ 10 46
+ 11 1
+ 11 17
+ 12 1
+ 14 1
+ 14 41
+ 14 47
+ 15 1
x 15 39
x 16 35
+ 17 1
x 17 32
+ 18 3
x 19 31
+ 19 47
+ 21 1
+ 22 1
+ 22 4
+ 23 1
x 24 29
+ 24 46
+ 24 48
x 25 28
x 27 25
x 28 24
+ 29 47
x 30 23
x 31 22
+ 31 43
x 32 21
+ 33 40
+ 33 42
x 34 19
x 36 17
x 39 14
x 40 10
x 41 9
x 42 8
x 44 6
+ 44 14
x 45 5
x 47 3
Case #13: 281 209
o 1 4
+ 1 100
+ 2 95
+ 2 98
+ 2 100
o 3 100
+ 4 12
x 4 99
+ 5 1
+ 5 7
+ 5 9
+ 5 100
x 6 96
+ 6 98
+ 6 100
+ 7 1
+ 8 1
+ 9 1
+ 9 98
+ 9 100
+ 10 98
+ 10 100
x 11 94
x 12 93
x 13 92
+ 13 98
+ 13 100
x 14 91
+ 14 98
+ 14 100
x 15 90
x 16 88
+ 17 1
x 17 86
+ 17 100
+ 18 1
+ 18 98
+ 18 100
x 19 85
x 20 84
+ 21 2
x 21 83
+ 21 98
+ 21 100
x 22 82
+ 22 98
+ 22 100
x 23 80
x 24 79
+ 25 1
x 25 77
+ 25 98
+ 25 100
+ 26 4
x 26 76
+ 26 100
+ 27 1
x 27 75
+ 28 1
+ 29 98
+ 29 100
+ 30 1
x 30 74
+ 30 98
+ 30 100
x 31 73
x 32 72
x 33 70
+ 33 98
+ 33 100
+ 34 1
+ 34 3
+ 35 1
x 35 69
+ 35 99
+ 37 1
+ 37 98
+ 37 100
x 38 68
+ 38 98
+ 38 100
+ 39 1
x 39 65
x 40 64
+ 41 98
+ 41 100
x 42 63
+ 42 100
x 43 62
x 44 60
x 45 59
+ 45 98
+ 45 100
o 46 98
+ 46 100
+ 47 2
+ 48 2
x 49 58
+ 49 98
+ 49 100
+ 50 1
x 50 57
+ 51 1
x 51 54
+ 51 99
+ 52 1
+ 53 1
x 53 53
x 54 52
+ 54 98
+ 54 99
+ 54 100
+ 55 1
x 55 50
+ 56 1
x 56 49
x 57 47
+ 57 98
+ 57 100
+ 58 1
x 58 45
+ 58 98
+ 58 100
+ 60 1
x 60 43
+ 61 1
+ 61 98
+ 61 100
x 62 41
+ 62 98
+ 62 100
+ 63 1
x 63 40
+ 64 1
x 64 39
+ 65 1
x 65 38
+ 66 1
x 66 36
+ 66 98
+ 66 99
+ 66 100
x 67 35
+ 69 1
+ 69 26
x 69 33
+ 69 100
+ 70 1
x 70 32
+ 70 98
+ 70 100
+ 71 1
+ 73 2
+ 73 20
x 73 30
+ 74 7
x 74 29
+ 75 1
+ 75 14
x 75 28
+ 75 99
x 76 26
+ 77 1
x 77 24
+ 77 98
+ 77 100
+ 78 37
+ 78 98
+ 78 100
+ 79 1
x 79 23
+ 79 94
x 80 22
+ 81 1
x 81 21
+ 81 98
+ 81 100
x 82 20
+ 82 100
+ 83 1
x 83 19
x 84 18
+ 84 100
+ 85 13
x 85 17
x 86 16
x 87 14
+ 88 2
x 88 13
+ 88 98
+ 89 5
x 89 12
+ 90 58
x 91 11
+ 92 79
x 93 10
x 94 9
+ 95 29
+ 95 37
+ 95 56
+ 95 72
+ 96 76
x 97 7
x 98 6
+ 98 42
x 99 3
+ 99 81
x 100 1
+ 100 63
Case #14: 242 0
Case #15: 227 126
+ 1 10
+ 1 73
+ 1 74
+ 1 75
+ 1 78
+ 1 84
+ 2 1
o 2 5
+ 2 65
+ 2 66
+ 2 84
+ 3 1
+ 3 11
x 3 82
+ 4 1
+ 4 14
+ 4 62
+ 4 66
+ 4 84
+ 5 1
+ 6 18
+ 6 20
x 6 80
+ 6 84
+ 7 1
+ 7 57
+ 7 64
x 7 77
+ 8 84
+ 9 63
x 9 74
+ 9 84
+ 10 2
x 11 73
+ 12 1
x 12 72
+ 13 82
+ 13 84
+ 14 1
+ 14 80
+ 15 1
x 15 70
x 16 69
x 17 66
+ 18 1
x 21 65
+ 24 1
+ 24 3
x 24 64
+ 24 79
+ 25 84
+ 27 1
+ 27 12
+ 28 1
+ 28 76
+ 29 73
+ 30 1
x 30 63
+ 30 83
x 31 62
x 32 61
+ 32 84
+ 33 84
x 34 57
+ 34 74
+ 35 1
+ 35 2
x 35 54
+ 35 77
+ 37 1
x 37 53
x 38 51
+ 38 83
+ 39 1
x 39 46
+ 40 1
+ 40 8
+ 40 10
x 40 43
x 41 39
+ 42 1
+ 43 3
+ 43 84
x 44 38
x 45 33
+ 45 79
+ 48 1
x 48 32
+ 48 83
x 49 31
x 50 28
+ 51 84
+ 52 1
+ 52 81
+ 52 84
+ 53 1
+ 54 1
x 54 25
+ 55 1
+ 56 1
x 58 24
+ 59 1
+ 59 3
x 59 23
+ 59 70
x 60 21
+ 60 84
x 61 16
+ 61 80
+ 61 81
+ 61 82
+ 61 84
+ 62 1
+ 62 78
+ 63 6
+ 63 76
x 65 15
x 66 14
x 68 13
x 69 12
x 70 9
x 71 3
+ 82 37
x 83 1
+ 83 40
+ 84 34
Case #16: 190 0
Case #17: 233 0
Case #18: 108 57
+ 1 33
+ 1 39
+ 1 41
+ 2 1
+ 2 35
+ 2 37
x 2 39
+ 3 4
x 3 34
+ 4 1
+ 4 9
+ 4 11
+ 4 31
+ 5 1
+ 7 13
x 7 32
+ 8 1
+ 9 1
+ 9 3
x 9 31
+ 10 1
x 10 30
+ 10 39
+ 10 41
x 12 29
+ 13 1
x 14 28
+ 14 40
+ 15 1
+ 16 1
x 16 26
+ 16 39
+ 16 41
+ 17 41
+ 18 1
x 19 25
+ 20 39
+ 20 40
+ 20 41
+ 21 1
+ 22 1
o 22 22
+ 23 41
+ 26 3
x 26 20
+ 27 41
+ 28 2
x 29 13
+ 29 37
+ 29 38
x 30 12
x 32 9
x 34 8
x 37 4
x 40 1
+ 40 16
+ 41 22
Case #19: 144 0
Case #20: 76 42
+ 1 2
+ 1 12
+ 1 14
+ 1 23
+ 1 26
+ 1 27
+ 1 28
+ 2 9
+ 2 16
+ 2 18
x 2 29
x 3 28
+ 4 1
+ 5 1
x 5 25
+ 5 29
x 6 23
x 7 20
+ 7 26
+ 8 1
x 8 18
+ 8 29
x 9 14
+ 9 29
x 12 13
+ 12 24
+ 12 29
+ 13 1
x 13 12
x 14 11
+ 15 1
+ 18 1
+ 19 3
+ 20 1
x 21 6
x 23 5
x 25 4
x 26 2
x 29 1
+ 29 14
+ 29 19
+ 29 21
Case #21: 284 254
+ 1 98
+ 1 99
o 1 100
+ 2 1
+ 2 9
x 2 99
+ 3 1
x 3 98
+ 4 5
x 4 97
+ 4 98
+ 4 100
+ 5 1
x 5 96
+ 5 98
+ 5 100
+ 6 1
x 6 95
+ 7 1
+ 7 9
x 7 94
x 8 93
+ 8 98
+ 8 100
+ 9 1
x 9 92
+ 9 98
+ 9 100
x 10 91
+ 11 1
x 11 90
+ 12 21
+ 12 23
x 12 89
+ 12 98
+ 12 100
+ 13 1
+ 13 2
x 13 88
+ 13 98
+ 13 100
x 14 87
x 15 86
x 16 85
+ 16 98
+ 16 100
x 17 84
+ 17 98
+ 17 100
+ 18 1
+ 18 2
x 18 83
x 19 82
+ 20 1
x 20 81
+ 20 98
+ 20 100
x 21 80
+ 21 98
+ 21 100
x 22 79
+ 23 2
+ 23 8
x 23 78
x 24 77
+ 24 98
+ 24 100
+ 25 1
x 25 76
+ 25 98
+ 25 100
+ 26 1
x 26 75
+ 27 1
x 27 74
x 28 73
+ 28 98
+ 28 100
+ 29 1
x 29 72
+ 29 98
+ 29 100
x 30 71
+ 31 1
x 31 70
x 32 69
+ 32 98
+ 32 100
x 33 68
+ 33 98
+ 33 100
x 34 67
+ 35 1
x 35 66
+ 36 1
x 36 65
+ 36 98
+ 36 100
+ 37 1
x 37 64
+ 37 98
+ 37 100
x 38 63
+ 39 1
x 39 62
x 40 61
+ 40 100
x 41 60
+ 41 98
+ 41 100
x 42 59
+ 42 100
+ 43 1
x 43 58
x 44 57
+ 45 1
x 45 56
+ 46 1
x 46 55
+ 47 1
x 47 54
x 48 53
+ 48 98
+ 48 100
+ 49 1
x 49 52
+ 49 98
+ 49 100
+ 50 1
x 50 51
+ 51 1
x 51 50
+ 52 1
x 52 49
+ 52 98
+ 52 100
+ 53 1
x 53 48
+ 53 98
+ 53 100
+ 54 1
x 54 47
+ 55 1
x 55 46
x 56 45
+ 56 98
+ 56 100
+ 57 1
x 57 44
+ 57 98
+ 57 100
+ 58 1
+ 58 3
x 58 43
+ 59 1
x 59 42
x 60 41
+ 60 98
+ 60 100
+ 61 1
x 61 40
+ 61 98
+ 61 100
x 62 39
x 63 38
+ 64 1
x 64 37
+ 64 98
+ 64 100
+ 65 1
x 65 36
+ 66 1
x 66 35
+ 66 99
+ 67 1
x 67 34
x 68 33
+ 69 1
+ 69 26
x 69 32
+ 69 99
+ 70 23
x 70 31
+ 71 1
x 71 30
x 72 29
+ 72 98
+ 72 100
+ 73 1
x 73 28
+ 73 98
+ 73 100
+ 74 1
x 74 27
x 75 26
+ 76 1
+ 76 15
x 76 25
+ 76 100
+ 77 1
x 77 24
+ 77 90
+ 77 92
+ 77 98
+ 77 100
+ 78 7
+ 78 9
+ 78 11
x 78 23
+ 79 1
+ 79 2
x 79 22
x 80 21
+ 80 100
x 81 20
+ 81 98
+ 81 100
x 82 19
+ 83 1
x 83 18
+ 84 10
x 84 17
+ 84 98
+ 84 100
+ 85 1
x 85 16
+ 86 6
x 86 15
+ 87 1
x 87 14
+ 87 91
x 88 13
+ 88 100
+ 89 1
x 89 12
+ 89 97
x 90 11
x 91 10
x 92 9
+ 92 51
+ 92 52
+ 92 53
x 93 8
x 94 7
x 95 6
x 96 5
x 97 4
+ 97 77
x 98 3
x 99 2
+ 99 67
x 100 1
+ 100 38
+ 100 63
Case #22: 177 0
Case #23: 30 15
+ 1 5
x 1 12
+ 2 1
+ 2 9
+ 2 12
+ 3 4
+ 3 12
+ 4 1
x 4 9
x 5 7
+ 7 1
+ 7 12
x 8 6
x 11 5
+ 12 5
Case #24: 285 185
+ 1 99
+ 1 100
+ 2 1
+ 2 97
x 2 100
+ 3 1
+ 3 8
+ 3 9
+ 3 100
+ 4 1
+ 4 98
+ 4 100
+ 6 1
x 6 96
+ 7 98
+ 7 100
+ 8 1
+ 8 2
+ 8 98
+ 8 100
+ 11 98
+ 11 100
+ 12 1
+ 12 98
+ 12 100
+ 13 1
+ 15 1
x 15 94
+ 15 98
+ 15 100
+ 16 1
+ 16 98
+ 16 100
+ 17 1
x 19 93
+ 19 98
+ 19 100
+ 20 98
+ 20 100
+ 21 1
+ 22 1
+ 23 98
+ 23 100
+ 24 1
x 24 91
+ 24 98
+ 24 100
+ 26 2
x 26 82
+ 27 98
+ 27 100
+ 28 1
+ 28 98
+ 28 100
x 30 79
+ 31 1
+ 31 12
+ 31 98
+ 31 100
+ 32 1
+ 32 3
x 32 78
+ 32 98
+ 32 100
x 34 74
x 35 72
+ 35 98
+ 35 100
+ 36 1
x 36 71
+ 37 1
+ 37 99
+ 38 1
+ 39 1
x 39 70
+ 39 98
+ 39 100
+ 40 1
+ 41 99
+ 43 1
x 43 67
+ 43 98
+ 43 100
+ 44 1
x 44 63
+ 44 98
+ 44 100
+ 45 1
+ 46 6
+ 47 1
+ 47 98
+ 47 100
+ 48 1
x 48 60
+ 48 98
+ 48 100
+ 49 1
+ 51 98
+ 51 100
+ 52 1
+ 52 98
+ 52 100
+ 53 1
x 53 59
+ 55 100
+ 56 1
+ 56 98
+ 56 100
+ 57 1
+ 57 100
+ 59 1
+ 59 100
+ 60 1
+ 60 98
+ 60 100
+ 61 100
+ 62 1
x 62 57
x 63 56
+ 63 100
+ 64 1
+ 64 2
x 64 50
+ 64 98
+ 64 100
+ 67 98
+ 67 100
+ 68 1
+ 68 100
+ 69 1
+ 70 100
+ 71 98
+ 71 100
+ 72 1
+ 72 23
x 72 39
o 73 20
+ 73 99
+ 74 17
+ 75 1
x 75 37
+ 75 100
+ 76 1
x 76 29
+ 76 100
+ 77 1
x 77 26
+ 79 1
+ 79 10
x 79 24
+ 79 100
+ 80 1
+ 80 8
+ 80 98
+ 80 100
+ 81 1
+ 81 4
+ 82 1
+ 82 12
+ 82 16
x 82 17
+ 83 1
x 83 13
+ 85 1
x 85 12
+ 85 99
+ 86 95
+ 86 97
x 87 11
+ 88 98
+ 88 100
o 89 1
x 94 10
x 95 9
+ 95 78
+ 95 82
+ 96 42
x 97 8
+ 97 37
x 98 6
+ 98 76
x 99 2
+ 99 54
+ 100 66
+ 100 82
Case #25: 266 171
x 1 100
x 2 99
+ 2 100
x 3 98
+ 3 100
x 4 97
+ 4 100
x 5 96
+ 5 100
x 6 95
+ 6 100
x 7 94
+ 7 100
x 8 93
+ 8 100
x 9 92
+ 9 100
x 10 91
+ 10 100
x 11 90
+ 11 100
x 12 89
+ 12 100
x 13 88
+ 13 100
x 14 87
+ 14 100
x 15 86
+ 15 100
x 16 85
+ 16 100
x 17 84
+ 17 100
x 18 83
x 19 82
+ 19 100
x 20 81
+ 20 98
+ 20 100
x 21 80
+ 21 100
x 22 79
x 23 78
+ 23 100
x 24 77
+ 24 100
x 25 76
+ 25 100
x 26 75
x 27 74
+ 27 100
x 28 73
+ 28 100
x 29 72
+ 29 100
x 30 71
x 31 70
x 32 69
+ 32 98
+ 32 100
x 33 68
x 34 67
x 35 66
+ 35 100
x 36 65
x 37 64
x 38 63
x 39 62
x 40 61
+ 40 98
+ 40 99
+ 40 100
x 41 60
x 42 59
x 43 58
x 44 57
+ 44 99
x 45 56
+ 45 99
x 46 55
x 47 54
x 48 53
+ 48 98
+ 48 100
x 49 52
x 50 51
x 51 50
+ 51 100
x 52 49
x 53 48
+ 53 99
+ 53 100
x 54 47
x 55 46
+ 55 100
x 56 45
x 57 44
x 58 43
x 59 42
x 60 41
x 61 40
x 62 39
x 63 38
x 64 37
+ 64 99
x 65 36
x 66 35
x 67 34
x 68 33
+ 68 99
+ 68 100
x 69 32
+ 69 97
x 70 31
+ 70 92
+ 70 94
x 71 30
+ 71 98
+ 71 100
x 72 29
x 73 28
+ 73 87
x 74 27
x 75 26
x 76 25
x 77 24
+ 77 98
x 78 23
x 79 22
x 80 21
x 81 20
o 82 19
x 83 18
x 84 17
x 85 16
x 86 15
x 87 14
x 88 13
x 89 12
x 90 11
x 91 10
x 92 9
+ 92 30
+ 92 64
+ 92 66
x 93 8
+ 93 33
+ 93 61
x 94 7
x 95 6
+ 95 41
x 96 5
+ 96 38
x 97 4
+ 97 45
x 98 3
+ 98 67
x 99 2
+ 99 32
+ 99 34
+ 99 38
+ 99 42
+ 99 58
+ 99 60
+ 99 62
x 100 1
+ 100 45
+ 100 47
+ 100 49
+ 100 50
+ 100 73
Case #26: 141 81
+ 1 1
+ 1 2
+ 1 39
+ 1 40
+ 1 43
+ 1 46
o 1 53
+ 1 54
+ 2 4
+ 2 14
+ 2 48
+ 3 1
+ 3 21
x 3 51
+ 3 54
+ 4 1
+ 4 39
+ 4 52
+ 4 54
+ 5 12
x 5 50
+ 5 54
+ 6 1
+ 6 15
x 6 48
+ 7 1
+ 7 38
+ 7 54
+ 8 1
+ 8 19
+ 9 1
x 9 45
+ 10 1
+ 11 54
+ 12 1
+ 12 2
x 12 44
x 13 40
+ 14 1
+ 14 54
x 15 36
x 16 34
+ 17 54
+ 18 1
x 18 33
+ 18 51
+ 18 54
x 19 31
x 20 30
+ 21 1
x 21 28
x 22 27
+ 24 1
x 24 25
+ 24 54
+ 25 54
+ 27 1
x 27 24
+ 27 49
+ 28 1
+ 28 4
x 28 23
x 31 22
+ 32 1
x 32 21
+ 32 51
+ 33 1
+ 33 54
x 34 20
x 35 19
o 36 17
x 38 16
x 39 15
x 42 14
x 43 10
x 47 9
x 48 4
+ 51 22
x 52 3
x 53 2
x 54 1
Case #27: 298 256
+ 1 1
x 1 99
+ 1 100
+ 2 1
x 2 97
+ 2 100
+ 3 1
+ 3 100
+ 4 1
x 4 95
+ 4 100
+ 5 1
+ 5 100
+ 6 1
x 6 94
+ 6 100
+ 7 1
x 7 93
+ 7 100
+ 8 1
x 8 90
+ 8 100
+ 9 1
+ 9 100
+ 10 1
x 10 87
+ 10 100
+ 11 1
x 11 85
+ 11 100
+ 12 1
+ 12 100
+ 13 1
x 13 84
+ 13 100
+ 14 1
x 14 82
+ 14 100
+ 15 1
x 15 81
+ 15 100
+ 16 1
x 16 80
+ 16 100
+ 17 1
x 17 78
+ 17 100
+ 18 1
x 18 76
+ 18 100
+ 19 1
x 19 74
+ 19 100
+ 20 1
+ 20 100
+ 21 1
x 21 73
+ 21 100
+ 22 1
+ 22 100
+ 23 1
+ 23 100
+ 24 1
+ 24 100
+ 25 1
+ 25 100
+ 26 1
x 26 68
+ 26 100
+ 27 1
+ 27 100
+ 28 1
x 28 67
+ 28 100
+ 29 1
+ 29 100
+ 30 1
x 30 65
+ 30 100
+ 31 1
x 31 63
+ 31 100
+ 32 1
+ 32 100
+ 33 1
x 33 62
+ 33 100
+ 34 1
+ 34 100
+ 35 1
x 35 61
+ 35 100
+ 36 1
o 36 100
+ 37 1
+ 37 100
+ 38 1
x 38 59
+ 38 100
+ 39 1
x 39 58
+ 39 100
+ 40 1
x 40 56
+ 40 100
+ 41 1
x 41 54
+ 41 100
+ 42 1
+ 42 100
+ 43 1
x 43 53
+ 43 100
+ 44 1
x 44 52
+ 44 100
+ 45 1
x 45 51
+ 45 100
+ 46 1
+ 46 100
+ 47 1
x 47 48
+ 47 100
+ 48 1
+ 48 100
+ 49 1
x 49 47
+ 49 100
+ 50 1
x 50 45
+ 50 100
+ 51 1
x 51 41
+ 51 100
+ 52 1
+ 52 100
+ 53 1
x 53 40
+ 53 100
+ 54 1
+ 54 100
+ 55 1
x 55 39
+ 55 100
+ 56 1
x 56 36
+ 56 100
+ 57 1
x 57 35
+ 57 100
+ 58 1
+ 58 100
+ 59 1
x 59 30
+ 59 100
+ 60 1
+ 60 100
+ 61 1
x 61 29
+ 61 100
+ 62 1
+ 62 100
+ 63 1
+ 63 100
+ 64 1
x 64 28
+ 64 100
+ 65 1
+ 65 100
+ 66 1
x 66 27
+ 66 100
+ 67 1
x 67 26
+ 67 100
+ 68 1
+ 68 100
+ 69 1
+ 69 100
+ 70 1
+ 70 100
+ 71 1
+ 71 100
+ 72 1
x 72 24
+ 72 100
+ 73 1
+ 73 100
+ 74 1
x 74 22
+ 74 100
+ 75 1
x 75 21
+ 75 100
+ 76 1
+ 76 100
+ 77 1
+ 77 100
+ 78 1
+ 78 100
+ 79 1
x 79 15
+ 79 100
+ 80 1
x 80 14
+ 80 100
+ 81 1
+ 81 100
+ 82 1
+ 82 100
+ 83 1
x 83 13
+ 83 100
+ 84 1
+ 84 100
+ 85 1
+ 85 100
+ 86 1
+ 86 100
+ 87 1
x 87 12
+ 87 100
+ 88 1
x 88 11
+ 88 100
+ 89 1
x 89 10
+ 89 100
+ 90 1
+ 90 100
+ 91 1
x 91 9
+ 91 100
+ 92 1
+ 92 100
+ 93 1
x 93 7
+ 93 100
+ 94 1
x 94 6
+ 94 100
+ 95 1
x 95 5
+ 95 100
+ 96 1
x 96 4
+ 96 100
+ 97 1
x 97 2
+ 97 100
+ 98 1
+ 98 100
+ 99 1
+ 99 100
x 100 1
Case #28: 7 6
+ 1 1
o 1 3
+ 2 1
x 2 2
+ 2 3
x 3 1
Case #29: 284 183
+ 1 98
+ 1 99
o 1 100
+ 3 2
x 3 97
+ 4 8
x 4 96
+ 4 98
+ 4 100
+ 5 1
x 5 89
+ 5 98
+ 5 100
+ 6 12
x 7 84
+ 8 98
+ 8 100
+ 9 1
+ 9 98
+ 9 100
+ 10 13
x 10 83
x 12 82
+ 12 98
+ 12 100
+ 13 1
+ 13 98
+ 13 100
+ 14 1
+ 16 1
+ 16 5
+ 16 98
+ 16 100
+ 17 98
+ 17 100
x 18 78
+ 20 98
+ 20 100
+ 21 98
+ 21 100
x 22 70
+ 23 1
x 23 68
+ 24 98
+ 24 100
+ 25 1
+ 25 98
+ 25 100
x 26 66
+ 27 2
x 27 65
+ 28 98
+ 28 100
x 29 62
+ 29 98
+ 29 100
x 30 61
+ 31 1
+ 32 1
x 32 59
+ 32 98
+ 32 100
+ 33 98
+ 33 100
+ 34 1
x 34 55
+ 35 1
x 35 51
+ 36 1
+ 36 8
x 36 50
+ 36 98
+ 36 100
+ 37 1
+ 37 100
o 38 1
+ 39 1
+ 39 100
x 40 48
+ 40 98
+ 40 100
+ 41 1
+ 41 100
+ 42 1
+ 42 13
x 42 46
+ 43 4
+ 44 1
+ 44 98
+ 44 100
+ 45 1
+ 45 98
+ 45 100
x 47 45
+ 48 1
+ 48 100
+ 49 98
+ 49 100
+ 50 1
+ 50 100
+ 51 1
+ 51 3
+ 52 1
x 52 43
+ 52 100
+ 53 98
+ 53 100
+ 54 100
+ 56 1
x 56 42
+ 56 100
+ 57 1
+ 57 98
+ 57 100
+ 58 1
+ 58 100
+ 60 1
x 60 38
+ 60 100
+ 61 1
+ 61 98
+ 61 100
x 62 36
+ 62 100
+ 63 1
+ 64 100
+ 65 1
+ 65 98
+ 65 100
+ 66 100
+ 68 1
x 68 35
+ 68 100
+ 69 1
x 69 34
+ 69 98
+ 69 100
x 70 32
+ 70 100
+ 71 1
+ 72 1
x 72 30
+ 73 1
+ 74 1
+ 74 99
x 75 26
+ 76 1
+ 77 19
+ 77 99
+ 78 12
x 78 25
+ 78 99
+ 79 1
+ 80 1
x 80 23
+ 80 98
+ 80 100
+ 81 1
+ 81 16
+ 81 98
+ 81 100
+ 82 1
+ 82 6
+ 82 13
x 82 17
+ 82 92
+ 82 93
+ 83 1
x 83 15
+ 84 1
+ 84 7
+ 84 98
+ 84 100
+ 85 98
+ 85 100
x 90 14
x 94 10
x 96 9
+ 96 76
x 97 5
+ 97 74
+ 99 36
+ 100 46
Case #30: 280 207
+ 1 4
+ 1 93
+ 1 98
o 1 100
x 2 98
+ 2 100
x 3 96
+ 4 11
+ 4 100
+ 5 98
+ 5 100
x 6 95
+ 6 100
+ 7 13
x 7 94
+ 8 1
x 9 91
+ 9 98
+ 9 100
x 10 90
+ 10 98
+ 10 100
+ 11 1
+ 12 6
x 12 86
+ 13 1
+ 13 98
+ 13 100
x 14 85
+ 14 98
+ 14 100
+ 15 1
x 15 84
+ 16 1
x 16 83
x 17 82
+ 17 98
+ 17 100
+ 18 1
x 18 81
+ 18 98
+ 18 100
x 19 80
x 20 78
+ 21 98
+ 21 100
x 22 76
x 23 73
+ 23 99
+ 24 1
x 24 72
+ 25 1
+ 25 100
x 26 71
+ 26 98
+ 26 100
x 27 69
x 29 68
+ 29 98
+ 29 100
+ 30 1
x 30 67
+ 30 98
+ 30 100
x 31 66
x 32 65
+ 33 1
+ 33 100
+ 34 1
x 34 64
+ 34 100
+ 35 1
x 35 63
+ 36 1
x 36 62
+ 38 2
+ 38 99
+ 38 100
+ 40 1
x 40 61
+ 40 100
x 41 60
+ 41 100
+ 42 1
x 42 59
+ 42 100
+ 43 1
x 43 58
x 44 57
+ 44 100
+ 45 1
+ 45 2
x 45 56
+ 45 98
+ 45 100
x 46 55
+ 46 100
+ 47 1
x 47 54
+ 48 1
+ 48 8
x 48 53
+ 48 100
x 49 51
+ 50 1
+ 50 2
x 50 50
+ 50 100
x 51 49
+ 51 100
x 52 47
+ 52 100
+ 53 1
x 53 46
+ 53 100
x 55 45
+ 55 100
+ 57 1
+ 58 98
+ 58 99
+ 58 100
+ 59 1
x 59 44
+ 61 1
x 61 42
+ 61 98
+ 61 100
x 62 41
+ 62 98
+ 62 100
+ 63 1
x 63 40
x 64 39
x 65 38
+ 65 98
+ 65 100
+ 66 1
x 66 37
x 67 36
+ 67 99
x 68 34
+ 69 1
x 69 33
+ 69 100
x 70 32
+ 71 1
x 71 31
+ 71 99
+ 71 100
x 72 30
x 73 29
x 74 28
+ 74 100
+ 75 1
x 75 27
+ 76 1
x 76 26
+ 77 1
x 77 25
+ 78 1
x 78 24
+ 78 98
+ 78 99
+ 78 100
+ 79 1
+ 79 6
+ 79 8
x 79 22
x 80 20
+ 81 12
x 81 18
+ 81 91
+ 82 15
x 82 17
+ 82 98
+ 82 100
x 83 15
+ 84 2
x 84 14
+ 85 5
x 85 13
x 86 12
+ 86 95
x 88 10
x 92 8
+ 92 62
+ 93 30
+ 93 71
x 94 6
+ 94 74
x 95 5
+ 96 24
+ 96 35
x 97 4
+ 97 38
x 98 3
+ 98 41
x 99 2
+ 99 33
+ 99 68
x 100 1
+ 100 36
+ 100 47
+ 100 49
+ 100 73
+ 100 75
+ 100 79
Case #31: 265 169
x 1 100
x 2 99
+ 2 100
x 3 98
+ 3 100
x 4 97
+ 4 100
x 5 96
+ 5 100
x 6 95
+ 6 100
x 7 94
+ 7 100
x 8 93
+ 8 100
x 9 92
+ 9 100
x 10 91
+ 10 100
x 11 90
+ 11 100
x 12 89
+ 12 100
x 13 88
+ 13 100
x 14 87
+ 14 100
x 15 86
+ 15 100
x 16 85
+ 16 100
x 17 84
x 18 83
+ 18 100
x 19 82
x 20 81
+ 20 100
x 21 80
x 22 79
+ 22 99
+ 22 100
x 23 78
x 24 77
x 25 76
x 26 75
+ 26 99
x 27 74
+ 27 99
x 28 73
x 29 72
x 30 71
+ 30 99
x 31 70
+ 31 99
x 32 69
x 33 68
+ 33 98
+ 33 100
x 34 67
+ 34 98
+ 34 100
x 35 66
x 36 65
x 37 64
x 38 63
+ 38 98
+ 38 99
+ 38 100
x 39 62
o 40 61
x 41 60
+ 41 100
x 42 59
x 43 58
+ 43 99
x 44 57
x 45 56
x 46 55
+ 46 99
+ 46 100
x 47 54
x 48 53
+ 48 100
x 49 52
+ 49 98
+ 49 100
x 50 51
x 51 50
x 52 49
x 53 48
+ 53 100
x 54 47
+ 54 98
+ 54 100
x 55 46
x 56 45
x 57 44
+ 57 100
x 58 43
x 59 42
+ 59 99
x 60 41
x 61 40
x 62 39
+ 62 100
x 63 38
x 64 37
+ 64 100
x 65 36
x 66 35
+ 66 100
x 67 34
x 68 33
x 69 32
x 70 31
+ 70 99
x 71 30
x 72 29
+ 72 95
x 73 28
+ 73 92
+ 73 98
+ 73 100
x 74 27
x 75 26
x 76 25
x 77 24
x 78 23
x 79 22
x 80 21
x 81 20
x 82 19
x 83 18
x 84 17
x 85 16
x 86 15
x 87 14
x 88 13
x 89 12
+ 89 74
x 90 11
x 91 10
x 92 9
x 93 8
+ 93 24
+ 93 26
+ 93 31
x 94 7
+ 94 29
+ 94 33
+ 94 34
x 95 6
x 96 5
+ 96 43
+ 96 47
x 97 4
+ 97 38
+ 97 64
x 98 3
+ 98 42
+ 98 57
+ 98 58
x 99 2
+ 99 45
+ 99 51
+ 99 52
+ 99 60
+ 99 61
x 100 1
Case #32: 116 0
Case #33: 92 47
+ 1 2
+ 1 3
+ 1 4
+ 1 23
+ 1 33
+ 1 34
+ 1 35
o 1 36
+ 2 12
+ 2 20
x 2 30
+ 3 27
+ 3 30
+ 5 1
x 5 29
+ 5 36
+ 6 1
+ 7 32
+ 7 36
+ 8 1
x 8 28
+ 8 36
x 9 27
+ 10 1
+ 11 1
x 11 26
+ 11 34
+ 12 1
+ 14 1
x 14 22
x 15 21
+ 16 1
x 20 19
x 21 15
+ 22 3
x 22 13
+ 23 32
+ 23 34
x 24 12
+ 24 36
x 25 10
x 26 8
x 29 7
x 31 6
+ 31 15
x 34 4
x 35 1
Case #34: 292 281
o 1 100
+ 2 1
+ 2 97
+ 2 98
x 2 99
+ 2 100
+ 3 1
x 3 98
+ 3 100
+ 4 1
+ 4 8
+ 4 10
x 4 97
x 5 96
+ 6 1
x 6 95
+ 6 98
+ 6 100
x 7 94
+ 7 98
+ 7 100
x 8 93
+ 9 1
x 9 92
+ 10 1
x 10 91
+ 10 98
+ 10 100
x 11 90
+ 11 98
+ 11 100
+ 12 1
x 12 89
x 13 88
+ 14 1
x 14 87
+ 14 98
+ 14 100
x 15 86
+ 15 98
+ 15 100
+ 16 1
x 16 85
+ 17 1
x 17 84
+ 18 1
x 18 83
+ 18 98
+ 18 100
+ 19 1
x 19 82
+ 19 98
+ 19 100
+ 20 1
x 20 81
x 21 80
+ 22 1
x 22 79
+ 22 98
+ 22 100
+ 23 1
x 23 78
+ 23 98
+ 23 100
+ 24 1
x 24 77
+ 25 1
x 25 76
+ 26 1
x 26 75
+ 26 98
+ 26 100
x 27 74
+ 27 98
+ 27 100
+ 28 1
x 28 73
+ 29 1
x 29 72
+ 30 1
x 30 71
+ 30 98
+ 30 100
+ 31 1
x 31 70
+ 31 98
+ 31 100
+ 32 1
x 32 69
+ 33 1
x 33 68
+ 34 1
x 34 67
+ 34 98
+ 34 100
+ 35 1
x 35 66
+ 35 98
+ 35 100
+ 36 1
x 36 65
+ 37 1
x 37 64
+ 38 1
x 38 63
+ 38 98
+ 38 100
+ 39 1
x 39 62
+ 39 98
+ 39 100
+ 40 1
x 40 61
+ 41 1
x 41 60
+ 42 1
x 42 59
+ 42 98
+ 42 100
+ 43 1
x 43 58
+ 43 98
+ 43 100
+ 44 1
x 44 57
+ 45 1
x 45 56
+ 46 1
x 46 55
+ 46 98
+ 46 100
+ 47 1
x 47 54
+ 47 98
+ 47 100
+ 48 1
x 48 53
+ 49 1
x 49 52
x 50 51
+ 50 98
+ 50 100
x 51 50
+ 51 100
+ 52 1
x 52 49
+ 53 1
x 53 48
+ 53 100
+ 54 1
x 54 47
+ 54 98
+ 54 100
+ 55 1
x 55 46
+ 56 1
x 56 45
+ 56 99
+ 57 1
x 57 44
+ 58 1
x 58 43
+ 58 98
+ 58 100
+ 59 1
+ 59 39
x 59 42
+ 59 100
+ 60 1
x 60 41
+ 61 1
+ 61 35
x 61 40
+ 62 1
x 62 39
+ 62 98
+ 62 100
+ 63 1
x 63 38
+ 63 98
+ 63 100
+ 64 1
x 64 37
+ 65 1
x 65 36
+ 66 1
x 66 35
+ 66 98
+ 66 100
+ 67 1
x 67 34
+ 67 98
+ 67 100
+ 68 1
x 68 33
+ 69 1
x 69 32
+ 70 1
x 70 31
+ 70 98
+ 70 100
+ 71 1
x 71 30
+ 71 98
+ 71 100
+ 72 22
x 72 29
+ 73 1
x 73 28
+ 74 1
x 74 27
+ 74 98
+ 74 100
+ 75 1
x 75 26
+ 75 98
+ 75 100
+ 76 1
x 76 25
+ 77 1
x 77 24
+ 78 1
x 78 23
+ 78 98
+ 78 100
+ 79 1
x 79 22
+ 79 98
+ 79 100
+ 80 1
x 80 21
+ 81 1
x 81 20
+ 82 1
x 82 19
+ 82 75
+ 82 98
+ 82 100
+ 83 1
x 83 18
+ 83 98
+ 83 100
+ 84 1
+ 84 13
x 84 17
+ 85 1
x 85 16
+ 86 1
x 86 15
+ 86 100
+ 87 1
x 87 14
+ 87 98
+ 87 100
+ 88 1
x 88 13
+ 88 100
+ 89 1
x 89 12
+ 90 1
x 90 11
+ 90 100
+ 91 1
x 91 10
+ 91 98
+ 91 100
+ 92 1
x 92 9
x 93 8
+ 94 1
x 94 7
x 95 6
+ 95 100
x 96 5
+ 96 97
x 97 4
x 98 3
x 99 2
+ 99 50
+ 99 85
x 100 1
Case #35: 251 137
+ 1 1
+ 1 3
+ 1 5
+ 1 6
+ 1 10
+ 1 12
+ 1 14
+ 1 59
+ 1 63
+ 1 83
+ 1 85
+ 1 88
+ 1 91
+ 1 93
x 1 94
+ 2 12
+ 2 25
+ 2 83
+ 2 85
+ 3 19
+ 3 75
+ 3 88
+ 4 32
+ 4 71
x 4 93
+ 4 95
+ 5 20
+ 5 25
+ 5 27
+ 5 29
+ 5 64
+ 6 31
x 6 92
+ 6 95
+ 7 1
x 7 91
+ 7 95
+ 8 1
x 8 90
+ 9 1
+ 9 84
x 9 87
+ 9 95
+ 11 1
+ 13 93
x 14 86
+ 14 93
x 15 82
+ 16 93
+ 16 94
+ 17 1
+ 17 91
+ 18 3
+ 19 1
x 19 79
+ 19 92
+ 19 95
+ 22 1
+ 23 1
x 23 77
+ 23 92
+ 24 95
+ 25 1
+ 25 95
+ 27 1
+ 28 1
x 28 73
x 29 70
+ 29 94
+ 29 95
+ 30 1
x 31 66
+ 32 1
x 32 60
+ 33 94
+ 34 1
x 34 59
x 35 57
x 36 56
+ 36 93
x 37 54
+ 37 88
+ 38 1
x 38 51
+ 39 1
x 39 49
+ 40 1
+ 40 93
+ 40 95
+ 41 95
+ 42 6
x 43 48
+ 43 91
+ 44 1
x 44 47
+ 45 95
x 46 45
+ 47 2
x 48 44
+ 48 95
+ 49 93
+ 51 1
+ 51 94
x 52 43
+ 53 1
+ 53 5
x 54 40
+ 54 94
+ 56 95
x 57 39
+ 59 2
+ 59 4
x 59 34
+ 59 95
+ 60 7
+ 60 90
+ 60 95
+ 61 1
x 63 33
+ 63 90
x 64 29
x 67 27
x 70 24
x 71 23
x 72 21
x 73 20
x 75 18
x 76 13
x 83 11
x 84 10
x 88 9
x 89 8
x 92 6
x 93 5
x 95 2
+ 95 33
+ 95 44
Case #36: 39 21
+ 1 15
+ 2 1
+ 2 3
+ 2 9
+ 2 10
x 2 15
x 3 12
+ 3 15
x 4 9
+ 4 15
+ 5 1
+ 6 15
+ 8 1
x 8 6
x 10 5
+ 11 14
+ 11 15
x 13 4
+ 14 8
+ 14 9
x 15 3
Case #37: 49 26
+ 1 1
+ 1 12
o 1 18
+ 2 1
+ 2 14
x 2 17
+ 3 19
+ 4 1
+ 4 14
x 5 15
+ 5 19
+ 6 1
+ 8 1
x 8 13
+ 9 1
+ 10 1
x 10 12
+ 10 19
x 11 9
+ 11 19
x 12 4
+ 13 2
+ 13 19
x 15 3
x 19 2
+ 19 7
Case #38: 155 0
Case #39: 265 168
+ 1 12
+ 1 67
x 1 100
x 2 99
+ 2 100
x 3 98
+ 3 100
o 4 97
+ 4 100
x 5 96
+ 5 100
x 6 95
+ 6 100
x 7 94
x 8 93
+ 8 100
x 9 92
+ 9 98
+ 9 100
x 10 90
+ 10 100
x 11 89
x 12 87
+ 12 100
+ 13 98
+ 13 100
x 14 84
+ 14 100
x 15 83
x 16 82
+ 16 100
x 17 81
+ 17 98
+ 17 100
x 18 79
+ 18 100
x 19 78
+ 20 100
x 21 77
+ 21 98
+ 21 100
x 22 76
+ 22 100
x 23 75
x 24 74
+ 24 100
+ 25 8
x 25 73
+ 25 100
x 26 72
+ 26 100
x 27 71
x 28 69
+ 28 100
x 29 68
+ 29 98
+ 29 100
+ 30 1
x 30 67
+ 30 100
x 31 66
x 32 65
+ 32 100
x 33 64
+ 33 100
x 34 63
x 35 62
x 36 61
+ 36 98
+ 36 100
x 37 59
+ 37 100
+ 38 1
x 38 57
x 39 56
x 40 55
+ 40 98
+ 40 100
+ 41 98
+ 41 100
x 42 54
x 43 53
x 44 50
+ 44 100
x 45 49
+ 45 100
x 46 48
x 47 47
+ 47 100
x 48 46
x 49 45
x 50 44
+ 50 99
+ 51 1
+ 52 1
x 52 43
x 53 42
+ 53 99
+ 53 100
x 54 41
x 55 40
x 56 39
+ 56 98
+ 56 100
x 57 38
x 59 37
x 60 36
+ 60 98
+ 60 100
x 61 35
+ 61 100
x 62 34
+ 63 3
x 63 33
x 64 32
+ 65 98
+ 65 100
x 66 31
x 67 30
x 68 29
x 69 28
+ 69 100
x 71 27
x 72 26
+ 72 100
x 73 25
+ 73 97
+ 74 9
+ 74 93
x 75 24
x 76 23
x 79 22
+ 80 17
x 80 21
x 82 20
x 83 19
x 84 18
x 85 17
x 86 16
+ 86 73
x 87 15
x 88 14
x 89 13
x 90 12
x 91 11
x 92 8
+ 92 31
x 93 7
x 94 6
+ 94 74
+ 95 36
+ 95 56
+ 95 60
+ 95 62
x 96 5
+ 96 39
+ 96 54
x 97 4
+ 97 67
+ 97 69
x 98 3
+ 98 50
x 99 2
+ 99 43
+ 99 44
+ 99 63
x 100 1
+ 100 46
Case #40: 272 194
+ 1 98
x 1 100
+ 2 11
+ 2 94
x 2 99
+ 2 100
+ 3 4
x 3 98
x 4 97
+ 4 100
x 5 96
+ 5 98
+ 5 100
x 6 95
+ 6 100
+ 7 1
x 7 94
x 8 93
x 9 92
+ 9 98
+ 9 100
+ 10 1
x 10 91
+ 10 98
+ 10 100
x 11 90
x 12 89
x 13 88
+ 13 98
+ 13 100
x 14 86
+ 14 98
+ 14 100
x 15 85
x 16 84
x 17 83
+ 17 100
x 18 82
+ 18 98
+ 18 100
x 19 81
+ 20 2
x 20 80
x 21 79
x 22 78
+ 22 98
+ 22 99
+ 22 100
x 23 77
x 24 76
x 25 75
x 26 74
+ 26 98
+ 26 99
+ 26 100
+ 27 6
x 27 73
x 28 70
x 29 69
+ 29 100
x 30 68
+ 30 98
+ 30 100
x 31 67
x 32 66
+ 33 1
x 33 65
+ 33 98
+ 33 100
+ 34 4
x 34 64
x 35 63
+ 35 99
x 36 62
x 37 61
+ 37 98
+ 37 100
+ 38 1
x 38 60
+ 38 100
+ 39 1
x 39 59
x 40 58
+ 41 98
+ 41 100
x 42 57
+ 42 98
+ 42 100
x 43 56
+ 44 1
x 44 55
x 45 54
+ 45 98
+ 45 100
x 46 53
x 47 52
+ 47 99
x 48 51
x 49 50
+ 49 98
+ 49 100
+ 50 1
x 50 49
+ 50 98
+ 50 100
+ 51 1
x 52 48
x 53 47
+ 53 98
+ 53 100
+ 54 2
x 54 46
+ 54 98
+ 54 100
x 55 45
x 56 43
x 57 42
+ 57 100
x 58 41
+ 58 100
x 59 40
x 60 39
+ 61 1
x 61 38
+ 61 100
+ 62 1
x 62 37
+ 62 100
x 63 36
+ 63 100
+ 64 1
x 64 35
+ 64 100
+ 65 100
x 66 34
x 68 33
+ 69 100
+ 70 2
+ 70 100
x 71 32
+ 72 1
x 72 31
+ 73 7
x 73 30
+ 74 5
+ 74 7
x 74 29
+ 75 11
x 75 28
x 76 27
+ 76 98
+ 77 15
x 77 26
x 78 25
x 79 24
+ 79 93
x 80 23
x 81 21
x 82 20
+ 82 93
+ 82 95
x 83 19
x 84 18
x 85 17
x 86 16
x 87 14
+ 87 28
+ 87 36
+ 87 40
x 88 13
+ 88 31
x 89 12
x 90 11
x 91 10
+ 91 45
x 92 9
+ 92 76
x 93 8
x 94 7
+ 94 38
+ 94 50
+ 94 77
+ 94 79
x 95 6
x 96 4
+ 96 70
x 97 3
x 99 2
+ 99 57
+ 99 60
x 100 1
+ 100 55
+ 100 60
+ 100 67
Case #41: 295 294
+ 1 1
+ 1 97
o 1 99
+ 2 1
x 2 98
+ 2 99
+ 3 1
x 3 97
+ 4 1
x 4 96
+ 4 99
+ 5 1
x 5 95
+ 5 99
+ 6 1
x 6 94
+ 6 99
+ 7 1
x 7 93
+ 7 99
+ 8 1
x 8 92
+ 8 99
+ 9 1
x 9 91
+ 9 99
+ 10 1
x 10 90
+ 10 99
+ 11 1
x 11 89
+ 11 99
+ 12 1
x 12 88
+ 12 99
+ 13 1
x 13 87
+ 13 99
+ 14 1
x 14 86
+ 14 99
+ 15 1
x 15 85
+ 15 99
+ 16 1
x 16 84
+ 16 99
+ 17 1
x 17 83
+ 17 99
+ 18 1
x 18 82
+ 18 99
+ 19 1
x 19 81
+ 19 99
+ 20 1
x 20 80
+ 20 99
+ 21 1
x 21 79
+ 21 99
+ 22 1
x 22 78
+ 22 99
+ 23 1
x 23 77
+ 23 99
+ 24 1
x 24 76
+ 24 99
+ 25 1
x 25 75
+ 25 99
+ 26 1
x 26 74
+ 26 99
+ 27 1
x 27 73
+ 27 99
+ 28 1
x 28 72
+ 28 99
+ 29 1
x 29 71
+ 29 99
+ 30 1
x 30 70
+ 30 99
+ 31 1
x 31 69
+ 31 99
+ 32 1
x 32 68
+ 32 99
+ 33 1
x 33 67
+ 33 99
+ 34 1
x 34 66
+ 34 99
+ 35 1
x 35 65
+ 35 99
+ 36 1
x 36 64
+ 36 99
+ 37 1
x 37 63
+ 37 99
+ 38 1
x 38 62
+ 38 99
+ 39 1
x 39 61
+ 39 99
+ 40 1
x 40 60
+ 40 99
+ 41 1
x 41 59
+ 41 99
+ 42 1
x 42 58
+ 42 99
+ 43 1
x 43 57
+ 43 99
+ 44 1
x 44 56
+ 44 99
+ 45 1
x 45 55
+ 45 99
+ 46 1
x 46 54
+ 46 99
+ 47 1
x 47 53
+ 47 99
+ 48 1
x 48 52
+ 48 99
+ 49 1
x 49 51
+ 49 99
+ 50 1
x 50 50
+ 50 99
+ 51 1
x 51 49
+ 51 99
+ 52 1
x 52 48
+ 52 99
+ 53 1
x 53 47
+ 53 99
+ 54 1
x 54 46
+ 54 99
+ 55 1
x 55 45
+ 55 99
+ 56 1
x 56 44
+ 56 99
+ 57 1
x 57 43
+ 57 99
+ 58 1
x 58 42
+ 58 99
+ 59 1
x 59 41
+ 59 99
+ 60 1
x 60 40
+ 60 99
+ 61 1
x 61 39
+ 61 99
+ 62 1
x 62 38
+ 62 99
+ 63 1
x 63 37
+ 63 99
+ 64 1
x 64 36
+ 64 99
+ 65 1
x 65 35
+ 65 99
+ 66 1
x 66 34
+ 66 99
+ 67 1
x 67 33
+ 67 99
+ 68 1
x 68 32
+ 68 99
+ 69 1
x 69 31
+ 69 99
+ 70 1
x 70 30
+ 70 99
+ 71 1
x 71 29
+ 71 99
+ 72 1
x 72 28
+ 72 99
+ 73 1
x 73 27
+ 73 99
+ 74 1
x 74 26
+ 74 99
+ 75 1
x 75 25
+ 75 99
+ 76 1
x 76 24
+ 76 99
+ 77 1
x 77 23
+ 77 99
+ 78 1
x 78 22
+ 78 99
+ 79 1
x 79 21
+ 79 99
+ 80 1
x 80 20
+ 80 99
+ 81 1
x 81 19
+ 81 99
+ 82 1
x 82 18
+ 82 99
+ 83 1
x 83 17
+ 83 99
+ 84 1
x 84 16
+ 84 99
+ 85 1
x 85 15
+ 85 99
+ 86 1
x 86 14
+ 86 99
+ 87 1
x 87 13
+ 87 99
+ 88 1
x 88 12
+ 88 99
+ 89 1
x 89 11
+ 89 99
+ 90 1
x 90 10
+ 90 99
+ 91 1
x 91 9
+ 91 99
+ 92 1
x 92 8
+ 92 99
+ 93 1
x 93 7
+ 93 99
+ 94 1
x 94 6
+ 94 99
+ 95 1
x 95 5
+ 95 99
+ 96 1
x 96 4
+ 96 99
x 97 3
+ 97 99
+ 98 1
x 98 2
+ 98 99
x 99 1
+ 99 3
Case #42: 216 115
+ 1 1
+ 1 4
+ 1 9
+ 1 36
+ 1 38
+ 1 58
+ 1 60
+ 1 61
+ 1 63
+ 1 67
+ 1 76
+ 1 78
+ 1 82
+ 2 7
+ 2 9
+ 2 15
+ 2 76
+ 3 1
+ 3 12
+ 3 15
+ 3 71
+ 3 73
+ 4 62
x 4 82
+ 5 1
x 5 81
+ 6 1
+ 6 49
x 6 80
+ 6 82
+ 7 21
x 8 77
+ 8 79
x 9 75
+ 9 82
+ 10 26
x 10 74
+ 11 1
+ 12 1
+ 15 1
+ 15 82
+ 16 80
+ 17 35
x 17 73
+ 18 1
+ 19 1
x 19 69
x 20 67
+ 21 1
+ 22 1
x 22 66
+ 23 1
+ 23 77
x 24 63
+ 25 1
x 25 62
x 26 61
+ 26 82
x 27 59
+ 27 78
+ 28 1
+ 29 1
x 30 53
+ 30 82
+ 31 80
+ 32 1
+ 34 1
x 36 49
+ 36 81
+ 37 78
+ 37 81
x 38 48
+ 39 1
x 39 46
+ 40 4
x 40 44
+ 40 82
+ 41 1
+ 42 78
+ 42 82
x 43 42
+ 43 82
+ 44 82
x 45 41
+ 46 1
x 46 40
+ 47 1
+ 47 3
+ 47 4
+ 47 6
+ 48 1
+ 48 82
+ 50 81
x 52 38
+ 53 82
x 54 37
+ 55 3
+ 55 77
+ 55 81
x 56 36
x 57 32
x 58 30
x 60 29
x 62 23
x 65 21
x 67 19
x 71 15
x 72 12
x 75 10
x 76 9
x 78 7
x 79 5
+ 79 40
x 80 4
x 82 1
Case #43: 222 122
+ 1 9
+ 1 11
+ 1 13
+ 1 39
+ 1 56
+ 1 59
+ 1 65
+ 1 69
+ 1 74
+ 1 78
+ 1 80
+ 1 82
+ 2 13
+ 2 42
+ 2 50
+ 2 52
+ 2 61
+ 2 76
+ 3 1
+ 3 16
+ 3 70
+ 4 1
+ 4 46
+ 5 56
o 5 80
+ 5 83
+ 6 1
+ 6 20
+ 6 24
x 6 79
+ 7 1
+ 7 83
x 9 78
+ 10 1
x 10 77
+ 11 56
+ 11 80
+ 11 82
+ 12 1
+ 13 74
x 13 76
+ 13 83
x 14 75
+ 15 1
x 15 74
+ 16 1
x 16 72
+ 16 79
+ 17 1
+ 17 82
+ 17 83
+ 19 1
x 19 68
+ 20 1
+ 21 1
x 21 66
+ 21 83
+ 22 1
+ 23 1
+ 23 83
x 24 65
x 25 64
x 26 63
+ 26 83
+ 27 1
x 27 62
+ 28 1
x 28 59
x 29 57
+ 29 83
+ 31 83
+ 32 1
+ 32 2
x 32 52
+ 32 79
+ 35 1
+ 37 1
x 37 49
+ 37 76
+ 37 78
+ 37 80
+ 38 1
x 40 47
+ 41 2
+ 41 77
x 42 44
+ 42 79
+ 44 11
x 44 41
+ 45 80
+ 46 2
x 47 40
+ 48 3
+ 48 80
+ 48 82
x 49 33
+ 49 82
x 51 32
+ 51 78
+ 52 1
x 52 27
x 53 26
+ 53 82
x 54 24
+ 57 81
+ 57 83
x 58 23
x 59 21
x 62 18
+ 63 78
x 66 17
x 67 16
x 69 14
x 70 13
x 73 11
x 74 10
x 77 9
+ 79 24
x 80 7
x 81 5
x 82 3
+ 82 40
Case #44: 94 48
+ 1 1
+ 1 5
+ 1 7
+ 1 10
+ 1 12
+ 1 27
+ 1 32
x 1 36
+ 2 23
+ 2 36
x 3 35
+ 4 1
+ 4 12
x 4 34
+ 4 36
+ 6 1
x 7 32
+ 7 34
+ 7 36
+ 9 1
x 9 30
x 10 27
x 11 26
+ 11 36
x 15 25
+ 15 35
x 16 24
+ 17 1
+ 18 1
+ 18 35
o 22 23
+ 22 36
+ 23 1
+ 23 36
x 24 21
x 25 19
x 26 16
x 27 14
x 28 12
x 29 9
x 30 8
x 32 7
x 33 6
+ 35 16
+ 35 20
x 36 3
+ 36 10
+ 36 18
Case #45: 281 245
+ 1 5
+ 1 96
+ 1 99
o 1 100
x 2 99
+ 3 4
x 3 98
+ 3 100
+ 4 13
x 4 97
+ 4 98
+ 4 100
x 5 96
x 6 95
x 7 94
+ 7 98
+ 7 100
+ 8 1
x 8 93
+ 8 98
+ 8 100
+ 9 1
+ 9 17
x 9 92
+ 10 20
x 10 91
+ 11 1
x 11 90
+ 11 98
+ 11 100
+ 12 3
x 12 89
+ 12 98
+ 12 100
+ 13 1
x 13 88
x 14 87
x 15 86
+ 15 98
+ 15 100
x 16 85
+ 16 98
+ 16 100
+ 17 1
x 17 84
x 18 83
+ 19 1
x 19 82
+ 19 98
+ 19 100
x 20 81
+ 20 98
+ 20 100
+ 21 1
x 21 80
x 22 79
+ 23 1
x 23 78
+ 23 98
+ 23 100
x 24 77
+ 24 98
+ 24 100
x 25 76
+ 26 1
x 26 75
+ 27 1
x 27 74
+ 27 98
+ 27 100
+ 28 1
x 28 73
+ 28 100
x 29 72
x 30 71
+ 31 1
x 31 70
+ 31 98
+ 31 100
+ 32 1
x 32 69
+ 32 100
x 33 68
x 34 67
+ 35 1
x 35 66
+ 35 98
+ 35 100
x 36 65
+ 36 98
+ 36 100
+ 37 1
x 37 64
+ 38 1
x 38 63
+ 39 1
x 39 62
+ 39 98
+ 39 100
x 40 61
+ 40 98
+ 40 100
+ 41 1
x 41 60
+ 42 1
+ 42 3
x 42 59
x 43 58
x 44 57
+ 44 98
+ 44 99
+ 44 100
+ 45 1
x 45 56
+ 46 1
x 46 55
x 47 54
+ 47 98
+ 47 100
+ 48 1
x 48 53
+ 48 98
+ 48 100
+ 49 1
x 49 52
x 50 51
x 51 50
+ 52 1
x 52 49
+ 52 98
+ 52 99
+ 52 100
+ 53 1
+ 53 4
x 53 48
+ 54 1
x 54 47
+ 55 1
x 55 46
+ 55 98
+ 55 100
x 56 45
+ 56 100
x 57 44
x 58 43
+ 59 1
x 59 42
+ 59 98
+ 59 100
+ 60 1
x 60 41
+ 60 100
+ 61 26
x 61 40
+ 62 29
x 62 39
+ 62 100
+ 63 1
x 63 38
+ 63 98
+ 63 100
+ 64 1
+ 64 3
x 64 37
+ 64 100
x 65 36
x 66 35
+ 66 100
x 67 34
+ 67 98
+ 67 100
+ 68 1
x 68 33
+ 68 100
+ 69 1
x 69 32
+ 70 1
x 70 31
+ 70 100
+ 71 14
x 71 30
+ 71 98
+ 71 100
+ 72 1
x 72 29
+ 72 100
+ 73 1
x 73 28
+ 74 1
x 74 27
+ 74 100
+ 75 1
+ 75 15
x 75 26
+ 75 98
+ 75 100
+ 76 1
+ 76 10
+ 76 12
x 76 25
+ 76 100
+ 77 1
+ 77 7
x 77 24
+ 78 1
x 78 23
+ 78 100
+ 79 1
x 79 22
+ 80 1
x 80 21
+ 80 99
+ 81 1
x 81 20
x 82 19
x 83 18
x 84 17
+ 84 96
+ 84 98
+ 84 100
x 85 16
+ 85 56
x 86 15
+ 86 63
+ 86 97
x 87 14
x 88 13
x 89 12
x 90 11
+ 90 40
x 91 10
+ 91 35
x 92 9
x 93 8
x 94 7
x 95 6
x 96 5
x 97 4
x 98 3
x 99 2
+ 99 78
x 100 1
+ 100 54
+ 100 58
+ 100 81
Case #46: 264 149
+ 1 10
+ 1 50
+ 1 75
+ 1 77
+ 1 85
+ 1 90
+ 1 93
+ 1 95
+ 1 98
+ 2 1
+ 2 5
+ 2 90
+ 2 98
+ 3 1
+ 3 70
+ 3 86
+ 3 98
+ 4 1
+ 4 8
+ 4 68
+ 4 79
x 4 97
+ 5 74
+ 5 98
+ 6 18
+ 7 1
+ 7 15
x 7 92
+ 8 22
+ 8 98
+ 9 1
+ 9 25
+ 9 66
+ 10 28
x 10 90
+ 11 31
x 11 88
+ 12 1
+ 12 25
x 12 84
+ 12 97
+ 12 98
+ 13 1
x 13 81
+ 15 1
+ 15 96
+ 16 1
x 16 80
+ 16 98
+ 17 1
+ 18 1
x 18 79
+ 18 98
+ 19 1
x 19 78
+ 21 98
+ 22 1
+ 22 9
x 22 77
+ 23 4
+ 24 1
+ 25 1
x 25 76
+ 28 1
x 28 75
+ 28 98
x 29 73
x 30 72
+ 31 1
+ 34 1
x 34 70
x 35 68
+ 35 95
x 36 63
+ 36 97
+ 38 1
x 38 62
+ 38 96
+ 38 97
x 39 61
x 40 60
x 41 59
+ 42 1
x 42 56
+ 43 98
+ 44 96
+ 45 1
+ 46 1
x 46 55
+ 46 97
+ 48 1
x 49 54
x 50 52
+ 51 1
+ 53 1
x 53 50
+ 54 97
+ 55 1
+ 55 4
x 57 48
x 58 44
+ 59 95
+ 59 97
x 60 40
+ 60 97
x 61 37
x 62 36
+ 63 3
+ 64 1
+ 64 6
x 64 35
+ 65 4
x 65 34
+ 65 84
+ 65 94
+ 65 98
x 66 33
+ 66 87
x 68 32
+ 70 1
x 70 31
+ 70 92
+ 70 94
+ 70 96
x 71 26
+ 71 96
+ 71 98
x 73 25
x 74 24
x 75 23
+ 76 5
x 76 21
x 77 20
x 79 19
x 81 16
x 82 15
x 84 14
x 85 13
x 86 12
x 87 11
x 88 9
x 91 7
x 93 5
x 94 4
+ 94 38
x 95 3
x 98 2
+ 98 39
+ 98 52
Case #47: 43 25
+ 1 1
+ 1 9
+ 1 13
+ 1 14
x 1 16
+ 1 17
+ 2 17
+ 3 1
+ 3 17
+ 4 1
o 6 15
+ 6 17
+ 7 17
+ 8 1
x 8 14
x 9 13
x 10 10
+ 11 17
x 13 9
x 14 5
x 16 4
+ 16 10
+ 16 11
x 17 1
+ 17 8
Case #48: 298 294
+ 1 1
o 1 100
+ 2 1
x 2 99
+ 2 100
+ 3 1
x 3 98
+ 3 100
+ 4 1
x 4 97
+ 4 100
+ 5 1
x 5 96
+ 5 100
+ 6 1
x 6 95
+ 6 100
+ 7 1
x 7 94
+ 7 100
+ 8 1
x 8 93
+ 8 100
+ 9 1
x 9 92
+ 9 100
+ 10 1
x 10 91
+ 10 100
+ 11 1
x 11 90
+ 11 100
+ 12 1
x 12 89
+ 12 100
+ 13 1
x 13 88
+ 13 100
+ 14 1
x 14 87
+ 14 100
+ 15 1
x 15 86
+ 15 100
+ 16 1
x 16 85
+ 16 100
+ 17 1
x 17 84
+ 17 100
+ 18 1
x 18 82
+ 18 100
+ 19 1
x 19 81
+ 19 100
+ 20 1
x 20 80
+ 20 100
+ 21 1
x 21 79
+ 21 100
+ 22 1
x 22 78
+ 22 100
+ 23 1
x 23 77
+ 23 100
+ 24 1
x 24 76
+ 24 100
+ 25 1
x 25 75
+ 25 100
+ 26 1
x 26 74
+ 26 100
+ 27 1
x 27 73
+ 27 100
+ 28 1
x 28 72
+ 28 100
+ 29 1
x 29 71
+ 29 100
+ 30 1
x 30 70
+ 30 100
+ 31 1
x 31 69
+ 31 100
+ 32 1
x 32 68
+ 32 100
+ 33 1
x 33 67
+ 33 100
+ 34 1
x 34 66
+ 34 100
+ 35 1
x 35 65
+ 35 100
+ 36 1
x 36 64
+ 36 100
+ 37 1
x 37 63
+ 37 100
+ 38 1
x 38 62
+ 38 100
+ 39 1
x 39 61
+ 39 100
+ 40 1
x 40 60
+ 40 100
+ 41 1
x 41 59
+ 41 100
+ 42 1
x 42 58
+ 42 100
+ 43 1
x 43 57
+ 43 100
+ 44 1
x 44 56
+ 44 100
+ 45 1
x 45 55
+ 45 100
+ 46 1
x 46 54
+ 46 100
+ 47 1
x 47 53
+ 47 100
+ 48 1
x 48 52
+ 48 100
+ 49 1
x 49 51
+ 49 100
+ 50 1
x 50 50
+ 50 100
+ 51 1
x 51 49
+ 51 100
+ 52 1
x 52 48
+ 52 100
+ 53 1
x 53 47
+ 53 100
+ 54 1
x 54 45
+ 54 100
+ 55 1
+ 55 100
+ 56 1
x 56 44
+ 56 100
+ 57 1
+ 57 100
+ 58 1
x 58 43
+ 58 100
+ 59 1
x 59 42
+ 59 100
+ 60 1
x 60 41
+ 60 100
+ 61 1
x 61 40
+ 61 100
+ 62 1
x 62 39
+ 62 100
+ 63 1
x 63 38
+ 63 100
+ 64 1
x 64 37
+ 64 100
+ 65 1
x 65 36
+ 65 100
+ 66 1
x 66 35
+ 66 100
+ 67 1
x 67 34
+ 67 100
+ 68 1
x 68 33
+ 68 100
+ 69 1
x 69 32
+ 69 100
+ 70 1
x 70 30
+ 70 100
+ 71 1
x 71 29
+ 71 100
+ 72 1
x 72 28
+ 72 100
+ 73 1
x 73 27
+ 73 100
+ 74 1
x 74 26
+ 74 100
+ 75 1
x 75 25
+ 75 100
+ 76 1
x 76 24
+ 76 100
+ 77 1
x 77 23
+ 77 100
+ 78 1
x 78 22
+ 78 100
+ 79 1
x 79 21
+ 79 100
+ 80 1
x 80 20
+ 80 100
+ 81 1
x 81 19
+ 81 100
+ 82 1
x 82 18
+ 82 100
+ 83 1
x 83 17
+ 83 100
+ 84 1
x 84 16
+ 84 100
+ 85 1
x 85 15
+ 85 100
+ 86 1
x 86 14
+ 86 100
+ 87 1
x 87 13
+ 87 100
+ 88 1
x 88 12
+ 88 100
+ 89 1
x 89 11
+ 89 100
+ 90 1
x 90 10
+ 90 100
+ 91 1
x 91 9
+ 91 100
+ 92 1
x 92 8
+ 92 100
+ 93 1
+ 93 100
+ 94 1
x 94 7
+ 94 100
+ 95 1
x 95 6
+ 95 100
+ 96 1
x 96 5
+ 96 100
+ 97 1
x 97 4
+ 97 100
+ 98 1
x 98 3
+ 98 100
+ 99 1
x 99 2
+ 99 100
x 100 1
Case #49: 273 173
x 1 100
+ 2 92
+ 2 95
x 2 99
+ 2 100
x 3 96
+ 3 100
+ 4 100
x 5 95
+ 5 100
x 6 94
+ 6 100
x 8 93
+ 8 100
x 9 91
+ 9 98
+ 9 100
x 10 90
x 11 89
x 12 87
+ 12 98
+ 12 100
x 13 86
+ 13 98
+ 13 100
x 14 85
x 15 82
+ 16 98
+ 16 100
x 17 81
+ 17 98
+ 17 100
x 18 80
+ 19 1
x 19 79
+ 20 98
+ 20 100
+ 21 2
+ 21 8
+ 21 98
+ 21 100
x 22 76
x 24 75
+ 24 98
+ 24 100
x 25 74
+ 26 1
x 26 72
+ 26 99
x 27 71
x 28 70
+ 28 98
+ 28 100
x 29 69
+ 29 100
x 31 68
x 32 67
x 33 66
+ 33 99
+ 33 100
x 34 65
x 35 61
x 36 60
+ 36 98
+ 36 100
x 37 59
+ 37 98
+ 37 100
+ 38 2
+ 39 2
x 41 58
+ 41 99
x 42 57
+ 42 99
+ 43 1
+ 44 100
+ 45 1
x 45 55
+ 45 100
x 46 54
x 48 53
+ 48 98
+ 48 100
+ 49 1
x 49 52
+ 49 98
+ 49 100
+ 50 1
x 50 51
x 51 50
x 52 49
o 53 98
+ 53 99
+ 53 100
x 54 48
+ 55 2
+ 56 98
+ 56 100
x 57 47
+ 57 100
x 59 45
+ 59 100
x 60 44
x 61 43
x 62 42
+ 62 99
x 63 41
x 64 38
+ 64 98
+ 64 100
x 65 37
+ 65 100
+ 66 1
x 66 36
x 67 35
x 68 34
x 69 33
+ 69 98
+ 69 100
+ 71 5
+ 71 9
+ 71 13
x 71 31
x 72 30
+ 73 99
x 74 29
+ 74 99
x 76 28
x 77 27
+ 77 98
+ 77 100
x 78 26
+ 80 96
+ 81 12
+ 81 14
x 81 25
+ 81 98
+ 81 100
x 83 22
+ 84 7
x 84 20
x 85 19
x 86 18
x 87 16
x 88 15
x 89 14
x 90 13
x 91 11
x 92 9
x 93 8
+ 93 30
+ 93 37
x 94 7
+ 94 33
+ 94 80
+ 95 36
+ 95 48
+ 95 71
+ 95 73
+ 95 75
x 96 5
+ 96 42
+ 96 64
x 97 4
+ 97 45
+ 97 66
+ 98 41
x 99 3
+ 99 59
x 100 2
+ 100 50
+ 100 55
+ 100 71
Case #50: 273 191
+ 1 96
x 1 100
x 2 99
+ 2 100
x 3 98
+ 3 100
x 4 97
+ 4 100
x 5 96
x 6 95
+ 6 100
x 7 94
+ 7 98
+ 7 100
x 8 93
x 9 92
+ 9 99
+ 10 1
x 10 91
x 11 90
+ 11 98
+ 11 100
x 12 89
+ 12 98
+ 12 100
x 13 88
x 14 87
+ 15 2
x 15 86
+ 15 100
x 16 85
+ 16 98
+ 16 100
x 17 84
x 18 83
x 19 82
+ 19 98
+ 19 100
+ 20 1
x 20 81
+ 20 100
x 21 80
o 22 79
x 23 78
x 24 77
+ 24 98
+ 24 99
+ 24 100
x 25 76
x 26 75
x 27 74
+ 27 98
+ 27 100
x 28 73
x 29 72
+ 29 99
+ 30 1
+ 30 2
x 30 71
x 31 70
+ 31 98
+ 31 100
x 32 69
+ 32 100
x 33 68
x 34 67
x 35 66
+ 35 98
+ 35 100
x 36 65
+ 36 100
x 37 64
x 38 63
x 39 62
+ 39 100
+ 40 1
+ 40 6
x 40 61
+ 40 98
+ 40 100
x 41 60
x 42 59
x 43 58
+ 44 1
x 44 57
x 45 56
x 46 55
x 47 54
+ 47 98
+ 47 100
+ 48 1
x 48 53
+ 48 98
+ 48 100
x 49 52
x 50 51
x 51 50
x 52 49
+ 52 98
+ 52 99
+ 52 100
x 53 48
+ 54 1
x 54 47
+ 55 1
x 55 46
x 56 45
+ 56 99
+ 56 100
x 57 44
+ 58 1
x 58 43
+ 58 100
+ 59 1
x 59 42
+ 59 98
+ 59 100
x 60 41
+ 60 100
x 61 40
x 62 39
x 63 38
+ 63 98
+ 63 100
+ 64 1
x 64 37
+ 64 100
+ 65 1
x 65 36
x 66 35
x 67 34
+ 67 100
x 68 33
x 69 32
+ 69 99
x 70 31
x 71 30
+ 71 98
+ 71 100
x 72 29
+ 72 100
x 73 28
+ 73 97
x 74 27
x 75 26
+ 75 100
x 76 25
x 77 24
x 78 23
+ 78 88
x 79 22
x 80 21
x 81 20
x 82 19
+ 82 97
x 83 18
x 84 17
x 85 16
x 86 15
x 87 14
x 88 13
x 89 12
x 90 11
+ 90 72
x 91 10
x 92 9
x 93 8
+ 93 28
x 94 7
+ 94 19
+ 94 24
x 95 6
+ 95 39
+ 95 58
x 96 5
+ 96 34
x 97 4
+ 97 29
+ 97 45
+ 97 46
+ 97 47
+ 97 52
x 98 3
+ 98 67
x 99 2
+ 99 38
x 100 1
+ 100 41
+ 100 54
+ 100 73
+ 100 77
Case #51: 111 57
+ 1 1
+ 1 3
+ 1 9
+ 1 12
+ 1 26
+ 1 33
o 1 42
+ 2 1
+ 2 31
+ 2 35
+ 2 37
+ 2 39
x 2 40
+ 2 42
+ 3 42
+ 4 1
+ 6 1
+ 6 42
+ 7 1
+ 8 1
x 9 31
+ 10 1
+ 12 42
+ 13 1
+ 15 1
x 15 30
+ 16 1
x 16 27
+ 16 42
+ 17 4
x 17 25
+ 18 1
+ 18 42
+ 19 1
+ 19 40
+ 19 42
+ 20 42
+ 21 1
+ 21 5
x 21 21
x 22 19
+ 23 1
x 25 17
+ 25 42
+ 26 42
+ 27 1
+ 27 39
x 28 16
+ 30 2
x 30 14
x 31 13
x 32 12
x 35 9
x 36 8
+ 37 27
x 39 7
x 41 4
Case #52: 133 75
+ 1 4
+ 1 6
+ 1 8
+ 1 26
+ 1 36
+ 1 40
+ 1 42
+ 1 44
x 1 49
+ 1 50
+ 2 4
+ 2 6
+ 2 8
+ 2 10
+ 2 34
+ 2 36
+ 2 38
+ 2 48
+ 2 50
+ 3 1
+ 3 30
+ 3 41
+ 3 43
x 3 47
x 5 46
x 6 43
+ 6 48
+ 6 50
x 8 42
x 10 37
x 11 34
+ 12 1
x 12 32
+ 13 1
+ 13 50
+ 14 1
x 14 29
x 15 27
+ 16 1
+ 16 2
+ 17 8
x 18 26
+ 18 47
+ 18 49
+ 19 1
x 19 25
+ 20 3
+ 20 48
+ 20 50
x 21 22
x 22 21
x 23 20
+ 24 50
x 28 19
x 29 18
+ 29 50
+ 30 2
+ 30 48
+ 32 3
x 32 17
+ 32 44
+ 33 50
x 34 15
x 35 14
+ 35 46
x 36 13
x 38 11
x 39 10
x 41 9
x 43 7
x 45 6
x 49 3
+ 49 23
x 50 2
+ 50 23
Case #53: 293 262
+ 1 3
+ 1 4
+ 1 98
+ 1 99
o 1 100
x 2 99
o 4 98
+ 4 100
+ 5 1
+ 5 98
+ 5 100
+ 6 1
x 6 97
+ 7 1
x 7 96
x 8 93
+ 8 98
+ 8 100
x 9 92
+ 9 98
+ 9 100
+ 10 1
x 10 91
x 11 90
+ 12 1
x 12 89
+ 12 98
+ 12 100
+ 13 1
x 13 87
+ 13 98
+ 13 100
+ 14 1
+ 15 1
x 15 86
x 16 85
+ 16 98
+ 16 100
+ 17 1
x 17 84
+ 17 98
+ 17 100
x 18 81
+ 19 1
+ 19 9
x 19 80
+ 20 1
x 20 79
+ 20 98
+ 20 100
+ 21 1
x 21 78
+ 21 98
+ 21 100
x 22 77
+ 23 1
+ 24 1
x 24 76
+ 24 98
+ 24 100
+ 25 1
x 25 75
+ 25 98
+ 25 100
+ 26 1
x 26 74
x 27 73
+ 28 1
x 28 72
+ 28 98
+ 28 100
+ 29 1
x 29 71
+ 29 98
+ 29 100
+ 30 1
+ 31 1
x 31 69
+ 32 1
x 32 68
+ 32 98
+ 32 100
+ 33 1
x 33 67
+ 33 98
+ 33 100
+ 34 1
x 34 66
x 35 65
+ 36 1
+ 36 2
x 36 64
+ 36 98
+ 36 100
x 37 63
+ 37 98
+ 37 100
+ 38 1
x 38 61
+ 39 1
x 39 60
+ 40 1
x 40 59
+ 40 98
+ 40 100
+ 41 1
x 41 58
+ 41 98
+ 41 100
+ 42 1
x 42 57
+ 43 1
x 43 56
+ 44 1
x 44 55
+ 44 100
+ 45 1
+ 45 98
+ 45 100
+ 46 1
x 46 54
+ 46 100
+ 47 1
+ 48 1
x 48 52
+ 48 100
+ 49 1
x 49 51
+ 49 98
+ 49 100
+ 50 1
x 50 50
+ 50 100
+ 51 1
+ 52 1
x 52 49
+ 52 100
+ 53 1
x 53 48
+ 53 98
+ 53 100
+ 54 1
x 54 47
+ 54 100
+ 55 1
x 55 46
+ 56 1
x 56 45
+ 56 100
x 57 44
+ 57 98
+ 57 100
+ 58 1
x 58 42
+ 58 100
x 59 41
+ 60 1
x 60 40
+ 60 100
+ 61 1
x 61 39
+ 61 98
+ 61 100
+ 62 1
+ 62 100
+ 63 1
x 63 37
+ 64 1
x 64 36
+ 64 100
+ 65 1
x 65 35
+ 65 98
+ 65 100
+ 66 1
x 66 34
+ 66 100
+ 67 1
x 67 33
+ 68 1
x 68 32
+ 68 100
+ 69 1
x 69 30
+ 69 98
+ 69 100
+ 70 1
x 70 29
+ 70 100
+ 71 1
x 71 27
+ 72 1
+ 72 100
+ 73 1
+ 73 98
+ 73 100
x 74 25
+ 74 100
+ 75 1
+ 76 1
x 76 24
+ 76 100
+ 77 1
x 77 23
+ 77 98
+ 77 100
+ 78 1
x 78 21
+ 78 100
+ 79 1
x 79 20
+ 80 1
+ 80 100
+ 81 1
x 81 19
+ 81 100
+ 82 1
x 82 18
+ 82 100
+ 83 1
x 83 17
x 84 16
+ 84 100
+ 85 1
+ 85 12
x 85 15
+ 85 98
+ 85 100
+ 86 1
x 86 14
+ 86 100
+ 87 1
x 87 13
x 88 12
+ 88 100
+ 89 1
+ 89 6
+ 89 100
+ 90 1
+ 90 3
+ 90 100
+ 91 1
x 92 10
+ 92 100
+ 93 1
x 93 9
+ 93 98
+ 93 100
x 94 8
+ 94 100
+ 95 1
x 95 7
x 96 6
+ 96 100
+ 97 1
x 97 4
+ 97 90
x 98 3
x 99 2
x 100 1
+ 100 42
+ 100 79
Case #54: 271 171
+ 1 4
+ 1 99
x 1 100
+ 2 93
x 2 99
x 3 98
+ 3 100
x 4 97
+ 4 98
+ 4 100
x 5 96
+ 5 100
+ 7 100
x 8 95
+ 8 98
+ 8 100
x 9 93
+ 11 98
+ 11 100
+ 12 1
x 12 91
+ 12 98
+ 12 100
x 13 90
+ 14 5
x 14 89
+ 15 98
+ 15 100
+ 16 1
x 16 88
+ 16 100
x 17 87
x 18 86
+ 19 3
+ 19 98
+ 19 100
x 20 85
+ 20 98
+ 20 100
x 21 84
x 22 83
+ 23 98
+ 23 100
x 24 80
+ 24 98
+ 24 100
+ 25 6
+ 26 1
x 26 79
x 27 75
+ 28 98
+ 28 99
+ 28 100
x 31 74
+ 31 98
+ 31 100
o 32 4
+ 32 98
+ 32 100
+ 35 98
+ 35 100
x 36 73
+ 36 98
+ 36 100
x 37 72
+ 38 1
x 38 71
+ 40 1
x 40 70
+ 40 99
x 41 69
+ 41 99
+ 42 2
x 42 68
+ 43 98
+ 43 100
+ 44 98
+ 44 100
x 45 66
+ 46 1
x 46 65
x 47 64
x 48 63
+ 48 99
+ 48 100
x 49 61
x 50 60
+ 50 100
x 51 59
+ 52 1
x 52 58
+ 52 99
+ 52 100
+ 53 4
x 53 55
+ 54 1
+ 54 100
x 55 54
+ 55 98
+ 55 100
x 56 53
x 57 52
+ 58 1
x 58 51
x 59 50
+ 59 100
x 60 49
x 61 48
+ 61 100
x 62 47
+ 63 2
+ 63 100
x 64 45
+ 65 1
+ 65 3
+ 65 99
+ 66 6
x 66 44
x 68 43
x 70 42
x 71 40
+ 72 1
x 72 39
+ 72 99
+ 72 100
x 73 35
+ 73 97
x 74 34
x 75 33
+ 75 91
+ 75 93
+ 75 98
+ 75 100
+ 76 1
x 77 32
+ 77 92
x 78 31
x 79 29
+ 79 98
+ 79 100
+ 80 11
+ 81 8
x 81 28
x 82 25
x 83 23
x 84 22
x 85 18
+ 86 28
x 88 16
+ 88 74
x 89 15
x 90 14
x 91 12
x 92 10
+ 92 66
+ 92 68
x 93 9
x 94 6
x 95 3
+ 96 29
+ 96 49
+ 96 53
+ 97 41
+ 97 59
+ 98 39
x 99 2
+ 99 58
+ 99 66
+ 99 68
x 100 1
+ 100 46
Case #55: 27 18
+ 1 2
+ 1 4
+ 1 9
x 2 9
+ 3 1
x 3 8
+ 3 10
x 4 6
+ 4 10
+ 5 1
+ 5 10
+ 6 1
+ 6 10
x 7 5
x 8 4
+ 8 10
x 9 1
+ 10 2
Case #56: 290 264
+ 1 98
+ 1 99
o 1 100
x 2 99
+ 3 1
x 3 98
+ 4 1
x 4 97
+ 4 98
+ 4 100
+ 5 1
x 5 96
+ 5 98
+ 5 100
+ 6 1
x 6 95
+ 7 8
x 7 94
x 8 93
+ 8 98
+ 8 100
+ 9 1
x 9 92
+ 9 98
+ 9 100
+ 10 1
x 10 91
+ 11 1
x 11 90
x 12 89
+ 12 98
+ 12 100
x 13 88
+ 13 98
+ 13 100
x 14 87
+ 15 1
x 15 86
x 16 85
+ 16 98
+ 16 100
+ 17 1
x 17 84
+ 17 98
+ 17 100
x 18 83
+ 19 1
x 19 82
+ 20 1
x 20 81
+ 20 100
+ 21 1
x 21 80
+ 21 98
+ 21 100
+ 22 1
x 22 79
+ 23 1
x 23 78
+ 24 1
x 24 77
+ 24 98
+ 24 100
+ 25 1
x 25 76
+ 25 98
+ 25 100
+ 26 1
+ 26 9
x 26 75
x 27 74
+ 28 1
x 28 73
+ 28 98
+ 28 100
+ 29 1
x 29 72
+ 29 98
+ 29 100
+ 30 1
x 30 71
x 31 70
+ 32 1
x 32 69
+ 32 98
+ 32 100
+ 33 1
x 33 68
x 34 67
+ 34 99
+ 35 1
x 35 66
+ 36 1
x 36 65
+ 36 100
+ 37 1
x 37 64
+ 37 98
+ 37 100
+ 38 1
x 38 63
+ 39 1
+ 39 9
x 39 62
+ 40 1
x 40 61
+ 40 98
+ 40 100
+ 41 1
x 41 60
+ 41 98
+ 41 100
x 42 59
+ 43 1
x 43 58
x 44 57
+ 44 98
+ 44 100
+ 45 1
x 45 56
+ 45 100
+ 46 1
x 46 55
x 47 54
+ 47 100
+ 48 1
x 48 53
+ 48 98
+ 48 100
x 49 52
+ 49 100
+ 50 1
x 50 51
x 51 50
+ 51 100
+ 52 1
+ 52 2
x 52 49
+ 52 100
x 53 48
+ 53 100
+ 54 1
x 54 47
+ 54 100
x 55 46
+ 56 1
x 56 45
+ 56 100
+ 57 1
x 57 44
+ 57 98
+ 57 100
x 58 43
+ 58 100
+ 59 1
x 59 42
+ 60 1
x 60 41
+ 61 1
x 61 40
+ 61 99
+ 61 100
+ 62 1
x 62 39
+ 63 1
x 63 38
+ 63 100
x 64 37
+ 64 98
+ 64 100
x 65 36
+ 65 100
+ 66 1
+ 66 3
x 66 35
+ 67 1
x 67 34
+ 67 100
x 68 33
+ 68 98
+ 68 100
x 69 32
+ 69 100
x 70 31
+ 71 1
x 71 30
+ 71 100
+ 72 1
x 72 29
+ 73 1
x 73 28
+ 73 99
+ 73 100
+ 74 1
x 74 27
+ 75 1
x 75 26
x 76 25
+ 76 98
+ 76 100
+ 77 1
x 77 24
+ 78 1
x 78 23
+ 78 99
+ 79 1
x 79 22
+ 80 1
x 80 21
+ 80 98
+ 80 100
+ 81 1
x 81 20
+ 81 98
+ 81 100
+ 82 1
x 82 19
+ 83 1
+ 83 15
x 83 18
x 84 17
+ 85 1
+ 85 10
x 85 16
+ 85 98
+ 85 99
+ 85 100
+ 86 1
x 86 15
+ 87 1
x 87 14
+ 88 1
+ 88 5
x 88 13
+ 88 98
+ 88 100
x 89 12
x 90 11
+ 90 99
+ 91 1
x 91 10
+ 91 27
+ 92 4
x 92 9
+ 92 95
+ 93 1
x 93 8
+ 93 99
x 94 7
+ 94 40
+ 94 96
x 95 6
+ 95 80
x 96 5
x 97 4
+ 97 85
x 98 3
+ 98 72
x 99 2
+ 99 51
x 100 1
+ 100 31
+ 100 43
+ 100 59
Case #57: 269 177
+ 1 99
x 1 100
x 2 99
x 3 98
+ 3 100
x 4 97
+ 4 98
+ 4 100
x 5 96
+ 5 100
x 6 95
x 7 94
+ 7 100
x 8 93
+ 8 98
+ 8 100
x 9 92
+ 9 100
x 10 91
x 11 90
+ 11 100
x 12 89
x 13 88
+ 13 99
+ 13 100
x 14 87
x 15 86
x 16 85
+ 16 99
x 17 84
+ 17 99
o 18 83
+ 19 9
x 19 82
+ 19 98
+ 19 100
x 20 81
+ 20 98
+ 20 100
+ 21 3
x 21 80
x 22 79
x 23 78
+ 23 98
+ 23 100
x 24 77
+ 24 100
x 25 76
x 26 75
x 27 74
+ 27 98
+ 27 100
x 28 73
+ 28 100
x 29 72
x 30 71
x 31 70
+ 31 98
+ 31 100
x 32 69
+ 32 98
+ 32 100
x 33 68
x 34 67
x 35 66
x 36 65
+ 36 98
+ 36 99
+ 36 100
x 37 64
x 38 63
x 39 62
x 40 61
+ 40 100
x 41 60
x 42 59
x 43 58
+ 43 98
+ 43 100
x 44 57
x 45 56
+ 45 99
x 46 55
x 47 54
+ 47 100
x 48 53
+ 48 100
x 49 52
+ 49 100
x 50 51
+ 50 100
x 51 50
x 52 49
x 53 48
x 54 47
+ 54 100
x 55 46
+ 55 100
x 56 45
x 57 44
x 58 43
x 59 42
x 60 41
+ 60 99
x 61 40
+ 61 99
x 62 39
x 63 38
+ 63 100
+ 64 1
x 64 37
x 65 36
+ 65 99
x 66 35
x 67 34
x 68 33
x 69 32
+ 69 99
x 70 31
x 71 30
x 72 29
+ 72 99
x 73 28
+ 73 99
x 74 27
x 75 26
+ 75 91
+ 75 95
x 76 25
+ 76 98
+ 76 100
x 77 24
x 78 23
x 79 22
x 80 21
x 81 20
x 82 19
x 83 18
x 84 17
x 85 16
x 86 15
x 87 14
x 88 13
x 89 12
x 90 11
+ 90 20
x 91 10
+ 91 23
x 92 9
x 93 8
x 94 7
+ 94 28
x 95 6
+ 95 31
x 96 5
+ 96 71
+ 96 73
x 97 4
+ 97 36
+ 97 56
+ 97 60
+ 97 65
x 98 3
+ 98 39
+ 98 41
+ 98 53
+ 98 63
x 99 2
+ 99 43
+ 99 46
+ 99 66
x 100 1
+ 100 38
+ 100 46
+ 100 52
+ 100 56
+ 100 58
Case #58: 223 121
+ 1 1
+ 1 46
+ 1 54
+ 1 62
+ 1 79
x 1 83
+ 1 84
+ 2 1
+ 2 6
+ 2 9
+ 2 11
+ 2 17
+ 2 64
+ 2 66
+ 2 67
+ 2 68
+ 2 81
+ 2 82
+ 2 84
+ 3 1
+ 3 4
+ 3 6
+ 3 14
+ 3 22
x 3 82
+ 3 84
+ 4 1
+ 4 71
+ 4 73
x 4 81
+ 5 1
x 5 80
+ 6 12
+ 6 18
x 6 77
+ 6 82
+ 7 65
x 7 76
+ 7 82
+ 7 84
+ 8 26
+ 9 30
+ 9 32
+ 9 34
x 9 75
+ 9 83
x 10 73
+ 11 1
+ 11 79
+ 11 82
+ 11 84
x 12 71
+ 12 84
+ 13 1
+ 14 1
x 14 70
+ 14 84
+ 15 1
x 15 69
x 16 67
+ 19 1
x 19 66
+ 20 1
x 20 62
+ 21 1
x 21 58
+ 21 81
+ 22 1
+ 25 1
+ 25 82
+ 25 84
+ 26 1
+ 27 1
x 28 53
+ 29 84
+ 30 1
+ 30 2
+ 30 3
x 30 52
x 31 47
+ 32 82
+ 34 1
+ 34 76
+ 35 1
x 35 46
+ 36 82
+ 36 84
x 37 45
+ 37 84
x 41 44
+ 42 83
+ 43 83
+ 44 1
x 44 41
x 45 40
+ 45 84
o 46 84
x 48 35
+ 49 1
+ 49 3
x 49 30
x 50 28
+ 50 77
x 51 26
x 52 24
+ 52 84
x 53 22
+ 54 78
+ 54 80
+ 55 1
x 58 21
+ 60 4
x 63 20
x 66 17
x 69 11
x 72 8
x 73 6
x 74 4
x 79 2
x 83 1
+ 83 41
Case #59: 295 281
+ 1 98
o 1 100
+ 2 1
+ 2 98
x 2 99
+ 2 100
+ 3 1
x 3 98
+ 4 1
x 4 97
+ 5 1
x 5 96
+ 5 98
+ 5 100
+ 6 1
+ 6 98
+ 6 100
+ 7 1
x 7 95
+ 8 1
x 8 94
+ 9 1
x 9 93
+ 9 98
+ 9 100
+ 10 1
x 10 92
+ 10 98
+ 10 100
x 11 90
+ 12 1
x 12 89
+ 13 1
x 13 88
+ 13 98
+ 13 100
+ 14 1
x 14 87
+ 14 98
+ 14 100
+ 15 1
x 15 86
+ 16 1
x 16 85
+ 17 1
x 17 84
+ 17 98
+ 17 100
+ 18 1
x 18 83
+ 18 98
+ 18 100
+ 19 1
x 19 82
+ 20 1
x 20 81
+ 21 1
x 21 80
+ 21 98
+ 21 100
+ 22 1
x 22 78
+ 22 98
+ 22 100
+ 23 1
x 23 77
+ 24 1
x 24 76
+ 25 1
+ 25 98
+ 25 100
+ 26 1
x 26 75
+ 26 98
+ 26 100
+ 27 1
x 27 74
+ 28 1
x 28 73
+ 29 1
x 29 72
+ 29 98
+ 29 100
+ 30 1
x 30 71
+ 30 98
+ 30 100
+ 31 1
x 31 69
+ 32 1
x 32 68
+ 33 1
x 33 67
+ 33 98
+ 33 100
+ 34 1
x 34 66
+ 34 98
+ 34 100
+ 35 1
x 35 65
+ 36 1
x 36 64
+ 37 1
x 37 63
+ 37 98
+ 37 100
+ 38 1
x 38 62
+ 38 98
+ 38 100
+ 39 1
x 39 61
+ 40 1
x 40 60
+ 41 1
x 41 59
+ 41 98
+ 41 100
+ 42 1
x 42 58
+ 42 98
+ 42 100
x 43 57
+ 44 1
x 44 56
+ 45 1
x 45 55
+ 45 98
+ 45 100
+ 46 1
x 46 54
+ 46 98
+ 46 100
+ 47 1
x 47 53
+ 48 1
x 48 51
+ 49 1
x 49 50
+ 49 100
+ 50 1
x 50 49
+ 50 98
+ 50 100
+ 51 1
x 51 47
+ 51 100
x 52 46
+ 53 1
x 53 45
+ 53 100
+ 54 1
x 54 44
+ 54 98
+ 54 100
+ 55 1
+ 55 100
+ 56 1
x 56 43
+ 57 1
x 57 42
+ 57 100
+ 58 1
x 58 41
+ 58 100
+ 59 1
x 59 40
+ 59 100
+ 60 1
x 60 39
+ 60 100
+ 61 1
x 61 38
+ 61 100
+ 62 1
x 62 37
+ 62 100
+ 63 1
x 63 36
+ 63 100
+ 64 1
x 64 35
+ 64 100
+ 65 1
x 65 33
+ 65 100
+ 66 1
x 66 31
+ 66 100
x 67 30
+ 67 100
+ 68 1
x 68 29
+ 68 100
+ 69 1
x 69 28
+ 69 100
+ 70 1
x 70 27
+ 70 100
+ 71 1
x 71 26
+ 71 100
+ 72 1
x 72 25
+ 72 100
+ 73 1
+ 73 100
+ 74 1
x 74 24
+ 74 100
+ 75 1
x 75 23
+ 76 1
x 76 22
+ 76 100
+ 77 1
x 77 20
+ 77 98
+ 77 100
+ 78 1
x 78 19
+ 79 1
x 79 18
+ 79 99
+ 80 1
x 80 17
+ 81 1
x 81 16
+ 81 98
+ 81 100
+ 82 1
x 82 15
+ 82 16
+ 82 100
+ 83 1
+ 84 1
x 84 14
+ 85 1
x 85 13
+ 85 98
+ 85 100
+ 86 1
x 86 12
+ 86 98
+ 86 100
+ 87 1
x 87 11
+ 88 1
x 88 10
+ 89 1
x 89 9
+ 89 98
+ 89 100
+ 90 1
x 90 8
+ 90 98
+ 90 100
+ 91 1
x 91 7
+ 92 1
+ 93 1
x 93 6
+ 93 98
+ 93 100
+ 94 1
x 94 5
+ 94 100
+ 95 1
+ 95 85
+ 95 97
+ 96 1
x 96 4
x 97 3
+ 97 98
+ 97 100
x 98 2
x 99 1
+ 99 48
+ 99 57
Case #60: 298 100
o 1 100
x 2 99
x 3 98
x 4 97
x 5 96
x 6 95
x 7 94
x 8 93
x 9 92
x 10 91
x 11 90
x 12 89
x 13 88
x 14 87
x 15 86
x 16 85
x 17 84
x 18 83
x 19 82
x 20 81
x 21 80
x 22 79
x 23 78
x 24 77
x 25 76
x 26 75
x 27 74
x 28 73
x 29 72
x 30 71
x 31 70
x 32 69
x 33 68
x 34 67
x 35 66
x 36 65
x 37 64
x 38 63
x 39 62
x 40 61
x 41 60
x 42 59
x 43 58
x 44 57
x 45 56
x 46 55
x 47 54
x 48 53
x 49 52
x 50 51
x 51 50
x 52 49
x 53 48
x 54 47
x 55 46
x 56 45
x 57 44
x 58 43
x 59 42
x 60 41
x 61 40
x 62 39
x 63 38
x 64 37
x 65 36
x 66 35
x 67 34
x 68 33
x 69 32
x 70 31
x 71 30
x 72 29
x 73 28
x 74 27
x 75 26
x 76 25
x 77 24
x 78 23
x 79 22
x 80 21
x 81 20
x 82 19
x 83 18
x 84 17
x 85 16
x 86 15
x 87 14
x 88 13
x 89 12
x 90 11
x 91 10
x 92 9
x 93 8
x 94 7
x 95 6
x 96 5
x 97 4
x 98 3
x 99 2
x 100 1
Case #61: 22 11
+ 1 1
+ 1 6
o 1 9
+ 2 9
x 4 8
x 5 7
+ 5 9
x 6 6
+ 6 9
x 7 2
o 8 1
Case #62: 127 69
+ 1 1
+ 1 4
+ 1 6
+ 1 8
+ 1 28
+ 1 29
+ 1 30
+ 1 37
+ 1 44
+ 1 45
+ 1 49
+ 2 16
+ 2 37
o 2 49
+ 3 1
+ 3 14
+ 3 21
+ 3 23
x 3 48
+ 3 49
+ 4 6
+ 4 8
+ 4 12
x 4 47
+ 5 1
+ 7 1
+ 7 20
+ 7 49
x 8 45
+ 9 49
+ 10 1
+ 11 49
+ 12 1
x 12 42
+ 12 49
+ 13 1
x 13 38
x 14 36
x 16 34
+ 16 48
+ 16 49
x 18 33
+ 19 1
+ 19 2
+ 21 1
+ 22 1
x 22 27
+ 24 1
x 24 22
+ 25 49
x 26 20
+ 26 47
x 28 19
x 30 15
+ 30 49
x 31 13
+ 31 46
x 33 11
x 34 10
x 35 9
x 37 7
x 41 6
x 42 5
x 44 3
x 47 2
+ 47 16
x 48 1
+ 49 20
+ 49 21
Case #63: 298 0
Case #64: 265 165
x 1 100
+ 2 84
x 2 99
+ 2 100
x 3 98
+ 3 100
x 4 97
+ 4 100
x 5 96
+ 5 100
x 6 94
+ 6 100
x 7 93
+ 7 100
x 8 92
+ 8 100
x 9 91
+ 9 100
x 10 90
+ 10 100
x 11 89
+ 11 100
x 12 88
+ 12 100
x 13 87
+ 13 100
x 14 86
+ 14 100
x 15 85
+ 15 100
x 16 84
+ 16 100
x 17 83
x 18 82
x 19 81
x 20 80
+ 20 100
x 21 79
+ 21 98
+ 21 100
x 23 78
x 24 77
+ 24 98
+ 24 100
x 25 76
x 26 75
+ 27 1
x 27 73
+ 28 98
+ 28 100
x 29 72
+ 29 98
+ 29 100
x 31 71
x 32 70
+ 32 98
+ 32 100
x 33 69
+ 33 98
+ 33 100
x 34 68
x 35 67
+ 36 100
x 37 66
+ 37 98
+ 37 100
x 39 64
x 40 63
+ 40 98
+ 40 100
x 41 62
+ 41 98
+ 41 100
+ 42 1
x 42 61
x 43 60
x 44 59
+ 44 100
x 45 58
+ 45 98
+ 45 100
x 46 57
x 47 56
x 48 55
+ 48 100
x 49 54
+ 49 98
+ 49 100
x 50 53
x 51 52
x 52 51
+ 52 100
x 53 50
+ 53 100
x 54 49
x 55 48
+ 55 100
+ 56 98
+ 56 100
x 57 47
x 58 46
+ 58 99
x 59 45
x 60 44
+ 60 100
x 61 43
+ 61 100
x 62 42
x 63 41
x 64 40
x 65 39
x 66 37
x 67 36
x 68 34
x 69 33
x 71 32
x 72 31
+ 72 97
x 73 30
x 74 29
x 75 28
x 76 27
+ 76 91
x 77 26
x 78 25
x 79 24
x 80 23
x 81 22
x 82 21
x 83 20
x 84 19
x 85 17
x 86 15
x 87 13
+ 87 30
x 88 12
+ 88 30
+ 88 35
+ 88 37
x 89 11
x 90 10
x 91 9
x 92 8
x 93 7
x 94 6
x 95 5
+ 95 39
x 96 4
+ 96 54
+ 96 69
+ 96 72
+ 96 74
+ 96 76
x 98 3
+ 98 44
+ 98 60
+ 98 68
x 99 2
+ 99 47
+ 99 52
+ 99 60
+ 99 63
+ 99 65
x 100 1
+ 100 63
Case #65: 183 0
Case #66: 290 190
+ 1 98
+ 1 99
+ 1 100
+ 2 1
+ 2 3
x 2 93
x 3 80
+ 4 98
+ 4 100
+ 5 1
+ 5 8
x 5 79
+ 5 98
+ 5 100
+ 6 1
x 6 73
+ 7 1
+ 8 1
+ 8 98
+ 8 100
+ 9 1
+ 9 11
+ 9 98
+ 9 100
+ 10 1
+ 10 14
+ 11 1
+ 12 98
+ 12 100
+ 13 1
+ 13 98
+ 13 100
+ 14 1
+ 15 1
+ 16 98
+ 16 100
+ 17 1
+ 17 98
+ 17 100
+ 18 1
x 19 70
+ 20 1
+ 20 98
+ 20 100
+ 21 1
+ 21 98
+ 21 100
+ 22 1
x 23 69
+ 24 1
+ 24 98
+ 24 100
+ 25 1
+ 25 98
+ 25 100
+ 26 1
+ 27 1
+ 28 1
+ 28 98
+ 28 100
x 29 67
+ 29 98
+ 29 100
+ 30 1
+ 31 1
+ 32 1
+ 32 100
+ 33 1
x 33 63
+ 33 98
+ 33 100
+ 34 1
x 34 62
+ 34 100
x 35 60
+ 36 100
+ 37 1
+ 37 100
+ 38 1
+ 38 100
+ 39 1
o 40 1
+ 40 100
+ 41 6
+ 41 98
+ 41 100
+ 42 1
+ 42 2
x 42 52
+ 42 100
+ 44 1
+ 44 10
+ 44 100
+ 45 1
+ 45 98
+ 45 100
x 46 43
+ 46 100
+ 47 1
+ 48 1
+ 48 100
o 49 98
+ 49 100
+ 50 100
+ 51 1
+ 52 1
x 52 40
+ 52 100
+ 53 100
+ 54 1
x 54 29
+ 55 1
o 55 100
+ 56 1
x 56 23
+ 56 98
+ 56 100
+ 57 1
+ 57 100
+ 58 1
+ 59 1
x 59 14
+ 59 100
+ 60 98
+ 60 100
+ 61 1
+ 61 100
+ 62 1
+ 63 1
+ 63 100
+ 64 1
+ 64 98
+ 64 100
+ 65 100
+ 66 1
+ 67 1
+ 68 1
+ 69 98
o 69 99
+ 69 100
+ 70 1
+ 71 1
+ 72 1
+ 72 98
+ 72 100
+ 73 1
+ 74 1
+ 74 99
+ 76 1
+ 76 98
+ 76 100
+ 77 1
+ 77 98
+ 77 100
+ 80 1
x 80 12
+ 80 86
+ 80 98
+ 80 100
+ 81 1
+ 81 98
+ 81 100
+ 82 1
x 82 8
+ 83 1
+ 84 1
+ 84 98
+ 84 100
+ 85 98
+ 85 100
+ 86 12
+ 87 1
+ 87 9
+ 87 10
+ 88 1
+ 88 98
+ 88 100
+ 89 5
+ 89 98
+ 89 100
+ 90 1
+ 90 2
+ 90 5
+ 92 1
+ 93 78
+ 93 98
+ 93 100
+ 97 38
+ 99 31
+ 100 51
Case #67: 285 185
+ 1 2
+ 1 98
+ 2 98
+ 2 100
+ 3 1
+ 3 14
+ 3 16
+ 4 1
+ 5 8
+ 5 10
+ 5 11
+ 5 98
+ 5 100
+ 6 1
+ 6 98
+ 6 100
+ 8 1
x 8 99
+ 9 1
+ 9 98
+ 9 100
+ 10 1
x 10 96
+ 10 98
+ 10 100
+ 11 1
x 11 95
x 12 88
+ 13 1
+ 13 98
+ 13 100
+ 14 98
+ 14 100
+ 17 1
+ 17 98
+ 17 100
x 18 87
+ 18 98
+ 18 100
x 19 84
x 20 82
+ 21 98
+ 21 100
x 22 78
+ 22 100
+ 23 1
x 23 77
+ 24 1
x 24 72
+ 25 1
+ 25 98
+ 25 100
+ 26 1
+ 26 98
+ 26 100
+ 27 1
x 27 70
+ 28 1
x 28 65
+ 29 1
+ 29 98
+ 29 100
+ 30 1
+ 30 98
+ 30 100
+ 31 1
x 31 63
+ 32 1
+ 33 1
+ 33 100
+ 34 1
+ 34 100
+ 35 1
+ 37 98
+ 37 100
+ 38 1
+ 38 98
+ 38 100
+ 39 1
x 39 62
+ 40 1
x 41 61
+ 41 98
+ 41 100
+ 42 2
+ 42 98
+ 42 100
+ 45 2
+ 45 98
+ 45 100
x 46 57
+ 46 98
+ 46 100
+ 49 1
+ 49 3
+ 49 98
+ 49 100
x 50 56
+ 50 98
+ 50 100
+ 52 1
+ 53 1
+ 53 98
+ 53 100
o 54 1
+ 54 98
+ 54 100
+ 55 1
+ 57 1
+ 57 98
+ 57 100
+ 58 1
x 58 55
+ 58 100
+ 59 1
+ 60 1
x 60 47
+ 60 100
+ 61 1
+ 61 100
o 62 100
x 63 46
x 64 41
+ 65 1
+ 65 100
+ 66 1
+ 66 100
+ 67 1
+ 67 100
+ 68 1
+ 70 1
x 70 40
+ 70 99
+ 71 1
+ 71 99
x 72 34
+ 73 1
+ 73 24
x 73 28
+ 73 98
+ 73 100
+ 74 1
+ 74 98
+ 74 100
+ 75 20
+ 77 1
+ 77 100
+ 78 1
+ 78 15
x 78 24
+ 79 1
+ 80 1
x 80 22
+ 81 100
+ 82 1
+ 82 98
+ 82 100
+ 83 8
+ 83 100
+ 84 94
+ 85 100
+ 86 3
+ 86 12
+ 86 98
+ 86 100
+ 88 2
+ 88 4
+ 88 6
x 88 20
+ 89 42
x 90 18
x 91 17
x 93 15
+ 94 26
+ 94 74
x 96 8
+ 97 35
+ 97 79
+ 98 77
+ 99 64
+ 99 80
x 100 5
+ 100 56
+ 100 59
+ 100 64
Case #68: 289 274
+ 1 3
+ 1 99
x 1 100
+ 2 1
+ 2 3
+ 2 97
x 2 99
x 3 98
+ 3 100
x 4 97
+ 4 98
+ 4 100
+ 5 1
x 5 96
+ 6 1
x 6 95
+ 7 10
+ 7 13
+ 7 15
+ 7 17
x 7 94
+ 7 98
+ 7 100
+ 8 1
x 8 93
+ 8 98
+ 8 100
+ 9 1
x 9 92
+ 10 1
x 10 91
+ 11 1
x 11 90
+ 11 98
+ 11 100
+ 12 1
x 12 89
+ 12 98
+ 12 100
+ 13 1
x 13 88
+ 14 1
x 14 87
+ 15 1
x 15 86
+ 15 98
+ 15 100
x 16 85
+ 16 98
+ 16 100
+ 17 1
x 17 84
x 18 83
x 19 82
+ 19 98
+ 19 100
+ 20 1
x 20 81
+ 20 98
+ 20 100
x 21 80
+ 22 1
x 22 79
x 23 78
+ 23 98
+ 23 100
+ 24 1
x 24 77
+ 24 98
+ 24 100
+ 25 1
x 25 76
+ 26 1
x 26 75
+ 27 1
x 27 74
+ 27 98
+ 27 100
+ 28 1
x 28 73
+ 28 98
+ 28 100
+ 29 1
x 29 72
+ 30 1
x 30 71
x 31 70
+ 31 98
+ 31 100
+ 32 1
x 32 69
+ 32 98
+ 32 100
+ 33 1
x 33 68
+ 34 1
x 34 67
x 35 66
+ 35 98
+ 35 100
x 36 65
+ 36 98
+ 36 100
x 37 64
+ 38 1
x 38 63
+ 39 1
x 39 62
+ 39 98
+ 39 100
+ 40 1
x 40 61
+ 41 1
x 41 60
+ 41 99
+ 42 1
x 42 59
+ 43 1
x 43 58
+ 43 98
+ 43 100
+ 44 1
x 44 57
+ 44 98
+ 44 100
+ 45 1
x 45 56
+ 46 1
x 46 55
+ 47 1
o 47 54
+ 47 98
+ 47 100
+ 48 1
x 48 53
+ 48 98
+ 48 100
+ 49 1
x 49 52
x 50 51
+ 51 1
x 51 50
+ 52 1
x 52 49
+ 52 98
+ 52 99
+ 52 100
+ 53 1
x 53 48
+ 54 1
x 54 47
+ 55 1
x 55 46
+ 55 98
+ 55 100
+ 56 1
x 56 45
+ 56 98
+ 56 100
+ 57 1
x 57 44
x 58 43
+ 59 1
x 59 42
+ 59 98
+ 59 100
+ 60 1
x 60 41
+ 60 98
+ 60 100
+ 61 1
x 61 40
+ 62 1
x 62 39
+ 63 1
x 63 38
+ 63 98
+ 63 100
+ 64 1
+ 64 7
x 64 37
+ 64 98
+ 64 100
x 65 36
+ 66 1
x 66 35
+ 67 1
+ 67 31
x 67 34
+ 68 1
x 68 33
+ 68 98
+ 68 99
+ 68 100
+ 69 1
x 69 32
x 70 31
+ 71 1
x 71 30
+ 71 98
+ 71 100
x 72 29
+ 72 100
+ 73 1
x 73 28
+ 74 1
x 74 27
+ 74 100
x 75 26
+ 75 98
+ 75 100
+ 76 1
x 76 25
+ 76 100
+ 77 1
x 77 24
x 78 23
+ 78 100
+ 79 1
x 79 22
+ 79 98
+ 79 100
+ 80 1
+ 80 16
x 80 21
+ 80 100
+ 81 1
x 81 20
+ 82 1
x 82 19
+ 82 100
+ 83 1
x 83 18
+ 83 100
+ 84 1
+ 84 10
+ 84 13
x 84 17
+ 84 100
x 85 16
+ 85 100
+ 86 1
+ 86 9
x 86 15
+ 86 52
+ 86 100
+ 87 1
x 87 14
+ 87 100
+ 88 1
+ 88 4
x 88 13
+ 88 100
+ 89 1
x 89 12
+ 90 1
x 90 11
x 91 10
+ 91 100
+ 92 1
x 92 9
+ 92 97
x 93 8
x 94 7
x 95 6
x 96 5
x 97 4
x 98 3
x 99 2
+ 99 50
+ 99 82
x 100 1
+ 100 65
+ 100 70
Case #69: 162 90
+ 1 6
+ 1 27
+ 1 43
+ 1 45
+ 1 60
+ 2 1
+ 2 6
+ 2 48
+ 2 60
+ 3 14
+ 3 44
+ 3 51
+ 3 53
x 3 60
+ 4 60
+ 5 1
+ 5 40
x 5 58
+ 5 60
+ 6 12
+ 6 31
x 7 57
+ 7 60
+ 8 60
+ 9 1
x 9 55
+ 9 60
+ 10 1
x 10 53
+ 11 1
+ 13 1
+ 13 2
x 14 51
x 15 49
+ 15 60
x 16 48
+ 18 1
x 18 47
x 19 46
+ 20 1
+ 20 56
+ 21 59
+ 22 1
+ 22 2
x 22 45
x 24 44
+ 25 1
+ 26 1
x 26 43
+ 26 60
x 27 42
+ 27 57
x 28 40
+ 29 2
x 29 37
x 30 35
+ 31 60
+ 32 1
x 32 31
+ 32 60
+ 33 1
x 33 30
+ 33 60
+ 34 1
x 34 26
+ 35 1
+ 36 59
x 37 25
+ 37 59
+ 39 3
x 39 24
x 41 23
+ 42 58
x 43 22
+ 43 56
+ 44 59
+ 45 53
+ 46 60
x 47 17
+ 47 57
x 49 13
x 50 12
x 51 11
+ 51 23
x 53 10
x 54 7
x 56 4
o 59 1
+ 59 29
+ 60 25
Case #70: 298 296
+ 1 1
o 1 100
+ 2 1
x 2 99
+ 2 100
+ 3 1
x 3 98
+ 3 100
+ 4 1
x 4 97
+ 4 100
+ 5 1
x 5 96
+ 5 100
+ 6 1
x 6 95
+ 6 100
+ 7 1
x 7 94
+ 7 100
+ 8 1
x 8 93
+ 8 100
+ 9 1
x 9 92
+ 9 100
+ 10 1
x 10 91
+ 10 100
+ 11 1
x 11 90
+ 11 100
+ 12 1
x 12 89
+ 12 100
+ 13 1
x 13 88
+ 13 100
+ 14 1
x 14 87
+ 14 100
+ 15 1
x 15 86
+ 15 100
+ 16 1
x 16 85
+ 16 100
+ 17 1
x 17 84
+ 17 100
+ 18 1
x 18 83
+ 18 100
+ 19 1
x 19 82
+ 19 100
+ 20 1
x 20 81
+ 20 100
+ 21 1
x 21 80
+ 21 100
+ 22 1
x 22 79
+ 22 100
+ 23 1
x 23 78
+ 23 100
+ 24 1
x 24 77
+ 24 100
+ 25 1
x 25 76
+ 25 100
+ 26 1
x 26 75
+ 26 100
+ 27 1
x 27 74
+ 27 100
+ 28 1
x 28 73
+ 28 100
+ 29 1
x 29 72
+ 29 100
+ 30 1
x 30 71
+ 30 100
+ 31 1
x 31 70
+ 31 100
+ 32 1
x 32 69
+ 32 100
+ 33 1
x 33 68
+ 33 100
+ 34 1
x 34 67
+ 34 100
+ 35 1
x 35 66
+ 35 100
+ 36 1
x 36 65
+ 36 100
+ 37 1
x 37 64
+ 37 100
+ 38 1
x 38 63
+ 38 100
+ 39 1
x 39 62
+ 39 100
+ 40 1
x 40 61
+ 40 100
+ 41 1
x 41 60
+ 41 100
+ 42 1
x 42 59
+ 42 100
+ 43 1
x 43 58
+ 43 100
+ 44 1
x 44 57
+ 44 100
+ 45 1
x 45 56
+ 45 100
+ 46 1
x 46 55
+ 46 100
+ 47 1
x 47 54
+ 47 100
+ 48 1
x 48 52
+ 48 100
+ 49 1
x 49 51
+ 49 100
+ 50 1
x 50 50
+ 50 100
+ 51 1
x 51 49
+ 51 100
+ 52 1
x 52 48
+ 52 100
+ 53 1
x 53 47
+ 53 100
+ 54 1
x 54 46
+ 54 100
+ 55 1
x 55 45
+ 55 100
+ 56 1
x 56 44
+ 56 100
+ 57 1
x 57 43
+ 57 100
+ 58 1
x 58 42
+ 58 100
+ 59 1
x 59 41
+ 59 100
+ 60 1
x 60 40
+ 60 100
+ 61 1
x 61 39
+ 61 100
+ 62 1
x 62 38
+ 62 100
+ 63 1
x 63 37
+ 63 100
+ 64 1
x 64 36
+ 64 100
+ 65 1
x 65 35
+ 65 100
+ 66 1
x 66 34
+ 66 100
+ 67 1
x 67 33
+ 67 100
+ 68 1
x 68 32
+ 68 100
+ 69 1
x 69 31
+ 69 100
+ 70 1
x 70 30
+ 70 100
+ 71 1
x 71 29
+ 71 100
+ 72 1
x 72 28
+ 72 100
+ 73 1
x 73 27
+ 73 100
+ 74 1
x 74 26
+ 74 100
+ 75 1
x 75 25
+ 75 100
+ 76 1
x 76 24
+ 76 100
+ 77 1
x 77 23
+ 77 100
+ 78 1
x 78 22
+ 78 100
+ 79 1
x 79 21
+ 79 100
+ 80 1
x 80 20
+ 80 100
+ 81 1
x 81 19
+ 81 100
+ 82 1
x 82 18
+ 82 100
+ 83 1
x 83 17
+ 83 100
+ 84 1
x 84 16
+ 84 100
+ 85 1
x 85 15
+ 85 100
+ 86 1
x 86 14
+ 86 100
+ 87 1
x 87 13
+ 87 100
+ 88 1
x 88 12
+ 88 100
+ 89 1
x 89 11
+ 89 100
+ 90 1
x 90 10
+ 90 100
+ 91 1
x 91 9
+ 91 100
+ 92 1
+ 92 100
+ 93 1
x 93 8
+ 93 100
+ 94 1
x 94 7
+ 94 100
+ 95 1
x 95 6
+ 95 100
+ 96 1
x 96 5
+ 96 100
+ 97 1
x 97 4
+ 97 100
+ 98 1
x 98 3
+ 98 100
+ 99 1
x 99 2
+ 99 100
x 100 1
Case #71: 283 247
+ 1 98
+ 1 99
x 1 100
x 2 99
+ 3 1
x 3 98
x 4 97
+ 4 98
+ 4 100
x 5 96
+ 5 98
+ 5 100
x 6 95
x 7 94
x 8 93
+ 8 98
+ 8 100
+ 9 1
x 9 92
+ 9 98
+ 9 100
x 10 91
+ 11 1
x 11 90
+ 12 1
x 12 89
+ 12 98
+ 12 100
+ 13 1
x 13 88
+ 13 98
+ 13 100
x 14 87
+ 15 1
o 15 86
+ 16 1
x 16 85
+ 16 98
+ 16 100
x 17 84
+ 17 98
+ 17 100
+ 18 1
x 18 83
x 19 82
+ 20 2
+ 20 7
x 20 81
+ 20 98
+ 20 100
x 21 80
+ 21 98
+ 21 100
+ 22 1
+ 22 3
x 22 79
+ 23 1
x 23 78
x 24 77
+ 24 98
+ 24 100
+ 25 1
x 25 76
+ 25 98
+ 25 100
x 26 75
x 27 74
+ 28 1
x 28 73
+ 28 98
+ 28 100
+ 29 1
x 29 72
x 30 71
+ 30 99
+ 31 1
x 31 70
x 32 69
+ 32 98
+ 32 100
+ 33 2
x 33 68
+ 33 98
+ 33 100
x 34 67
+ 35 1
x 35 66
+ 36 1
x 36 65
+ 36 100
+ 37 1
x 37 64
+ 37 98
+ 37 100
+ 38 1
x 38 63
+ 39 1
x 39 62
+ 40 1
x 40 61
+ 40 98
+ 40 100
+ 41 1
x 41 60
+ 42 1
+ 42 10
x 42 59
+ 42 99
+ 43 1
x 43 58
x 44 57
+ 45 1
x 45 56
+ 45 98
+ 45 99
+ 45 100
x 46 55
+ 47 1
x 47 54
+ 48 1
x 48 53
+ 48 100
+ 49 1
x 49 52
+ 49 98
+ 49 100
+ 50 1
x 50 51
x 51 50
x 52 49
+ 52 98
+ 52 100
x 53 48
+ 53 98
+ 53 100
x 54 47
x 55 46
+ 56 1
x 56 45
+ 56 98
+ 56 100
+ 57 1
x 57 44
+ 57 100
x 58 43
+ 59 1
x 59 42
+ 59 100
+ 60 1
x 60 41
+ 60 98
+ 60 100
x 61 40
+ 61 100
+ 62 1
x 62 39
+ 63 1
x 63 38
+ 63 100
+ 64 1
x 64 37
+ 64 98
+ 64 100
x 65 36
+ 66 1
x 66 35
+ 67 1
x 67 34
+ 68 1
x 68 33
+ 68 98
+ 68 100
x 69 32
+ 69 98
+ 69 100
x 70 31
+ 71 1
x 71 30
+ 72 1
x 72 29
+ 72 100
+ 73 1
x 73 28
x 74 27
+ 74 99
+ 75 22
x 75 26
x 76 25
+ 76 98
+ 76 100
+ 77 1
+ 77 2
x 77 24
+ 77 100
+ 78 5
x 78 23
+ 79 1
x 79 22
+ 80 1
+ 80 11
x 80 21
+ 80 98
+ 80 100
+ 81 1
+ 81 17
x 81 20
+ 82 14
x 82 19
x 83 18
+ 83 98
+ 84 10
x 84 17
+ 84 95
+ 85 1
x 85 16
+ 85 99
x 86 15
+ 87 1
+ 87 5
x 87 14
x 88 13
+ 89 1
x 89 12
+ 89 38
+ 89 99
x 90 11
+ 90 81
+ 90 85
+ 90 96
x 91 10
x 92 9
+ 92 47
x 93 8
x 94 7
x 95 6
x 96 5
x 97 4
+ 97 37
+ 97 68
x 98 3
+ 98 44
+ 98 72
x 99 2
+ 99 47
+ 99 56
+ 99 83
x 100 1
Case #72: 287 238
+ 1 98
+ 1 99
x 1 100
x 2 99
x 3 97
x 4 94
+ 4 98
+ 4 100
x 5 93
+ 5 98
+ 5 100
+ 6 1
x 6 92
+ 7 1
x 7 91
+ 8 1
+ 8 98
+ 8 100
x 9 90
+ 9 98
+ 9 100
x 10 89
+ 11 1
x 11 88
+ 12 1
x 12 87
+ 12 98
+ 12 100
x 13 86
+ 13 98
+ 13 100
+ 14 1
x 14 85
+ 15 1
+ 16 1
x 16 83
+ 16 98
+ 16 100
+ 17 1
x 17 82
+ 17 98
+ 17 100
+ 18 1
x 18 81
+ 19 1
x 19 80
+ 20 1
+ 20 8
x 20 79
+ 20 98
+ 20 100
+ 21 1
+ 21 98
+ 21 100
+ 22 1
x 22 77
+ 23 1
x 24 75
+ 24 98
+ 24 100
+ 25 1
x 25 74
+ 26 1
x 26 73
+ 26 99
+ 28 1
x 28 71
+ 28 98
+ 28 100
+ 29 1
x 29 70
+ 29 100
+ 30 1
x 30 68
+ 31 1
x 31 67
+ 31 100
+ 32 1
x 32 65
+ 32 100
+ 33 1
x 33 64
+ 34 1
x 34 63
+ 34 100
x 35 62
+ 35 100
x 36 59
+ 36 100
+ 37 1
x 37 57
+ 37 100
+ 38 1
x 38 53
+ 38 100
+ 39 100
+ 40 1
x 40 52
+ 40 100
+ 41 1
x 41 51
+ 41 100
+ 42 1
x 42 49
+ 42 100
x 43 48
+ 43 100
+ 44 1
x 44 47
+ 44 100
x 45 44
+ 45 100
+ 46 1
+ 46 2
x 46 43
+ 46 100
x 47 42
+ 47 100
+ 48 1
+ 48 13
+ 48 100
x 49 41
+ 49 100
+ 50 1
x 50 40
+ 50 100
x 51 39
+ 51 100
+ 52 1
x 52 38
x 53 37
+ 54 1
x 54 36
+ 54 99
+ 55 1
x 55 35
+ 56 1
x 56 34
+ 56 98
+ 56 100
+ 57 1
+ 57 98
+ 57 100
+ 58 1
x 58 33
+ 59 1
+ 60 100
+ 61 1
x 61 32
+ 61 98
+ 61 100
+ 62 1
+ 63 1
x 63 31
+ 64 1
x 64 30
+ 64 100
+ 65 1
x 65 29
+ 65 98
+ 65 100
+ 66 1
x 66 28
+ 67 1
+ 68 98
+ 68 100
+ 69 1
x 69 27
+ 70 1
x 70 26
x 71 25
x 72 24
+ 72 98
+ 72 100
+ 73 1
x 73 23
+ 73 98
+ 73 100
+ 74 1
x 74 22
x 75 20
+ 76 1
+ 76 98
+ 76 100
x 77 19
x 78 18
+ 78 99
+ 79 1
x 79 17
x 81 16
+ 81 99
+ 81 100
x 82 15
x 83 14
+ 84 1
+ 84 98
+ 84 100
+ 85 1
+ 85 9
+ 85 11
+ 85 77
+ 85 100
+ 86 1
+ 86 4
+ 86 6
x 86 13
+ 87 1
+ 87 6
+ 87 8
x 87 12
+ 87 92
+ 88 1
+ 88 95
+ 88 98
+ 88 100
x 89 11
+ 89 80
+ 89 86
+ 89 98
+ 89 100
+ 90 1
x 90 10
x 91 9
+ 91 87
x 92 8
x 94 7
x 95 6
+ 95 72
x 96 5
x 97 4
x 98 3
+ 98 60
x 99 2
+ 99 28
+ 100 23
+ 100 30
+ 100 33
+ 100 52
Case #73: 271 171
+ 1 9
+ 1 11
x 1 99
+ 1 100
+ 2 15
+ 2 19
+ 2 97
+ 2 100
+ 3 21
x 3 97
+ 3 100
x 4 95
+ 4 100
+ 5 17
x 6 94
+ 6 100
x 7 92
+ 7 98
+ 7 100
x 8 91
+ 8 100
x 9 90
+ 10 100
+ 11 98
+ 11 100
+ 12 3
x 12 89
+ 12 100
+ 13 1
x 13 88
+ 14 100
x 15 87
+ 15 98
+ 15 100
+ 16 100
x 17 86
x 18 85
+ 19 1
+ 19 98
+ 19 100
x 20 83
+ 20 98
+ 20 100
x 21 80
x 22 79
x 23 78
+ 23 98
+ 23 100
+ 24 1
x 24 77
+ 24 98
+ 24 100
x 26 74
+ 27 3
+ 27 98
+ 27 100
x 28 73
+ 28 98
+ 28 100
x 29 71
x 30 70
x 31 68
+ 31 98
+ 31 100
+ 32 98
+ 32 100
x 33 67
+ 35 1
x 35 65
+ 35 98
+ 35 100
x 36 64
+ 36 98
+ 36 100
x 37 62
x 38 58
+ 39 98
+ 39 100
+ 40 98
+ 40 100
+ 41 1
x 41 56
+ 42 1
x 43 55
+ 43 98
+ 43 100
+ 44 100
x 45 53
+ 46 100
+ 47 2
+ 47 9
x 47 51
+ 47 100
+ 48 4
+ 48 6
+ 48 100
x 49 50
x 50 48
+ 50 100
x 51 46
+ 51 98
+ 51 100
x 52 45
+ 52 100
x 53 44
+ 54 1
x 54 43
+ 55 98
+ 55 100
x 56 40
x 57 39
+ 57 99
+ 58 1
x 59 37
+ 60 99
x 61 35
+ 61 99
x 62 34
x 63 33
+ 63 98
+ 63 100
x 64 32
+ 64 100
+ 65 1
x 65 31
x 67 27
+ 68 1
+ 68 6
+ 68 19
x 68 25
+ 68 98
+ 68 99
+ 68 100
+ 69 1
x 70 24
+ 70 27
+ 71 2
+ 71 6
+ 71 11
+ 71 12
x 71 23
+ 71 98
+ 71 100
+ 72 9
+ 72 14
x 72 22
x 73 21
x 75 19
+ 75 95
+ 75 97
x 76 18
x 77 16
x 80 15
x 83 14
x 84 12
x 87 11
x 90 10
+ 91 54
x 93 9
x 95 8
+ 95 59
+ 95 62
+ 95 63
x 96 5
+ 96 66
x 97 4
+ 97 68
x 99 3
+ 99 43
+ 100 73
+ 100 75
Case #74: 199 112
+ 1 3
+ 1 4
+ 1 8
+ 1 10
+ 1 55
+ 1 61
+ 1 64
+ 1 69
+ 1 73
+ 1 74
+ 2 1
+ 2 10
+ 2 16
+ 2 52
+ 2 55
x 2 71
x 3 70
x 4 69
+ 5 1
+ 5 23
+ 5 25
+ 5 27
+ 5 29
+ 5 74
+ 5 75
+ 6 32
x 6 68
+ 7 35
+ 8 51
x 8 67
+ 8 73
+ 8 75
+ 9 1
x 9 66
+ 9 75
+ 11 75
+ 12 73
+ 13 1
+ 13 54
x 14 65
+ 15 1
+ 16 1
x 16 64
+ 16 75
+ 17 75
+ 18 1
x 18 63
+ 18 75
+ 20 1
x 20 61
+ 20 75
+ 22 1
+ 22 2
x 22 59
+ 24 1
x 24 58
+ 24 73
+ 24 75
+ 25 1
x 25 56
+ 26 1
+ 26 13
+ 26 72
x 27 55
+ 27 75
+ 28 1
x 29 51
+ 30 1
x 31 50
x 32 48
x 33 46
+ 34 1
+ 34 3
x 34 45
+ 34 74
x 36 44
x 37 42
+ 37 74
+ 37 75
+ 39 75
+ 40 1
+ 41 74
x 42 38
+ 43 1
+ 43 73
+ 43 75
x 44 36
x 45 33
+ 46 1
o 46 73
x 48 32
x 50 30
+ 51 4
x 51 28
x 52 25
+ 52 73
+ 55 66
x 57 24
x 58 21
x 59 18
+ 59 72
+ 59 74
x 61 16
x 62 12
x 64 10
x 66 8
x 67 6
x 68 5
x 69 3
x 71 2
+ 71 30
x 73 1
Case #75: 121 64
+ 1 5
+ 1 31
+ 1 33
+ 1 37
x 1 42
+ 1 44
+ 2 1
+ 2 41
+ 3 45
+ 4 1
x 4 38
+ 4 45
+ 5 6
+ 6 1
x 6 34
+ 6 44
+ 7 13
+ 8 1
x 9 32
+ 9 43
x 11 31
+ 12 2
+ 12 4
+ 14 1
x 14 30
x 15 28
+ 16 5
x 16 27
+ 17 1
x 17 26
+ 17 45
+ 18 1
x 18 25
+ 18 45
+ 21 45
+ 23 1
x 23 22
+ 23 44
+ 25 1
x 25 21
+ 25 43
+ 25 45
+ 26 1
x 26 19
+ 27 1
+ 27 44
+ 28 1
x 29 18
+ 29 45
+ 30 35
+ 31 38
+ 31 44
x 32 16
+ 32 41
+ 33 45
+ 34 1
+ 34 6
x 35 13
+ 35 45
x 39 9
x 40 7
o 41 20
x 43 2
+ 45 14
Case #76: 273 212
x 1 100
+ 2 11
+ 2 95
+ 2 98
x 2 99
+ 2 100
x 3 98
+ 3 100
x 4 97
+ 5 22
x 5 96
+ 5 100
x 6 95
+ 6 98
+ 6 100
x 7 94
+ 8 1
x 8 93
x 9 92
+ 9 98
+ 9 100
x 10 91
+ 10 98
+ 10 100
x 11 90
x 12 89
x 13 88
+ 13 98
+ 13 100
x 14 87
x 15 86
+ 15 99
x 16 85
+ 17 4
x 17 84
+ 17 98
+ 17 100
x 18 83
+ 18 98
+ 18 100
+ 19 1
x 19 82
x 20 81
x 21 80
+ 21 98
+ 21 100
x 22 79
+ 22 98
+ 22 100
x 23 78
x 24 77
x 25 76
+ 25 100
x 26 75
+ 26 98
+ 26 100
x 27 74
x 28 73
x 29 72
x 30 71
+ 30 98
+ 30 99
+ 30 100
+ 31 1
o 31 70
x 32 69
x 33 68
+ 33 98
+ 33 100
+ 34 2
x 34 67
+ 34 98
+ 34 100
x 35 66
x 36 65
x 37 64
+ 37 98
+ 37 100
x 38 63
+ 38 98
+ 38 100
x 39 62
+ 40 1
x 40 61
x 41 60
+ 41 98
+ 41 100
x 42 59
x 43 58
+ 43 99
x 44 57
x 45 56
+ 45 98
+ 45 100
+ 46 1
x 46 55
+ 47 4
x 47 54
+ 47 99
+ 48 1
x 48 53
x 49 52
+ 49 98
+ 49 100
x 50 51
+ 50 98
+ 50 100
x 51 50
+ 52 1
+ 52 2
x 52 49
x 53 48
+ 53 100
x 54 47
+ 54 98
+ 54 100
x 55 46
+ 56 1
x 56 45
+ 57 1
x 57 44
+ 57 98
+ 57 100
x 58 43
x 59 42
+ 59 99
x 60 41
+ 61 1
x 61 40
x 62 39
+ 62 99
+ 62 100
+ 63 1
x 63 38
+ 64 1
x 64 37
+ 65 1
x 65 36
+ 65 98
+ 65 100
x 66 35
x 67 34
x 68 33
+ 69 1
x 69 32
+ 69 100
+ 70 1
x 70 31
+ 70 98
+ 70 100
x 71 30
x 72 29
x 73 28
+ 73 100
+ 74 3
x 74 27
+ 74 98
+ 74 100
+ 75 1
+ 75 14
x 75 26
+ 75 100
+ 76 17
+ 76 19
x 76 25
+ 77 10
x 77 24
+ 78 6
+ 78 12
x 78 23
+ 79 3
+ 79 9
x 79 22
+ 79 98
x 80 21
x 81 20
x 82 19
+ 82 94
+ 82 96
+ 82 98
+ 82 100
x 83 18
x 84 17
+ 84 43
x 85 16
+ 85 27
x 86 15
x 87 14
x 88 13
+ 88 35
x 89 12
x 90 11
x 91 10
x 92 9
x 93 8
x 94 7
+ 94 57
x 95 6
+ 95 49
x 96 5
+ 96 70
x 97 4
+ 97 43
+ 97 62
x 98 3
x 99 2
+ 99 57
+ 99 61
+ 99 68
x 100 1
+ 100 64
+ 100 71
Case #77: 298 296
+ 1 1
o 1 100
+ 2 1
x 2 99
+ 2 100
+ 3 1
x 3 98
+ 3 100
+ 4 1
x 4 97
+ 4 100
+ 5 1
x 5 96
+ 5 100
+ 6 1
x 6 95
+ 6 100
+ 7 1
x 7 94
+ 7 100
+ 8 1
x 8 93
+ 8 100
+ 9 1
x 9 92
+ 9 100
+ 10 1
x 10 91
+ 10 100
+ 11 1
x 11 90
+ 11 100
+ 12 1
x 12 89
+ 12 100
+ 13 1
x 13 88
+ 13 100
+ 14 1
x 14 87
+ 14 100
+ 15 1
x 15 86
+ 15 100
+ 16 1
x 16 85
+ 16 100
+ 17 1
x 17 84
+ 17 100
+ 18 1
x 18 83
+ 18 100
+ 19 1
x 19 82
+ 19 100
+ 20 1
x 20 81
+ 20 100
+ 21 1
x 21 80
+ 21 100
+ 22 1
x 22 79
+ 22 100
+ 23 1
x 23 78
+ 23 100
+ 24 1
x 24 76
+ 24 100
+ 25 1
x 25 75
+ 25 100
+ 26 1
x 26 74
+ 26 100
+ 27 1
x 27 73
+ 27 100
+ 28 1
x 28 72
+ 28 100
+ 29 1
x 29 71
+ 29 100
+ 30 1
x 30 70
+ 30 100
+ 31 1
x 31 69
+ 31 100
+ 32 1
x 32 68
+ 32 100
+ 33 1
x 33 67
+ 33 100
+ 34 1
x 34 66
+ 34 100
+ 35 1
x 35 65
+ 35 100
+ 36 1
x 36 64
+ 36 100
+ 37 1
x 37 63
+ 37 100
+ 38 1
x 38 62
+ 38 100
+ 39 1
x 39 61
+ 39 100
+ 40 1
x 40 60
+ 40 100
+ 41 1
x 41 59
+ 41 100
+ 42 1
x 42 58
+ 42 100
+ 43 1
x 43 57
+ 43 100
+ 44 1
x 44 56
+ 44 100
+ 45 1
x 45 55
+ 45 100
+ 46 1
x 46 54
+ 46 100
+ 47 1
x 47 53
+ 47 100
+ 48 1
x 48 52
+ 48 100
+ 49 1
x 49 51
+ 49 100
+ 50 1
x 50 50
+ 50 100
+ 51 1
x 51 49
+ 51 100
+ 52 1
x 52 48
+ 52 100
+ 53 1
x 53 47
+ 53 100
+ 54 1
x 54 46
+ 54 100
+ 55 1
x 55 45
+ 55 100
+ 56 1
x 56 44
+ 56 100
+ 57 1
x 57 43
+ 57 100
+ 58 1
x 58 42
+ 58 100
+ 59 1
x 59 41
+ 59 100
+ 60 1
x 60 40
+ 60 100
+ 61 1
x 61 39
+ 61 100
+ 62 1
x 62 38
+ 62 100
+ 63 1
x 63 37
+ 63 100
+ 64 1
x 64 36
+ 64 100
+ 65 1
x 65 35
+ 65 100
+ 66 1
x 66 34
+ 66 100
+ 67 1
x 67 33
+ 67 100
+ 68 1
x 68 32
+ 68 100
+ 69 1
x 69 31
+ 69 100
+ 70 1
x 70 30
+ 70 100
+ 71 1
x 71 29
+ 71 100
+ 72 1
x 72 28
+ 72 100
+ 73 1
x 73 27
+ 73 100
+ 74 1
x 74 26
+ 74 100
+ 75 1
+ 75 100
+ 76 1
x 76 25
+ 76 100
+ 77 1
x 77 24
+ 77 100
+ 78 1
x 78 23
+ 78 100
+ 79 1
x 79 22
+ 79 100
+ 80 1
x 80 21
+ 80 100
+ 81 1
x 81 20
+ 81 100
+ 82 1
x 82 19
+ 82 100
+ 83 1
x 83 18
+ 83 100
+ 84 1
x 84 17
+ 84 100
+ 85 1
x 85 16
+ 85 100
+ 86 1
x 86 15
+ 86 100
+ 87 1
x 87 14
+ 87 100
+ 88 1
x 88 13
+ 88 100
+ 89 1
x 89 12
+ 89 100
+ 90 1
x 90 11
+ 90 100
+ 91 1
x 91 10
+ 91 100
+ 92 1
x 92 9
+ 92 100
+ 93 1
x 93 8
+ 93 100
+ 94 1
x 94 7
+ 94 100
+ 95 1
x 95 6
+ 95 100
+ 96 1
x 96 5
+ 96 100
+ 97 1
x 97 4
+ 97 100
+ 98 1
x 98 3
+ 98 100
+ 99 1
x 99 2
+ 99 100
x 100 1
Case #78: 26 13
+ 1 9
x 2 10
+ 3 1
+ 3 2
x 3 9
x 4 5
+ 4 9
+ 5 1
+ 6 1
x 7 4
+ 7 9
+ 9 3
x 10 1
Case #79: 263 168
x 1 100
x 2 99
+ 2 100
x 3 98
+ 3 100
x 4 97
+ 4 100
x 5 96
+ 5 100
x 6 95
+ 6 100
x 7 94
x 8 93
+ 8 99
+ 8 100
x 9 92
x 10 91
+ 10 100
x 11 90
+ 11 98
+ 11 100
x 12 89
+ 12 100
x 13 88
x 14 87
+ 14 100
x 15 86
+ 15 98
+ 15 100
x 16 85
+ 16 100
x 17 84
x 18 83
+ 18 100
x 19 82
x 20 81
+ 20 99
+ 20 100
x 21 80
x 22 79
+ 22 100
o 23 78
+ 23 98
+ 23 100
x 24 77
+ 24 100
x 25 76
x 26 75
+ 26 100
x 27 74
x 28 73
+ 28 99
+ 28 100
x 29 72
x 30 71
x 31 70
+ 31 99
+ 31 100
x 32 69
x 33 68
x 34 67
+ 34 98
+ 34 100
x 35 66
+ 35 98
+ 35 100
x 36 65
x 37 64
x 38 63
+ 38 100
x 39 62
+ 39 100
x 40 61
x 41 60
x 42 59
+ 42 98
+ 42 100
x 43 58
+ 43 100
x 44 57
x 45 56
x 46 55
+ 46 98
+ 46 100
x 47 54
+ 47 100
x 48 53
x 49 52
x 50 51
+ 50 100
x 51 50
+ 51 98
+ 51 100
x 52 49
x 53 48
x 54 47
x 55 46
x 56 45
+ 56 99
x 57 44
x 58 43
+ 58 100
x 59 42
x 60 41
x 61 40
x 62 39
x 63 38
x 64 37
x 65 36
x 66 35
x 67 34
x 68 33
x 69 32
+ 69 98
x 70 31
x 71 30
+ 71 97
+ 71 99
x 72 29
+ 72 94
x 73 28
+ 73 91
x 74 27
x 75 26
x 76 25
x 77 24
x 78 23
x 79 22
x 80 21
x 81 20
x 82 19
x 83 18
x 84 17
x 85 16
x 86 15
x 87 14
x 88 13
x 89 12
+ 89 28
x 90 11
x 91 10
+ 91 34
x 92 9
+ 92 37
x 93 8
+ 93 69
x 94 7
+ 94 71
x 95 6
+ 95 41
+ 95 42
+ 95 65
x 96 5
+ 96 45
x 97 4
+ 97 48
+ 97 57
+ 97 59
x 98 3
+ 98 54
x 99 2
x 100 1
+ 100 48
+ 100 53
+ 100 57
+ 100 59
+ 100 61
+ 100 63
Case #80: 2 1
o 1 1
Case #81: 86 0
Case #82: 295 244
+ 1 98
x 1 99
+ 1 100
+ 2 1
+ 2 98
+ 2 100
+ 3 1
x 3 98
+ 4 1
+ 5 1
x 5 97
+ 5 98
+ 5 100
+ 6 1
x 6 94
+ 6 98
+ 6 100
+ 7 1
x 7 92
+ 8 1
+ 9 1
x 9 91
+ 9 98
+ 9 100
x 10 90
+ 10 98
+ 10 100
+ 12 1
x 12 89
+ 13 1
+ 13 98
+ 13 100
+ 14 1
x 14 87
+ 14 98
+ 14 100
+ 15 1
+ 16 1
x 16 84
+ 17 1
x 17 81
+ 17 98
+ 17 100
+ 18 1
x 18 80
+ 18 98
+ 18 100
+ 19 1
x 19 78
+ 20 1
+ 21 1
x 21 77
+ 21 98
+ 21 100
+ 22 1
x 22 76
+ 22 98
+ 22 100
+ 23 1
x 23 71
+ 24 1
+ 25 1
+ 25 98
+ 25 100
+ 26 1
+ 26 17
+ 26 100
+ 27 1
+ 28 1
+ 28 100
+ 29 1
x 29 69
+ 29 100
o 30 1
+ 30 100
+ 31 1
+ 31 100
+ 32 1
+ 32 100
+ 33 1
x 33 67
+ 33 100
+ 34 1
+ 34 100
+ 35 1
x 35 65
+ 35 100
+ 36 1
x 36 63
+ 36 100
+ 37 1
x 37 61
+ 37 100
+ 38 1
x 38 60
+ 39 1
x 39 58
+ 39 99
+ 39 100
+ 40 1
x 40 56
+ 41 1
+ 41 100
+ 42 98
+ 42 100
+ 43 1
+ 43 100
+ 44 1
+ 45 1
x 45 54
+ 45 100
+ 46 1
x 46 52
+ 46 98
+ 46 100
+ 47 1
+ 47 100
+ 48 1
x 48 50
+ 49 1
x 49 49
+ 49 100
+ 50 1
+ 50 98
+ 50 100
+ 51 1
x 51 47
+ 51 100
+ 52 1
+ 53 1
+ 53 100
+ 54 1
+ 54 98
+ 54 100
+ 55 1
x 55 45
+ 55 100
+ 56 1
+ 57 1
+ 57 100
+ 58 1
+ 58 98
+ 58 100
+ 59 1
x 59 43
+ 59 100
+ 60 1
x 60 42
+ 61 1
x 61 41
+ 61 100
+ 62 1
x 62 39
+ 62 98
+ 62 100
+ 63 1
+ 63 100
+ 64 1
x 64 38
+ 65 1
x 65 36
+ 65 100
+ 66 1
+ 66 98
+ 66 100
+ 67 1
+ 67 100
+ 68 1
x 68 35
+ 69 1
x 69 34
+ 69 100
+ 70 1
x 70 32
+ 70 98
+ 70 100
+ 71 1
x 71 31
+ 71 100
+ 72 1
x 72 27
+ 73 1
x 73 26
+ 73 100
x 74 25
+ 74 98
+ 74 100
+ 75 100
+ 76 1
+ 77 1
+ 77 100
+ 78 1
+ 78 98
+ 78 100
+ 79 1
+ 79 100
+ 80 1
+ 81 100
+ 82 1
x 82 24
+ 82 98
+ 82 100
+ 83 1
x 83 23
+ 83 100
+ 84 1
x 84 22
+ 85 1
+ 85 100
+ 86 1
+ 86 98
+ 86 100
+ 87 1
x 87 21
+ 87 100
+ 88 1
+ 89 1
+ 89 9
x 89 20
+ 89 100
+ 90 1
x 90 19
+ 91 1
x 91 18
+ 91 99
+ 91 100
+ 92 1
x 92 15
+ 93 1
+ 93 100
+ 94 1
x 94 12
+ 94 100
+ 95 1
x 95 11
+ 95 97
+ 96 1
x 96 10
+ 97 98
+ 97 100
+ 99 25
+ 99 89
x 100 5
+ 100 27
Case #83: 16 0
Case #84: 120 0
Case #85: 285 184
+ 1 6
+ 1 9
+ 1 98
+ 2 6
+ 2 98
+ 2 100
+ 3 1
+ 4 1
+ 5 1
+ 5 12
+ 5 98
+ 5 100
+ 6 98
+ 6 100
+ 8 1
+ 9 18
+ 9 98
o 9 100
+ 10 98
+ 10 100
+ 13 1
+ 13 98
+ 13 100
+ 14 1
x 14 97
+ 14 98
+ 14 100
+ 15 5
x 15 90
x 16 84
+ 17 98
+ 17 100
x 18 82
+ 18 98
+ 18 100
+ 19 2
x 20 79
+ 21 1
x 21 78
+ 21 100
+ 22 1
+ 22 98
+ 22 100
+ 23 1
x 23 75
+ 24 1
x 24 72
x 25 71
+ 25 98
+ 25 100
+ 26 98
+ 26 100
+ 28 1
+ 29 100
+ 30 1
x 30 66
+ 30 98
+ 30 100
+ 31 1
+ 32 1
x 32 63
+ 33 1
+ 33 98
+ 33 100
+ 34 1
x 34 62
+ 34 100
+ 36 1
+ 37 1
x 37 55
+ 37 100
+ 38 98
+ 38 100
+ 39 1
+ 41 1
+ 41 98
+ 41 100
+ 42 1
+ 42 5
x 42 53
+ 42 100
+ 43 1
+ 44 100
x 45 50
+ 45 98
+ 45 100
x 46 46
+ 46 100
+ 47 1
+ 48 1
+ 49 1
+ 49 98
+ 49 100
x 50 44
+ 50 98
+ 50 100
+ 51 1
x 51 43
+ 52 1
+ 53 1
+ 53 100
+ 54 98
+ 54 100
+ 55 1
+ 55 100
+ 56 1
x 56 40
+ 57 1
+ 58 1
x 58 37
+ 58 99
+ 58 100
+ 60 1
+ 60 100
+ 61 1
+ 61 98
+ 61 100
+ 63 1
x 63 36
+ 63 99
+ 64 1
x 64 31
+ 65 1
+ 65 98
+ 65 100
+ 66 1
x 67 30
+ 67 99
+ 69 1
x 69 27
+ 69 98
+ 69 100
+ 70 1
+ 70 98
+ 70 100
+ 72 1
+ 73 1
x 73 21
+ 73 98
+ 73 100
+ 74 100
+ 75 1
x 75 19
+ 76 1
+ 76 100
+ 77 1
+ 77 100
+ 78 100
+ 79 1
+ 80 1
+ 80 100
x 81 16
+ 81 98
+ 81 100
+ 82 93
+ 83 1
+ 83 99
+ 84 14
+ 85 12
+ 85 98
+ 85 100
+ 86 1
+ 86 6
+ 86 9
+ 86 98
+ 86 100
+ 87 1
+ 87 3
+ 87 4
+ 87 6
x 89 15
x 90 14
x 91 7
x 92 4
+ 93 26
+ 94 33
+ 94 41
x 96 1
+ 99 33
+ 99 41
+ 99 65
+ 99 73
+ 100 51
+ 100 56
Case #86: 291 254
+ 1 5
+ 1 98
+ 1 99
o 1 100
+ 2 1
x 2 99
x 3 96
+ 4 1
x 4 95
+ 4 98
+ 4 100
x 5 94
+ 5 98
+ 5 100
+ 6 1
x 6 92
x 7 91
x 8 90
+ 8 98
+ 8 100
+ 9 1
x 9 89
+ 9 98
+ 9 100
+ 10 1
x 10 88
+ 11 1
+ 11 5
x 11 87
+ 12 1
x 12 86
+ 12 98
+ 12 100
+ 13 1
x 13 85
+ 13 98
+ 13 100
+ 14 1
x 14 82
x 15 80
+ 16 1
+ 16 98
+ 16 100
x 17 78
+ 17 98
+ 17 100
+ 18 1
+ 18 2
+ 20 1
x 20 76
+ 20 98
+ 20 100
+ 21 1
x 21 75
+ 21 98
+ 21 100
o 22 1
+ 23 1
+ 24 1
x 24 72
+ 24 100
+ 25 1
+ 25 98
+ 25 100
+ 26 1
+ 27 1
x 27 70
+ 28 1
x 28 69
+ 28 98
+ 28 100
+ 29 1
x 29 68
+ 29 98
+ 29 100
+ 30 1
x 30 67
+ 31 1
x 31 64
+ 32 1
x 32 63
+ 32 98
+ 32 100
+ 33 1
x 33 62
+ 33 98
+ 33 100
+ 34 1
x 34 60
x 35 59
+ 36 1
x 36 58
+ 36 98
+ 36 100
+ 37 1
x 37 57
+ 37 98
+ 37 100
+ 38 1
+ 39 1
x 39 55
+ 40 1
+ 40 98
+ 40 100
+ 41 1
x 41 54
+ 41 98
+ 41 100
+ 42 1
x 42 53
+ 43 1
x 43 52
+ 44 1
x 44 51
+ 44 98
+ 44 100
+ 45 1
x 45 50
+ 45 98
+ 45 100
+ 46 1
x 46 49
+ 47 1
x 47 48
+ 48 1
x 48 46
+ 48 98
+ 48 100
+ 49 1
x 49 45
+ 49 98
+ 49 100
+ 50 1
x 51 44
+ 52 1
x 52 43
+ 52 98
+ 52 100
+ 53 1
x 53 42
+ 53 98
+ 53 100
+ 54 1
x 54 41
x 55 40
+ 56 1
x 56 39
+ 56 98
+ 56 100
+ 57 1
+ 57 98
+ 57 100
+ 58 1
x 58 38
+ 59 1
x 59 36
+ 60 1
+ 60 98
+ 60 100
+ 61 1
x 61 35
+ 61 98
+ 61 100
+ 62 1
x 62 34
x 63 33
+ 64 1
+ 64 98
+ 64 100
+ 65 1
x 65 32
+ 65 98
+ 65 100
+ 66 1
+ 67 1
x 67 31
+ 68 1
+ 68 100
x 69 30
+ 69 98
+ 69 100
+ 70 1
x 70 29
+ 70 100
+ 71 1
x 71 28
+ 72 1
+ 72 100
+ 73 98
+ 73 100
+ 74 1
x 74 27
+ 74 100
+ 75 1
x 75 26
+ 76 1
+ 76 22
+ 77 1
x 77 25
+ 77 98
+ 77 99
+ 77 100
+ 78 1
x 78 24
+ 79 1
+ 79 17
x 79 20
+ 80 1
+ 80 98
+ 80 100
+ 81 13
x 81 19
+ 81 98
+ 81 100
+ 82 1
+ 82 10
x 82 17
+ 83 1
+ 84 1
+ 84 100
+ 85 1
+ 85 5
x 85 16
+ 85 98
+ 85 100
+ 86 1
+ 86 36
+ 87 1
x 87 15
+ 88 1
x 88 13
+ 88 94
+ 88 98
+ 88 100
x 89 12
+ 89 98
+ 89 100
+ 90 1
x 90 11
x 91 10
+ 92 1
x 92 9
+ 93 100
+ 94 1
+ 96 1
x 96 8
x 97 7
+ 97 98
+ 97 100
x 98 6
x 99 5
+ 99 92
x 100 4
+ 100 66
Case #87: 275 182
x 1 100
x 2 98
+ 3 12
+ 3 99
+ 3 100
+ 4 18
x 4 96
x 5 95
+ 5 100
x 6 93
+ 6 98
+ 6 100
x 7 92
+ 7 100
x 8 91
x 9 90
+ 10 2
x 10 89
+ 10 98
+ 10 100
x 11 88
+ 11 98
+ 11 100
x 12 87
x 13 84
+ 14 98
+ 14 100
x 15 83
+ 15 98
+ 15 100
x 16 82
x 17 81
x 18 80
+ 18 100
x 19 79
+ 19 98
+ 19 100
x 20 78
x 21 77
x 22 76
+ 22 98
+ 22 100
+ 23 2
+ 23 4
+ 23 6
x 23 75
+ 23 98
+ 23 100
x 24 73
x 25 72
x 26 71
+ 26 98
+ 26 100
x 28 70
x 29 69
+ 30 100
+ 31 98
+ 31 100
x 32 68
x 33 67
x 34 66
+ 34 98
+ 34 100
x 35 65
+ 35 98
+ 35 100
x 36 63
x 37 62
x 38 61
+ 38 100
x 39 60
x 40 59
+ 40 99
x 41 56
x 42 55
+ 42 98
+ 42 100
x 43 54
+ 43 98
+ 43 100
x 44 53
x 46 52
+ 46 100
+ 47 1
x 47 51
+ 47 98
+ 47 100
x 48 50
x 49 49
x 50 48
+ 50 98
+ 50 100
+ 51 1
x 51 47
+ 52 1
+ 52 99
x 53 46
x 54 45
+ 54 100
x 55 44
+ 55 100
+ 56 1
x 56 43
x 57 42
+ 57 100
x 58 41
+ 58 100
x 59 37
x 60 36
+ 61 3
x 61 35
x 62 34
+ 62 98
+ 62 100
x 63 32
+ 63 100
+ 64 1
x 64 31
+ 65 1
x 65 30
x 66 29
+ 66 100
+ 67 100
x 68 28
x 69 27
x 70 26
+ 70 100
+ 72 99
+ 72 100
+ 73 2
x 73 24
+ 74 5
x 74 23
+ 74 100
x 75 21
+ 75 100
+ 76 1
x 76 20
+ 77 1
+ 77 3
+ 77 5
x 77 18
x 78 17
+ 79 12
x 79 16
x 80 15
+ 80 93
+ 80 97
+ 80 99
+ 81 11
o 81 97
x 82 14
+ 82 16
x 85 13
+ 86 30
x 87 12
x 88 11
x 89 10
x 90 9
+ 90 38
x 91 8
+ 91 53
x 92 5
+ 92 35
+ 92 44
+ 94 58
+ 95 30
+ 95 42
+ 95 61
x 96 4
x 97 3
+ 98 51
+ 98 66
x 99 2
+ 99 54
+ 99 66
+ 99 69
x 100 1
+ 100 59
+ 100 61
+ 100 69
+ 100 76
Case #88: 177 0
Case #89: 273 173
+ 1 99
x 1 100
x 2 98
x 3 97
+ 3 100
x 4 96
+ 4 98
+ 4 100
x 5 95
+ 5 100
x 6 93
x 7 92
+ 7 100
+ 8 98
+ 8 100
x 9 91
+ 9 100
x 10 90
x 11 89
+ 11 100
x 12 88
+ 12 98
+ 12 100
+ 13 4
x 14 87
x 15 86
+ 15 98
+ 15 100
x 16 85
+ 16 98
+ 16 100
x 17 84
x 18 83
x 19 82
x 20 80
+ 20 99
+ 20 100
o 21 1
x 22 79
+ 23 6
+ 23 98
+ 23 100
x 24 78
x 25 77
+ 25 99
x 26 76
+ 27 100
x 28 75
x 29 74
+ 29 99
x 30 73
x 31 72
+ 31 98
+ 31 100
x 32 70
+ 32 98
+ 32 100
x 33 69
x 34 68
x 35 67
x 36 66
+ 36 99
+ 36 100
x 37 65
x 38 64
x 39 63
+ 39 100
x 40 62
x 41 61
+ 41 99
+ 41 100
x 42 59
x 43 58
x 44 57
+ 44 100
+ 45 1
+ 45 100
x 46 56
x 47 54
+ 47 100
+ 48 98
+ 48 100
x 49 52
x 50 51
x 51 50
+ 51 100
+ 52 1
+ 52 2
+ 52 98
+ 52 100
x 53 49
x 54 47
x 55 46
x 56 45
+ 56 100
x 57 44
x 59 42
+ 59 98
+ 59 100
+ 60 98
+ 60 100
x 61 41
x 62 40
x 63 39
x 64 37
+ 64 98
+ 64 99
+ 64 100
x 65 35
x 66 34
x 67 33
x 68 32
+ 68 99
x 69 31
x 70 30
x 72 29
x 74 28
x 75 27
+ 75 100
+ 76 1
+ 76 97
+ 77 4
+ 77 5
+ 77 7
x 77 26
+ 78 10
+ 78 14
x 78 25
+ 78 98
x 79 24
+ 79 95
x 80 23
+ 80 91
+ 80 92
x 81 22
x 82 20
x 83 19
x 85 18
x 86 17
x 87 16
x 88 14
x 89 13
x 90 12
+ 90 28
x 91 11
+ 91 31
+ 91 79
x 92 10
+ 92 34
+ 92 46
+ 92 50
x 94 9
+ 94 23
x 95 8
+ 95 39
x 96 7
+ 96 29
+ 96 58
x 97 5
+ 97 71
x 98 4
+ 98 35
+ 98 51
+ 98 57
x 99 3
+ 99 38
+ 99 54
+ 99 66
+ 99 70
x 100 2
+ 100 43
+ 100 61
+ 100 66
Case #90: 40 19
+ 1 1
+ 1 11
+ 1 15
o 1 16
+ 2 1
o 2 3
+ 2 11
x 5 15
+ 5 16
+ 7 1
+ 8 1
+ 9 1
+ 9 15
+ 9 16
x 10 13
x 12 8
x 14 5
x 16 1
+ 16 7
Case #91: 208 113
+ 1 5
+ 1 29
+ 1 53
+ 1 55
+ 1 68
+ 1 78
+ 2 7
+ 2 24
+ 2 26
+ 2 63
+ 2 64
+ 2 71
+ 2 74
o 2 78
+ 3 1
+ 3 19
+ 3 21
+ 3 33
x 3 75
+ 4 11
+ 4 17
x 4 74
+ 4 78
+ 5 14
+ 5 20
x 5 73
+ 5 78
+ 6 1
x 6 70
+ 7 53
x 7 67
+ 7 78
+ 8 78
+ 9 1
x 9 66
+ 10 1
+ 11 1
x 11 63
+ 12 77
+ 12 78
x 13 62
+ 14 78
+ 15 78
+ 16 1
+ 17 1
+ 17 70
+ 18 73
+ 18 77
+ 19 1
x 21 59
+ 21 78
+ 22 1
x 23 57
x 24 56
x 25 54
+ 25 72
+ 25 75
x 26 53
+ 27 76
+ 28 1
x 28 51
x 30 48
x 31 47
+ 32 2
+ 32 77
x 34 42
+ 36 1
x 37 41
+ 37 73
+ 37 77
x 39 40
+ 39 74
+ 39 78
x 40 39
+ 41 4
x 41 38
x 42 36
+ 44 2
+ 44 4
+ 45 74
+ 45 77
+ 45 78
x 46 34
x 48 30
x 49 29
+ 50 1
x 51 28
+ 51 78
x 53 26
+ 53 78
+ 54 1
+ 54 7
x 54 24
+ 55 4
x 55 23
+ 56 1
x 56 22
+ 56 77
x 59 17
+ 59 76
+ 59 78
x 62 13
x 64 11
x 65 10
x 69 8
x 70 7
x 71 6
x 72 5
x 73 4
x 76 2
+ 76 31
+ 78 40
+ 78 47
Case #92: 63 34
+ 1 1
+ 1 4
+ 1 5
+ 1 11
+ 1 13
+ 1 23
+ 1 25
+ 2 21
+ 2 25
+ 3 18
+ 4 25
+ 5 23
+ 5 25
+ 7 1
+ 8 1
+ 8 3
x 8 25
+ 9 1
+ 9 25
x 10 22
x 12 19
x 13 18
+ 14 1
x 15 16
x 16 15
+ 16 25
x 17 14
x 19 10
+ 19 24
x 22 8
x 24 4
x 25 2
+ 25 10
+ 25 14
Case #93: 151 79
+ 1 2
+ 1 4
+ 1 6
+ 1 42
+ 1 44
+ 1 45
+ 1 51
+ 1 53
+ 1 57
+ 2 47
+ 2 55
+ 2 57
o 2 59
+ 3 1
+ 3 20
+ 3 39
x 3 58
+ 4 15
+ 4 25
+ 4 33
+ 4 35
+ 4 37
x 4 54
+ 5 1
+ 5 7
x 5 53
+ 7 1
x 8 49
+ 8 59
+ 9 1
+ 9 13
+ 10 1
+ 11 59
+ 12 1
x 12 48
+ 12 59
+ 13 1
+ 14 1
+ 15 1
+ 16 1
x 18 44
+ 18 55
x 19 43
+ 20 1
x 20 42
+ 20 59
x 21 40
+ 21 59
+ 24 1
x 24 38
x 25 33
x 26 32
+ 27 59
+ 29 59
+ 30 4
x 30 30
x 31 28
x 32 27
+ 32 58
x 33 24
+ 33 58
x 35 21
x 36 18
+ 37 1
x 37 14
x 38 12
x 41 11
+ 41 55
+ 41 57
+ 44 50
x 46 10
x 49 9
x 50 8
x 52 7
x 54 6
x 56 2
+ 57 35
x 59 1
+ 59 25
Case #94: 298 223
+ 1 1
+ 1 100
+ 2 1
+ 2 100
+ 3 1
x 3 99
+ 3 100
+ 4 1
+ 4 100
+ 5 1
x 5 95
+ 5 100
+ 6 1
x 6 94
+ 6 100
+ 7 1
+ 7 100
+ 8 1
+ 8 100
+ 9 1
+ 9 100
+ 10 1
+ 10 100
+ 11 1
+ 11 100
+ 12 1
x 12 92
+ 12 100
+ 13 1
+ 13 100
+ 14 1
+ 14 100
+ 15 1
+ 15 100
+ 16 1
+ 16 100
+ 17 1
+ 17 100
+ 18 1
+ 18 100
+ 19 1
+ 19 100
+ 20 1
x 20 88
+ 20 100
+ 21 1
x 21 81
+ 21 100
+ 22 1
x 22 76
+ 22 100
+ 23 1
+ 23 100
+ 24 1
+ 24 100
+ 25 1
x 25 75
+ 25 100
+ 26 1
+ 26 100
+ 27 1
+ 27 100
+ 28 1
x 28 69
+ 28 100
+ 29 1
x 29 59
+ 29 100
+ 30 1
x 30 53
+ 30 100
+ 31 1
x 31 46
+ 31 100
+ 32 1
+ 32 100
+ 33 1
+ 33 100
+ 34 1
+ 34 100
+ 35 1
+ 35 100
+ 36 1
+ 36 100
+ 37 1
+ 37 100
+ 38 1
+ 38 100
+ 39 1
+ 39 100
+ 40 1
+ 40 100
+ 41 1
+ 41 100
+ 42 1
+ 42 100
+ 43 1
+ 43 100
+ 44 1
+ 44 100
+ 45 1
x 45 44
+ 45 100
+ 46 1
+ 46 100
+ 47 1
+ 47 100
+ 48 1
+ 48 100
+ 49 1
x 49 40
+ 49 100
+ 50 1
+ 50 100
+ 51 1
+ 51 100
+ 52 1
x 52 37
+ 52 100
+ 53 1
+ 53 100
+ 54 1
+ 54 100
+ 55 1
x 55 36
+ 55 100
+ 56 1
o 56 100
+ 57 1
+ 57 100
+ 58 1
+ 58 100
+ 59 1
x 59 18
+ 59 100
+ 60 1
x 60 17
+ 60 100
+ 61 1
x 61 16
+ 61 100
+ 62 1
x 62 14
+ 62 100
+ 63 1
x 63 11
+ 63 100
+ 64 1
x 64 9
+ 64 100
+ 65 1
+ 65 100
+ 66 1
+ 66 100
+ 67 1
+ 67 100
+ 68 1
+ 68 100
+ 69 1
+ 69 100
+ 70 1
+ 70 100
+ 71 1
+ 71 100
+ 72 1
+ 72 100
+ 73 1
x 73 8
+ 73 100
+ 74 1
+ 74 100
+ 75 1
+ 75 100
+ 76 1
+ 76 100
+ 77 1
+ 77 100
+ 78 1
+ 78 100
+ 79 1
+ 79 100
+ 80 1
+ 80 100
+ 81 1
+ 81 100
+ 82 1
+ 82 100
+ 83 1
+ 83 100
+ 84 1
+ 84 100
+ 85 1
+ 85 100
+ 86 1
x 86 6
+ 86 100
+ 87 1
+ 87 100
+ 88 1
+ 88 100
+ 89 1
+ 89 100
+ 90 1
+ 90 100
+ 91 1
+ 91 100
+ 92 1
+ 92 100
+ 93 1
+ 93 100
o 94 1
+ 94 100
+ 95 1
+ 95 100
+ 96 1
+ 96 100
+ 97 1
+ 97 100
+ 98 1
x 98 2
+ 98 100
+ 99 1
+ 99 100
Case #95: 154 80
+ 1 49
+ 1 55
+ 1 56
+ 2 38
+ 2 44
x 2 58
+ 3 1
+ 3 16
+ 4 1
+ 4 13
+ 5 1
x 5 56
+ 5 58
+ 6 1
+ 6 8
+ 6 58
+ 7 1
+ 7 58
+ 9 1
x 9 55
+ 10 1
x 10 51
+ 11 1
+ 11 4
x 11 50
+ 11 58
x 13 49
+ 13 57
x 15 48
+ 15 58
+ 17 1
x 17 44
+ 18 4
+ 19 1
x 19 43
x 20 39
+ 20 58
x 21 38
+ 23 4
x 23 37
+ 23 58
+ 24 1
+ 24 58
+ 26 58
+ 27 58
+ 28 2
+ 28 4
x 30 33
+ 31 2
x 31 31
+ 31 58
x 32 29
+ 33 6
+ 34 58
+ 35 1
+ 35 2
+ 35 56
x 36 28
+ 37 1
x 39 26
+ 39 54
+ 39 58
+ 40 1
x 41 23
x 42 21
+ 43 47
x 45 20
+ 45 51
+ 46 54
x 48 19
x 49 18
x 50 16
x 51 13
x 52 11
x 53 9
x 54 8
x 55 6
x 56 4
x 58 3
+ 58 18
Case #96: 274 207
+ 1 96
+ 1 99
x 1 100
+ 2 10
+ 2 18
x 2 99
+ 3 1
+ 3 13
+ 3 15
x 3 98
+ 3 100
x 4 97
+ 4 98
+ 4 100
x 5 96
+ 6 2
x 6 95
x 7 94
+ 7 98
+ 7 100
x 8 93
+ 8 98
+ 8 100
+ 9 1
x 9 92
x 10 91
x 11 90
+ 11 98
+ 11 100
x 12 89
+ 12 98
+ 12 100
x 13 88
x 14 87
x 15 86
+ 15 98
+ 15 100
x 16 85
+ 16 98
+ 16 100
x 17 84
x 18 83
x 19 82
+ 19 100
x 20 81
+ 20 100
x 21 80
o 22 79
x 23 78
+ 23 98
+ 23 100
+ 24 3
x 24 77
+ 24 98
+ 24 100
x 25 76
x 26 75
x 27 74
+ 27 98
+ 27 100
x 28 73
+ 28 98
+ 28 100
x 29 72
+ 30 2
x 30 71
x 31 70
+ 31 98
+ 31 100
x 32 69
+ 32 98
+ 32 100
x 33 68
x 34 67
x 35 66
+ 35 100
+ 36 1
x 36 65
+ 37 1
x 37 64
+ 37 99
x 38 63
x 39 62
+ 39 98
+ 39 100
+ 40 1
x 40 61
+ 40 98
+ 40 100
x 41 60
x 42 59
+ 43 1
x 43 58
x 44 57
+ 44 100
x 45 56
x 46 55
x 47 54
+ 47 98
+ 47 100
x 48 53
+ 48 98
+ 48 100
x 49 52
+ 50 1
x 50 51
+ 51 4
x 51 50
+ 51 98
+ 51 100
+ 52 1
x 52 49
+ 52 100
x 53 48
x 54 47
+ 54 100
x 55 46
+ 55 98
+ 55 100
x 56 45
+ 56 100
x 57 44
x 58 43
+ 59 1
x 59 42
+ 60 1
x 60 41
+ 60 100
x 61 40
x 62 39
+ 62 100
+ 63 2
x 63 38
+ 63 100
x 64 37
+ 64 100
+ 65 1
x 65 36
x 66 35
x 67 34
+ 67 100
x 68 33
+ 69 1
x 69 32
+ 69 99
x 70 31
x 71 30
+ 71 98
+ 71 100
x 72 29
+ 72 98
+ 72 100
x 73 28
+ 74 1
x 74 27
x 75 26
x 76 25
+ 77 15
+ 77 17
+ 77 21
x 77 24
x 78 23
+ 79 9
x 79 22
+ 80 1
+ 80 3
x 80 21
+ 80 99
+ 81 6
x 81 20
+ 81 96
x 82 19
+ 83 12
x 83 18
x 84 17
x 85 16
x 86 15
+ 86 32
x 87 14
x 88 13
x 89 12
x 90 11
x 91 10
x 92 9
x 93 8
+ 93 24
+ 93 41
+ 93 48
+ 93 50
x 94 7
x 95 6
+ 95 80
x 96 5
+ 96 46
+ 96 63
+ 96 65
x 97 4
+ 97 68
x 98 3
x 99 2
+ 99 51
+ 99 58
+ 99 59
+ 99 67
x 100 1
+ 100 33
+ 100 73
Case #97: 32 19
+ 1 3
+ 1 9
x 1 10
+ 1 11
+ 1 12
+ 2 1
x 3 7
+ 4 1
+ 5 1
+ 5 9
+ 6 12
+ 7 1
x 7 6
+ 7 12
x 8 5
x 10 3
+ 10 11
x 11 2
+ 12 5
Case #98: 285 227
+ 1 96
o 1 100
+ 2 1
+ 2 92
+ 2 100
+ 3 100
x 4 99
+ 4 100
+ 5 1
x 5 97
+ 6 100
+ 7 1
x 7 96
+ 7 98
+ 7 100
+ 8 1
+ 8 12
x 8 95
+ 8 100
+ 9 15
+ 10 1
+ 10 15
+ 10 17
+ 11 1
+ 11 98
+ 11 100
+ 12 1
x 12 94
+ 12 100
+ 13 8
x 13 93
+ 14 1
x 14 92
+ 15 1
+ 15 98
+ 15 100
x 16 90
+ 16 98
+ 16 100
+ 17 1
x 17 89
+ 18 1
x 19 88
+ 19 98
+ 19 100
x 20 87
+ 20 98
+ 20 100
+ 21 1
x 21 85
+ 22 1
x 22 83
x 23 82
+ 23 100
x 24 81
+ 24 100
x 26 80
+ 26 100
+ 27 1
x 27 79
+ 27 100
+ 28 1
x 28 78
+ 28 100
x 29 77
+ 30 1
x 30 75
+ 30 100
+ 31 1
x 31 71
+ 31 98
+ 31 100
x 32 70
+ 32 100
+ 33 1
x 33 66
+ 34 6
x 34 65
+ 34 100
+ 35 1
x 35 64
+ 35 98
+ 35 100
x 36 63
+ 36 100
+ 37 1
x 37 62
+ 38 1
x 38 61
+ 38 100
x 39 60
x 40 59
+ 40 99
+ 40 100
+ 41 1
+ 41 2
x 41 58
x 42 57
+ 42 100
o 43 56
+ 43 98
+ 43 100
+ 44 1
+ 44 100
+ 45 1
+ 45 3
x 45 55
x 46 54
+ 46 100
x 47 53
+ 48 99
+ 48 100
+ 49 1
x 49 52
+ 50 1
x 50 51
+ 50 100
x 51 50
+ 51 98
+ 51 100
+ 52 1
x 52 49
+ 52 100
+ 53 1
x 54 48
+ 54 100
+ 55 1
x 55 47
+ 55 100
x 56 45
+ 56 100
+ 57 1
x 57 44
+ 57 100
+ 58 1
x 58 42
+ 58 100
+ 59 1
x 59 41
+ 59 100
+ 60 1
x 60 40
+ 60 100
+ 61 1
+ 61 11
x 61 39
+ 62 1
x 62 38
+ 62 100
+ 63 1
x 63 37
+ 63 98
+ 63 100
x 64 36
+ 64 100
+ 65 2
x 66 35
+ 66 100
+ 67 1
x 68 33
+ 68 99
+ 68 100
+ 69 1
x 69 31
x 70 30
+ 70 100
+ 71 98
+ 71 100
x 72 29
+ 72 100
x 73 27
+ 74 1
x 74 26
+ 74 100
+ 75 1
+ 75 3
x 75 24
+ 75 98
+ 75 100
+ 76 1
x 76 23
+ 76 100
x 77 22
x 78 21
+ 78 87
+ 78 100
x 80 19
+ 80 99
+ 80 100
+ 81 1
x 81 18
+ 82 11
+ 82 13
x 82 17
+ 82 100
+ 83 2
+ 83 4
x 83 16
+ 83 94
+ 83 98
+ 83 100
+ 84 7
x 84 15
+ 84 100
x 85 14
x 86 12
+ 86 100
+ 87 1
x 87 11
x 88 10
x 89 9
+ 89 99
+ 90 2
x 90 7
+ 90 35
x 91 6
x 92 5
x 94 4
+ 94 27
+ 95 42
x 96 3
+ 96 49
x 97 2
+ 97 13
x 99 1
+ 99 54
+ 100 22
Case #99: 13 6
+ 1 1
+ 1 4
+ 2 1
x 3 1
+ 4 5
+ 5 2
Case #100: 298 198
+ 1 1
+ 1 100
+ 2 1
+ 2 100
+ 3 1
+ 3 100
+ 4 1
o 4 100
+ 5 1
+ 5 100
+ 6 1
+ 6 100
+ 7 1
+ 7 100
+ 8 1
+ 8 100
+ 9 1
+ 9 100
+ 10 1
+ 10 100
+ 11 1
+ 11 100
+ 12 1
+ 12 100
+ 13 1
+ 13 100
+ 14 1
+ 14 100
+ 15 1
+ 15 100
+ 16 1
+ 16 100
+ 17 1
+ 17 100
+ 18 1
+ 18 100
+ 19 1
+ 19 100
+ 20 1
+ 20 100
+ 21 1
+ 21 100
+ 22 1
+ 22 100
+ 23 1
+ 23 100
+ 24 1
+ 24 100
+ 25 1
+ 25 100
+ 26 1
+ 26 100
+ 27 1
+ 27 100
+ 28 1
+ 28 100
+ 29 1
+ 29 100
+ 30 1
+ 30 100
+ 31 1
+ 31 100
+ 32 1
+ 32 100
+ 33 1
+ 33 100
+ 34 1
+ 34 100
+ 35 1
+ 35 100
+ 36 1
+ 36 100
+ 37 1
+ 37 100
+ 38 1
+ 38 100
+ 39 1
+ 39 100
+ 40 1
+ 40 100
+ 41 1
+ 41 100
+ 42 1
+ 42 100
+ 43 1
+ 43 100
+ 44 1
+ 44 100
+ 45 1
+ 45 100
+ 46 1
+ 46 100
+ 47 1
+ 47 100
+ 48 1
+ 48 100
+ 49 1
+ 49 100
+ 50 1
+ 50 100
+ 51 1
+ 51 100
+ 52 1
+ 52 100
+ 53 1
+ 53 100
+ 54 1
+ 54 100
+ 55 1
+ 55 100
+ 56 1
+ 56 100
+ 57 1
+ 57 100
+ 58 1
+ 58 100
+ 59 1
+ 59 100
+ 60 1
+ 60 100
o 61 1
+ 61 100
+ 62 1
+ 62 100
+ 63 1
+ 63 100
+ 64 1
+ 64 100
+ 65 1
+ 65 100
+ 66 1
+ 66 100
+ 67 1
+ 67 100
+ 68 1
+ 68 100
+ 69 1
+ 69 100
+ 70 1
+ 70 100
+ 71 1
+ 71 100
+ 72 1
+ 72 100
+ 73 1
+ 73 100
+ 74 1
+ 74 100
+ 75 1
+ 75 100
+ 76 1
+ 76 100
+ 77 1
+ 77 100
+ 78 1
+ 78 100
+ 79 1
+ 79 100
+ 80 1
+ 80 100
+ 81 1
+ 81 100
+ 82 1
+ 82 100
+ 83 1
+ 83 100
+ 84 1
+ 84 100
+ 85 1
+ 85 100
+ 86 1
+ 86 100
+ 87 1
+ 87 100
+ 88 1
+ 88 100
+ 89 1
+ 89 100
+ 90 1
+ 90 100
+ 91 1
+ 91 100
+ 92 1
+ 92 100
+ 93 1
+ 93 100
+ 94 1
+ 94 100
+ 95 1
+ 95 100
+ 96 1
+ 96 100
+ 97 1
+ 97 100
+ 98 1
+ 98 100
+ 99 1
+ 99 100
