Case #1: 1 1
Case #2: 2 0
Case #3: 2 0
Case #4: 2 1
Case #5: 2 1
Case #6: 500 0
Case #7: 1 1
Case #8: 500 0
Case #9: 16 46
Case #10: 111 0
Case #11: 333 0
Case #12: 26 1
Case #13: 333 0
Case #14: 18 46
Case #15: 333 0
Case #16: 333 0
Case #17: 3 0
Case #18: 500 0
Case #19: 13 49
Case #20: 111 1
Case #21: 500 0
Case #22: 333 0
Case #23: 500 0
Case #24: 333 0
Case #25: 48 45
Case #26: 500 0
Case #27: 500 0
Case #28: 8 54
Case #29: 500 1
Case #30: 333 0
Case #31: 11 56
Case #32: 500 0
Case #33: 29 0
Case #34: 5 1
Case #35: 333 1
Case #36: 5 1
Case #37: 1000 0
Case #38: 333 0
Case #39: 143 857
Case #40: 1000 0
Case #41: 333 0
Case #42: 1 0
Case #43: 7 1
Case #44: 500 0
Case #45: 8 48
Case #46: 333 1
Case #47: 500 0
Case #48: 111 1
Case #49: 4 0
Case #50: 500 0
Case #51: 9 45
Case #52: 8 0
Case #53: 333 0
Case #54: 333 1
Case #55: 5 53
Case #56: 18 1
Case #57: 9 1
Case #58: 500 0
Case #59: 142 73
Case #60: 333 1
Case #61: 6 0
Case #62: 1 999
Case #63: 333 1
Case #64: 11 56
Case #65: 111 3
Case #66: 38 1
Case #67: 6 0
Case #68: 517 483
Case #69: 7 53
Case #70: 17 1
Case #71: 4 58
Case #72: 500 0
Case #73: 333 1
Case #74: 499 0
Case #75: 90 78
Case #76: 10 0
Case #77: 29 1
Case #78: 333 0
Case #79: 500 0
Case #80: 12 57
Case #81: 500 0
Case #82: 4 1
Case #83: 333 0
Case #84: 500 0
Case #85: 8 0
Case #86: 333 1
Case #87: 62 0
Case #88: 91 55
Case #89: 111 0
Case #90: 158 78
Case #91: 5 53
Case #92: 500 0
Case #93: 500 0
Case #94: 8 51
Case #95: 11 0
Case #96: 7 1
Case #97: 76 54
Case #98: 333 0
Case #99: 10 1
Case #100: 111 4
