NWZQSRRGYUTOVQHZIOBHNAQASROBXZPRPMLETAA
JLJJJJKIKLLJKLKLKIJJJKKLLIJKKLIKKLIKLIK
QMRMRNOQNLLPNOKQLPQNLLLPNOJPLPNQNQOROMA
DIRTXFRTEVRTWNRTXARTGMRTEMRTIURTUURTFAA
RQMOQQSSPOTRSVVSVVTPTWRWVUPQQRQSVVTVSPO
UCBBDQBBREBBFSBBTKBBLOBBPMBBNIBBJGBBHAA
ZOPLEJNOFNXDMGDWIQPZBTJCRLUQQALWPONEBHW
PTYHUDJOPOHLVCHPBGXYRBRKVQAMQSQVGCNCNDG
ZUZTTCYLZXLWVEYMKWMGUCWUCWJNOJLIDLVZRFV
NKLLSVTILKATXWRBKNFTHNVBINIWTPTPUZDKAYL
CIPLRMUWZYXSYNEFLWUBOBNGAWJBQLITZETCAAA
HIPTOYOIMXMXGFRRXGOYPJPJOHOHUFUFOIGFRRA
TBAACFAAGJAAKRAASNAAOHAAILAAMPAAQDAAEAA
ZBOQBOYIBODEBOFYBOVCBOTWBOZABOXJBZBBBOI
OSTROLRNMPNSNLOKMOLNPOMPLNNLOKPONSOLRNA
LONJIPNKXHLLWLSNWQPTOQMMLOTSISWPPMKMWIL
ISRSRSSQPRTNTNKJNTNNTNKUJNTQNOLOTQMNOLP
SABABABCDCDJJIIEEFEGHGGMMNNOOPOKLKKRRQQ
HLLCHVWFPNCLCHVLLCHVWFPUHLLEUHLHVWFWFPN
LPLCWNLCCQLCBMLCMILCGELCJXLCJALCFNLCXAA
QPWOUPRNOQNOQPOQPWPWOUQRNOPUVTOUPUUPUVA
SFRKKTWZRQCTXDJZSSEGHXJMBEQRQPSOMXHDKRA
KNLPSRNOKJMRROKRNOKLPPSNOKNJMRRSPKPOKSP
ABBBNMMNLKLLJJJJGGGGOPOOEEFERRRRDDCDAAA
TFPONIFHINMPSERGSHHUNPGLOFTMHSPRJQLJTPU
EFFFBAEDCDAEFFFEDDCDDCDFEDDAACCBBEFABEE
GXCPSECUFLTLDMVCKVPROLZOWNHSSOBUSPDIDMF
QPOPIQHONLKKJPIQHLNLNJKJKONLMKJLKHNHNQP
IVJVWQPJVTNQPORMIPWTNLLPLJMLLPLPWVWJMMI
HECMCLJMDLMMMCLMHECLMHEECMMCMMCDLMHCLJJ
XBOYHRRORSNQPFOUDYLRWIQEKCUNRMEUXGILMLU
FNNJNNXPNNWENNCUONNRNNHONNUKNNCPNNRCNNZ
BIYXLXSGHWGRBGPHOSNCIXKIUMNLHZOBTQICMTK
RPXXNOSOXRPSXXSWQRVUOXROSNPRVXNSUOXOOSU
HMIEDOMCFKQKICJFNHFIIKEFCKERMQQNJKGKCIO
QMMSTMPSTTRNSLQMPQQSLSTMSNSLQSTQQQMQMSL
VRVRRSTURUTSRTURRWVTVVSSSWVWWURVSTSSUUS
YDYDYQZDYOJDYRADYXLDYNDDYATDYIIDYSWDYQA
EDFHGCHFBDCEGHFCCCEBHEEEEHEBFEBCGECEEFE
NRQMNOQSNPPRSORPRNRQMRQOOPOQQSOQOORNOQA
RPNRQSSPONLSQPQRQQQRSLRQNNQLPQRQPOPLQPR
PXWPTOPTRVWSXUPSXRTXPSXPPTRZSVQVUSXPSXR
SXVRUJXQKSXJXOXXQKSUJXOQKSXUSLJUSLJTHHJ
JYEHBFLYWSJLNJYYQKKLOFDDXYVRCHLKFNSVJIY
VMGHUKOKDPOBVHGHFMUKOBPTGHUHOKDPPTVHUHA
PTFXXVWNSIZPXOTWVHMIHRYTKEIJMUPYCUJMHON
IAPZAPCAAPAUAPNIAPZOAPICAPNCAPOAAPADAPL
KSQQMNWWNGJGWJSQUOQWVNJSOFWQLWQGMHKJIIG
PROAVCRFFVMENZICWJFITWPBTYOLJWKHZDDHASE
AHZRZOEOMPGARUTCIWJAEWWWWVGVLNBELTBPQYO
NHMLJNKKRPTTUUUUQPPKUSKPJKOQSLNPRPPUPPQ
POASOXHCKKNWIOJGAYXBMXAVVUYCMJFINXKXHHT
TYNHZSLPZXYWNPMOZALUUGVBVZWTKXVVIFIFICA
ABBABBAJJJJFFFFHGGGPPPPDDDCNMMMKKLLQRQR
UYJKDETZXRJBRNZQHBIOCRHVUGPAERLWHMRFVSQ
HNEIBQTQQTTIEPOERCOJFMGDRDEMFEQBGHIDRDE
XYHLVOEJWDDKYTCICHXKYTCBAWQVKYJIGBWDSKA
AEIMBLDEXWOSHMKFKEYJWJOVIMKUHBHRKHLGLUK
LLJLJKLLJLJKJKLKJJLKKLLLKJKKJLJJKJJLLJK
HKKNEKQOLLHKKVVNJEFVVCMRSBFIVEFVVRSKTAA
NHXYWQQQSWGIHSXQMSMXWGNMTHKKZVQGJIIQLIJ
QERBDJMWUODJLPGURURUDBDBQULPGUQUMWWMQEA
AVATHMOQOWFWQQPECUOZJTDGFBHCRBWETCEMZWH
TTHWOJVRPWRGPPTOWHMWPFGORKWMISTVMPRRLUO
MRXKSKXHZXCJGEBMQUXAUHFSZHNMQLULDREDREL
CEEBBDDFCEAABGFFECGAEEFGBCFFFCCDDEAGEFF
STBAABMMNMRRQRLLKLOPPOEFEFCCDCIJIJHHHGA
LLFEFFHGLFLFHGKLJLLFKJHIJEGLLEKLEKLIKHG
MLKCIOLHXBPBDDVDVSGTMDERQMHAFDPUCCIYXNF
JGCGJBBKJDIBEDBKHBKAJDFBCAKIAJBDBCJBABA
GRPNVNVMLRUGRWKDRDRUGPNVMUGRPKDRUJWKDAA
UUISBLVNKEJSTVVBWXPXJJGVVQDDBAOUEFWCNAA
SLMPRKTVPTLSLMPLLSVMQRVVMPQQQQNQNMKOPVO
LAOLGDRBGYDYFKFHDWWIDYFWKCBXZIUWHVCWLGD
QUCJYYQYAYUUBIUZSOUWKYGFXWDUICRMNXRZUAA
BKJWHVBEAUEHVBKVBKJPWHVAUEIWEAUJWEAKJWE
JIMMLIHJNMLNLLJIMMMLNNLJIKIHJJNLJHJNLAA
IHHJMHHNWHHXOHHPSHHTUHHVQHHRYHHZKHHLAAA
CBBDOBBPGBBHKBBLEBBFMBBNQBBRIBBJSBBTAAA
VVVWVWVWVWVVVVWVWWVVWVWVWWVWVVVVVWVWVVV
LKJLRXKQZCOPWQZJDQZNCLWZHWBAWGQFNYLYWOA
RRRTRRSRSRTSRRTSSSRRSRRSSSRSSSRSRRTSTRT
XEFEEGPEEQREESTEEULEEMHEEINEEOVEEWJEEKA
XFLWMLWMUWMUPUVURIUVUVURXPIUVUPIUMUPIAA
DNNSBIKOIJMLGEKJPDRJMFMQPNNDLONDDOIHQMM
HQJUAHCKRSIOBYYFYKMRQZITUHMLPDLHIGTTUHM
MGGLGLGLGLILIJNLIJFJNMGLHNIGLLHMGMGJFLI
KMJKKMJLFGGNLOKGGNLOKKMGNLOOLFGLOKKFGGN
IAJKHFSAERERCBIAORFTFLHFIAFLSACBIAORFLA
DWSRKGQHDQHDWHDWSGOGQKLNPOGQHRKLNSRKLAA
QPPQPPOWPPWGPPKLPPMJPPJLPNPUPPNDPPPNPPP
EASJXCXJDYAPOAKRAPOWDYVJVEZGPTVMOFBFZZC
HOQNIGIKGIGLIKKNLPJPJQHOLKOMQRHRHIOOPGK
SSTRSSWSYYPUXSSVQVTXQUSSPSVSWTUWTXSPUYS
ZIOSYMIQVHEJSPUPIWMPWMOXLNICAAWYMITBATF
IYBQCCFBQYMVFLYJAJRGJASEKWFUULTWDBQMQUE
MKLKKLMMKMKLKLLMMMMMMKKMLMLMMLKLMMMLMKA
CRSFRSPTRSQJRSDHRSXMRSBGRSVGRLRLRSKWRSC
USUSUSUVVRTVRTUUSURURUTSURUUVVRTUSURTUS
BNYSWQAWZLSZHJFTDYTJSWQCLEBNQPKZRKTLLZR
MCPORMRMOHNHLLMRPLFOMLDNEJORODRFFGHDSDR
OMMJFINNGFHLFONFOHNHIMONIJLLGNLKHKKKINF
LROLRMMQQJOJKNKOLMJMKJMMQQKKIOQKOMLOQQP
MLVLZIBFDHQEPCOAMLVEABTSLDFHTFBMVFXTZJG
RUUTRSSUPPPPSTUPURSQURSQRSQSPRQQRSQSAAA
BAABAABNNMMEEEEPOPOJIIJHHHHQQQRDDCDLLKL
GSDOFLIJHSSELEOJPPFIELEKFNIRKRNDQSERDSK
FLNZUENKKPKFQXDDBFUJKRIKFHMCJYUEURIKFHM
BSHDNGFTOPRMHIGQNESJOLCBQTOTGQLJEQNQTIE
SIWRSMJCNOHBPINTUNTMUJBTUMUBJAXOUSOIGYX
QWCEZXGUQNDPMQTMCBVVLYWUALFVXGPIKVWUALA
STSSSSSSSRTSRSRSTRRTRRRTRTSTSTSSTSTTSSS
LPPSIMWWONOTPKOOHLVRPUTOWMPPVVTWUIWTLHL
JANJISOQLNLNJARSEEKDBRTFRSGFOQISTFBRGFA
MKALFHMMCIEEMEFAFKMJKKALCOLFJMFFOALCEDJ
LJTSAOWXQJWFXOYTTMDQBKWVSJVPJOXMKLBJOXZ
HDEEBDCBDCHEDEBDEBDDEEBEKEDDCHDCHDEKEDE
TMYHMYMRMYNMMYIMMYKFMYTPMYMQMYXOMYAXMYS
ORVRNRMLVOLVVLNMMUQOSLRVPMPVTRMORVRUVUN
PXXAESXAMPXAEIXATCXAVCXANYXAWGXAOVXASAA
STZUOQYNSTTZUOTYNSUOQYYOWWQYOWOQYONSTZA
UCBBDEBBFIBBJOBBPQBBRKBBLMBBNGBBHSBBTAA
UVQOBYUBNTIEBYSPYMPWENTIRGIZCXZVFPEEPOB
QAVYQQQDLCFPVAKRGSGVRNYNYKLVZBCNVWYXMQK
IJAHVNAOIJNAOIYMYAMYAHHVNAVNAOYAHVOIJAA
BAACRAASJAAKDAAEHAAIPAAQFAAGNAAOLAAMAAA
IVBWHHFFVXNLLSUWYHPJURIBPSXHRMJXOWXMATX
DSRDFGAZZLXOOGJGWPAVSNHWPFCUCIQTYTXCMRK
YURGIMRGNRRGXYRGSHRGBARGOCRGRERGFMRGSAA
SIXOGQQNAIAZTTNWITEKYWLCCHLOAZLXZKVLFEP
BBAAEEFEKKKLPOOOQRQRCDCCJJJJGGGHMMNMAAA
QIEHJVBPWMWYOXTSYVZKGYEUDLNROOIQXRCYVZI
OROIOKOQJSRIJKINRQRNMKNORRPROJQPNSPRKRO
QGRMMQCRTOIQIQOQMMQVCJNKMRHYDAVXDDASCET
ESKXYCWUYYIMAVBTGMNQYEAOEFKMUUKEDFITRSL
KNKMMMKNNKNMNLLLKKMNMMLNLKKNKNLNMMLLMNL
XJZPEJZPFJZJBJZAMJZQQJZPHJZFQJZOWJZBAAA
DBDBIGFDGEHHAAHLKADFLKDEBBJHLDEABCLFKHA
ABIFACABGGICBAGCAABGIACAGHAIIBGACFAIFCB
OOCOOCOUOCAHOCTLOCHUOCOUOCUUOCBEOCAUOCV
UBCBBDQBBREBBFOBBPSBBTGBBHMBBNIBBJKBBLA
MAAVYXDGVDGVMKKXDKXDGGVMAAVYMVMAAVYMIAA
TBBBBBBLLKLEEFFDDDDNMMNJIIIHHGHQRRQPOOO
OIRQBDQEBBGSQFGQYCYYGBEGJSJPRQSJFWOGHDK
SRNORQQPSYUXSRNWYWSTPORPORQWSTPWTPSSTPO
CBBDQBBRGBBHOBBPMBBNEBBFSBBTKBBLIBBJAAA
OEVMHSWJXFVYFQZUOEFQLSXFLNLSZULGWJLNVYA
HEPPRYYLSTGHIZXYOVGSIYGIRXFMEKYSIYGRJIG
OHYAHYGHHYYUHYXKHYXMHYRTHYKCHYIIHYNHHYU
NSMMSMPMSMBKSMHSSMTQSMUEPSMNSMYPSMSNSMN
SSAAAABOPPOEEFFHGHHIJJIQQRRMMMNKLLKCCCD
WWWXWXWWVVXXXXVWXVVXWXXVVVVXWVWWVWWVVWX
FJLETTPGCRLTEFHHVWFEEJIDVIVDOVWIVCYNIPE
DJOPCSLRNVDCSLSLSRNSLSRPPCSSRNVVDJONVDJ
JQGBQGJSQGIYQGCKQGGJQGIPQGMFQGEVQGFNQGW
GKLEIEISPISPFHFFSFSGKSGKLSPFQLEISFFSGAA
JIIKPIIQTIIUVIIWXIIYRIISZIIALIIMNIIOAAA
SEHJMEHXSEHBCEHLNESECEHSTEHOVEHZUEHQAAA
UTPTTVPRRQWORVRRRQWUUUTTTTVRRQWWOOPQWSW
UPMLSSWTNQWMLLSVTMLPXLVMLUQVURWSRUUWWWS
BABABAQQRRNNNMJJIJGGGGEEFFCCDCLLLLPPOOA
UPQIQWLSKOLLOIWLIHUWPLTLJRWWHQMWLJWMLPL
RNPQPNPTOSRRQPTUOTNQOQRQORUNSUQPQRRRRUO
MSNOTQVUOMMVMQTMSSQOTVPTMTQQNRUPPQQQQOO
VCAJCEJZFFCIFQALPMKGKRTYMVOOVMKGAKUSEMG
RMXTXNWNOXLWSRSSWXXYQLYUTMYOPWRYMUNLLQO
EEDHJKBGJBGJHBEEDHHBEJHHBHBEEGJHHGKBGAA
DCCEHCCILCCMJCCKPCCQFCCGNCCOTCCURCCSAAA
STBBBAAGHHGLKLLCDCDPPPOQRRREFFFIIIINMNM
NONRNMHMJWWVPWTWTUROTKUSHNILQLTHMTSLNOT
QPHYSSAIWNUKMPCHCPRZOTOXDIWXAVKIMHAMFQP
LKQNKPPONLNLLKQLLKRRQNRKPOLKRRONRKKPQLA
XILASIJFCKMFZFXUWQBUWQBUUJMKSNZVFDKFHQL
YJKUQPVVNKOMLNTLNTJRVVRNSPKVVYJPVVYMLNT
FRAVAGWKJTNBGXHINKKYXUMEFXNAJOHHLMMDTAT
ESCASCVXSCIESCJFSCITSCULSASGSCJNSCXPSCY
TSBABANMNNQRRQEEEFDDCDGHHGLKLLIJIJPOPPA
UILULFNBVWMHONHNPUJELWTCABRKGRZLFNXJSJU
BABBABBRRRQPOOODDCCNMMNEEFEJIIIHHGHLLLK
VNQPTAUIENRWVIBIFVNMHDBZDHOBSOTDYWUOBEB
DHHHHRSESPODGLHPODHDIESRCDGIPESESRCLHIP
QMWOLOLQWSUWWMRUPQPWMRWWQQMLOLPQWSUWMRW
PUFQJMKUQUVIGOPGPUQUPGUSVMMQKUVMMQGOUSA
CBIHHKPQFIPDKCMNIHHKPEGIPNICMCBCNDKEGCN
KKHICHCCKCIFDDHIHKGIIECHHCIGCEKCJIDFFCF
BJBSNRYOJEHIZQPMQVZOQGKQHVKZTOKOGFJEXRL
QGLQOHQOHIGLQOOHIDIDGFORJQHIDGJQGLRJQGA
PRZRRHMFRHTDRHKZRHBKRHYYRHKGRHUQRHTCRHX
RNYQZRZQZXOUVTQPPQRRWWWOXQQTTUPWYQUZRZR
RTRRXVTUVUSSRTYUVUUTUTUSUVSYUUWVQSVVVUR
IGIIIMLLMJLMLFFMLIGFFMNKGILJLLMJLMLMNKG
NQMNOMSKMRTSLMTRQPNLQKRKORMQMPLMNOPRQPN
URHMYFHJRCPQGCGJJENXGAUFFKZUTNUNCEFRYVG
VTTVVTUUTVSSSSVVVTVVTTUTVTSUUSVSTSTUTVS
MXLMAHGZWYCIWXCVJYSPSRAACJHEDSRHKVIBUDD
DQZRLSHDYFLHDQZPNOGTWUTLFLEMNVPMOEUZBKD
XSWLTXKYIPNMRURUGLZWNMPIUOLEXSWFZWOGKYA
POOQVOOWROOSBOOCFOOGXOOYTOOUDOOEZOOAAAA
TBVBLHYMPVBJQOMFRMCVDBOMOAHHJRDHTBVFEPT
OTNRKNORLKLTLKNTMJSNPSNTTQMOKKJOLMTPTLM
TABBAFEFFJIJIQRRRNMNMDDDCOOOOHHGHLKKLAA
QWYJVVTPJVVPMYMYMPVPJVVWJPJVTPXPVNQUJYP
PGYUABLHMTDJZNRMZVPFNTXYHBGKYTKFNHNJAWW
OPNLHGFZQMRFWIWOIJZNHYTXWWOWXWLIIOPNXWW
AEWUQLWWUTEOHFIJOEYOSNRHNOGNFYKZZYEFZZQ
XUQUEMGPQIFTNCMGGPDWFTNTDWQIXUPCNTNCMGA
PPORQRPPRRORPPPRQQPOORRRQOROORQPOPOPOPR
ADQYMXMKUCZVSECLOVDLBLPAKEQVYMCPAKETKLS
ACOHKAJQAODDEJJOHGFAJDENDFCODNDJJQAGFHK
ZZUYCLOQJGVUGXQDVFREFNVWNRYDMSUHHAMQOAA
QUKVVDYSFCPLVLMUQTZCPWNUQTZATFNNNNYKTHC
CKJJLOJJPQJJRAJJBMJJNUJJVWJJXSJJTYJJZAA
LTQUTQFUTQYXTQNKTQWCTQWZTQZBTLTHTQISTQR
BABBABBMNNNGGHGIIJILLKKEFFERQRROOPOCCDC
URSQRRRUTSTUSRQQRSQQURTURSRQRQQQURQSAAA
PQGGVOUGOPGPUIIGGPUIIGOOUWGPGWSFKGVWGPQ
GOCKNLILIHJDOMGEMGEHEINFFOMMHEHEHEIOMGO
STABABLKLLHGHHFFEEIIJJRRRROOPPNMMMCCCDA
YBKAXCDQMNVDMQLCSCCPUHQMAOVIXDCKFJYTMLG
TCQDVSNNQVVIYOFQMCCDWGFRFJCEJRFXBUCIUQW
FMQYLDBIMELZTGEAYNROOXVGMYUMJRWGKCMZKCU
ICZRAOUMCQZTVPWAOUECOTDCZWISGFEQNCDKVTB
LJOMHSJVMJOTSPPISLTQHTMOXNKPPULKXSQJRTV
VXSUJSBQKGRURMWSPXQRGCVBJMLWLEIGQXUIXES
TUZHXUZIEUZJZUZBEUZBVUZQCUZXZUZEMUZDAAA
LUZSLIMVQFKPRKMCEMLVGIZFUTAKHEJOXKHAECP
TTSBBAAIIIIDDCCNMNMPPOOGGHGQQRQFEEEKKKK
IBEAEDHBAAGADBAGADIBEADIBHBAGBDHBGADIAA
UCOMTHTVIKVTHRPLOUVDLILHDOEHCSLNDNSCMQN
KJGEDRIRDGKMORSIKLELIGKKOJMSNMCCHKRFRPL
GYCCDYCUBLHTLQXGMBLNFYAVVJJHEFZYIVMOAAA
MIKMGJKIGIHLIGJMHGMJJGGKHGIHLILKJGHGIJM
OTCVTCISTCBOTSTATCCFTCUXTCCSTCGITCWSTCV
BSQOSQEUSQRVSQAXSQWSSQRGBSQMSQHVSQHXSQK
AAABGGHGEEEEKLKKOPPODDCDQRRRIJJJMMNNAAA
ZENGYXDBXQHFJXGVTBMJMLRDPFGFUOTLRGEWMQG
NOPPNOQONNNQNQNPQPQPQNPQOPNNNNQQNQQQPQO
VBCUGFPYHLZAVSKCAUWWFXXLCLANNUGKIVKVFOB
QSORREBVLPTASBDNKCTUZXOMFFDIGCOUNRRYWNJ
DQUVFWOFJOFJWJPYHJPYHQDXYWLXEYHYQRTMVAA
XUEOWEXUEOLEXUEJJASWEXUSPOWPOWEJASPASPO
TTBBBBBGGGGIIIIQQRQOPOOKLLLFFEFDDCDNMNM
WUJUPNLJLHTNTLGVWIRUHOLQQHGOLQJLVSTPLPV
UHSNCFJUPNCRXIWWYHSNCHWQTUFMVLFJUXCWHAA
SSTABBARQQQKKLKNMNNFFFEJIJIPPOPCCDDGHHH
OHMJKMIKFDOIGHKILPSOPKDSEIIRSEOSPFDDRIR
KKKKKJLJLKJJLKJKJJLLKKKKJLKLKJLKKKKJLKL
OGUVDSGZPEZORGIDKSTXIJTPGBSUXFEVDSGGXLX
VRKLKKSPMTPPUPLSLPSMLTVSURRNJLPOJONRNTM
YFGFFHQFFRUFFVIFFJSFFTMFFNOFFPWFFXKFFLA
BAACJAAKLAAMDAAEHAAIFAAGNAAOPAAQRAASAAA
UBBCBBDSBBTKBBLEBBFGBBHMBBNQBBRIBBJOBBP
UUXVWXXXVVXXVXXVXVXVVUWXXUUVXXVUWVWXXVV
KFTWCKWUYAAMVDWTZYQQQVXYJEOTPWJSPOHYAAA
UTWXDQKNZOKAKUZRIUHDNKANFCGWJHTIXTWQCNF
XZWVSSNSEBAQRHLWBJYCNAHQDZWVSSNJVQJRAEW
FLIEOMFFGHHCIIFLHDHFCPJMPKLOJJCJGMDGDEA
BZEPXUIZPRUSFQSLAYHWKJHHOJMLAYHCRUBXPUL
ABBABBAPOPPHGHGKKKLEFEFDDDDQRRRMNNNIJIJ
PIICQLJBSIKHEBMJKPHKKTDBOODDHEPMUHBDUDI
TECHFVERSDSRAEZPVLRJIFJPGLORGIALHFVNTPR
IVKMOZTGZYZMCPZWLAKNEFKGHWYGTPHLQWINFYG
EFEHHGHHFEFHFEHGGHFGEGHHHFGHHFGHHFGGEGF
XTKRVAWOWOMJJSRXYGVYWTRAXLMHCXBGYLRDWFS
JBBJFNWJXSJRWCDWOROQZVDPOWVSSENISBXZZYT
WYYVWUVVXVVVVXUUVUTUTYWVWVTUVXUUYYUTUWU
SNKHPUOJQXUSXNLVQPMSIJOSSWRJHVKPKKKSIJO
WMJLQGHMWMNNHMQGFKSGPTHUSGPTHRFKOTOTHUA
PMMWYDZFQJTVVPGYHPHPPJXZPUNPGBTZNXJQOVY
EOYLOYTVOYYCOYKROYWROYMUOYFQOYIOOYSIOYQ
FMOPLOFEMFSLFHSFNRHSFNKEFMIPLSMESLOKIPA
SABABAAFEFEMMMNPPOPCCDDQRQQKKLLJJJJGGHG
NEMLFLFLNFNMLNFJKIHFIHKEMJKNDGNEMLNEMJK
TBLFWTWKTYLGQBAEJQQMUQVTWFSZZQCNYABNYAB
QKRMGPJHFKCTELMIILAPSZFPBWNCJUMVXMUISAA
WETAETCHETDZETPRETWVETZYETJXETOQETRIETP
QTROOUQTUOPRUTSOUQUUTSTROOTSTTTQRRUUTST
SSTBBAAGHGHKLLLJJIJRQRRCDDCFFFEOPPONMMM
SKIEDRVNXXMKJUPYVGPFXWDGCUBVGPYNVBZSLJA
GFFFFEHIIGGEHEFFHIEHHHHGFGFIFHGHIGFHHHH
RONPASBKEADPJCCEOTCCELRCOHKDOTKBQQERSGP
VOZSUHBMUYVWAMVOJAJQCKUIVXHIWJHBERWOAQV
FZGCZGLSZGMVZGXCZGLOZGNGZGBLZGVYZGUAZGI
LORMMPITUHQWQHZEVOKDHLJEGVLEGVLKYOOGTRF
SVQZPLMSMJUJUXLNQSMXLXSQZZPXJSQSQSVXSXJ
HOKOOTGUOSQGUOSPPHPPHOOKOOPHOKUOSPOSPPA
SMMGRPTRFMPOFNGBFMEUKCRRKTMFPSNNEEKDGRA
CYMYTMOYTYOYTIXYTXFYTEGYTHQYTTGYTEWYTTA
RQQSVQQWBQQCZQQADQQEXQQYTQQUFQQGHQQIAAA
OMKOMMOMLOOKKNMKNNKNLKLLMNKNOKNKNLNMNMM
UKLHQHNGSBZAANTCRZJUOSXPOSRPFFWXKUNRHSV
FWIHWDHVMEXPFBWMUKCSGGDKFBCDMUKJYYEBKRO
ZCVXHOCRIHCVXHHOZCRIHOXHOZZCRIOZCRIHOCA
KIRWPPISHHPPPPPPMLHRPXGSISMLVOHHHRPXKIA
HNKJOJNKJOUJLNJOJTNHNKRUJLJLNHLNHNOJTKA
TNNJMYUUTJMRNNJMRKYUUMRNWUUTNUTNNRNWQAA
CGDVGBBBVTNRJOUCEAHIXCGPISZUPRPQBUQWQNP
WVVXGVVHAVVBEVVFKVVLCVVDMVVNIVVJYVVZAAA
WKVULUXQUMXWTKRNJNXJNXORNJNXSMJLUXSSMJO
ZGLVXUXRATKWSASGJRQIWXBKDMZYRPMJVHDGAAA
WTMXXPUZYRYWYZWZMSUURYXUXVZZRVWWTNWYWNZ
YNRMFGQQYNRUVNNQMFGNNQMFGQYNQMFVNNQGQYN
XMRPGUQHWXDHEHGUQJQJWDWXUKFHQHUKDHEHXMA
SSFMSQWSUNNEEMZQPTHEUJWHBIXDJYLCZTDKLAA
RSGHWINWWQPIQRRKITWOMTVVPHMQMIOPVSQNKPK
VYHLHKZQBNFHEXFPMESNYLNJAWMXMEOZVKWGDMW
ABMBFDUBFVNBFHKBFWMBFJQBFJZBFLOBFWLBFGA
TIPKQKIOIUJMOTUHQQQIJLNJGRHNMGTUMGIQSHM
ZGHGGIJGGKTGGULGGMXGGYNGGOVGGWPGGQRGGSA
UGIMSRUMHSGGXTYKKQLQPLKQNVLYLFKKPJQLEOM
IHSAHUOEFFQLYIQVJWFGGJCDNXNJUTJQMDGZAAA
STBBBABPOOPHGHGQRQRJJJICCDDNNMMLLKKFEEF
ZOFJXKUKFKHQKLNPYZWFHBFGYOUGUYIQDOHXRQS
XEEFEEGLEEMNEEOVEEWREESJEEKPEEQTEEUHEEI
GKKHKIHKJJKIJGGGGGJGHIIJJGIJHKIJIGHKGKH
UTTWTWXUTXVVUTUTWVXVTUXUVWWWXWUWTTWUXWT
XLBBBICADSDEJADFDJEICGNAUVFVFFDSDXLGNAU
VRTRXZWVRQVWYUWVSYOOOPVVTTRZWRVROTOOVSV
HJKQMIHHOPPKJNHHNKHHQKHPIMKHHKJKLHQJNMK
NHYSSZXWJNNLRRRRVUNNQZKNXIWXZSTKRXRTTZL
IDXRLCYRTMFGCTQKJKCFYPIHYAKQFPRYAVTCLHG
DROVRXGXDIXGXWXIXKPWXXIXGPWXIXDROGXDRAA
ULOOODFTLFJRIZXEVIULCIBXXLOCRDCCQHBBBKU
PVXPGFUYCAADTOCOVGQLKQAIMIWYVLPXFENVGQW
BIVFFCLQULVOEIBGISJZBAQWCJNYMHWQITBEIBJ
HGGIRGGSTGGULGGMPGGQNGGOVGGWJGGKXGGYAAA
HLKKMHJJLLIKMMHLJMHLJHLIMKJMHIHILHLHMHL
YWSWXPSTWTUOXWTPOOXNYPNWSWWWXPSPOOXPOOX
WVVVUWUVVVVVUUWVWVWUWVUWVWUUUWUUUUUUVUV
QPOOQPOOPOQOOQQPQOPQQQPQOQQPOQQQOPOQOQQ
TABABAACCDCJIJIGGGHRQQQLLKLNMMNOOPOEEFE
DIVMLSJVHSTTHXAGUEFLCABNXTPJRSRUAVNFSNX
CDDXLEYILFPKBQHJTVGQWNOEMZRDLSOREWJDWBA
NMIVULTKHJTRQQMCGMBTJFRIRDYMLTCTTMNYESK
YAWUXSRFZVLJSMHKMSXTWUVWMWTJOPNKUHHLAAA
LKKMPKKQZKKAXKKYRKKSNKKOTKKUBKKCVKKWAAA
ELKJJIKKJLLGGGIIKGDGIFKGDLGDLJJLGGGFKEL
STTABAAIIIIKKKKPPOORRQQHGGHCCCCFEFFMNMN
GUAIDVEZJTBSRSOZJLTNTZIGMSIFKYVNZVJNTZI
AIRPAIRPAIRPAIRPAIRPAIRPAIRPAIRPAIRPAAA
ENKKHGGKJHKMEJNMEJNNLJENJJMGJNNEHHEHINM
ORTRDCNSZCOOIKBKIRSOBULTUYHXRAILAORXUWY
NENVIENOIENCFENMJENWAENYCENECENVDENYAAA
NJCMLIYJKECUFUNXEHJYKYXFPEOKSHUWYSFOEKK
JKQVIVCMYIJQUJHCGHRHCWWWHQBROCJIVRMBTQI
BAACPAAQLAAMFAAGHAAIJAAKRAASNAAODAAEAAA
UCBBDMBBNIBBJQBBRKBBLOBBPGBBHSBBTEBBFAA
XXTOUXPYMNXXWMQOOZWPTWXQUOTWRWYTNNOMXMO
WEHBRVLEFLVIUZHTAOKYLZOFHDAXDUJPXBRQMLS
IPLMSMTWVLSYWURWURORVVQXOXOPTUQLNWXQXXI
DSWEBKGMOEAWKXHQNXFLXAYCDKWKUFTCEICXKLC
UNKINKYQNKTINKMNNKRJNKAANKPDNKMQNKWANKK
STAAAABHGGHRRRQFFEFMNMMPOOOLKKLJJJIDCCC
SORQPRMQTKPQNORMLNNKQLOOSTLSRPSPPTOOSTA
FLIYLIFKLIETLILWLIMZLIHZLINULIDGLIMVLIG
IZILNAKMZVLPDGCQKENWCYEGOWPULKKBVALNLAA
IDRATGPKGGHFPZHWOUHFGXGEWPNKSTJZJWBOCOF
XNWNESJEOMCTDAMIDJSLVAGSJGIUYWADBCUHGZU
XEFEEGVEEWJEEKPEEQLEEMREESTEEUNEEOHEEIA
SRRTGRRHARRBERRFWRRXCRRDYRRZIRRJURRVAAA
TSBBBBBHGGGQQQQIJIIKKKLFFEFDDDDOOPPNMNM
FARXANNGVJOVPKXUAQPNSLHFPTWZUICVVASDJOZ
TMMSUZMXTCFTOZBVJNBWPAXUYWVRHMOGXIOCQJA
KXWMOPJSIQRSDISVWWSLXTNFMKOABFJHBUOZVTJ
TPECSHJFTEZHJBWEXTIQBZICSFOXHJKSGQYXYLW
PLQGKGVRWXPPENKGPPYTTRDMYTENVRYKDMWXYKA
CFCBWYWVMZGAAYYLMMOPUYHJTLCJKKDUUAAWDIW
VWWWWTVSVUXVUXUVSVUTVSVXURXWWWTWTVSUXUR
TTTBAABCCCCNNNMEFFELLLLOPOPQRQRHGGGIIJJ
WXOIUTQNTRQMRMFSFUZOFMUHTUYSMJLOFMUNSUT
NVUUWJUUKLUUMDUUEHUUIFUUGBUUCZUUAXUUYAA
CLUVKEJUVZKRUWIGBLVDPLSYFXIPGWCAAMCFXQS
LIAMKGWZXTGOQLFNKKBLLITJEXIQRALLOUCUAAA
SSTABABEEFFDDCDLLKKPOPPGGGHIJJIMMNMRQRR
WQPNVXYPNVXULWQLWQPQPNVXYLWVXYLYLWPLWPT
ZGHGGIJGGKXGGYRGGSPGGQNGGOTGGUVGGWLGGMA
JNKFNKUBNKTYNKIDNKYGNKFINKCHNKFTNKRTNDN
TAABBDCDCHGGHMNNMRQQRJJJILLKKOOOPFEEEAA
XPQKKXSWRMRULWNOPSTXXTLOLWIOUQIXTLSXRXK
UBCBBDQBBRSBBTMBBNKBBLIBBJOBBPGBBHEBBFA
DKTDERBYJHXPETAMSASLVZTWWRTGGSLIAGPELVV
XZAZAZODFWVADAOUEAMDECCYBYOBRPRQBFFWRJT
XXZYXYXYYYXZYYYYZYZYZXZZXYZYXZZXXYXYZZA
RWIFXHPPNRSWHMGFJQGMGCQERWIIFXHPNRSTIBW
KEEAOVTEIZCBXWLBYOCQGUKUNDQWEYZRRGMXJON
YKHNSTLWDCKSAOWIYGNSLIVJEPMDVUEETDVEYHM
IMGGIFLIHDHHIDIEJHIKMGDIMGGGFKGLDFDLJKM
ZRDSEZJZUVLTMTYYRPPGHIJIHHXNMXRZJNIZUNA
KBSDSQTPYTYGVKWAUNCPCWSDKINCPPHURRHYFAA
AXIJPXIXYXIUEXIIDXIBVXIOAXIYGXICQXICAAA
TRBDBDUOBDVCBDARBDZUBDLTBDXKBDZSBDFLBDQ
CCECFFCFFCCEDECECFCFECEFCFCEDCEFCFCFECA
IDONVPONAOONGQONQRONGEONTHONLOONPGONJAA
STABBBJIIJCDDCQRRRFFEFLLKLOOOPHGHHNNMNA
ZPZPHZKSYKOVKYJDOGBBWRTELKSMYZIVSLOSPWL
XYASOXOMIGXYAOUXOTGXYASOUUXOMSOUXATGXAA
FQWPVQRONFJQFUWONFJKVVIOLIPWIMTETTLTEST
NXIXVWUIXNNJVMSGTNXJQGTWUJLMSJQJLWHNNXV
DKSZKSJIKSXHKSTUKSBQKSSAZKSKKSWOKSKDKSG
EHGCFHKKEFDBIMEBMJBMLBEENNMKNGGGNJBBIMB
BSMMMXIAHPOTGOLCWGSDVNBVBSOHKWCGRUNNLWG
DVUPVUSSVUNXVUPDVUENVUUWVUOXVUPKVUBIVUD
RHPJDGNQRQRHPRMGNNQRHLPARARMGPARMMGNQAA
JMITJMITJMITJMITJMITJMITJMITJMITJMITAAA
HHXEEOETIAFMQLDBOPEVGIGHLYRBTLVBOPESRLJ
MVPEAWJYZEPYQGHCUTUOAVBXRLFOWOJEJVWZAAA
QULHVVYRVSOLJLLXKQBNWVBHKQWAOKBCPJLBAAA
IRTOCRTJYRTERRTNHRTNIRTZYRTYDRTJIRTFAAA
UBCBBDEBBFIBBJKBBLOBBPMBBNSBBTGBBHQBBRA
HTSUXNBCYQKNBYWHYVWALLAJEFJDBWAJIVZGJVV
LPNILPIPNNIINNNIJMQNONPIQHPOKOIPQHNQHPO
XTEISTKNEGSQSWNTKAYNVBRMDMKJUNGYBSMYBNR
WXVWVZXZWVUZVRYYTWZQXWYTWUQZTZQXXWUYZUW
OWNDWNOYWNQEWNKEWNUAWNUGWNQJWNZIWNAIWNA
WYPLMWPSLOCYRECMMTCIBYVJIBQWPYWQHQGOXBW
WRQUIHRHDEZJGASNJPKGASEECLSXYJHJGASRJUY
DFEDFEDEDFGGEGGGFEGDGEGFFGFFEDFFGFFGDDE
OOUVULUTLJNLJNVRLTLPUVSOTNOLOTRSVNNPOPO
QOVPIENBOKLWOJHITTUSRXOVULRNDDFJHPXYIDV
SAAAAAAPOOPHHHGLLLLEFEFRQRRDCCDIIIINMMN
ADAKOZAKUHAKPTAKGRAKBJAKKYAKVFAKCVAKDAA
TAABAACLAAMHAAIJAAKFAAGNAAORAASPAAQDAAE
DQXHQXUEQXYRQXKUQXCIQXKPQXHIQXFIQXHCQXZ
GHDWVGHDVGHDFNEDVWDOPFNEWVWDONPPUDEGAAA
EVBXKVPWUNDDVUEMXELXHRMRUXXCEFTTSLWPFTC
MLJOGFNPOBNEIHAKMJCDGEFNJKDAIFOGBJKDDIP
ONNPANNBENNFYNNZQNNRSNNTCNNDUNNVWNNXAAA
RMLOLNLOQMQOORLKQOPMMSQOORKQOOQRPSKQRPA
TBAACJAAKFAAGLAAMNAAODAAERAASPAAQHAAIAA
RSTSSRSRURSUSRSTSSRURSURURURSTUSRURURUA
SGMMMFKFQNJIRHKIKLFKHOPSIJHQLONOIONSIJH
SSSURUOQPWPOQPVSSSPWUWWUWTVTUVUVXYPUQVA
JDEGEKHEDHJEHHFDDFIHIGDIIGJFKJEJIJIEHFE
AZBQEYHPYSOKZQJXTUOUVRFPPGXRZJMKEJQARZJ
PMLNQNMNQNOMNONMMOMPQLQMMLQMOPQMLNLNMLN
BBABBABKKKKFFFENNMMHHHGIIIICDDCQRQROPPP
VMFXBKLOSFCIZVOVHKWVFNAHVHKGIIIUXRQDEEH
XQMKBKQFOQOQDSIXSPSPQLRDXQQLQFBKIXDSMCA
UBCBBDEBBFKBBLIBBJQBBRGBBHSBBTOBBPMBBNA
PLLGUDFPUPATDTNBPLLTITDNUKTUDFAFAESTNPK
BJIIKPIIQVIIWZIIALIIMXIIYNIIOTIIURIISAA
UUJBDNOTYPSRRNBFUUMXQZZNOEHLSIINHNACAAA
GHKMSIVKLLMIKILLRRRRRLQTVKSIQTRLTHKIGHA
EMCDMJIMIHJJMJEEHFMBAJEEHBFMBHAKCFMBAAA
NTUKSBYEYZRWKUUXBASKQWCYWMIOCAEGYURKWAA
KRPOKPRSTTKPTUKQMTPMKRQPKQTUQPLMRSMTLMA
VQUVVQURVUVTRVQRUQUTRQVVUUQRTUUUQUQQVVA
VUTTPWPWUWVUTQRQVRWPUWSSTRVPSRQXWXUVPPX
ONKQJBNGLEAELESNRJFFIJEJHSGOESOIGOOAMOI
RRRTSQRQTQQRTQSRRQTQQSQSQRRRSTSSQRSQRRR
ADUHBQHZXVWQREJJERWDTOPKYMEZITYEJHAJWHN
GRIWERSFNJTALENJUZDWLTKEGSXXSMBPCMHPMHW
QRXTBFMIEWEWPCGMNTVFMIPCGMFOQRBFVFCMFOA
PXQZGYITVQJDOSLNHBEHTUPUJRAWQGXQYWUWNNH
PUJOROTNAVVYTNICCEROICAVQDUCVYDMPUCEUCA
LAZHTZALYNFNXMZQUGFCQOLGTFXJDZKUWYFCUAJ
TSSBBABHGGGMMNMLLKKQQQQJIIICDCDEEFFOOPP
ZZWYYPZNSKLIRTOLSXRZJMIRXIZSNROOZRNOPLS
UNVGEAFHUHTOSEQRDMHTYPYPAUBIZKLECIFYMIO
UCDPTCCDPTFJLRUCDPAIWCMUCDUFLFFJLRLFMGA
RUQTVUWVQVSTWSRWRQVSRSVVWVSRUVVSTUTVRUV
KPIOKQNQRIQGOOQHGJNNNHLFJPKQFQMLRLGMFJF
TBAACNAAODAAERAASPAAQJAAKFAAGHAAILAAMAA
DNLMZNLGZNLTNNLWUNLJCNLTUNLPRNLKXNLFAAA
KPKBPKSOPKRWPKQAPKNTPKUTPKKCPKZIPKQEPKT
APILTERNQEFDQXYVVOQZOSJSVAAWHTQJRXEBPDX
DNNULWNNDHEPEVNNGTGDRBEGKLDGPBPEXTGPLUD
TABAACFAAGJAAKPAAQLAAMHAAIRAASDAAENAAOA
JXPGXPTQXPVMXPBRXPEWXPQKXPIKXPOKXPIIXPD
YVVCEGRXWHWHLFCPNLLFFPEGRQOJYVRQRXFPCPA
QQPSRSPTQSTSQQPRRRRSPRRRQSPRPTQSTSQSTSA
ULHULHUMSRANVKAAQTAHPBSMPFMZUMBEXQYWILI
TBAACRAASJAAKDAAENAAOPAAQFAAGHAAILAAMAA
GONNPCNNDENNFUNNVWNNXQNNRYNNZANNBSNNTAA
LSHJSROLMJIMPMMUKNWPLIJUKJLIOLSHQSROAAA
FFGMBEKSGBJQOMBOBACEKQCGMNFACFFQCSGNFQO
AABXJJAGHVQXARGVCPBLEEKNMPEBMOMGBHRGICA
BUKTNCKSTXTWFOPUEYGIMITBHRWCHZMGNHKOCAA
FCACZVTUMLSIHAQLKZHYIMHCKNDHYOLHYOLDIVV
RSTUSQQQUSUQQVQTSTURTTTQVQVQUTTUTVVTQVS
PSGDDRLMPLQHJTRLDDPENJHLNTHQHILHITLRKEE
QQQNMQQQNMMQQQQQQQQPMQMQQQNMQQMQPMPMQQA
QTTRUGUNVSVUQRQKPLTIOSLTIMJLSSNVQKKJTQR
VKAUAUIDAULKAUSSAUDGAUOLAUYXAUOBAUUEAUI
RUKESGREPZGSASPWBOHYTPJUXFAFRUKLDVFLQVZ
XKCLGFVXHFXOOQOXVJCQPYEJUINXTAQLQZWAMAA
UFPDHGPAXOBZMARZDSLWTMBSQWYSZLAYZNXJEHJ
MILSGJIPMIMDCRFKREDWTCPYTSTIZYMTJHWMXEK
XZMPTTLMIKMWCFKTMYVJATNTTLRURYQESRFYBQV
SBHXAWGIQMDBXKQUSQJJWDUVUIXAOKREOOSTXXA
ABAABAAHGGGQQRRLLLLJIIJMMMNOPPPFEEEDCCC
JJJIIIKIJKJKKIKKIKKKIKJIJIIIJIIKKKJJIIJ
EGLDBLADEEAAJFJBINAFHCBHNJFABKGGCJDJHJH
OQQONQMQQNOOOQOOQONOQNOMNQNNPPQOQNONQOO
CMDCMDCCFLNLFINQFFIFFIIOOPQQFFIDNMCFLNL
MQXYMLZCIEOZRYBGNILPBHBKVHPGLLGENIFZFEI
HGLXSPNPDIJFGGKSZJBIQJPHWNXCAICNXDGHSNT
TTSABBBPPOOIIIINMNNKLLLGGHHFFFFCDCDRQQR
NOOPNNOOOPPNPPNPPONOPPPPPPONNONONNNONNP
JQOTXVJLIKKJSMIKJLRUIXVJLIVPVJLRLIVPAAA
FVBKQAVLQNNABORHRDHLGWNDRFOGJGNECDCCAAA
LKKMVKKWPKKQNKKORKKSBKKCZKKAXKKYTKKUAAA
LEXFWGJUNHPJJUMRIUIUKMKMJNWGMRJNJEJEPJA
YXWHWBAGELXBZLONRACXVZNNNJZCJLRLLCFGAAA
WVKSGIRMELIIHLHLGFVVIRLRHELLGWMXYTKKTVW
SWUUVXXMVMWXOUXMVRUXPTVXPRNSWWWXRXOXTPX
DWLXPRRJXMPRRJGLMJULRWRWUFLUDWMJLUUFGLA
BTEUPYPYHADBTEZJDBHADRUPYHYHADJDBTTEUPA
LNGYBTVVLGUWLAVBJFNBJTQTKVKHTTKIIUCVGIG
ONNOONNOMONNOMOMMNOMOMOONNONOONONOMOMMA
GKHPLQOPRITJVLPRNGGONORTNTKKQTLGNLJGKGG
JPJOORBJKPXNOGVNMMFGOVUBGIFLEFLJBGICYKH
VWFDSQYKMTPMGWEJPWYYRBVYUCTZKYMEJGJYFYX
TPOXYRPSUQWXYPXWWSOSQUQQWXSYZSTSSZYPYYS
AVHRDPEJJBKVLUJXFEDGIROFGQOEJUBIZUOMSLM
KQPQPLKLQMMKQONNPOLLPQPKQQPMONKNOQLPLMN
DOTJPJROGOINNJUREEUUUKPRDUOISTGUFQNGNSR
BCRGONBMQQCBGAOQQCCBRSDHBCREHJNCCHGQQCC
UNQITYKMDVQCJFTFFAEKXFIRJERUKJXFEGSVONJ
DJSNFWGCVXECFBXVBRVPKFDRBDRKFCOWDPKRJZF
EPLEMVSDTMKLXPBVOJNOVWSMEPHHRAPHLXPKHSL
MRPNNNHNKTMHLRMOMQTJLQOTPJKFKLGMGFFGOOJ
VVXVVXXXUXVUVUWVUVWUUVUWUUXXVVVVVXXXWVV
HQXKRHZTICIJATOBLXYMKDNDFMUFYQEMLSSDSFT
OCRZCRPKCRLSCRCICRNJCRDOCRMAKCRQCRBVCRJ
LMZZWBAXUSGQBCBIONMXFBRBKPYOYSUBEYEJTFD
MMPOJKMPOJNPIQKMMMINPIMMMPOJKIJKINKINPA
SRTWLBTKBTCCGWEMITWXNBFUPJGJWGOXRBWBWWE
CJIJRBDGGZDPKTUCGKIPPUUVYMIGJYRMCCJNHCF
UVDYOGRHHFAJQRPTYJNRNPYZBZYOEMGPMQCZBZY
MYDYWLBVAHJGENXMAQTXLVJJHJOIFDXIPCLAZVK
QQOPOPPQPQQQPPOOOOQQQPPOQPPQPOPPOPPPQQP
NMGEJNHSLMLJFJJGENQKSRFQFMOLLHHMNRFLIAA
TAABAACHAAIRAASDAAEJAAKLAAMPAAQNAAOFAAG
SSAAAAAGGGGPOPPFEFFKKKKRRRQJJJINMMNCCDC
JHLIGFBSOZFDRXYRSKAQRSYKATIGDOCNCDGLCZA
UXVXUXXVVUVXXWWUUVVUXXWUXWWUUVVVVUUUVVU
HHSFHSUQHSUQHSKYHSJWHSEEHSODHSTIHSGGHFH
GFJHFGIFJHIFGGGFIHGIHHGHGGIHIHIFGFHHHAA
LPQOPQGBPQECPQFAPQZHPQBLPQOUPQEAPQYMPQE
TUKAQTKGQJBRUQYLMMIQEHSMOUJBRXONMJMDMOU
NMGLNHQPQOINMHOINPQKHQPQKQKHOINMGKHOIAA
OWVANAPXCUEWAQPANAPYUMWVQBIDNQDXMEEKDTH
JSMOKQJVOOOQTRVQJSMOOKQOOOKRVOOKQJSTRVO
NJPQLJMMOLNHPPNJQHHMIQKPNIHOKMJHINMNNIP
XGTVRJWWTHXIZXTXWVITXIXOUVVZYUGGNJOXXMZ
RHYOODTAZFJHWRSULDTVARLGAZFBTWMOKNFIRDA
ESFALPMTXPXEVEVCMFKTDASFSFAKFCOMXACEMCU
VHPVVPVPVJQUTTVVQTSNIHRSVOGHQVLHIIUNIVU
KOCAZHDLYTFBLSQSRTWHKHHLNAZSOWSJXTBNHJX
MRUGKQGQESNFGJRGUNELPUEKQGEKGLEOJLSPUTO
GRJVGHIMGJULSHGUGJSSWSXLJGVXWKLVQITIKXM
SNCIHNFVGUCTKUCIWUIUSURQWKJRLRBVROYTJEA
PPNPPNPRRLHLSSOIMRLUPPQHTTLSQKQTJTHRLSS
GFEGDECGFGDEGDGDCDFGFFCDFDFFGAGAEBEBGFA
TPZDNNOIXLACECQIOHOIEACEWFCLLFUZTPZSEZV
RXLTXLXUXLDPXLHGXLTAXLOJXLTAXLORXLXLXLG
DSPUEVIHQHSASDZOGTRRURRWVHFVWVHYBCSMYTV
YDEICTKLILEOZJZZXWOSDLEOZZXZKOZDJEMWOAA
LGVJNHKOWOWOIJWIKONTPJPJUJNHWIIJGUUJLGA
SAAAAAAOPOPQRQQLKLLMMNMIJIIHGHGDDCCEFEF
TAABBFFEELKLKJIIIGGGGDCDCNMMNQRRQPPPPAA
RCQWULQWBHQWTQQWQGQWPUQWOMQWTMQWCHQWWAA
EYSAYSXBYSTYYDYRYSWDYSNXYSJUYSTDYSHKYSJ
GJJKRNLLTXGXWHYHGYXGPRZZZISSUYHHXUHIXGG
JKHDOKHQOKHAFKHHWKHKFKHPHKHHAKHVFKHWAAA
TABAACRAASPAAQHAAIDAAELAAMJAAKNAAOFAAGA
ZYMMYMNUYMTZYMSJYMDZYMSHYMVNYMNGYMVMYMC
FQURGFDVRHTTJTOUSSKOHFFKSDOOKOFFVNUFLEF
HIIFKJJIGIJKHGFHHHHIKFJKKIKGJJJGFIKIHJJ
CAABBBCBCABCBACBCBBBACBACAABCBBCABABCBA
BTMBTMBHQJHZFHGKFCJYKSKJGALLHYHSGSJEICI
HKXVSXJCEOFMGQWXVPPQCWEYCJWIHWIMYXKSLAA
QPMOFMNZMTTPMOLJVUMBVRSKMKOWVOSEIKTKUTL
PTVRPQPPVRVRTPQPSTRURQVVPVRQPRPVUSQQPSP
XLCALCLOLCWZLCKPLCFRLCBDLCWGLCTYLRLWLCG
MWHGLKOQZEUPPEAUREXDAWLFSULUREXAPDRFOGL
SAABBNMMNJJIJEFFFHHGHPOOPDCDDKLLLRRRQAA
WEDDFKDDLUDDVQDDRIDDJSDDTMDDNODDPGDDHAA
WWYVVWYVVXXYYYXWWVWVVWXWWYYYVVWWYYXVVAA
FSSWWRZHDKPDGIHHXGWGUOUSLVXGOODSLVXKBUD
GNNONNPYNNZSNNTANNBCNNDUNNVQNNRWNNXENNF
CVTZJGUZVHEMCVVHSTSTYRKWEMTICMJGUZYRTIA
QUPTOSJJKQUQVJKIRTOPOQVPTUTSJVMUTIRIRPO
NJPLLNPJLKNLPOLJJNLJPPNPKJJLOKLLNOOOPKJ
KKIPXUBLBESJIECXUBBIHNWFQQOMUJVDUIFGHLR
JNDGFTGKKKFBJVIQYYEGTMVVGPSOOJLJVLNTPYC
APRRXKJJOZFYISJRDVWTMDOPFLFTTUMZBDWFJAA
QKJPMRRWVKTGLLKGDHWVURGTSVVKDTQRNJPRMWG
KKJJKLKJKKJLJKKJJKLLKLJKLJKLJJKJLJJKLKL
NVQRTZSSRXMNTOLTKSNLPORMJOTUWZYYJQTTTUU
TBAACPAAQJAAKHAAINAAORAASDAAEFAAGLAAMAA
TBABABBFEEFGHGHJIJJPOOPCDCDNNNNQQQQKKKL
ZCZXOXRGVRWTBWAEJJUVZGUZBQCLGFXFTJSBJKR
PPVVURPLPKSLUXWMKRLNPJJNZSPKVSXKZVSRIZM
SUJSUNRSRJVSSUNVSUJRJVSJSSUUJSSUNRKJVSU
SABABABLKLKIJIJOOPOQQRRHHHHFFEFDCDDMMMM
NPSJMLLPKHONNLMFPFFNSNEKSIRLLISGMQHGMRO
FJBIWMWODSHSBPLKLPBPWOCBFJLPCBMELKWMHSA
HJNGTOEHNKJOWLYUROFBGEWDIQEBENWXAHUWGFP
LPYLPYUWPYKNPLPCPYNEPYHYPYBRPYKOPYVNPYV
IHJHIIHIJJHHIJJIHIIIIHJHJHIJHIJJIIHIIHI
BBBCDBBBDEBDBEEBDCCCDBCEEDBCDBDCDBCBEEC
GHODLJOEIHOFNDIOEIOHILKOGMJCJLHKHGGEKNA
REAGMUNVUANJZFHVYNJIPZEEKKNCDTXKSIHJPEK
IUOYPRIIZEZQOEOHDQQJRDYOYGIYIKHGHRPZJOG
OMZAKXSWDKWWWNFLTUNMAXJTWUWXVWYJJUWLXQA
TSRPOSSSQTROTSNTSPOSNRQTNTONRORTSSSPONA
SABABABPPPPEFFEIIIIDCDCMMMMLKKLHGGGQQRR
LNNLMNNNNNLLNNNNLLLLLLMLLLNNLLNNLNMNNNL
QUPYXWNYXWNPQVRYXWNYXWNTXKLYXWNNMQUPRTX
HGPENRFSWVOVLWVTJHODVUQGLOFVLWVVKKPLOXN
CKJJLSJJTUJJVWJJXYJJZOJJPMJJNQJJRAJJBAA
HRHPCGQDLGGQBEGHKFQQKHQGRQHGPJCHLEHQFMH
SWQOQFWQOQMHJFGHLUUTWMIUTWCSWQGHLUFNFMA
KTXBOYIQOHJRCSYAGQVDCPTOOZNFHYXTWVCYXOQ
ROGBDIAVNZDYXPGCRTBMGIKDDYVWAITIYNFAMAA
NMUQVJQVJLMUQVINMUWINMYIMNNWINIMNWMNWIA
IROEROUPROPFROXAPROLROBFROTMROKJROTJROU
BMTHIJQPBMOQPBPBMTHIJRIOQPSIOQMTHILSIOA
TTBBBBADCCCQQQRMNNMLKKLEEFFPPOOGHHHIJIJ
GBRYHUEUBQCOIXABQCSUQTTPNMCVPZQSGFZLFSY
UTLTBUXNFUEXKQDFDENXORXEWPXDITVVPQWWLOF
PTLVQIPTLHIPTLVQIHHIPVIJHIJHHJHHIVQIHAA
WSOQOHCFCROHDCFMNSDCFMNSRTRTDLCREKEKWSA
IQPBQPLVQPYOQPRHQPBLQPLNQPVSQPLQQPJEQPH
HTLUFFNPQTNDZINXKJCDHTLXXPEENOAYAYNLTZV
ETQRSEFFPKOJWOWMHGJWOWEKUSCCMWNNBSROLUM
NKKKGHLLIHLNNLKJNGHNGHJJKLILGILLHIJMJIK
KNBLAVIRXCGDTPMAXMZYGMROKOCMEBXJPIEJAAA
QSSQQSTTTTQSRTQSQSSSQSTSSTSTTTRTTSTTSSA
HZSDRWEZOOSZNZWJGBKZPBPWEJOODKVNYNQTIJI
QSYRSYRWUXXRSYRSSRUSRSYSYXWYXWUVSSRSRSY
TLMPUPYFZYLMNOCUULUHXESRGRMHYORITLNSGIZ
LAZNCQKAHAUHBHFYUUTRKFSSHUJSHUJUMNCKYDP
TMAEMACSMACRMAHAMAJGMAUZMALNMATYMAJBYMA
IVZEVZTCVZLYVZJJVZHIVZFPVZKHVZTFHVZOVZE
STTBBBAGHGHDCCCFFEEQQQRJIIIPPPOKLKKMNNM
RNTKURPJSJNOJSTKLTVPRLVUTOUNVVRTNJVRVPA
SUOTRVVOUTRQQQVOUTRQQVQOQUSVQROQQVQSOQU
IOGEJFNKRNOPQNIMOLLNMKKOIMHLIGFHNGRRHEM
RJEKYEKYYDEGOGOERUSBNQWYYLPYLGLPYDEGOAA
HGGINGGOPGGQXGGYRGGSTGGUJGGKLGGMVGGWAAA
NWLVVSWTLNWLNVVLVMQMQVUSWXSMSNUNUTLXSMS
SSBABAEFFFNMNNIJIIOOOOLKLKCDDCHHHHRRRRA
SIDPPQWJNZISEREHIRFCHFAHXEJSUTTTGMJSFLP
XZXLKBJLTPDDXXDEPGTXHYKQFEHMBBZZVZKDNJZ
LLIKJKJMMPRHLIKJMQPRHOQPRHLLIRHLLQOQPAA
PJRTTMRTENUSPGYKFWDSMFXKJKTOPFLVEUENAAA
RKAWVKAZVKANFKAAFKAECKAWKKAQNKARYKATAAA
FRPXRZWIHCPMGHGADXLDRAIUCIBTDVRZSTIOQGA
ZETFOBALISSPMYTMYTDAREQINUFSDYZWDXQULGP
OSQOTZQPXXRSRVZQUXVQTVUZUSNPVZQMORNVYUV
SBPXTBUAEYBDASTKVQPEQPQTNFEVPEFPIOPEQWH
WDDEDDFSDDTUDDVGDDHODDPQDDRIDDJKDDLMDDN
KZCLIJSUTCSUSSMJUYKVLUMCCJYTJZJXGZCXAAA
CBBDEBBFQBBRSBBTOBBPKBBLIBBJGBBHMBBNAAA
BBBBBBBCDDDOPOOGHHGEEFEIJIIRQRQMMNNLKKK
RURQUTQRPPRTTMSSQPSQMURTNUTSSRRTMQTRSMU
OTXVQXXRPOQXTSXONNVXOMQWOUNTRQPTOOWQXXN
ESYUXVOTSWXTWHGBOOZSKUKNIBHAXJZZPNFTAAA
YRTNQTYYWPYQQXMWRXOOQXQNYURRRQYYXWYMXXN
HOOWZPNPLVTBHBPSYJGGOOMRNPNPNZZYCSCFIAZ
BCDBDCDDDDCBBBBBCDBCBCCDDCBBCDDBCDCCBDC
FTTPAZWTPNWGYBAXUTBKMWZZFKQANPUXBZBVTLW
GILGJIHFFKHKHMGHKGIKNHKMGGJFNKFKFKNIHFN
VDVZBTYGRRPYTJAILJJKNVJBGYBMGMEIFZFTMPH
ZFELQLRSPXHJCOPKAZFUYTJJTYLKCSGYVZNURQH
GFSOTSTWCCHELUJIZJGPDWCQGLWMASWZSNRFAAA
MIKFPDJJDLEEGQGGEORRRHQJRSRRPMMQNQSSPON
WVVDSTUBYQPUYSOWMDMNJDAFJRHSTUHNMCBNSZE
FEJGGEEGJHILDHGLKELIFLKHIFLJCCCFLKELKEL
CJKYHCPMFFBHJMCUDUNPGLPWXIZOXLOULOWCJAH
KNFSNFJDNFGSNFJDNFCXNFLUNFQINFGZNFYFNFF
KQRLALFZMVOBPYRHOAXPZDYGJUAXEXEGTSOLCAA
EBECQEWEWPNAYVZPUGBBLWHESIKFVAWXYAIFAYR
SWPOPPPOXSSURXSPURTTUQSSWTSSROUSSSXXSSQ
NMMOXMMYRMMSZMMAVMMWPMMQDMMEBMMCTMMUAAA
JMXBDRYVESFSYJXTPSPOXZNRTUHRGQJVTQMQSYJ
GAKIAKSLAKSXAKDNAKROAKQFAKJPNAKLAKDVAKW
OIJFJBJHQFJBJOIFEHQIJFJJOIJJBJOEHQFQFJB
KSANIWIBEWJNLJSOQLTOMZXAHHIOBEWEUXHYSMG
TUVRRUSRUTSVSTUVRSRURTTRUTTRRTSTSSTSRVA
IPQPPRCPPDAPPBUPPVWPPXSPPTEPPFYPPZGPPHA
NPJGRSGRIGKKISLSGRIGMRGSLLSLSGMRGNPGKKI
NXNASZJJTPUSTQTIQLXCPVXLKVLOMECBKYODFUI
HBBBCMEAFYWXPLUNHBKEBGRNHBKASWXNVAMTPHY
KEHFHGQMYCEWOWEJQQBZKURURFZOYWORLGAUDPF
NPNFYFMNAMRZTKMPZVXAZXIXABSWALFEBCQCQIL
SAABAMMNMKKLKRQRQCDCCIJIJPOPOHGGHFEFEAA
AFAGFEAKGEJEJKIAJBHFEAFKIAAFBKGAGFEAAFA
VVVZZUSXXVVUTZZSZWVWVXXVZYUVZSZYYUTYUYY
DSLEBRCIOZFRBLCGWYVCGIKBIKPCYFRBNUDYIZY
QSRTUQTUQSSRQTSRTURQTQUQSUTQQSQTQQQQSRA
JBLAHGBDGEGJIBCJEFJFHBAIIEGEBDKKBGBGJCG
RNPSTOTRTTRTPQOTRPSTNTNQONQOTSTNQRTPRAA
VLTMLTLALTCRLTMGLTKNLVLNLTIOLTUELTJLLTE
LLMFTSWKJTNYJOJGYZEJBCATITMPQNHCBYRUUCA
KMRNKNLMPNRRKKMQQLRKQNOLNNKROQKPOOQOPPP
FSNXSNLDSNECSNOVSNJMSNIASNAZSNFMSNMMSNK
PQWXRWHWIKLHWMUVRPHHPSPLXOKUIRLTUOVLRWW
GRTZDRERKYWZQKFDHSMNSRYHINFXOAFENOFTAAA
NMMODMMEBMMCTMMURMMSZMMAPMMQXMMYVMMWAAA
JEGCEBIHEECCFFICJEDIJJCDGCJFHDHFJCFICHF
FRLGGIJKFELEMBCGNISPTLFCRKGJTERLDJPSJDK
WDDEDDFSDDTGDDHQDDRKDDLIDDJMDDNUDDVODDP
XQCMKQCNPQCAOQCHLQCPLQCTPQCBYQCMUQCKAAA
OUFPKTHRDHFUTKPQRGIFMQUMMRRUROOIQQUHLGQ
YYXWXXXWXWXWXYYWYXXWWYYXWYWXXWWWYYYWWWA
WVRNUQTNRUNUPROOVRYTUUONTRTYWXUONXNTNOY
MLBGGSHOJKMGSGDRQTKRMGGLMGKMGKTSGMGSRAA
CGEGKODOKOFKFBIHNLLHLEJMOQJDHMLMOQJBCOB
TZZTTYWWWVYTZUTUVVVVYXTZZTUZVUWVUUVWYZZ
TMPQLLKPKJQMJIRSQTMQLPIQLPISQTMSQTMJIRL
TSSAABBHHGGNMMNRQRQPOPODCDCJIIJKLLKEEFE
TEYKFEGBOJKSNERYVDSKKQTCIABBEOCARVMOUPA
QYPSTGQQLJNPEBSFMBEEJHXNMJPTGSQXTWAAOTT
GHGDEHCDEHFHHGGDGHCEGFECGHDEDFFCHHEFCGH
CBBDIBBJOBBPGBBHQBBRMBBNEBBFSBBTKBBLAAA
ABBABBACDDDIJJIQRRQOPPOEEEEKKLKGGHHMNNN
USUNRNMPUSUPTNRUNUOQTTUPTNRUSNUPUSUUTTU
JVSPQORZXVPROHTYMRTPGXMTGMKMNMYTSNZKWYM
IBJGQWVOBEBXSDUBSWKKKWXVUMOKYAIUSJUUEQA
DAMCWPNFXPAMCWXPJNCWPNWPNFDDAMPNFXFXPJA
SMNMKQQJPQQVGVMNMMKQLJKJKSMVMPRQQVGPRJP
TAABBEEFEDCCCKLKKGGGHOOOPJJIIMMNNQQRQAA
SBBAALLLKCDDDEFEFQRQRMNMMJIIJGHGGPOOOAA
TAABAACPAAQNAAOJAAKFAAGLAAMDAAEHAAIRAAS
TTAAAAARQQQHGGGDCCDOOPONNMMIIJILKLKFFFF
RQQSZQQAFQQGTQQUHQQIXQQYVQQWBQQCDQQEAAA
TTBBBBBPPOOKLLKGHHHMNNNEFEFJJIIRRRRCDDD
XHTAHTCYHTWOHTNUHTHIHTSFHTLIHTSYHTNMHTZ
TBAAAOOOOEEEFMMMMCDDCLLKKIIJIGGGGQQQRAA
NDMPVGQKVONJDVGQPEJRDNSJSTRSRGKSRUJKTQS
BYKRYKKMYKIAYKJYYKAFYKZZYKPVYKBSYKFZYKQ
UOSFHNOSFNLJKRPRTMOAPHVOLBATOPVTPMRRYFJ
RFLZFLWVPFLJFLERFLEPFLMVFLOPFLVTFLODFLP
FAFCGISSUERJETOUEEHLAORUXKBAATKMFEGOCAA
RQNABFBIACYOKTOHTLIGLPWLCONTPMJQRRQGMEG
LPOMQLMQKJPNNNNNKJRJRQLMJKKPLKNRKLLKRQQ
MSGFRNWMWBBZCEKWCLBUUPKQIPVNSJZXPJDPZCE
TSBAABNMMNIIJJKLLKQRRROOPPEFEFDDDDHGHHA
BJIIKNIIOLIIMXIIYTIIUPIIQZIIAVIIWRIISAA
FIDGFEFKJBGGHDJJFKJGHKEKDEKFCBKBJGGECDB
GEDDLLAJAAENMJEKEENMDJAIDGGANAIDEECBLAA
SBBBBBAJJIIDDDDKLKLHHGGRRRQNNNMPOPPFEEE
LJMKKKMMNLMNLKLKMKKONLMNLKMNLKONLIPOKLA
UZBZZBGHZBCSZBVZZBNWZBGPZBOSZBVSZBYVZBL
TABBBJIIICCDDQQQRGHHGOPPPMNNMEFEEKKKLAA
SJWPJXKLHTHXSUQIDCUIJFJLCTOWWADZXREKAAA
KJICGDJDBBAEHBLIDEGHFBFCGLLHHFGGLLADEEE
TVTTVSUTRRRTVRRTVSUUUSVSVVSSVVSUSVVVSUR
SVJURKCNNLVBKQAHHNEVWPDWIMHGJGTHFRHABBL
TPEZZEZZJULGOVUARUMMGKBCJHDSLMNCQKHNTZJ
JJFMJFWZJFRTJFEMJFGWJFKZJFSNTJFAJFYJJFC
HHFCEBFGDBDHHHHHFCEBFDHHHEBFGFCEBGBDHAA
PCKTVJQQMFPOIPLMCJOJCNFFWXPFKVMLUFTPOEF
MTLASIUNEYRHNXUUWCEFTQESPZMWCEZVYOOMMKB
PKMKQLPWPKMPPNWKMKQMKQLTWPKLPPNSTWPQLPP
VDCCEPCCQLCCMNCCOFCCGTCCUHCCIJCCKRCCSAA
TKNVIXLMQMLVTVIPXNVIPVTKNPXLMIPXLLVTKAA
SSSAABAPOPODDCCQRQRHGGGJIIIMMMMLKLLEEEF
NNCGFHKMLCLCBEBOHILBFKMKHKOLGBKKIGCNHIN
GETEDEOEDMYEDWSEDLAEDHEEDPCEDZUEDSYEDQA
TTBBBBBIIIJMMMMHHGHPPOORRQQDDCCEFFFKKLK
IHTNFMEVOAFHXUMRYTTULZURPTZZXZZEAEIIAAA
NQUFGUHTZQSXCSVRIYEHVHRSYOUEBLXUPDNLTIT
UUGIQHQJMFHJMFHQVLHMHJLQFTKMVHHVFTUHHNK
TSSABBBCDDDHHHHRRRQKKLKIIIIFEEENNMMOOOO
FAFDPRHQABTHLBKTMNPFJSPPLLFPMJCFJDFKPKQ
DTNUUTUQMWJGMTKMPJTQBRWZXFVXURKKZAGIPAA
GIJGIKLIIIIJGHHLIGGGHHHHHKKMGIJGHHHHGJG
PXQOVPUUTPOPYUTYWTOTUNPOPWPUUSOZXUTWWAA
PMDUMDVCIMDIMDERMDZJMDIFMDRQMDLMMDEXMDC
AABAABAJJIIEEEFRQQQHHHHNMMMCCDCLKKKPOPP
TJLJHPIRQLOSMITVOSRQQMQLTVMITJQMIRHPRSA
KDCTEDFXAYEEEKSZNRWDSKGSNCWFUEVGWGJEVIR
BABABAFFFELKLKPOOOIIJJDCCDQQRQGGGHNNNMA
SBAAANNMNGHGHOPOPIIJICDDCEEEEKLLLQRQRAA
XJITRMMJFUFUTXTXJIHPMJUTXJJITRJFUTPMJFA
AHIHHJMHHNQHHRYHHZUHHVKHHLSHHTOHHPWHHXA
SCQVNPMTRMZUSTJULPPZLGONBDOGSNKYUOWJLSA
AATZGYEKCYLAFIHGIITEGDNLKCYMKBARCBXEZLD
TTAAABALLLKOPPPQQRQNMNMCCDDJIIJEFFFGHHH
SEIYOENLDUOENLYOSEOWLGLGYOJDKFKFJGJGOWA
JQUPTTUJNTMMTUJUTMQQUNJQJTNTUNQNTUTJMTJ
UFPNZKIPXRBKEUJOKXPMLAICUXRPNIKZEMFRNBM
JKHIGJJKGGKHLJIJHLJGJIJJKJJGJJGGGJJKAAA
BHAKCHPPKDACJOLIICBEGMCPPGHHLIELEIIAJCP
WBAOQMJLTDILCBLIWXNNYOWJIOUURNLLWTEZWUL
KHHGQGGNFDPKQHUZNJHBZKSVWVCXRJBNJHJNIPK
THXWHXWUHXXZHXTKHHHLHXBOHXXEHXKHHXZPHXM
ZSDMKFXAKMAGBPXWFVQERZFSVHOYAOUEAFFDTAK
SFKRXUGSMDMKLFMEXVCLBSLQYYBVFYBXXNCQXXN
USSSWTTVSVWVVTVVWSWWSWTTVUTSSVSUTUSTTWS
CKTTRALFYNNJKEYRGZNALTBWNZQQWOZPLYGALZO
DHLCKGCFFIDGCCMLCEEEEJMJMHJHJCKCMFLIDDH
PPJPAVEGROCAUDOUQGWLWUVZPWBZOWXCRPPAOJY
KOIGWDBHMHDAQCPANJDUTKJVHMHHLHLNAMNQXUZ
MTLVSPQUQETKUCIYUDHBPEAMDEZYCMQCAQNJYCM
HCGGBGWDXUZIMRPDKHDDMHWJALNSVIWKMGMSSWV
SSSBBBAIJJIRQQRFFEFDCDCHHHGPPOOLLLKNMNN
RLMTNHVCEYGYEYBDLQGRBEICZFLSKYERHWBMXXV
URGLMQGPXKQVDVLFKFKFUZMQURXKURUZGPDVLFA
LNNNNLJGLLINNNLLILNNLJILJIGJIGLILNNIGLL
FJIIFIFHFGFGFGIFIHGFGHJHHFFJGHFJHIJFIJH
GAHIWFEBADJKXQUMMMZSFBKXBLFWHLEYLVGUBAD
AHIHHJUHHVQHHRSHHTKHHLOHHPYHHZMHHNWHHXA
CBBDMBBNGBBHIBBJQBBRSBBTKBBLEBBFOBBPAAA
SUZOGVZUKHNGALLIDRBTOMPGNGVDANFOAAOTOMP
MFEQVVQTCPUPJFGHUPVVILYLMFJFQTPMGHCPYLA
ABAABAALKLKHHHHQRQQFFFFOOOOCDCCIJIJNNMM
HCKEHIIEIJLECCIIKDEIEGDFLFHHKEELCJEDELF
OKPBRCUCZHWRXHCVEXTHPXDEEOOLXFGJCZHKTNU
KZCMJGVNQSNTPRWXYMWKHMVQCBSRIVDETPRLPJS
WODQHVYQYCKUOCQELJXMQYNNKJYJLHRJNOKCNZU
KLFAKJIIHDAFAIHFAIHKCICIEFKIHDAKCICIEFK
OEYIRNNGAQLDSEAYIQXNRSDWCXAZMVQDGNLMVYD
HOHSJITKIKERPOHOHPFJHOHOHFJJKFJJKJHFGAA
ZYKFJTOJZCIOKZGKRVYPPTXPPTXOESXTFJROONE
HRXGFIGSQWTHCFJWWNEQOXIOWPHIOPWDOMOCQJU
ABAABAAQRRRJIIINNNMLKLLPOPOFFFFCCCCGHHH
HMNYNHKRNSRXCPZQBLDAYHHNSTQAHEUDJSDNTWA
IYPQGNWUKRUTEFWHOKTUVJHVKNUEHYVHKFHWEIE
RVCMMFIFUJLIRAQOBURSKZNKZNBRACMBYMGAYSL
ESYESBFUJXUXIXPBYHTDDLBRXQXBTRMCTFDBWVX
XBREQVTLCYJEEYRPPADDIDOFWTPALHEUGPNDXHB
EDHFDGDEDDEDHEGFHHGDEFHGDFDEGGFHGDEGFAA
DCCETCCUHCCIPCCQNCCOFCCGRCCSLCCMJCCKAAA
FGINWBRTNWHQIQHMDZBTDFXGIQGEIFGUGJQFSDA
CABLXBZZYMWYGPXFPDCHEUSXQNGPUTRAUOXHEAA
DGGNRFOLPGHOPIBBOREHQOHOQKDEMEDNAJLHKEO
DGHIILIKDEMIHILDDDELJFLCINMMGNDMMCDEMIK
CUXZVYJMUVKMQUKHCXOKSXCBKYSNNVHUBAQLCIA
TBABABBRRQRFFFFGHHHCCCCIIJILKLKOPOPNMNM
FZONSOLYWODXBAZGCZRYWVMHWCDWCDUJLBHPBAW
CKJBXJMWMUHTKWJQTHEYKMHDSIABKNIKJBSYBHY
DJRXRXVVBFMQSPXWOPPVBFGQHXRWEXMTFIUJZAU
HGGIJGGKVGGWNGGORGGSPGGQTGGULGGMXGGYAAA
TSPUTOWTPTSSWRSRPPTXWQORVPXXXUXSUPRWQPT
JKKLIJLKLJLILKIKILKIKILJJKJLIKKIJLIJKIA
XUXQWNLKLUBFWFLDNOLZXULUBFWFLKLULZWNLDA
AAAAAAAMNMNCCCCKKKLHHGHEEEFQRRROPPOJJJI
STAAABALLLLOOOPQQRQEFEENMMNHGGHIJJJDDDD
TSSUBSSCFSSGHSSIVSSWJSSKDSSEXSSYZSSAAAA
ZKJKJKXKFUQFVEEHCNPJCTZYFINFXJFJSYMXRKT
TLHOMNUJQRONFJQFJQRMNUTUTLHQROMROMNNUTL
LZZZVEFVHXOHFQPQMREIBXWDKJYTWJHDDKJMBXL
VPGNSQQRIULFFVPGNSTSTRIULUTSLHIQQSLUTNS
IHJIIJJHJIJIHIHGGJIHHHIJGJJHGJGIGIHGHGA
PFXOUBLPFPQTHDVHDZOIJGIUZLAEBUNVMWLZQAG
BAACNAAOPAAQJAAKDAAERAASFAAGLAAMHAAIAAA
ZHGGIJGGKVGGWLGGMXGGYRGGSPGGQNGGOTGGUAA
UONNVPQTYRXSWUNYTNZNVQUTKPITQMZZTKPPRJR
VDCCELCCMRCCSPCCQJCCKNCCOTCCUFCCGHCCIAA
XGVJAJBNSUVZPBWUIDYHJJINAPPBTLHGRWJWAOY
SIPOHMNMSKQSMLQPQKJKKUSQOSGJRMMQPHKNHVP
YOVTVVXCMGYWHTILZQGSJDEFKSEUJUKRIUVZAAA
TQFOZWWVYMTSZFDXMQGPYRMGHLGPYEDFAFHEAAA
KUSRCHHHMEBGWUUEKKRUPBHRODMBJNKHLWGMDID
ZPMNLIBQJKGQIZHDGRZZBGGPXJGPFOIAWRWWRWW
FRGKLVRURSKEZXEXRDOMKJWFJBUDATHXDFCBAAA
THQZPFHIXOQEBMFKAQWTSZKEBMFKDZQQKYPYHND
OZCTHRHCPYHSKDHRHQFZZYBIENLDVVOUZWONFUF
QJSIBJLOXHYNUKDIFZHRNPAXDADTKMYPGYSMZIE
KRBZVDWSQOIQDWSBJXQODWSBSBHDVRXGDWSBAAA
XPFKPFLKPFAOPFFWPFHXPFKPPFIKPFPOPFTZPFO
SMOTUQPKSMKSMOKMTPMOTUTPKSLSKMSKMTMTPKA
ZHGGIRGGSTGGUJGGKNGGOVGGWPGGQLGGMXGGYAA
AEDBACECDDEEBBBDDEEECDDADDCDCBDCAEAACBD
ATKKOORGZKAIBEYMOLNKWBQQMKENOFDOORCZZUL
EKKFIEJKJGJGHGHFGEGKJGJGIFJKGEEGFKEEJFG
SSTBBBAHGGGKLLLRRRQJJIIDDDCFFEFOOPPNNNN
TBBABIIIICCCCGHHGLKLKQRQRPPOOFFFFMNMMAA
QQRSSPSQRRPRSPRPPPPPQQSPSQPQPRQQPQRRQQA
GFFHMFFNKFFLQFFRUFFVSFFTIFFJOFFPWFFXAAA
TPNTNAUJPNTNTKRETTNTARETPTAUJNTAUETPNAA
UQLCIVJZTOABYWIMUSNCGSTENZQDBKAWPXVDPXL
BUPURSCDQBIPSAOGFRYMXGSRYOVAWOCGASDGFBE
GNKELPLLGOZWSPFVVSEUEKBQVAYDMLOFSETOGKR
JLUCOLSQDRGJLUNGLEUCOLYDVFPIYDTQWSQDRLA
WWPRDHJSPOMAOWRZDNBPNBHZVMCPRHGLFRCTLJA
LWFXPLBBVFMALHYNJQGQOZHZYZGDRGQFGLSPAAA
WHZPZNZYTWYYGRJXKOQFULWJSPWWTIXZVWQQSPY
CCNRDJKXUEWHWFFLDKONVUKCYGXGUZHZRJEHDWM
ECBCCCBEEECDDDECDFCCCCBBECBFCFBBFCCFCCC
BPIRHGXMYRJSGGARAPJLYKAJXMMZYTJSKRMXTMA
TBABABAIIJJFEFFLLKLRRRRMNMMDCDCGHHHPPPO
GPKPJKJKRNMEEQNORENLROFIMLPHGHFHGHFLEHI
HDBCLXNFKHMVYQAINEBIQGIEGNOKKDRGKLCIJYB
EDCFCEFDEEEEFECCDEEDEEFEFECECFFECDEEFFE
LKKMPKKQVKKWNKKORKKSTKKUBKKCXKKYZKKAAAA
CFWUFWZJFWKTFWWRFWUDFWWMFWMSFWDYFWLZFWV
HFFFGHGHHFFGHHFFGFFFHFHGHGHHFFGFGFFFHHH
LMQKUVOPUKLFGJPGGSLKQPPHMTVPPEOINNNFLAA
AKCUWBASZLIHUCEFWNADRJNQLRWJLSYEHKQPXAA
YTNPQRTYTNPNXYPSNVTVYWQVSPNNXYPUYXVQTNX
WDDEDDFSDDTUDDVQDDRKDDLODDPIDDJMDDNGDDH
DFAGGFGCASWUBWUTDNROFYXXINHXQGUWUQQTLHT
HQEGMPDFHBGEIPMKCMJBQMHIFJDKBFHBJQGCCIH
EJNYSCGYRPCEVQFZRYMROOIXCJNARZSVQUOBAAA
ZHGGIJGGKNGGOXGGYVGGWRGGSPGGQLGGMTGGUAA
KUSWVVCIDUMVVCSHLFFIXKEMNTUIWRKHDSTTSPO
OZLCZLWYZLUPZLCSZLNTZLFLZLRPYZLDZLRIZLD
LNKKLMPNOOOKKKNLLNKMPLLNKNMLLPMMOKOMONO
EEGFEGFHGFGGHFEEGEHFGFEEHHFGHFHGEFGHFAA
UFKUPUJJUFTIJJIJKQMTTIPUIJTIUQRTTIKQMTA
SSTABAALLKLDDCCPOOPGGGGEFEEJJIIRQQQMMNM
RQKMOFHISGKKVPEHEEVMTVKEPNMVLTGKIOIIEER
KTLJSKMQNUTTRPRPKTNFTTKQNFNUOISKQEQEMQA
SZKDBRMSKZMVJTWNRJWCRHCATDFTYXSZJLENXTA
VNNEDKOUTRINPHXCAHUAEYLPQQZQKYJJFVGQUGA
BEEUNDFKDMMEBDLULPIOVEQQFFUWNHRECFTUAAA
OVVNCLMRMRDTUORBHWTADJBAHVAOQFOWSIAMWAW
AQFTFXFFKAIHQDWCNVXGSHUKENGWIVUWNVEMRMC
BLCXOVKBSXUQAXHJTWMDAFSSTGVXWIXRKLNDPCV
JLMJKLJJLMMKJLKMLLKLMLMLLJKKJKJKMLLMLKM
EKOHFPFLKNKNEIFKFLEHNCEIEHJJEKIMFKNCJJA
OLPELPEBLPMXLPSILPCNLPSSLPMQLPGNLPMKLPG
TTSBBBBRRRQKLKLJJJINNNMHHGGDCCCEEFFOPPP
UOQYOUOCOQTTOQGSOQOAOQOXOQUIOQYPOQZNOQZ
RPHFWCRJQNGKAQDVPWPCUIFXFCRNNDXTTQCXFPH
SQOVWPQRSSQXXOWPXRSSSQXRQXPUTVXOWOTVQRA
TAABAACPAAQHAAIDAAERAASLAAMNAAOFAAGJAAK
XEFEEGREESTEEUPEEQLEEMNEEOJEEKHEEIVEEWA
OZQODSUNYQQEBRLSQGABHJANQCBNCGGPNQCEWSD
PDFUHINYXBMRBFDAPFEDCNRYMTXGLPHIYYCRAAA
IVWIVKMKHWLQMKUTLVYZUTVKJKLVXZJKLQHWYZA
HIIIIJHHHGHHJHHGHJHIJHIJHHGIIIJHGHIGHII
WSFNKLKBSTKIMUVPVKFWWUWQASJFKLPFNSITVAT
CBBDSBBTIBBJEBBFOBBPMBBNKBBLQBBRGBBHAAA
RRSPSPRRRRTRUSTTTPQUTTRRRTRPTRPQRPQTAAA
CFBDGAAJJKGKFJEDBBAAIEFJGHADGKADJCBADJA
KRLPKIKHMJRORMKLMJJLNMONMRHNGOHQHRKGJPR
HGJHHILGKJLKHLHHHLKIHJGHLKLGKLGLKHHLLKH
JZJONSSWXPPNTRTRJZXPNTZJONNTRJWXPNRJZJA
JHIGPMARVHXGYNEVJHWEAJYNWEAJEVTJARPMTJA
BUOOUOXRUOMHUODEUOODUOWBUOYIUOCRUOTIUOR
JQTRRLKVHRRTRNIWPKRLKKRTSWPNIWQKRJQWQTS
PZXERJIYJWLTRZXCXSIWRZZHXJIKIWJNFIRNFIR
IEKJGNEMCIHEJFCMOMILCOIGCJMHOELEIHGIEGE
YYMXZINJWIVXOUPNKZJMIPXVOHYJWYMIHUJYNKY
SXECYTCSXDGWVLHKQLBCKUEFNKZNSXDIMIHETSG
UYSDUYSDUYSDUYSDUYSDUYSDUYSDUYSDUYSDAAA
SNQMNSNQORRQPSNTPTQQMPSTQMNTQQPSNTQRRTP
BABABALLKLNMMNJIIJQRQQHGHGPOOODDDCEFFFA
QTTODPMVCNKGKGDPTOCAXUHJCMOXTOCADPMVAAA
LKEXNYTMKZWRDAISOQISSRGCBHCVDEGIMTOEGVM
EFANMRBCFRKDCFRNAAEIFENRBEFRBEFAELDQIFE
SSLUUMKKMROULSKJLRUSLLOKUOJKPKSKKIKOLIK
NSDJKANFNHPENFHOSSSSNSOIMOMOHOKAPEEDOIA
HYINOKGNIQCEJTWONRLHEXXUDJVRZSFTHFRMJNT
DODKJPQACSKQALPKNWPDVSYIYHBXOMRJOHBKAAA
ROMUJQSKJKNSTPKTQPOJPLULONLLTQPRPMKQLTM
RTHFRMPRRNMLJGGRRTJVMLQQJVRNQQRMPRJGOIA
ZKITXIGYCWBKISSUAJLBHJCIBRDBDBFSMHUNJBA
TBAACLAAMNAAORAASFAAGDAAEJAAKHAAIPAAQAA
MXEUBJBAYZGQXXPQLWTCWFLOSZZCWFLWNACEKAI
IJLGGGIGMJJGIGGKHLJHHKIKHLJILIJKJKLJKHL
ZZRTTDLRKIBSBNFULXDPUUEVIFGMESIZZLBRUEJ
OPPRLPKQWTMTOPXPMTLPWTWTXLQXWMWTXPXLQXA
KTMUGSNUVWOAFJHMUNRIIRFPCWOWFCPVQIMEXOF
ONTRYNTYYQRVSWQNMOYTYNORWWNSZPTQPVSTUUV
XVWUQWTQVUWVTWRWQUNQOYVTURXRZVXNPZQNWQQ
HUYKQXUXKSJIWPTVJJOOOJXTEWEUXMVERYHLPII
ASKLRQUVVAHPMENGEBMGHNWOSCLACMWOOVHOSCL
FFCDCEBBEEFDDFEFBDDBFCCFFCBCCBFBEFBEEEB
RXWVRXWXWVWWVWXVWXTYVMOXTYVNVRXTYVMWXTY
GMBCMBMFMBZGMBACMBZEMBERMBVUMBOLMBAVMBU
AABBPPOOJIIJLKKLGGHHFEFFNMNMRRRRDCDDAAA
USFSILNZBYQOWLWUUEAEBDKOTNWVOBPZLAHULDS
OBRWSSWOMHCEKMAVYBEELMMBHJDEOQFFRHVAJFW
OQDBDWKMVKHRAPAMVWLFHILLJRMEBDAZIJTAPAV
TEPBKMSMWCOOUATJSXSLTQOSPNPSBXLPADHOFMM
HWHYJTKVECLBMCQFEQZCHVCGICTJSLMPDQAERAA
MUMYUNSTBOWJYHBKRWYHXYQUFJFPAJYCJXTIBEB
NPINPLMNPIMJPLLKMNJNLIJNLILIMJJPLOJPLOA
BOMGSGBZEFMZLJQXBGYPWSLCBCGWZZNLSLXLAAA
LGJGKKCMDEGLGKKNLGKGMNLDEGKMKCMKHLGMDEG
RSQQSSSQSSSQSSSRSQSSSRQRQSSSRQQRRQSSQSS
PHMCIESSGKRPHESSGIHHMHHMLMCIHIKDQBGLLAA
WVUVUUUWSSSUVTXXTSVSTWXVTTWUWSUUXXTXVSU
BSMRTEJKZACEQIUOWBDYLNZXCPRGTQTFRQWOXRX
YBKDKLBAVFOWDLMIRXPEWQWTCKEPYSTOFJIMJQY
OHMJLKLPPQMHLQPQPOLQGJMILPGJOHPONNNNMHA
MRNUVMRNNUVSNQNNUTTVONPSPPVTTNNTKKSPPVK
HJBICIDIJEIJBKEJGEDJHIBDBDJEGAJFAEHDIDJ
JJLBDJPTPBLRRCRQDHGQOBLCIDPMHCOQOBLDKKP
RAQUHVDBMFIKGZBLLVPUZGHWIVHRDVWUYPKGXVA
RTTUPOOUQTOQRUQRQSPUORTSUTOOSOQTPTRPTQQ
QFFMLEIZIVYJABUEIZYPESAEXWALLURWZHMWHNS
CSKPGKMMSDCHGIGKCICRJCDCDSCCCCIIEPHDCSK
KIRSTKHPSTKIFNNKKIRNNRJNNRJIFNNIGMIEENO
ANJSAJSAUSAUSIANJAUSJMLIAUSJCEMLILIANAA
KQINBTMCRFZKJBTPZLHFTJATJATDFWZSPBYTGOE
LOOJNKLJQJLLQQMPIMIMLPQJKQPINQJMJNMQOIM
GJIHKJFGHKJIJJKIIJJHJGGJKGHKIGIKIGIGHJG
CFQYUKWGSIMWALZYUQSQGHGHPLYBQLRGPEIHGFQ
WKHNDGESXDYKHNIHYAQWFKMPKKHTLMECEUOZUWP
DFWTDYMTTJSPLEXFBEEMJTGIFZROQJBMJTGNYTJ
WNFAMMFVPXLPZSAXWJTYRSUBEXPXQJDSDECBQAA
DQSGXXFELFAHJXCOQFNIJBJXLIUHMEZYUVJXFIG
ILJKKKNMJNMLKKMNOJLLNLHMJKLJNNNHOHNNLJL
HBOWGZORBIZSNCXOSAKDSAGOSAKKPUKNFCKRLNZ
BWGFKANYWGFUHREOBWGFHPNWZBWGJYHRPHPNAAA
GHHHEFIEGIIGHHHIFIEHHEFIFGFEGIIFIEGIIIF
GGGEKKJHFHIKFFHJJJIKKFJJHGGIIHKIJHKFHGK
GMHLOZZLNYUXTRTRZLKOFQOZIWFQIGIGGMNYKOA
TJBRATOGLRWTFRBOZOFQBOLUIEUEOXIHKMPXAAA
CLRMQEFDQGCSODDLLDJFNPOGMHFFNJRJRQGRNOS
PUYMELHIJONEVEFUUUIEMTPFTTXXLXENQUXXJTE
LYRLEILFHJBHTDBGLGOZBOSIDDVNAYMFHETBIJA
HHFSKDVEIDTAINTVVEMCVVELUOOLEYJGTTKLZCL
UEWQTJCHUMOGJQQQPTCLFUKKVFFFXQTEOHULFUK
CFIGNJDCFDCFIIGNJMDFJMMDFIMMDDFJDFJDCAA
AMAQEGGHNNDEEUJGDKNTOQEJJPAJTDBBETHDGRT
IMOPKLKSMROUIQLKMOMOPRIQITLKPOSSRSRMKRA
KMIMSVLHSDUWUVERASDTYGFZCNZHMWCPSEITYGF
HLJOVMJVZRZQSWFHWHPMRGPHDGXUAVIVMKYHGGA
NOHKLMPPNLLKLKIONKHLMNKIHLOPJLLHHKPLMPM
XEFEEGPEEQVEEWLEEMHEEIREESNEEOTEEUJEEKA
LEHSEHDLEHXNEHNTEHXWEHKJEHZKESEMEHNKEHK
TQWWXROROPQTOWXOWXRQUTQXROPOPQUPQUTUTQW
OKPLQPXTLIIZQNWMLPQIYTUNMLPJPZXQQIITVUK
RGTMHMSHRGGQHGHGPOKSOLHLKSOLRRHMHLRRGQA
WXYZZXXXZXWWWZXXYZZXWXZXWXYZZXXZZXXWYXW
PAULERXWOGMBZFKTONNCTBZQWVLOOQDLTAEOCCF
JXLXFMHHLFHLFLLFLJXUHHXLXFFLJXUHHLLJXLA
INGHHXXLQMEDXSQYZLABBVKNVUCWBVEIDXSZVIL
TBAACDAAEPAAQLAAMRAASFAAGNAAOHAAIJAAKAA
HJHJMJIGHJGHJHJHLMIIMIGMGGJHGILLGILJIII
IOUCATUDGTQRWPIGFVWWQFOSXLILGVHKPBHYUCA
FCJGFIJJHDHEHHIIJBJHFJEGGFEJBFFEBBHBFFG
DCCEPCCQNCCOFCCGTCCULCCMJCCKHCCIRCCSAAA
AABBFEEECCCDLLLLHGHGQRRRJIJJMNMMOOPOAAA
XGOAUXOAPKOACSOACLOANTOAOBOAHKOAEIOAQAA
NXTVFISFEHTTNWNHHGFNLOXSRFFXOIHJGFNFPKO
LSPSSODMEUNPSEUNDCSOUFKVUGLLKUGLPLGEAAA
MDSRGTLJEGEGMDIGNRDNLJGTKFKFHONREKHOIGA
AWIZNMQUBORWIYBQWOLEOJKBKTRYDQREXECKAAA
GMSITTGVWZGANHZTIVSZAOGRVWZZOKEWLLNGBSM
GFFHQFFRSFFTIFFJKFFLWFFXMFFNUFFVOFFPAAA
CJKJJLYJJZMJJNOJJPSJJTUJJVAJJBWJJXQJJRA
XZVGLJQIKNMJQQIKZMJQIIKZXXNMJKZXZZXZVAA
EIHHDGGCDIGIFGEFFIHIIIHICIGFIFGEFDCEHEE
STBAAALKLKQRRRPPOOCDDDGHHGEFEENNNMJJIIA
DGQHOGTLDGRGTLFGRGJSFGSDJSKSSDULVKVKKSA
OWSSTYQXZWWTYQQZQQZZOXUXQUVQZXQXOUZQRVU
QYUWOLQYUNVILVILLNNVIILLQRGNNLLQYGNNVAA
RAFMAHEUOVQZOUPFNZAOYYTSGUNLFZAMHXAHFZO
SYTHJYSIRUSIWXYYFZDSHPIDIWKDDLMMDEDELMI
TOPVPOOORSPRTVQWPVRWSQWQRROTXVWPRVQORWT
FMJKMKGAKJFKLFBGKIAFMHHHEGABACKACBKAIHA
TTSABAAIJIIOOPPNNMNLLLLGHHHCCDDEFEERQRR
OULWLWMLOUWRRNSLMLJSWRLWJSJQULTQJQULSLA
HPMQFCQILEBNQWWBKKIETMZJHUQITFNHOECIAAA
KPAIDUAIAPAIQDAILAAINUAIMTAIFWAIGFAIBAA
VDCCETCCUHCCIJCCKLCCMNCCOPCCQRCCSFCCGAA
IMHJWOHGLHJWWKJRUIOSMNOHGIOSMMNIMHGLNAA
TSTABAANMNNLKLLIIJJOOOORQQREEEFCCCDHGHH
FTFSNSUPOVMLXWXWWTVMFTPNVMOVYHNSUPWTPNA
SIOUGNGQEVPNNFRQKNDOQLKXQTTFIEHGXEMTRFU
CKTRHKTOKKTEGKTZYKTFXKTVKKTNCKTTPKTPAAA
FSGYTGJENIJGJEYBWVQAIZWDMZEAGWPZUONVQUE
EITUENSNJZUOGWJGCCFNSPIBBRPZUPLBRVOAQRB
TSBABAJIIJHGHHDCDDPOOONMNMQQRRKLKKEEEFA
GIIGKHJGIIHFKHKHIIIIGKKHFKGKHFFKHIHIIJA
EEEEEEEEEEEEEEEEEEEEEEEEEEEEEEEEEEEEEEE
KPMDROENPCHNKIGHKPSIJJPCHNJJFLFLGHROENA
THUNWSTFWORIDDWSNOYHPIGVNKRRJSWHYPKXSUA
HOPBSQABVWHMZZNFAIIHFGRKVXNITMXEYTXXBVW
PNPPSSNSJMPNPPSNSKMPNPPSNKQOKOKMPQOKMAA
EIOMEMDLJLHGEFKIHOEJOOHIINLDMMEMOIDLKLA
JXHTPMTPMGPMGMGMINNGWVXHTPMINGMGMIINGWA
SSSABABJJJIDCCCHGHHRRQRNMMMOPOOFFEFKLKK
ZYYTZIMHBDAOKMRQNNKKPRIJNMZXDPNQNNKKQSP
IKNTJHSLUJPFHPFHSTJPFNTJPGKIKKIKNFHSLAA
BFVHPECMNJXOZOLPRLRHGHFKUNFPAEMKUNFGPJD
EIMDLVWIMDLVWGEIDZRMDLVEIDZLVWGGEIDWGEI
OMSOEIPJCHMXEBJYJDNEWKGZNLDNJIBNQTJWDAA
SSSAABBNNNMIJJJEFEEGGHHKKKLCDDDQQRQPOOP
POMBLSOUCUKYPSNWVERYFCCINJUYFCCLGDOJTDS
KLLNPKNLJPKIIKLLNLLIILJPKOKOKNPLLIKIKII
ABBBKKLLGHHGRRRQEEFEJIJINNMMCCCCOPPPAAA
NUSTBRDRVQWDHCIECINDERVUADAUZYJMLZHRSUD
TVXVRQQXCQDJLKYJXKWUKIEVTNCEUZWRCXSSIMA
MGAKBOAGAKNKNHANHAKBBMGAKBOAKNHHAKBBMGA
NBKQQLNCSOBOIHHFERQQENBFHFOBLGFQBGQBSDF
EQJNMQIIEQJJNMQMQISJREIQJNMEIEQREIECJRE
ZGTJNCOBAVNTNXURZACHYJZXOBTTPNWMUBNYJZP
EKKPHEMOMFOFHEJLMFOIOKMLIPLHHHHIIKELIKK
EPLSAHJHIHGBIWEADNGFBOMUEFBLJQYUCXCCEIE
AHHIHHJOHHPWHHXUHHVSHHTMHHNYHHZKHHLQHHR
ETULETQMQOUMJJRMJJRRTQMTPUFETQFTQMQRTQM
DZOXCPSJUNQFJKEMTHEUFBQZIWNOWNLMQDNFUFB
GFQZATRWXRAPNCIPSYNTKXXVPNVSYNASHNBJLNC
HBCBBEFBMHHLEJBFBFCMJGGNGHHCFHMGBHNGIEG
BCBFDAAEFDDBFBAEAEECEEFFEEEDEAAEAADEAAA
IHAZCTZHLIBQQVOHAZAMUGUHKLGTKGHWNOZELZN
WAPUKDTJUWSQDWWAJHJVAQMYCUKXPCWPDGVBFPX
SSAAABAEEFFHHGGNMMNPPPPQRRRKLKLJIIICCCD
NHHQPKGMQDWRSEUDJYYPRJRMRKHZIJUNBUEHTJA
PUFJEWNFCUEXGBYANYLZVBTNCBMXGBYKIQJIRBN
WTNFLRNRQHGPTVKNJCWFSHOWCQPWKWGEPECQGOA
QOQPPOQPQPOOPOPPOOQPPQQQOQOOPQOQQOOOPQA
AGPOGPMAGPOQGPGZGPAXGPMGGPGQGPSMGPOTGPH
ABAABAADCCDLKKLJIJIGHHHNNNMRRQRFEFEPPOP
ELJMFJFIMDBGHLICFJDBJFCICHEBKDIDAIBBHDG
HJUSINOCIUTGDSULIHCSIRJURTSJTBHNNJLTJOG
OATCLMRLBCBDKUDNCLMIOAMYHUTMJBFBCRZMDVG
TKRDWNRJMUOJMUOKWUQNTGESWJDXJVCUYZPKBUF
SPRIPUBPBHVKRYDCHQGKUCHQTKKYXSQJPABEOVY
GOEUIUERYTZXPRYDVICCBASFLSFMEMDVQTLCYLA
ZOWUBWDKHLKJHFIZHRFRQGSZUQUVRAFRRZURNBN
ABBABBADCDDHHGGOPPOIJJJQQRQMNMMEFEELLKL
TOUUUPMPMMMMMTMMPSTNQMPTMUVSTROROPUPUTO
IETEDMGQCIHRAAMWFPXWXSVEZBNYCKWIJEPYCSI
XGHJMIMQVAYKHVQFNXIWDRDFYOJMBXTHQKHOKJX
CLDLBHCIIGELHBCFDDHBGLJJJJIEHBLCIIKHLLB
BHCCBGEEGHGCFGBBGHGGEGHHCDBBBHHGGFCHGFE
SSSABAAKKKLRRRQEEFEMNMNOOOOCDDCIJIIHGGG
ABAABAALKKLEEEFHHHGCCCCOPPOIIIINMNNRQQR
NNMTKUSOTUOOKMUOLSMKTOTNNOUKPRORUMVOTNA
NJOMMJKLIKGGNQONNJOJOMMIGNNHSIHNPHKIHJR
BHEEHEAGGAFBDHFAEFGGDACCFHGFFGHFDGBGDGB
TTABABPPOOHHGHQRQQJJJJNNMMCCDCEFEELLLKA
RQTRPSQLLUNNLTTTRPORSRUSRURLUNLLTTRLOOR
BBAARRQQCCCDJIJIHHGGNNNMPOPOKKKKEEFFAAA
TTHZGNFIDLIAOKNZGNFKGASDPVDDNEHTXYLNGEU
DCCEHCCINCCOFCCGTCCURCCSJCCKPCCQLCCMAAA
GQNYTHYULIGQNRGJHTRGJYTRGGJHYNYTRJHYUAA
GKGNMMNGIHIHJMJNMJJMKKNNGIIGMKHJMKIGMKA
FIEBEAHEMHHJLDFFEAEDAKAFCGAFCGALJDFAJFB
JDIFEEBDHCFEAEHHBHJLCFDFKAEGGMLEKCGKBFE
LSTSSUVSSWHSSIBSSCXSSYZSSADSSEJSSKFSSGA
NDBDEFNINZCMOMHLJHPWBPFIJKDSWINVIPESFRT
KEQXNCBFCTNMQIAXDEPTJKKUVPFZSQMBNQRQYWA
SLIBMRZEARNGWBIWWMMZSJTTICMPEILYBFSJFAA
KJJLUJJVSJJTQJJRMJJNOJJPAJJBYJJZWJJXAAA
JIIIJHJIHIIHJHJHIHIIHIIIIHIIHHJIJHHHIII
HPNVSXDJZSEYNWXOWOUQYHWIIWSOIUVRZHJIWJZ
WAVTAVGNAVSRAVZAAVUDAVOBAVWIRAVDAVTIAVB
EVOWIDXQHLQFVXRFQNBTIHEOUMTROUMPJTRZHQB
VIVLPNTMPDJNINOIUJQUPUJGHTWGHTWNWWKANSH
XSRPYGPQNGPYGJYGJPGJPQJPQNSRPYNGPOQNGPA
QQUOTTUQNUNTSQNUQQSSVTTTSSVTNTSQQTRNUQA
PFUBTVOFHAVQIXWRPFVEKNYDOZUQEYIKETLQRBA
PXVVVVKVVVATVVUZVVOXVVPHVVLGVVGPVVYPVVM
BLPBGDKTYOTROBLKBYXYXBGDKTYVWJPJPROOTVW
VCDCCEFCCGTCCUHCCIRCCSJCCKPCCQLCCMNCCOA
STBAAAGHHGCCDDLKLLFEFFPOOPIJIJMMNMQRQQA
UVLFTGQQUFYTQUFUFYVVLFTTGQTQTQULFTGGQTQ
BBAARQRRDDCDHHHGEEFFJJIJPPOPKLLKMMNNAAA
RTTWRTTPJQQRTTWUVHSSHRSHSHRXUVHHFPTSXXU
XRMMKZCGMSBMDURKKIXQYAHONAQGUWTOCAGUUMV
ONUXINVHCQVJPNSUAVTBCFJHONUENJJFNGAEVXH
WIALVCLCFSMIFJGBUQTFXFYWKYMKONEQOERUHWS
KAFLAFRKAFRZAFYEAFPTAFOOAFGYAFLQAFRYAFL
QTOTSUTOKQTOTSRTOKSURTTSURKQTOOKQTURTOA
ESYYJXSNFVNDFOBORBNUVYMOPIPLYBYDAXFKGAA
LKTOXNJPJFMORCMMFFSEHIECMXZFKTICNCWRSWA
TWNRUUQNMVWUUQWTWNRRUUQNMSUNNMVWSWWVOPN
DEJZUGQSRFZMFYLERCJRJYHAMLFNSQTOFNUXQAA
SLLKQOQKONSTKMKKKPRXKKMMYWXXMNKRYTXQTPM
ROIEXKCBKNYHYKASLJKJDVUQDEOGHYKMBVBAOGL
PYJJXESLGYFOJHGYAMVFVLGFZOXXIVLIEUOMFEE
DFHEEEJDIEJEDEIGFGDJEGDGEGFFGDIDIEJFHGE
IQUWXXFHLWXFHEVJIUWXFFHLZJIQUVJIQYEVJAA
YFGFFHUFFVQFFRIFFJWFFXKFFLSFFTOFFPMFFNA
EFCAFDABACCEAECDCFFABDDFDAAEACABFADFCCA
XADNXAOBOAWFHJQFYGSGSBHZFFQSPIDYAVCOAAA
JXSGTXPHNMLVQGIQSJKRWUGRIHSTMWPNTUQNJAA
XYPOXUEHGOXPOWXUEDZMRHGCPMEMEMRSXXYWXCP
KQKVPLPRKJWINKKKUHHVKMFOKGNHQHNKWSFGAAA
OPTGZETQZXYYFJFNVWOHZUXMMVPWWFDJVRQLTOA
KLMJWHXUMSMGQDUKPCPCUEQDUKUEKLWHXUFDMGA
VCCDCCEFCCGTCCUJCCKHCCIPCCQLCCMRCCSNCCO
SQVQUVSRSQVVSVXXRSQSVXXXXRSXQUVUVSVVXXR
FCYTWLHXLQMXVWGMWDWMNWHIYWRPIBUPJOHAFUA
CEEFEDDDDFCDDDDDCEFDEFFFFEDFEDDCCCDDDCF
AAAAAAARQRRIJIIGHGGLLKKPOPPNNMNEFFFCCDD
AXNBEMWCOIXSKBOPTGXILYOBNYWISZEQQJWWAAA
LNWWVSTNWKTUGLNTHRTTSTFUGLNGLNWRGNURTST
ABABABIIJJNMNMRRQRGGGHPOOPFEEECCDDKLLLA
VYZVXUYUZSSSVYZWZUZYZVXZSSVZUZSZVXUSSVY
QCXSNSVOOBBUVOFEMOVEOGISVEMOQCOGFEOBISA
PLJPJNPOKPPPLMMKLNKPMMMMMKJNOMLNPPLMPLA
TQIPWBHLAJWUGEBZIOXPOQKKPXBLKITUUUQIFAL
MHLOOMBZQRIGCDAOOMBHCQOGVLNUOMBENHYYRLP
KJXLLSVQLQNVNWWSRSJLJPUSSTQSUQULTXVKPSR
KKLLLLKKKLKLLKKKLKLKKKKKKKKKKLKLKLLKKKL
TSTBBABRQRQOPOOMMNMDCCCHHHGLKKKFEEEIJII
NMMOBMMCPMMQDMMEVMMWZMMAXMMYTMMURMMSAAA
TPTRTLRMTNSQKTTQPNLNKSLPKTNTKTQPSLNMRTA
QRUTRRRQWRRQRQRRRQSRVTRQQSVTQRUUSRQSRQA
FIATKAAOVZMRWYTRYPXGZSYSDSPXFQDLAWZHXEM
GCPMCPVECPKICPVDCPGXCPQICPGBCPLICPVGCPS
TTTBAABCDDDJIJJNNNMLKKKOOPPRRQQGHHHEEEF
FMMNMMORMMSDMMEVMMWPMMQTMMUZMMABMMCXMMY
QIYZIYBQIYNSIYUYINIHIYOJIYLNIYFNIYYIIYP
AMOUTAMHTZNQICJMDOYWYKQWLJCTQTUDJTEVKHS
JKBTMVUIWIECJKWDTBHXUMPHOBKMTISPZNMIRXI
ROLPWYYQSIYNNHXSCMZWRUQQOZIXDUTHSQWHVAA
SABABAACCDCRRQQNMNNIJJJGGHGFEFFOPOOKLKL
FGGHGEEFEHGEHGGFGIHGIHGHHGEFGGFIHGHGFFH
FKNLKNLSKNDPKNFDKNRXKNBFKNQHKNJXKNPQKNU
TTBBBAACCCDOPOOFEEFGGHGJJJJMNMMLKKKRQRQ
KRGIBSIJEVQCAIUPTHSRGFXJFAEZHGCCXTXNHDR
NAPQNAPCZBVFFXCMDOMCZFEAGWHNXKPAPEKANDM
TWRTQVWSZTWRSRPZPRVVZPOXRWYOWUPQYVZNZWQ
TTTAAAAHHHHQRQRDCDCLKKKIIIINMMMOOOPFEFE
IIFMJXOSXYMHYEYDVTGYYXQGDFYJJYRFLFCCJEX
UCBBDQBBRIBBJEBBFGBBHSBBTMBBNOBBPKBBLAA
LUAZUAUXUAAOUARXUAGRUAOTUADKUAGCUAUFUAU
NEKPHGFOGLMBEPMAKPGDFLOLLJAPIEMCEIMLAKI
FDFQUNQPMHBUIXSTKRYWQUNAQOSPBKEIFZVCAAB
NLMLNPPMNLQPMNMNLMNPMNLMLNOQPMPMNPMNPMA
TABABABCCCCLLKLOPOPNNMNEEEEIJIIHGHHQQQR
UPKBLETTWQVRMFEHJXQHYHFCAUBPTWQWUFUBIDD
LGPGHLKIIIFMGPDMGPDNLHIDIDNDEOFIFDEDEGG
IAFOIISPBYMATXFWASBDPLAIQTKCMKPAMVMEFDP
GTKRPOFJGNBJNKGOBJNQSOBOFGGCLLQLSBJOFGG
SSSABAALLKLPPOOQQRRHHGGIIJIMMMMFEEECCDC
XJCORMTMBRYQZPSJNDDQOMMWXRTSKUZIAVRBLAA
UVSVSUVRTRSWSVSTVTURSRRVRTVRRWSSVVRTUTV
JLOEXPTCSNMRBPLFICVIBRCNEXPJCWBKPDFBOSP
TAABAACRAASHAAILAAMNAAOFAAGJAAKPAAQDAAE
PSAWUTEBSUNEPXBKCSDWQSEIIQOVRCMXNAKYAAA
GZJLNATVIHXJKIEZNDCOBVLNWMAGGDBMDVGTQHS
HYHYOJSYOVWYOEHYOERYOIYYOWUYOVUYOFJYODA
VVGECGLXDLECPFCGLXOXECJEHIDLXEXEJEHIOXA
FKGKHJHHJJGGGHHIGGHGIHGHIKGFFJFHHIFGJII
CBBDOBBPEBBFKBBLIBBJMBBNSBBTQBBRGBBHAAA
SBBAAEFFFDDDDMNNMKLLKRRQQPPPPHHGHJIJIAA
QTWQTRRPLUMXQTLWUNLTMSPNVQWQTRQOWNPNVQA
JRNOSMNLOIJKTRNNJJJPRINMPNLNQOPNTTKKLSK
UGLVUUQBEAKQPVHOBDENTJCHJXDNQPVTFXLZTMH
VSCEPEVAHLWSOAMOUKAPNOJZKZGFGMSRYUQDAAA
PNLMONLMNLPLPONLNPOOLMMNMNMLNLPMPOOOMML
XWGRCYIBARFZEZTVQZTPVNCDSBZEHOKATLGFEAA
UBBCBBDSBBTOBBPGBBHEBBFQBBRIBBJKBBLMBBN
RGUJMUPRMGOINRPHPRUUJRMRUINRPRGGOJMUPMP
RQPRRQPPRQSPPRRRQQQQSRQTPSTQPRQSTSSQQTP
MHHGFLOJGEOLLFKGOJPHGLJOEEIJNFIOPFHHOOL
QRRURUVURSQVRSURTVRRUQURRRRUURUUUTUUQTU
GBCGBGGAGABGABBGGFGBFGGFBEDFBEDGBCGDFBD
KKBMSTKKRHIMHFMXUEKEBDXKMXLLCWNDIFKIQID
SSVSVUSSSTTTUSTSUSVSVVSSVVSSTTSSUVSTTTS
KMLLMLLMMLDAMLLTMLZXMLRUMLBRMLLCMLSVMLT
BCUAKLKZGCZNYHBTMRSINLVMTWUCTEMLPCBSMRA
LMSSMSQQMSLWMSTMMSRPMSQCMSPYMSDGMSKDMSB
PTQTQSQSRRRNPTRMRNRRSPMNSSSPORSPMNSSSPA
XYVYVYVWYYXYVWYXXVWYYXXVYVWYXXVVWYYXVWX
JHJHJIIIHJIJJHJJHJJJIJJHHIJJHHIHIIIIJIA
POMNRLRNSUSUNINIMSSIPOLVRNOTLVRLOTMSUJA
STPGKOMRKNSHSQNPOJIMSMHTKKQNNGTQHGPMLIR
HTGPHFHTGGIDTQKLGDTFHKLGITFHTLGIDIDTFAA
TQJRLSTGTISSSKKUUVTKRQMQPVGFNSOMIRUTJQF
HLINHJJNNHMINMMJKLNMLIKHMJLIJNKLMIHJKHA
JLKROYPTXROSUMIKRKOLORLMILOXTTXKOXTYPSU
YFGFFHKFFLSFFTQFFRWFFXUFFVMFFNOFFPIFFJA
CWCLQSNWHRCXUMHHUOXLFELTEONXTIWNRRXHOVT
GFJOFJBNFJNBFJPZFJRDFJNZFJZKFJVZFJTYFJX
ZTCGHJYCRXILYVDEIDVZQHLSKOBLFSSLICMIJAA
PZQPZQPADUROJNBLEFAOGLHDAGTDPSITGZOGZFG
IHIJFCICIAADIHIHJFCIAADIHJFFCIAAADIADIH
UCBBDGBBHSBBTQBBRIBBJKBBLMBBNEBBFOBBPAA
MNROFGBRMTPLSPLSGBRMNLSGGRMNRSGGBGGBRAA
TQUMYHJRNXNVNKYYFKQQYLRMJFGNHITXMRVJQYX
KIPOQQHKIJOQNOPHPOKOKJQLLJKPPMQKHIKPINL
TBBABFFFFPOOPLLKKDDDCGHGHJJJIQRQQMNNMAA
RTTXTTUTTTMPTTHDTTMRTTRRTTDCTTULTTVCTTU
RQUCDQUWFQUFNQUFZQUDPQUWSQUWHQUQNQULAAA
RMWFFRUEJZLKZMDQUJYZXZTMHLZEJIIZTKVPQUG
VDEABWLHTLHQGTVDEHQGWGWLHQGWLHTVDLHTVAA
HLBDFATAQHEATDALTUJPUEQTLRJPZHWLMLTOAAA
BABBABBLKKLNNNNOPPPFEFEDCCCQQRQIIJIGGGG
BFHCIHBHBFHBGFCHDDBGFCIFCIHDBGFIHBFDDBG
OVVTLTEEZYBSKBYSKBYJKVOOADGSPHDFXCODSVN
ELMLLNCLLDYLLZSLLTOLLPULLVQLLRWLLXALLBA
HKJJIJGKIGIFLFFIIHIJLGJFIGHGGJKILHFHKII
LMVDMVYOMVNKMVCSMVJXMVEXMVMRMVXQMVXSMVJ
DYTYYXMYYIAYYGWYYSHYYBHYYJFYYENYYYDYYDA
HREROAEPBPKUDNJDUZAOFDYBOFDPAFXFYPBSKAC
NMOOONNMPPNONMOOMONMMPPPOPNMMMMMMNMNPOP
LJOHRQMOLPJRQMRQMRQMQIPNOLMRPNOLJRQIMOA
SSKHKOPPVNLWBWUJCUWSQGBUIKYROOSYCIRLPCS
NNQSRLPPPNNNQSPPPPPPNNQLPPPPPPNLSRLRLPP
UDDDRHKSKDBTKTCJVNUKVFSBNUTQCVJCTMNNTBJ
NJIWFTCKNPCSEYPGUQCVPFFFSNJGASHXDVYSJJG
TTSAAABPPPORQQQDDDDMMMNHHGHLKKKIJJIFEEE
ZEGZIOAAWLQMLOFKIWSQZEGAFUDIRODPFTKPHXT
RTUSTRVUSRTQVSWUSQUSWUSWRQQVUWRQQSTQUVU
UBBCBBDIBBJEBBFGBBHMBBNOBBPQBBRSBBTKBBL
PNNTMNOLRPKPRSMNOLNOKPRSPNRLNOKOQORPKOA
LLQTWTOQPNNSQLLQWVUTOKQKQSUNOLQUTOTOMSK
SLYWIGIHSPGVVNHYTQMDEKUDQGGHDDPTNUQOHSP
DLKKMVKKWBKKCXKKYRKKSTKKUNKKOZKKAPKKQAA
GYUFYUULYUAQYUWPYUQMYUTUYUKGYUQTYUMEYUE
ERVKDCPETHTVSEXEYJCEPAUERVKGXKMRJLVDNNO
MLLNWLLXCLLDQLLROLLPSLLTALLBULLVYLLZAAA
DMUDZMRJFRDARDLERYJRYGEJVVEJIDZLLCJESHA
SSSBBAAQRQQFFFFJIIJOPPOCCDCNNMMLKKLHHGH
CEEDDEEEDECDGDGEEEGGDGCEGEDCEEDEECGCGFC
BWIJUEMVTACWFDLYNLTIUFKFUQDLPPDZZPUTAAA
QGWXGWSIGWFBGWHJGWCIGWNUGWPBGWGHGWTCGWC
TSWSRIQNTBMKTIOGUQDLRYVJZIXCHYOQFVYODJA
SRUSVXWUSSTSTUTTUTXRTUSXSUUTTRRXRTSWWXX
MWBENPSRGXHRISWQYMFGGKLWLBJWPXMLLHNDTCC
FWMLQRBRKGCYOQBBMBROQBRXHUZKFUDUAXEZRUR
TTBBBBAQQQRHGGGLLKLIIIJPOOOEFFEDCDCMNMM
CJIEHKPPGFQIOHCJIEQIOHPJPPPCJIHPJKMHPJA
LMPMPIEMPYHMPZHMPYXMPIKMPVTMPAEDMPDMPKA
QZSTBSZQLKPDIQJXVTPXDYCRAVKRDCVFDBVFDBV
EHHKHICFHHDKLFMLJJJIJHJFIIMGJFLEFHKIIMF
CITVDXVRRKSMKEMCYPHMYHYPUDLIRNKARRKQWSI
GFULFUYLFUAJFUWRFUVDFUQLFUSDFUBFFUWXFUF
IFEDCQLKIHRELRLGUUOSJUOSJLKIFLGUORELTAA
QRTUSIFFFGCCBQBQFGQFHPOBLLFHVJOQANHOTQQ
SAABBPOPPDDCCHGGGNNNNJIJJRRQQEEFELLLKAA
IDHBJHJDCVKLSMFSKGOVSBUOGKSTIUJQAGGFFNJ
UEQQSEQIEQIWEQXSEQRAEQZHEQAPEQFYEQDVEQO
DJKKKXYWWQEMQZSXPYHYIFWNYCYRBXBCGJKJQVR
FQSQFIFNQPKFUVINQPKIVKTRRGRLDJDRJRVORRD
ZYQJVGNVLHALDCHMSAYRRGTVXQMVRGTFADXSLGQ
YUSWVYZYZWRTQZXVTRWZZZVWQVYXRWWWZRZRSPY
TSSBBBAIIIJFEEEHGHHMMNMQQQRLLKLPPPPCDDC
IMIGWEUTRUAGSGSGCRCTUTCRFQRUIMUGCTFQUGA
LKMJJOBLEJJONBKMJJILKMONBLJJONLEJENBLEA
UBBCBBDGBBHQBBROBBPSBBTIBBJEBBFKBBLMBBN
CZPNUPLJWOKNPXTVNTWENJGRCUFLPQTXMFWECRJ
NMTOWSSONFVHNMPFQXTIPLETTIWSPFNFVHPLSOA
HAGNBQGFCUPSQCBMKMXSRQOFFCUQVECGDKFGQEZ
SSUFSUBRSURBSUPXSUUFSUAASUMASASHSUUISUK
EULSTHTTUTVXDMWWMBCDLNJPBZDJKZEVZUXCLMI
YRXTRXTRSQYRXTTQYTTTQTQYRXYTTVXYTYTTTAA
TAABAACLAAMRAASHAAIFAAGJAAKPAAQDAAENAAO
PXTWIXTBHXTHUXTFHXTXSXTESXTRMXTVEXTUAAA
BDXWKHNLQWYOZIOMTJXYLFRQQLFJAZRZNVZLAAA
OLNKMOLOONMLJNJOOLJKNOONJKMNKKNNMMKMKKK
TTSBBBBIIIJFFFELLLKCDDDGGGHRRRQOPPPNNMM
SSAAABAMMNNEFEFQRRQLKLLIJIIDCDCHHHGPOOP
GNHDKNMGNHDKNWXQUUNMGQUNMDWXQXQUNMGNHAA
SQNNPWOWHQTTKUEENCSVIIEBBMCGOCBCRMWOIFV
TABAACJAAKLAAMRAASNAAOPAAQDAAEFAAGHAAIA
WOGVVPTRCPGSHQEJOYAIYMEXTKBLJREMQXXHVFL
LMCVMCUDMCFMMCUOMCBQMCWVMCFWMCULMCVJMCT
MCPTXEDGHLMNHQYUFNMCLRYDDFLYOVULGJGYUGN
JEUVQUPXLARRXCPIFTCZIMEZJGHGRLULDLXMEFP
LGLNFQSKFXVKYFPEORYQNFJCSCAQNEZQRKMHAAA
RKOSKQLSRKSQPSSSMRQOLMRLMQRROQOQRQRPQSQ
JHWSCEXWHPHWSCEVXWSCEVWHPSHPSFVXWHCEVXA
EHGDAQKFBBOIQHMCPINGOIAQKFPIEHQHEJEJMCA
HGCADPPOUITWBZYFYFSOAJNRSBPNEIKTRSBJYIM
KOHCOIOHCONHPDDIKOEDIKIKOHPDEDHPDEDEDIA
GFDEDAFGCFGBGAGGGBDGGBEFDEAADCGGBDFGCFG
QGJLPBJJQGAHBJNBNFPBEEAIJJNFAIEEAHOPNBA
WSYSXVSXYUYVYVUWXVWWWYVTXXWUTWTVTYYWSTT
LFUEGLWJUFVJVTTTOWFWEIUUVTJMTQFVKIJFVOM
CGCAREMVFDRFOMCQZAZCJPLZAZNGLOLBDYRGPOB
ECQLUSJDCPFFFPKKIDELFVDZTXOOKTLHTCNNCHZ
UGCGCGGEHEUCFYBBOWGHTWKBKKGCKZVSQADYRQK
YLQQZQENDJVOTLJOTQJUPQJRRHEPGITKZOTKGQR
OJGATPHXCBYZYSIDZSYHLYERNGJYVMHIDTLTLDU
FBPZZDZCITMFXQPPJMISRZZBYMQKHXTPTCIKTLX
TSBAAAPOPOJJIIQRRRNNMMGGGHCDDCKKKKFEEFA
HNMKTMMKIPMKVLMKTLMKEBMKVBMKCXMKTLMKWAA
ZXEHEBYGDWWQWJFCBSFKTGFWHACJFABNGUSDPRA
QWYHUIRAAIWCHSFTFUJCPGWXECIFRRBGKNGBROA
FLOPILKKNMMFJIMMRIFIIHFIQMMKHMNNKHIMLGI
IUHTYEHUBPWTOJEIFXKYMHIZVPZGXOKHIUHMCFI
INLMLMGHPGIINLMPROQGHPGHPGIFJBLINLMGILH
FCLMTDLCLNYGZSJOIPLMYAJRSALJVADGZSJOCGC
NPDMLMOIYVHNHRZNHRZMLPMJHPZHHICKPBMGFXB
TBBAANNMMCDDDEEEEGHHGQQRQLKKKOOOOIJJJAA
ONJPGLMNJPGJPGLQLLJLLJPLJPOPONJJPONIQLL
IPCIRRGPVIGDFJUDIRDTRLPGOFQMSEIQHDDUJVM
VCDCCERCCSHCCIFCCGLCCMPCCQNCCOTCCUJCCKA
LQPNOLLQLRSPKORSONNNNQLLMMSLLPPMQNLROLM
ATAAQXTAKNUFCIHXAEHIGZBNVVLKUHNWCQRCBRF
PQFFFFPRJILGVRLFFPQPQQGTIPQPQFFGQJOQQGQ
LVYIVYAUVYVOVYKLVYCMVUVPVYTKVYOUVYXDVYF
QORPOOOPQOQORRPOQPOPOPONQQOOOOROONQRPPQ
SYBDMJQAHPEDSYBNAUOKFBTOBAWWPDYHXENNOLL
SNQFSQFSLKDNLGSNQDNLGLGSNPKDNGPKDNLGSAA
HUZGXQRLQKLJHGTGPBTMQGDWSBVJZFPDFOTPRYA
CSSBGJLJYDGSGZJFXAAGZJDECXQWKUVAPRPQMMU
PLUTRPSYVMAKFZUZPNWSUUNHVTGYWCVGZIFCUYS
SVGDVGOGVGKXVGMPVGNTVGPIVGLKVGIWVGPNVGW
RPKUUKUHWHOQIIIILHNSOQWHPULHQUPURPQUUHA
HBLENBLOYBLEFBLNDBLENBLBLBLUFBLJGBLOAAA
PROECKROECEGPFBSEGIPROPFIPFIPRSEGPGPFIA
BKLLUHTRYNUZAJDHEJZGDXANFEXCDEKQFPUHAAA
DPQSISQSGTQSMWQSXVQSMYQSRLQSSLQSYYQSLAA
LUMMUPWYMWTPNXLMMXYTTNPNMWMRYROLPUNWMTR
YHOYOGOOGOQUCKMONAMHAQOWDPGZAHROHEMCNNG
NMRSONMRROLMRSRSRROOLPKLPKURSRRROLPONMR
NFPPONHHRPQFMGFHQHROQHLOJFMNHKNJMIIRIJO
QLQMMLPQNKPLQKMLQMNPNQOLNKQKOQOOONOLMPM
FVGQELYPNTFJQESOFVGEKBYYLTKNYMHURIHLMEQ
XDMWXBCJIJKTMEETORAGXSRAZEDBSFLPPNLCAAA
OCBEGXYIVDIIQVAOWQKBRPTHKPUIPQEYBAHMAAA
SXWSQPSVSRSWUYUSVRSSTWVZSVWSVRWWVUSUSRQ
VNDNQJCYXUBITVNMRWAJSHFSEFGDDYDKMEBHUCR
YFGFFHIFFJQFFRMFFNWFFXUFFVKFFLSFFTOFFPA
NRUSUNROQNSNSUNUSQSQNSUUNRUTOOQRUSQOOQN
KKILJMMMIKKJLJMKKKIMMIKKILJJMMIILJKIKKK
JMOIEEQREHJTKFRFSQRINPJKPHIFIQFRNKFJURT
MKLKLMLMLMLLMKLKLKLLLMKMLLMLMLLLMLMLKLM
BHFXNZIXIHFXNLOZGETTIZGQTFRHXETTITTINAA
IWWRTQWWRTXIWWRTQFIWOKKLXIOKLXWOKLLXIWA
EJEQQOENOLOPDOGEFIEOKDQDHPPGNLELKEDEOIN
PTSTNPSRRQUPNONTUUTUUNUUTSQSQTOUOUOOPSA
ZEOEEOWFEOFPEOTREOXWEOMDEOULEORNEOOVEOU
XVXVXVXUTSUTXVVTWTVTUTXTXUUTVTTSUTWTXTA
ONWIUMNQRRQNNURSJNJKTPVROTLJMKQQOUOLKLK
TOCFYOJZTHUYOJDJVHBIRAAKNFQSPSKVVXDHKRG
WTIOTIRUTIMXTIPHTIQLTILUTIONTIUUTIOYTIS
RUTURRUUTURRURTSTRRRRUTRRURTURRTRRUUSTR
BAAARRRQHHHGKKKKOOPPMMNNEFEECCCCIJJIAAA
MKPJMHQHPRGOUQPVNQVXLYYJNYGKTTSUMGQUUAA
LLPNQKPLMQQPNNQKMOLQQLLOQKMLPOLOLLMKPLP
KUFITHENLTUHKESQYNLGQYZOYMQLYTYZSAFMBZC
NMQMLPRQLRQLRLLRLMMLPRMQMLPRQLLNMQLPRQA
AEVJEVDAEVFEEVUBEVKHEVUIEVQJEVDHEVIAEVU
BHWTURBUPIWZGVLFYDNWQPKCBDJZEVPBXXFRFYW
JNJINJSANJPPNJJZINJFNJQWNJJHNJSBNJKGNJA
MTTUTTVATTBYTTZKTTLITTJWTTXCTTDETTFGTTH
TSSUJSSKBSSCDSSEVSSWXSSYFSSGZSSAHSSIAAA
TABAACLAAMFAAGHAAIJAAKPAAQDAAENAAORAASA
OKIJZMSYLIAVIJKNZWBNLWGIRAEEIMKIHJQDXAM
KXWRXWCOXNXNXWELXWZYXWHVXWVFXWLGXWIWXWQ
TJTJTZOJTXWJTCVJTEVJTESJTXAJTFHJTNGJTLA
OOTPJKHGORUQLJTQLHLHGLLJOOJKTQHRHGORUQA
QRGQUVMMUGSPJQQMWIMPPSSTWKPVGUPSTTRSPRV
CHLEMNPLHLJVVQZEPPVSWNDOPDGURLCUGBUTVHG
IOLNFEIJQKIOLIJQKQKEKKEKIXEIJJQKEEKIOAA
MGMCNTQAIXSGPMPCPQLQRIWNZIVIPELZYGPEMMS
IHIRSWSWRKIKIHRKTOFVIKHTHHHHLULUMWTOHTA
JQQRQQSDQQEFQQGTQQUHQQIBQQCZQQAVQQWXQQY
DEJFLDVMFQHWSVDGIXYSXQELSQEIOGJLHMVWVUA
JHYWBQHWBQHMSHGFOHVBSIPMOSZIXCVXBLGGFBG
NWVCMYRLOGUXPHSRTYKYHPLOJOWQNQXQGCKPFSR
HGGMIBFCQXFELOJOPOWDNWRSRHRHYNQDFHLVAAA
LULVCVZEHRBZDFYHHUBDKJHHVRNPFLVUMSFHUBF
XOOOOOMNOULCJCBJIMXESUPUNJWZIBGQKNBFPDC
RGHUQMRGHJLIMIMMRHUQFMMRGOJLISOJLLIMMAA
ZGGHGGIXGGYNGGOTGGULGGMVGGWPGGQRGGSJGGK
PHQKHMJDFJGKBJFGPHBJLDGPHQGPHQGPHQGKBJA
ZYQHCJAMJEQXVQZARFJDRAVMNFKAWPTQXWBDBAA
FHHFGIIJHHHHGIIIJFJJJGJJHGFIGHJJIFGGEIJ
DEFICIFEICDDGCEHCFDDGGIGHGEFGEDEIFHFHCG
TYOJDIMHLCVMRPBJOAWOWGIMRXORTCEDMCNGARA
TUTTUSSUSUTUTUTTTUTUSSTUTTUSTUUTTUUUSTU
UCBBDKBBLMBBNSBBTIBBJQBBROBBPEBBFGBBHAA
LMWYGPNZOMJIBMSDGJAOVOQSMPQDAEDWWCWPQDX
CJKJJLUJJVYJJZAJJBQJJROJJPMJJNSJJTWJJXA
OMNLNOONOMMNOLMNOLMNLNOLOOMLOMLOLOOMOML
MGGTEWUTVLJXETFUGFPGFYSSHOMFQUGJIMXPSOG
DCCEHCCIPCCQFCCGTCCUJCCKRCCSNCCOLCCMAAA
ZHWUFFMYKKEWUXBHYHWNTWVZIXKDJDZXITWVYKK
IGPNPILKZTTJCCMZTTFQNONSSNDWUPXZMVQFDLJ
HISLMMDKPHTGELDUNIJJAIRSGELPBCCGNKINRLN
YXQWNWGWKLRWCBFRXLCNYVSXRHFFXLRFIUTKERS
ZQFBOELLBCFDTBQZZAYWPYLOOMATPCOUPFZASBN
BAACPAAQHAAIFAAGLAAMNAAORAASDAAEJAAKAAA
UMYXGHHDIUXUWISSWYSLLSIVHSMIVPSCMMUPXSA
GBLIXAJHJFROYUFYBOXKKKVMLEUNYREBNQZNYRE
SJCBMKTDGORHKIGTKCLEJBSRJTHGNPGHOPEGHHD
PMALHUFVAURIMFQOAIAUFTDMWZZMMOPQSWNQCDK
OJPMFPFMNMFPKPKPFFPKPKPFMFMNLPMFPHOJPAA
TGMSVUPUJVKFQOJVETETESESTGVUKFQOPFNVPUA
DPARXLUIRSVXLOAXNCNWXFVHDJHMZGWSLARWXFV
PTRNRAZCTCIUNNONVMWGSCTYCTEGEEYXENAGLGN
LPILRKPILMIPKMOLIJIMKKJLQJKOKIMNLLKIRLM
DENOHIJONDHFNNFKNEPHOHGJJLJJOGFGJGIMLIF
EMFYMFBEMFVMMFFNMFPMMFVJMFWWMFEWMFXEMFF
MDQRFSFWCRTATDIIRLLZLFTLDQEPCDXCIFUWCRT
AHHIHHJYHHZUHHVMHHNWHHXQHHRKHHLOHHPSHHT
CJOHCCBJVLCSGJVJOHCLCJOVLCJOHCCGJVLCCBJ
IKWXXWTWXTLJIKJGVSXWOEPNOTVSLJOTJGXTPNA
ITGGKLHSMNMKVQYEFDVPLMJYZAZNWSCYLUKKVQY
IMIRCRJEKCIKKNDJNENPNOHMPMQOCJKMCGPNRGG
FDDJCJEGJGEDJCDEFJDGDEIICHGDGICIFCICGEG
HOSCHHFHOSOSCHIIRGGFHOTGIIGIIRRGFHIRGFA
PMHVSZMNCERJAIUGFMMSVTRFDMXGJXGIVQCFHDR
WEDDFQDDRODDPKDDLGDDHSDDTUDDVIDDJMDDNAA
LPXWJQLPXWXSNXQJQLPQTWJXQTWTWJQQLPXNXQT
BIIJIIKRIISPIIQXIIYZIIANIIOTIIUVIIWLIIM
WDEDDFUDDVKDDLODDPIDDJQDDRMDDNGDDHSDDTA
TPSOMNPSONRRRTPONRNTPSOOMNPPSRRNSTONRNT
MXKOVYVCQCSOIETMBFIGTTCBNRWRLVNWWWUVNSR
TQOJKNSQTLNSQJKNIOJKNQTTQTTQOKNIISQTTAA
KJQWRJSPGQIQIGUNNONGUNNJSKJONSOSOHRHRWR
STSAAAAEFEFKLLKOPOPDCDCNNMNQRQRJIJJHGGH
ILMEWBBWAFOMRBONSPVPTLWHRZLKCJDSKCJHPVF
OTLTHQDTHZPTHJRTHFDTHKUTHNTTHPRTHCKTHTA
IDJJHLKEEDJHFLIIHGIFLDHKFEIGIKHIJMGHHHE
VVHSDDEKGVVBDOFLBSDGTBDDEKGOFORORLBBCGT
RPWQNOHIGFPWQNSXHIQRPWIGFQFQRPXHIGGFQRA
UDQUZOLUFSKARMMWFYZGUIEDCBWNAFYPFJWKQAA
QLIDRSXRJKNEIMOVRXUQPLHTGSCEMQPELYIZPHB
CADDBABDFDCBADFCBADBDDBBEEDBBABAEFBFDAC
TGGCVPUDFPFVRPAYJQFVKGNSLVGJQEYJQEYEUID
MTUTTVCTTDKTTLETTFATTBYTTZGTTHWTTXITTJA
NOYVMTQYHVEFKSWDIMGNNOYOWZINOJSKPJUAJZA
UTZYWUSSYUUZWVWRZYZUYZSRWUUWSRRSZVWWXWW
JXLTGVJHMGVGJAFWXGZFSZONFXGZMGVGLMFXAAA
KXGFNFTLPQFWOQNXQMGZSPWGHIPBXPYBDVZHBKA
FNIDKOLJODKRLJOOLFNFHJLIDSFJLRKRKLPSFFH
XVJAHJUQFDRVPZCVPZCHTFQZVOPKCRWFXGQZRLC
TABABABIIJJOOPPMMNMKLLKFFEFQQQRGGHHDCCC
TBBABLLKLDCDDHGHGQRRQPOOOMNMMJIJIEEFEAA
TBAACHAAIDAAEFAAGRAASPAAQJAAKLAAMNAAOAA
YEGDBTEZCWPJVMRFHJTKTPVOZDIHCIHLSXNAKTP
KEIDJEJKKEIIDJEEJBBJEJBBBDCJBBDEIDJBDCI
FBRAVJXOEZBJHMDHRMJOGWBMGRJBOOWDJPYDMGR
MGSVFKMGSIVNOVNOKOKRKNOKRSVFPKRKMRKMGAA
NPWIVEEXJADTAYKRWKBYVKOPQIEHEUISRPQXRYL
UWSSWUUSXRVUVRXUURUUXTUVWUTTSRUUTTUUXSS
PEABUEAWNEASTEABBEAQSEALXEAVHEAPPEAFAAA
YOWXLVUSRGZOCPFJZBTAFHZNFEERCLFUCYODGAA
CBCCDCCCCBDCDBCCDDCDBBCCDCCDBCCCDBDDDDC
LILJKJLLEFEFJJLJKGJDFJLDLDGLLIDELKBGGDF
QQQMOQQQMSSPPOMSSQNRNPPQNRNOMONONNMNMMR
MRURNKVYBFPVFMVRLHPADWKLSLNQAHEQAGXNZQA
TSTBAABKLLLQRRQJJIIEFEFNNNNGGHGDCDCPOPO
HEPPGFNCMDPKLIHPGFKLFEPKNLLNCNKLONCJHKL
DLRSTXYNUSEJWRVAFOSGKSANDBMJKRAJACAKRAX
VVHBXRDBFBCOHBWRUKAHBEUAZMBPCMQTFNXMHZO
SRRSPJOQJJKKKSMJKMNNJMSOPOPPINMLRTJMORQ
URDHHKIOBERQDHJABLZPDKMKIEYYKRMYEXADGFZ
QQQTQQQTQTTTSSRTQQRTRSSSSTTRTTTRRQSSSTT
KPQCNLAYAHZHGIQBRQPOKGYIYSFPLWHRMISVHPR
RTSSQOTQRSSTQUOSUUTRQSRTOURTTPTRUPPOTOR
VWVQTVQTVQTVVVTTVVVTVTTVWTVVTTVWVVTVQAA
ZBDIBWBQLPDKCZCOEGBYXQZPAKOFTHVADWJNAAA
EFFTFFUEFFAUFFOBFFWJFFENFFFIFFKQFFOQFNF
ZRUSRUFJRUGHRUKZRUSRRUBBRUMFRUSBRUTGRUR
OFWGLCZZEVWIYOWLZTLYJCNMGQOHRLZABTAEBRI
YUUXVVYVYXVYXUUVWYXVYVYXVYWUXXVYXUUWUUV
MHGGNNKIHHMNNKMJNIINNILIKJLIHHMJMNNMNLK
PIQPQQQPIPHIOKPIPPPKPIPPQQQIQPQQQQHPIPH
LFIFBBBFHJGCEEFBHDLBIDLLKCBLFEBBKGGGIGC
MSMLWJYSKTMSGTQLRUWQYEPPXPSWSOPHMILYTVH
QOLJTHOLJVQHOVTNHLILIQOSMJTTRSMVQTRVTOI
TABAACHAAIJAAKPAAQNAAOFAAGRAASDAAELAAMA
UESRESKZESGWESGPESOHESUAESOQESGWESYKEPE
ELLMLLNQLLRULLVALLBYLLZWLLXSLLTOLLPCLLD
TUXIOBQNZARNDQFGTAKYXVQBAPCHWLNTHNZFPTU
NQSUVKOQSUVSUVKOOQRVKOOQUNQUNQSOQROKOOQ
BBBBBBBNMMNQQQQIIJILLKKOOPPEFFEHGHHDDCD
XIVGNSCAAZEIVGRFNSLSLLPVKGCJLXGIJYYXKRW
STGJTFGTHOXNAYQGWWKWFXPDLZFFWZMZWTLWPVW
CLXLMKGCYZIMYOMAXULLYNSCPXAXISLLIJPPVKS
OOUOPMWPOQQTOOUURMTUONTRPNQUORVNQVUTVPT
PQUWPKXDPRDVHKFNZQQWKQGZRCPIUZCCRNSHAAA
CYPQTXHZAWVJXQJFCIYNDCCNBBLCRKSTWKZRDKA
AVKRGAEZERCOHXPQRBUYHLRTYHLIJFNFZTKKIMD
PWKTHFLJPXMKHRMVJSFXRLNQTKISVIJFHPWPQMS
LCUCKKXELXGVJXJUECSESKHDLCUINNQMCUGPUXS
DQODAECAECBKNSICBKNODAEQODAECBKBKNSJDQO
AHIHHJQHHRMHHNSHHTKHHLUHHVYHHZOHHPWHHXA
ADQGPSAMUWUSFKLQZNBADQGAWUBWWZNMHZYTYQO
VPKZPKUQPKXZPKMPPKGLPKBZPKKRPKZAPKIJPKH
AIWSAWSAZZWZESAZWZEERWZEEEERHAZWZZAIWAA
CLBMYEAAKITJITASSKQJLOIGSENDDPSZJOONOWH
PYZNJDKPTRZVSFKJILLUEMDUIVUVLWUXEMJXVLW
NENBFDHAAXBVYRDBJYHTIWWGNMDNPRHNGQALAAA
AAAAAAARQRQJIIJMMNMHGGGFFFFPOPODDDDLKKK
DKEIPNPESQDSQHSGHMLLDGGPRTEPPQSLOISSIJL
HBDJCANFHCBNIHCKHCFHHDLDLODCODLALJMCFLA
LXWVYQNQYRJABPNOFXGOPXDSJYDTBGWFJWWSTAA
LNJYXHLKTSMLTPZTSMIMIOJKKTSTSMIPZTNVQSX
PPSVSTUOMRUWVMMPQOMVPWVSVPQSMVSMMSMTUPP
XXKEXKCEXKVQXKBOXKYJXQXGXKYGXKUZXKFMXKT
XFEEGPEEQJEEKTEEUVEEWLEEMHEEIREESNEEOAA
TSBBBBBHGGHQQRQMMMMPPOOEEFEKKLLIIJJCDDC
QCRTCRQPCRRRCRVTCRPTCRPICRNWCRIPCRILCRM
JJIHJIKLJLJIHJLKJLHLLKJLHKKHLLHLIJLHJAA
JIIKNIIOTIIUZIIAVIIWPIIQRIISLIIMXIIYAAA
MQSNRPSOKNMOOKMRNIOLJSOIKMNSRQQMQSRQIKI
SOFTYHFRXGETCSEGSONHGMOAERMTNHEEFLKLAAA
HEMILGHKIFDDLILFDFLFEMMNMFEMMHEFLDLGHNM
KTDQXWWVNDEYUYVBDNBWNNMZKIOTKBKAQRNBKDH
NOKPLKKXKKXKKQVOUNLVXTTLULWUMVNQWXWTQOL
EEMLXBVKZEAWZXXBBSZKGNOHJCWJMFZHHFGOBJN
PSIJALOSGOAMQYHIVBZBKMCCYKHDIPDJHBYRAAA
GJDIHGJHJGKKFEIILGFIILKLKKGJIHFKJHKKFEA
WVGWITFJSSUXIVOPWTMFNIOJRNRGGJGKRVHRIMI
QXFEXFMFXFJCXFKSXFZYXEXQXFFDXFJHXFIVXFN
NPQHACCJNBGBNGAAGLNCKKDDACJBNFJAMOAGEIB
CBLGGOWSVEWOOEWWJTCJFBFFENJKFQOJDFSWVKK
GUNNUNKDUNHGUNGKUNHNUNKQUNPFUNNTUNEZUNP
TTBLYYGZPTQJEGBGUKZXPFDUIPUTATYFTXNRVXY
NMMOBMMCXMMYRMMSDMMEPMMQZMMATMMUVMMWAAA
KWQPOWFBPIVDEUKUUJQQHIKGLQFOWKYFFDKYAAA
TAABAACLAAMFAAGHAAIDAAENAAOPAAQJAAKRAAS
UBCBBDQBBRKBBLIBBJEBBFMBBNGBBHSBBTOBBPA
AUAEVIAETCAEVPAEGDAEKKAEHDAEEQAEVOAERAA
SSSAAAAIJJIEFFEKLLLNMNNQRQRCDCDPPPPGHHH
ONNPUNNVANNBWNNXQNNRENNFSNNTCNNDYNNZAAA
MNJJIJKNJJNJIKMMNNLINMNJIJKKKLJMJIKMKKL
ROGMRSKCSJRONCAAFOEUIGOEJUCBMTUKQCIIQPB
INQLIPNINQLOOIRJPNPRINQPOSRIPNQNQLIIRRJ
RRPQSPROMPQSRMNRRNRRPRRPRRPROQSRRSRRPAA
WUOCDECIGWXAGHPUPSRANJLOJVXHINGYFFVINUP
OXUWQUOWQTQTXTRVROTVTOVWSQQTWQUVOPQPQPT
JQMWSREADRECAHZYAIGGUZSZCXFUUXPTBGLTIAA
IXFKMGPBWCUQKSKBMJIAASKQJJALEMUPBWLWSJA
LKMMMMMKMMMMMMMMMLLKKLLLLKLMMMMMMLKLLKK
NMOMOMNMPNPOPMPPNMOOMNPNPNMPMPNNOPMPNPN
EEJGHIFGHFHFIHHIEIIHHIEIEEGFFGEIEIEEEEA
VXRRROLINDEXIMRRQXYXAVBNGCFEWNIPGGHGNZK
SWYSLMBBXZSZVZDWRRBKRKZFOGPBXVKDOAXXGZF
IHDEDEEEFHFHDFIGIHHHDGDGEEGGIFDEHHDFGGA
PPLRLRXXVPROXUPYMWOWYVMUVNRSMNWQRQWLLLA
HJHIGIKIKJLJIMHGLJJMKHJLGLGLHLMJHLMMLKL
OQROOPRPRNRQSOONRRNRSPSPRQRNOQOPNRSOONA
MFNNOQMODJGCJEGCHFOMDIGPMPLJJDEIJGCQEMK
HGHIOFKIGMOOINLOFLJOOOOJHFJLOLFFLIFGGMM
KLKIKLJKLJJKJKLJJLKJLKKKIKLLJJLJKLKLKIK
EDKNEXBVJQNBBZOUQRPZQEYAQWSQEYSEWTSAVFQ
FCWNZZTIKLAHRQALKLOSUHSIDIJUPBJVGWEPCOA
NNPONRQPRNPOPOPNNNNOORNRNORNPOPOQPPOPOA
VKATWGPUFCGHOPKATWTWGHOPUFWGHOHOPUPVKAA
MWGHGFUJMVXUOWGFKHWUSQSQMWIIXUOWUJMVWUA
RHPNILSGRFKSSGKKTHWQGWWWQGTLRTQWOSGKFVL
ZBTEKIXPWNMTDHHVTXCSIXLQRITOORCWMUAYXXZ
MNNPQQLMPPQOQPONOQOQLLMPOMPONOQLMNPQOAA
IJFTZVGSMIHCQEDGAAPUTIRPXHCGPLWZHSOXAAA
XEFEEGJEEKNEEOREESLEEMTEEUPEEQHEEIVEEWA
YGLLEFXBCGYQQGIGIYYQXGNHOXXHPRYFGHNQXNE
BPSKESORDBPHXVUJRYVWQOIDDRTZEMCEBNNVINH
IOYDPQZINYNEDHYZXERYHTIDYRHNXNINYTDRYME
YFGFFHIFFJMFFNSFFTKFFLUFFVQFFRWFFXOFFPA
YNONSTSXVYVTSMPYVTQMPYNVUNONOPRPRNSONXV
JKVEFBAKSLZAGMRXYHVNCXFUKGIMRBOYNWCXWBD
AHIHHJSHHTMHHNQHHRUHHVOHHPKHHLYHHZWHHXA
PLINPRPLOJKNMMPKKRNOORIKJMRPMNORQLLLOPK
YLYTYWYZIEDKSQGTPSNVFIVCMTFCIDZSNFNCHEG
NSUVNURRPQRQPQRQSUVWSNSUNURRRSNRQMSUAAA
WRRUTTRTVUTVRUTTWVRURUXUWRVUTVRUXUWVXVA
EJIABFITSBBCPXHEQLFKJPZUEKEUXFPXOBSUPCA
KKXOJAULKVPDTZUZLJLKKXONJQJAUFEQSYKQBVA
KBQHOEEFMHRQHJLEOOTJTQLLNIKDMRJLRIDTMIF
ETJZJGJZJOJZKCJZDWJZZYJZUBJZCKJZWEJZZAA
UOJTXSIGPOCNJKGJLEUGQKJOVASCXUNIQJGSKWI
ZRVBKRVFLRVWARVOWRVFKRVCVRVRTRVTWRVEAAA
JPPHIMRIHIMRRHPIILOQJLNMQLHPHNRIGOQPIKG
XXYYTSVVUSVRRSWVYTRUVXXXUVTWTTUTZVSSUXX
BIJIIKLIIMXIIYRIISVIIWZIIAPIIQNIIOTIIUA
FQPYXEWYJOBVBMFWYJXGOBITQSTIQLPPLEHWDMA
TBBAAQQQRGGGHIJJIOOOOFFFFNNMNLKKLDDDCAA
UWVUVUUWUWWUUVUWVUUWWWWWVUUVWUWVWWWVVWA
SVIHNBIIHFJSNSKMIIVIIJKKVVJTBPJOTUVIBIN
SECMLECUNECYVECRAECJGECLIECGXECKQECVAAA
RKSPXRJJDLXPYFIJXEJFFIXXHHJJMIBXPUPIOPF
QEVOGRWBTMOHMTWZACXFVRCJDFISFBTMPEYQVFG
VUWXVTTTSTSUSTSSSWTXUWXVUTVTVSSTWVSTVSS
FIPIWYAZWTZGWGGEIFPWMMBTWKUDUJVQNCYCQNC
ONOKMMNLMPOKLMPOPKLNKNKPOMMKKONMPOONOOL
HELPDHIPNNENLJHHJIPNHFKLLKNELELHMGNIIPH
HPOOQTOOUBOOCFOOGDOOEVOOWXOOYZOOAROOSAA
GNFCNGNQSSSCQSSFCQSKCNGPIKCIKCNNFCQNGNF
QPPRSPPTWPPXAPPBCPPDYPPZGPPHEPPFUPPVAAA
QXXYXXZCXXDKXXLEXXFMXXNIXXJOXXPAXXBGXXH
ZGGHGGITGGULGGMXGGYRGGSNGGOPGGQVGGWJGGK
MDCOHIJRAMIFPNDJXRSWDNUEBHNHQBEOIAMHAAA
YYXTXUTUVZSRSOVZUOVTRQRVVRUTTSZVVVZZUXY
RMIZXIHMZVKNVYRITUQLTRDBJSDAJCARXJCMZVK
LLLLKLJLLJKKLLLJKJJJJKLJJJKKLLKJKJJJJKL
QPPRCPPDWPPXGPPHEPPFUPPVAPPBSPPTYPPZAAA
WKCLXQMCIUQRBHXSPSFFWKCWKELVGLGMWJRBCKU
LPVUWWMULJXLSTUXNOPXRVPWRPPNQJWMTXPPAAA
PKSUNNXTHISVKYTYHVKSMHPSMYHMHPTMHPTSMYH
GWEHSEJBFQVRFUGSESJUNOXHKKNLNWLPCKCNXPA
VGVTSXQKSEQZPQQHQLGATEUXZQQLKPQKPQMUHLN
UOPSLMJDFSILETLDUOETLDLMRQELJDRQELFSICA
UCBBDSBBTQBBRGBBHEBBFIBBJKBBLOBBPMBBNAA
QACYKPLJQAMHWLBRBNJVWKGLYYODFHTWOJUPMYA
AXINXITSXILMXIBHXIPQXIUDXIQBCXICXIRWXID
UWCJTJRMNXIFRXZWOCZBBOBXNVGWPZUSDLVBUPY
CJKJJLOJJPSJJTAJJBMJJNWJJXYJJZQJJRUJJVA
BVSZLSKLXYZWAXLZZAQQNIDORHFGFFRLYRIGFFR
YGYFSAOSNRHVSDGVVBEBZXIIMTQVKXDVBEEADTN
PGHQGHXLGHWNGHRZGHOJGHJEGHQKGHEVGHLZVGH
OPLLLROROFKOFKILROFPLLRKKHOHOPLKKKHKHOP
FCJHHJFEEHHFIHDJHEEJFEGHDDFIHFIDFFCEGDJ
DUSHKOVWIMIDSDRXPLRUFRMIDVWIDOVWIDSEBAA
VCVNMGWLFRXFDLBPBTWHDWMNMGWLAGCHVCVPBTW
YUZNSRDFRDXQZALPFCWAPTWKWCEKWTGVSAIVSAI
EGZEPXNWTEXZMCYPFWMSYAPGEPTPBPEDVLFQOAA
SSBBBBAJIJIGGHHDDDCFEEEKKLLOOOONMNMQRRQ
DMRPMRFLMROLMRIIMRBDMRVRMROLMRIZMRJWMRM
JJKIIILKKKLILJJIJLJKLKIKIIILJKKILILJJIJ
UUTTTRSTTTRTRSRQTUURSRRUTTTTTTTTUUTQQTU
XZXWYYYYZWYZWZWYZXWZYXWWWZXYZXZZYXZWZYA
OINONNRGMNLRRGHQOINHRIMNKIRIHQKIFKFKNHA
RMTROSTOQQONRMRPNRNRONNNRPPQNORTOTOOPRP
FPHTBCSLGGWPTHQNOUMAXFMQKKGXKGOSHPAXAAA
RNNQTRNSPNQSPNQNOROSTRMRMNPPSPNSNORRMNP
TRBFKJIHDOSKFSGONGTGGTGGTGLILHHAAFKLHCO
GLLEMJLCLEGGDHLLJMCAGAIHDJGLFBDHFLHIHEH
OMKTOLLOMKJSLOTOLPOLPKSJSLSLOMMKTOLPKTA
TBABABAPPPOFFEEQRQQIIIJCCDDGHGGKLLKNMMN
MCYCFSQOXGVBYPGJQBNKNJRGRGLEXADSAHWKAAA
NLLRLLNHLLRYLLRALLUTLLZSLLWYLLROLLOBLLH
KASOVTIOGXONUIASXTQVOQSEWKKAUHEQRANIUDJ
CFTXHAGMBGUBSTVITBXZJPACVPPTVXBWLYDSPPC
HIMLWZRWSSIJRTYANCNWZFGVBUAYKNBBDCCUGUA
AKDLKXFIBAFPHTMGEELCAEOQBXAGNXRCAEOCWLM
IPPQPPRSPPTWPPXCPPDUPPVYPPZEPPFGPPHAPPB
WEWGLORSLWDJFGJDJWKFGJVWDJWFJFGRFJFGSLW
STBBBBALLLKHHGGEFFFMMNMOPOPCCDCJJJJQRQQ
SQRRRSRRSRQSSSRQSRRRRRRRSSRRSSSRSRSQRQR
QEOLOUOLFYWVGHDKKNGTOASYLOUPPBEFLTMKGXI
VIKRXQNTLWUOVWJMLQQNNKMKWPOURRMQQKKMLUV
TLTHOJLLEXQHMDPUUAFFJFGWJLTPPSUTGUTQCOH
ADZBGXWCVAKICXDZOMSZOMSSMFCMAQIRQRFDTLT
TUTWWSXRSRRRWSTTYVSUTSYWXYWXSXVVTSTXRWX
KGEJJEIBHKKDDBJBHKKKKGEFJJEJJEIFDDBKHGJ
INIINKELMFMLDFJDNILELILJLMNEMJJJKMDNMKI
TBBABMMNMCDCDPOOOFEEFKLLKJIJJGHHGQQQRAA
IXWUKLKFRITNCFRTTSMPLNEPPFUBNQUIIKAYAAA
NPSGHLRPKXIKNJPITOTPFWNOXTERPTOTIQPHSPK
PQQQRNROPQRRQQRNPQPNPOPONRQOORNRORROPRP
KHEGDLEFLEFFEDHFHKHDKKHEEHFHHDFHEEKHDEI
OEEIJPPOKPEEIJPPOKFFOEOKPIFOEEIJPPJPPOA
KKMZTQMVDEHGILLMVJCZNUSGHSGZZUJLIETELAA
CAABLCOMROALHXZFZPLJSSGAHRCVLALAWTVKMUA
OVTVUZPHIAYVCQXBOFTOFZWWRZIPVBSJRLXHXMQ
RRNNPTSRNNWPTSXSRRNNNWYXSRRWNPTSXSRTSXS
AGDJTCHXVCYXJDLPDVLGRLIRENUVMBLDSZQMXVC
BJQMDMHEXXTGIFVLZBQNWIHEMDMGYONAPWDJAHM
TBAACLAAMRAASFAAGPAAQNAAOHAAIDAAEJAAKAA
XRUNTXRKUNTVKQKQKUNUNTXRUNNVKQKXRUNKQKU
WOMYCPPNZUUNFYZRMFQDLNEVELNZOWJZUULQZKN
CSPESOXPHFKNJCSRNOPXUTPKQXXSCCPPVSNXIYC
OJBJRBWQUXGJMENRHNEERHNTHTKNJSNAWIYAVDG
GNHFJKHLEKMLEKLDEGIHFKLFDLLIMJJLIDGJKLF
WTVVUVVUUTMXUVUUNUNWTUUNWTWTVNWTMWTMXAA
XYIHRQOHKYRQOHYQKYETSNKYETSNYFYFRNRNXYA
STFWJFWJJXMXXPQVPFKPJGLRMFKPJJJDQDQIGAA
HAYAMOWRHCKWKTTBCZEOXIMRAHGBJMPNYVTTAAA
SSBABBPPOOGGGHNMNMEFEFLLLLCCDCJIIJQRQRA
TBAACJAAKHAAILAAMDAAEFAAGRAASNAAOPAAQAA
DNOBMCIKDMDODQGVANPWXAXSJUISIZXUILYFAAA
JUTJIVEMNRWGKTJESQEENUGIVFMKOQINUVKGWSN
MMKSGORSFKLLHQKKGMMMMKGGMEMHKRLRFTELSDS
MRMSKMJRMSKOMRMMSKMKMJMMJMPJJPOJPOMPOMR
TBGSONNYUBWQDKBQYFDQSXKLPCIOAOWSYRRANAA
YQTPIILKUYCKWMXFTYOJSCGTONFLMBFXIELKUYC
JKJJHIHIHKHHHHHHJJHHJIIJHIIIHIJJHJJHKJJ
ZGXRCOUYMMMRZFIEVODGQSNLDUDZXXVHKNYOUTP
XKYNEGVQUNPPLTRACDFIWLOQJBEUWQAFPLQPAAA
AAOJXCQFSOOQIFSNDOFZEHBCLVHUXFUQGJHIHSI
TYEDDPPFUUBUEDBRQUHNPJLTKRMZJQYPCPFZTON
SRLRQNTQMSPPTSKMOOSOLSQTOOUKMLOUKPQUKKM
FCVZTUHNTXDAOSHEUWKDROTUPHKXTQAOMDWUSCA
CHTKGMVMVLOMSJMARWMVQXQPKNFIXHCEGCMUROL
LFLHGBQFLHEFMHIRRCECOLKEFMOLFLGQFLDIRRA
JKJIKJIIIJJJIIIIJJKKKIJIIKIIJJJJIJIIKIA
UPDRODPDRORODEOQTUODEXQMOQQTUPTUPDMOQTA
ZULJCANMSTFAZEKMKLANZMKTNZSWMDJCNIQWUKL
RUDLDLVSUJPDOHLQGTOHIGTOULLPIGTODRRKAAA
RLHRPEKBSNDNYPLJVOGXIUKYBDWYNKPJXYNHZOF
QVWQXTSUOKUMTVQOYTUNQSLSXXVLQXOSVWSUYYM
KGLXUUFQBOAPDRGRJNIKCLZCRVQWZCIVKGLVLZS
SSTABBBQQQRDDCDFFFFPOPONNMMGGHGKKLLJIIJ
EFINFIBWFIZVFIYBFIHNFIBAFICFFIRJFIAVFIT
STSAAAAEFEEPOPOKKLKCCDDGHGGNNNNRRQRIJJJ
SQOMKPPOUJNMKJLOSQOJJSSTKQSTRQQJKRRULNT
QQFQKQQEQQKMPRIHNIKMGEQIKMGKMMPRIFKFKHN
XXMCYQPDIPWVBXQBXHDERBKKLSOBHGYYWYLJBXH
QHEGJMBOQCJMIHQCCKCKMDHKQHKNBOIHOHMDHKA
TTBAAANMMNPOOPDDCCGHGGIIIIEEEELKKLRRQRA
WHPIWHPKTOBNOIYJXJRBYBKWCHAONPWARKAEQTK
JHOPOKFOKFHFHEJOPOKNJHOHEJJHOPOKFHEFNJH
FKMIDGKJIFMMNHFHFIJJJNMNMNHDGKJJNMNLFKM
NETFBQFVOMGVQGSNVNJQTPPIOEVRQGURAEKSMVO
CBCCBCBBBCDBDBDBDCBCCBBCCBCBDBCDCCBDBCC
WWHCGKCXKPOOFITTDDNMDMFQQTRVPFIFDKVBTYB
GEHCFCCCDFCEHDFCGDFCEEDGEEDGFCEDEDCCAAA
KANNNKPPCMJAGIKFUOZPSMDGXEFLDHKXDSJKAAA
FVSEBULTHSEBWUVFKLSBEKQQLTHUVEJSFSBEHAA
RKRMKMRKMRJRJROMRJRROLKKRKRLKRKJROLOLKR
SBAABDDCCIJJJEEFEMNMNRQRQPPPPLLKKGGGHAA
RJGMEHZPOOJQJPWFPDDKSJXZJQNXVAUYCHCVBIA
RGEVFKQHOHYLWFIACPFHSALBILFGITJIKZWALVJ
MOFCDKPEPEDNAMRPQEBBOLPRGRDDLOGPHFNGJCE
TADOWRTLLJYEZABKNMQZNIKMFTDECCHACQHUECC
BRHTRHJCRHRNRHDDRHPORHZERHRLNRHORHKWRHS
IWSGRAYWHAWQNDJUHSNBHSCUIDGSKGRLROJOMHD
FNMMOVMMWPMMQDMMEZMMATMMUBMMCRMMSXMMYAA
DICRNLBNOKOBDJNBBJDPJNJOKJPNCMNNROBJFIR
UNQQQTOQTORNQQTORSVTORSRSVMRUNQMRUNUMRU
IWFCOWAMWYSFROSOEAIZPBWPUAGPWKBJQUOPZPB
RARVJEEZFCKYNIRASDFNPOZXDSHHRRYUPBDIREH
ZKYUNYRGDQNRAUSOSVLOXHRZXFZOOXHLRNWYTKH
PUQZWURUTPSPNQUSSRTRSWTRPSSSOPRTZNPYWWP
SSGEMNUUGOZAWXJVXOMKNIECNQFZHPCUPIHFAAA
IKIJJJILLJLKLIJIJJJKLKKLKLKLIJLIJKJKLKA
TGIUMNRTGIYRTGMNLTNLTNTYRTGIUMUMNLLTNYA
RMBNRLSHQUOUNAFFLAHCHOSANARSJLUHJHHSIAC
OONNKKKNMKLNNKKKKKNKNMKNOOOONNKOOONKKNM
NHNNHNNEHIBBHKEGKDEIJGECBNHGECBCKFBEIJG
GVKONSBKONSBRQQNSBRVKONRQQPSBRQQQPGQPGF
GTIQLNDRUCEQOKGLTUTDLSDHIRFDMMLFJGRTRCH
WOOHPIQLUNHHMVLQHVQOYUVLURNQKOSVXTWNSXO
ZGMHDJPELZRTKGRXUKYKLEGNKXUZUHKUBIQASDQ
PGKCXJTCBMNXTKJXWUEKJDZORPEOHXSMGHAHAAA
PJXGINALJUXLYSTFZIOLUSRXIEYENCWVBYLDEUE
LNCIAWPMNTQYLZZULWIMELOLSILKYPUYYPJMBQW
RSRTWRWRSVVWTTXRWWRSRUVVWVWTXXRWRWTXRAA
TQTSJWXLKVXSJWJJNMTNPSVQSTTQOTVUJWOJOSJ
OQXQXQRWKOQKOQXONVRONVROQXQWLONXOWWWKOQ
MQHKYNWHKIYRTVWVWKYMURUKYTJTJRTNWMQRUKY
PSQUXXSSSPTUVRSRRTPXPVXXVWSSSPUSWVXPUTR
KRYDRXSSQCWLTHESTPEYLFTTCFWCDRXEUCTAGOE
SQPZWQKUZJVPIYPROFGMSEXNYBNLDRBBUWMXSCD
PTEWXCIYQUDTOUJZKURYGLAZSNUFHIVFTOUPEJA
VQDUYVOZBRFMRJBLPEETMRJKQGVVHCACKXEQQKP
RQSMIRPXPLJJTJVXKPTPLPKTWWXVQTXKMKRPXUX
TSBABAJIIJRRRRLKLKHGGGDDCCFFFFPPPPMNNMA
NUONPRTNSNUNQQUSRRNUTSUUNUSUQSNUTOUTNRU
XKLHYBWZRFJJCLAJFZTHKLTVDBAICPTIXOKTEFE
DSUNSUTXSUHKSUVZSULESUSMSUNKSUVKSUKTSUH
ZLJVRKTFIFOKTSOADUNSOGACRTYXDVRKGVNKFLI
TJWCYZLBWWLZRPUCOYSFUFXDBKYRGGAKXKNAEXK
XRSXFBLLLIHIWRIFLBRSNKKLNIWJTWRVROWZQJP
DLKKMTKKUXKKYBKKCPKKQRKKSVKKWNKKOZKKAAA
ACZTJIRDJGNZPFTPOGCUSFAZLTMYQDAVBWCVQAA
IIGHKHPGGHJFFSNHQRSFGGGNHQRIGHKQRSFGGHJ
ABBBKKKKOOOOEFEECCDCQRRQGGHGJIIINMNMAAA
GKMEJMNFIKGKGEIIMGONKCDNDIGOHOIDOKKIOFF
SLOSMMLLSMQRTRTTRKLPQQLLQLRTKQSMSNTQMTM
FRZBNMZEZPLFBXQEAIMHUNFZQVTGEHLIQALEFNR
YCXSXZQFPUBMBLQAYYWOIFDYFNJFNJXKXVZMEML
ZKLMBMNPACLHYRTVUXQXBSUFZSUIWDKBNHRSAAA
IJFJFFEIGDHDJEDFFFIEIGDDJDDDDGFGGEIDIIG
OODXFWEHRRJAYHPFEJCNJQGMNCFLSCSEKYBSSWA
AHOBHGZYVNKQGMUFBTHYKPITAQEDJOWLUYVJXEJ
NEZYHBVEJLQZVVJPQXQEAHRXOWHXOWHSXRCDVXP
BUBLPRQRIRGYOZUODBOCDHDALTTYOCKRTTRYOCK
JRQQSFQQGVQQWDQQEBQQCXQQYZQQATQQUHQQIAA
OCDDQTGKKDIEIIOTLDTMKKDQIOREDMJPEFWSLVC
YUYRRTTWZQZPUSWTXZUYYXXZPUWXUYUSPRTXZWA
WTSPSWSWWTLQRWWTSQRWSLQRWWWWTRWSWSWWWAA
JQDZCCSDOVYXUCZQIEKUVPKROEAOHSTGJCHPZDB
FFEFFFFFIFFFGEIGJHEJEEEEEHHHIJJEHHGIGEG
TBAABNMMMFEEEGHGHKKKKRRQROOPPIJJJDDCCAA
UZSUZTZSUZUZTTPZUZXPZUTTSRZUZSZTTSTSRPA
QUXQRXSSXTXXRUQRUQUUXQRXQRXTXRUUQUXXTXR
SAAAAAAJIIJFFFEDDDCMNNNQRQRPOPPHHGGLLLK
AABDACBAAADCCBADCADDAACBCCBAABABBCDBAAA
SIZAFMBLNKBFUQVTMRWXQJRLSSJQJYPTSMFOTTY
FRMEXPVVDZILLXQKRHGYANBACYBKZEKHWYOPVQC
EGDNMNMJIDNMFMJILLEGDFNMJILEGJILEIFNMAA
RQQSZQQAHQQIXQQYFQQGTQQUVQQWDQQEBQQCAAA
PWPOOMUUHDPPOCGMUHDOMUHHDPWDPWPWPOCOCGT
NQMSHLLQPHRLCISSLROOMLLAJPQPBHNRTHPEERA
KQGNMSSYKSPLJAFALYRSVAHQMPYMPYENEJULVGW
OWTOKQMSFBJLMGCNUVUGUGPSJRYBBSJRWEAKQMC
USUYXVSUYXVURQSNQPNQPNSUYXTXXTNQPNUSNQA
RKHTKINSLLQGNLKIOHKMGGSSNSGGRKOHSSNLKMA
GOWRFABCQGFYWAHZQDMOFHBQZJUZJUAFGLGFIBT
TBAACPAAQJAAKHAAIFAAGDAAELAAMNAAORAASAA
NHZKHZUTHZDNHZJRHZUEHZGZHZFWHZMFHZKHHZG
MSNUCTABRQSTEHBSOBBHRUHPBLGWNMCPSVLCSOB
BAAANMMNFEEEDDDDRRRQLKLLGHGGIJJIOOOOAAA
LHEPVTTNLUHIWJLWQQCOCCPEDJNUFJCDLSCCAAA
VSUQOLXRLRPXTNYYMZWWQMVTPNYWLYTLRZWYXOR
IYKAIYKATOSSNJOMCDZJNRKCBAKIHEASZLUVGGY
JGFNJLSJGFGKFGGFNJGSJGFGEGEGSJKFGEGEGSA
BAABAABLLKLMMMMDDCCHHGGFFEFRQRQOPOPIJII
RNJQLUTTJLKQHNTIKTROORQPKLITLNNKSRNNLHO
ITISGNLRAJXQXWYTNCWDNAWWRIXFWBNCWKMZECF
ABBHKXFDNCMNMREGRCRSCAFYLUKPLEDFBNWKXFI
NVDQQCYWUDKFFFRFCCHCIEJSRYHFCCHDBROJWRB
PNHOQSQSHSHSSJPOUMUMNVKMKLKLFQFQPONVPNA
LTGQOPNVEDGJRDEXGULURUGSIOXFSNFSNVOLURA
TDLHIWEGMQIMZQGQDPQBRZEBOIVEUHKSAQWZGSE
BBABBABRRRQMMMNKLLLJIJJPPOODCCCEEEFGHHH
FKWGEFCMUPYKISPCUGHGJPLJERMAEXCSVQFQYMC
TNNMTOSSPPOQMVTMUQNTOPNTOPVUTTVMNTRUTQA
EJLBMRFMUIQHYOFYNBHMNLPBUDTGFWIMCOWOMKE
HKHPLVWMAHBAHBJEJHAEFADZVCDOYUACBPYUYXJ
IHHJKHHLQHHRYHHZWHHXOHHPSHHTUHHVMHHNAAA
LFHUYQIWHXUUILOOKYLLQFOIOUWOXZLZRHLLOLZ
FJCXXFTJXRQRGUOGETHHTPEEEGUOVEGUOGREAAA
UWUXLFDVHPZIGZDLTVHFCUOPOZNHWKOPLLQAXJM
EAHBPMYRTSJPZCPFHZQCTACFNVJEIGMYYBGUDEB
BBBBBBBJJIJOOOOMNMMDCCCQRRRFFFELKLLHGGG
KFQTFITOUESEGBKDAAJTBFRGBPERUAOPIQDSOSP
AEZLMJMUUJKSXHYJRAMZSUFZMCUQDSBZSXAHYNH
AHAFDJIQIKIJCKIJCMJIQRFKIHHAHSHHAKEMJAA
EABBDOEDWOTMGJGYLWCWKOOURWVOOFVFFVYUAAA
ZBPFFTEHOOGIYKHPZBNXDEEPMZRRJCATYWPWAAA
TSSBABBHGHHJJJJPPPOKKKKQRRRDDCCFFFEMMNM
SSTAAABMMMNOPOOLLLKGGHGIIIICDDCFFEEQQRQ
EFTNFTRXFTRJNFTEFTMVFTLFFTSTFTJEFTVTFTK
BABABAIJIJLKLKHHGHNMMMQQQREEFFDDDDOPPPA
WDEDDFMDDNSDDTGDDHODDPQDDRIDDJUDDVKDDLA
NPNPNPNPNPNPOOPPNPNOOPOOPOONPNPOPNPOOPN
LICBJQDJKXGRIMDYMXCYSTHXPCNMXGKUYABMXGK
MMPNJRFFKBMFQEOAQQIOTAEINIRNCRFEPHKRBFN
HGFHGFHDPOEDEHGPGDEGGDEDEDFGDEDKIIQIQJD
TBBBBBACCDDIIIJEEEEPOOPMMMNLKKKHGGGRRQQ
RVYWJOJOWSJGWQMTQLPGDOJUSGDRYZJKGFOCMZQ
SSTBABAPOPPNMNMHHHGQQQQEEFEKKLLIIJJDDDD
QYMUXVQYXTIQRXHFTYRRKJFFHURMHFYHGHMIWNF
QDJYEGSCGDBBLXOESTDSEFKDHRWHGHSFMQVRAAA
UMAYQYBJBQKLDEQVUBUZWJBORWZVUBUSUIAHPZO
OPGYPGBVPGWVZPGTPGKUPGNZPGDQPGIKPGNSPGY
JGAGGAAGGASJGABDGAQJGAJIGAYSGACVGAASGAE
LRUKLTVLRUUMPNRUKLGUTPMKUWJJJXUKLTRUKLA
KVZNJHPSIVKGZRSEHPTNKISREXYCURZDEVIAAAA
MVRYLRYLZUPXZLZQYYUPXYLZQZQYUIMVRQYUPAA
NHJKHMDMFINOIKMJNJOGKHNGFMIEIHGDJLGNOHJ
MMOMMNNMNNOMNNONNMNNMONMOMOMNOONOONONNO
RDBCCYJFTOWPOWOILDJNLNXAECOTGSVPRFTNMHU
MWSUNQXSUNQWSUNNQXHPFSMFSMWSMWSQXHPMPFS
QKGQWNOPRKRVVGQMOGKRSPSKHTLOSRPNJJVLJHN
BSWKGPRZFEZCAJXIEBXPCJQEYFZPIWQDCMLEDDP
SKSDKSWCKSDGKSIRKSDMKSATKSVJKSJWKSPYKSH
EKIFLFCFBILFCFEADDBALDLDIBIBAFAFEABIBAA
LKLJKJLJKLLLLJKJKLLKKLKLJKKLLJKJKLLKKLA
TWXUWSNXDXDGHBGQEXUWMDGHNXUWMVTSVQCEKAA
VHIRIJHQJSDVSORSYXDXZPWNGEVLRFHEHCUSTTE
XWXYWWYYWXYWYXYXYYWXWYYXYWYYYXWYWYWWYYW
EFHCAFFADDDFHAAFBADCGGBADCDDDFGBEFHAGBA
QHKGHKWQHKSIHKJVHIHYHKVJHKGOHKKTHKJCHKC
MIOLTLKIRGQLMKMQQKSTIQLNNJQQSRIRHQNSSNT
GGIGFFMHKFFFHJGFFFKFGGFGGIHKFGGIGFFFFHA
GGJLLLLGLLIKJJLLLLLLGLGLIHKGGGLIKKGGJAA
MEDIFGDGMEFGBDCJMCGCKIMHGCBDMHKILDLDCJA
DDLEYWLLEEYZFQCVTZVWLZFGMLEZVGMWIDDQCVT
LIIJQOOPJQOJPJQJPKQNIQTIJPJPKJOTIRTTTLI
FAKKKWRWROZQTIIVVMNOZWTWTQTGEFAIIVVBFGE
PVJNJQLLSVMWOWOQLOQLLSPVJMWOQLLSPLSPVAA
VMPJHNQQTKUJKVQQYXWWKTRIHYXRTXJTQHVUKKI
RRRTVUSUSSSUUTRSUVUTSUSSURTSUSSSUSVSVRS
HFJBFBZZCJDSYYHWYZCGODUYXGMMAELPSCNTKAP
ABBABBAHHHHMNMNCDDCJJJJPPPPEFFFLLLKQRQR
YNSSSHNNJTLZUCPRZZSZSZLMPKMPHMPZSZLPKMY
IIFEJAFMLJJAFJIJNFJICIEJANIFPGAFIJKKBIF
NFTLHBKZRMRVXJPNVVIKIVOFFGANIHHXILSCRGA
IHHJMHHNWHHXUHHVOHHPQHHRSHHTKHHLYHHZAAA
VAHRWMIQLJPOFIWHVXIAANRDBTOTQHIGSCCMHVX
TTABBADCCCFFFFRQRQPPOOIJJIHHHGMNNNKKLKA
HSQVNSBGAXEQXDNTZLSQAXBEKVCAJEDNSBODPJS
OSPQRMSPQJPQQSPOPQPRJNOLPOQPNLSSSSRSNJO
BABBABBJJJJLLLKCCCCMNMNOPOOGHGGQQRRFFFE
OLQQQPQNMRRLQQPRNLVQNMRQPQNMRRNRRNLPQNM
EDDFSDDTQDDRKDDLIDDJMDDNGDDHUDDVODDPAAA
SGQONFGQCBJGQGCQCBJCSGQGQGCGULGWPMEFGJL
IBKFCJDDIBHIBHFDFLHCIBKHCJCDFLHKCIBLJIE
VLFESSKIOCWZEIDLCTCQUSHVNHVAXQTADXVDXVL
QLKOLKLVLKKVLKUVLKARLKHRLKELLKKVLKLLLKX
OVMWVMIHVMUTVMQTVMYAVMYGVMKVVMEEVMITVMY
RTLPKSCLSTIPIUGORTJQADBFDCDCLSHJQABFDCA
DXSYLCSYLQSYDGSYHVSYQGSYGZSYZJSYRDSYAAA
TMTHILNDJTNLOEKGHHIJOESPSKOFPTMPSKOINEM
JGVRDQUNUYMTDOMFUDPYTHJBTDOGATLCXLHQABT
RIASTIMANMLOSFBDYUCYHBYARIHGRLYRAEZIMZR
IWNLRTLLUPTOQWVSHLSTWJVOUNJJHHWSSISULLA
RTQSTRSQSQTQSQTTTRRQTRRRQQTSSTRRQQTTQSR
HYYEPVEERAXKVOBXJJFOOFXJEELIDSHLPEGDUUQ
TSTBBBBRRQQEEFFKLKLHHHGDDDCOPPPIIJJNMNM
NMKMIIMKIHKHLJNMLHNNKHHNJNNNJINHNJKKIHN
IKLLJHGJKENTRWIGAGIBYWNNWABXQEJIGAXFUCT
MHLGGGIIGJHGGIMKJKMIMJKHKHMMJHMMHIIMKMG
OHSNOKKNLNHUJLOKHSQTNHKKMUUKLNOOGGTQJKN
XVHGORXEJTSCHKXGOWNREBEIVGMTKBFZATHVNQA
DADPVHATRMIGNDLNNVBAOVOVTLLBAOVATRVHQTA
GHLPNMNHONIPFIGGOHGNOMFKJJNGNHKFHQPNJGH
LHVQWVQSYQYQZHXRLHWVTMTMVTQHZSZSXRZHQHA
LDINSMJJLDQNOLHDMLEKMJLLKRDORNLEERNQQOK
POOMNPOMPMNNOPOOPPPMNPOMNOMOMPMMNPMONOO
QNAWGTZFJBMCXOWCZUYFKDEXVKIZUYWKTZFHRWR
PSAMRJKEEPEEPOEEPONKJASAMRCSEECECSEEPOA
TTBBBBBKLLLHGGHRRQQNMNMCCCDOOPPJJIJEEFE
KLCYLCRGLCXYLCKALCDVLCBBLCUGLCHGLCHBLCM
OSOTTLUULSRVLLPLPLORLOROMMSLMSLLSLLPAAA
LAKUDWVAWCHGLORGFKULEZWVYDNBRVAOUYECAAA
MHPKMHZPDXFAQRRAIHZAWIMZSWAFWVAZMBPSUXA
QNWSNWDBNWXSNWVVNWTPNWPDNWQUNWCYNWQBNWC
DHHDHHDIFGEGEDGHEDHEDEEEIHHFDEFGGHHIDHA
SGQPQUOSJWMESSSPRPGOKSPGLLLIINOLMVIMITS
WDEDDFMDDNUDDVGDDHIDDJSDDTODDPKDDLQDDRA
KRMQRHIOQRHLNKRJOLNMQOQRMQOQOQROLNKNKRM
KXNQRLLQQLKXNLQQTQQTLLLLQQTLKTLLLTLKXAA
BABABAGGHGOOPPRRRQEFEEMMNNCCDDLKLKIIIIA
MGRWULLOJGFGOGSFTJIIVPKKRPMEFOGVNFOLQKE
KKUKJDUKJWCKJFAKJVGKJFKKJBKKJORKJBFKJMA
TGKGKXJGKKDGKRUGTGQGKTFGKBJGKQDGKOJGKLA
NPHZFBNBIYFXBEVXVTHIXEIGHUYSPVRLNVLEQQE
NPHPJDMNDNNMDDNHMLHNJDOHGPNOKLJOIGLLPPO
VSQTNOPOPTSQPSNTNOPTNNWRTNNNWQNSTPTOPTS
